[train-em-ln] device=mps  mode=shakespeare  fixed_gamma=0.05  results_dir=/Users/dimitargueorguiev/git/ml/semsimula/notebooks/conservative_arch/ln_damping_sweep/results/leakfree_5seed_confirmation/gamma0p05/seed4
[train-em-ln] tokens: train=321,124  val=16,901
[train-em-ln] params: 7,123,075   d=128  L=8  v_hidden=512  ln_after_step=True
[train-em-ln] causal_force=True  (FIXED (post-bug))  steps=4000
[train-em-ln] init mass: mean=1.463  std=0.205  min=1.151  max=1.915
[train-em-ln] step    50/4000   train 10.7394   lr 1.25e-04   grad 1.21   m[mean 1.446 std 0.201]   gamma=0.050   elapsed 14s
[train-em-ln] step   100/4000   train 9.5629   lr 2.50e-04   grad 1.61   m[mean 1.440 std 0.199]   gamma=0.050   elapsed 28s
[train-em-ln] step   150/4000   train 7.6040   lr 3.75e-04   grad 1.25   m[mean 1.456 std 0.207]   gamma=0.050   elapsed 45s
[train-em-ln] step   200/4000   train 6.4358   lr 5.00e-04   grad 0.35   m[mean 1.459 std 0.211]   gamma=0.050   elapsed 64s
[train-em-ln] step   200   val_loss=6.4142  val_ppl=610.45
[train-em-ln] step   250/4000   train 6.1114   lr 5.00e-04   grad 0.48   m[mean 1.447 std 0.205]   gamma=0.050   elapsed 90s
[train-em-ln] step   300/4000   train 5.8143   lr 4.99e-04   grad 0.51   m[mean 1.448 std 0.204]   gamma=0.050   elapsed 109s
[train-em-ln] step   350/4000   train 5.5651   lr 4.98e-04   grad 0.83   m[mean 1.461 std 0.214]   gamma=0.050   elapsed 129s
[train-em-ln] step   400/4000   train 5.4015   lr 4.97e-04   grad 0.86   m[mean 1.466 std 0.210]   gamma=0.050   elapsed 149s
[train-em-ln] step   400   val_loss=5.6999  val_ppl=298.85
[train-em-ln] step   450/4000   train 5.2490   lr 4.95e-04   grad 0.76   m[mean 1.461 std 0.213]   gamma=0.050   elapsed 174s
[train-em-ln] step   500/4000   train 5.1251   lr 4.92e-04   grad 0.74   m[mean 1.456 std 0.211]   gamma=0.050   elapsed 194s
[train-em-ln] step   550/4000   train 5.0321   lr 4.90e-04   grad 0.88   m[mean 1.463 std 0.217]   gamma=0.050   elapsed 213s
[train-em-ln] step   600/4000   train 4.9645   lr 4.87e-04   grad 1.28   m[mean 1.464 std 0.214]   gamma=0.050   elapsed 233s
[train-em-ln] step   600   val_loss=5.5252  val_ppl=250.94
[train-em-ln] step   650/4000   train 4.8940   lr 4.83e-04   grad 0.84   m[mean 1.463 std 0.211]   gamma=0.050   elapsed 257s
[train-em-ln] step   700/4000   train 4.8549   lr 4.79e-04   grad 1.19   m[mean 1.464 std 0.216]   gamma=0.050   elapsed 276s
[train-em-ln] step   750/4000   train 4.8174   lr 4.75e-04   grad 1.29   m[mean 1.466 std 0.212]   gamma=0.050   elapsed 296s
[train-em-ln] step   800/4000   train 4.7701   lr 4.70e-04   grad 1.03   m[mean 1.463 std 0.213]   gamma=0.050   elapsed 315s
[train-em-ln] step   800   val_loss=5.3461  val_ppl=209.79
[train-em-ln] step   850/4000   train 4.7203   lr 4.65e-04   grad 2.84   m[mean 1.478 std 0.220]   gamma=0.050   elapsed 339s
[train-em-ln] step   900/4000   train 4.7084   lr 4.59e-04   grad 3.96   m[mean 1.472 std 0.215]   gamma=0.050   elapsed 358s
[train-em-ln] step   950/4000   train 4.6515   lr 4.54e-04   grad 1.54   m[mean 1.454 std 0.213]   gamma=0.050   elapsed 377s
[train-em-ln] step  1000/4000   train 4.6424   lr 4.47e-04   grad 1.02   m[mean 1.466 std 0.213]   gamma=0.050   elapsed 397s
[train-em-ln] step  1000   val_loss=5.3077  val_ppl=201.89
[train-em-ln] step  1050/4000   train 4.6109   lr 4.41e-04   grad 1.49   m[mean 1.452 std 0.210]   gamma=0.050   elapsed 422s
[train-em-ln] step  1100/4000   train 4.5817   lr 4.34e-04   grad 0.93   m[mean 1.454 std 0.214]   gamma=0.050   elapsed 441s
[train-em-ln] step  1150/4000   train 4.5324   lr 4.27e-04   grad 1.09   m[mean 1.467 std 0.211]   gamma=0.050   elapsed 461s
[train-em-ln] step  1200/4000   train 4.5445   lr 4.19e-04   grad 1.70   m[mean 1.463 std 0.215]   gamma=0.050   elapsed 486s
[train-em-ln] step  1200   val_loss=5.2379  val_ppl=188.28
[train-em-ln] step  1250/4000   train 4.5001   lr 4.12e-04   grad 0.93   m[mean 1.461 std 0.213]   gamma=0.050   elapsed 521s
[train-em-ln] step  1300/4000   train 4.4579   lr 4.04e-04   grad 1.08   m[mean 1.454 std 0.208]   gamma=0.050   elapsed 548s
[train-em-ln] step  1350/4000   train 4.4889   lr 3.95e-04   grad 0.80   m[mean 1.467 std 0.217]   gamma=0.050   elapsed 572s
[train-em-ln] step  1400/4000   train 4.4560   lr 3.87e-04   grad 1.60   m[mean 1.460 std 0.214]   gamma=0.050   elapsed 596s
[train-em-ln] step  1400   val_loss=5.2717  val_ppl=194.75
[train-em-ln] step  1450/4000   train 4.4338   lr 3.78e-04   grad 0.91   m[mean 1.454 std 0.211]   gamma=0.050   elapsed 626s
[train-em-ln] step  1500/4000   train 4.4208   lr 3.69e-04   grad 1.03   m[mean 1.466 std 0.215]   gamma=0.050   elapsed 650s
[train-em-ln] step  1550/4000   train 4.3904   lr 3.60e-04   grad 1.30   m[mean 1.461 std 0.212]   gamma=0.050   elapsed 674s
[train-em-ln] step  1600/4000   train 4.4036   lr 3.51e-04   grad 1.26   m[mean 1.462 std 0.211]   gamma=0.050   elapsed 702s
[train-em-ln] step  1600   val_loss=5.2408  val_ppl=188.83
[train-em-ln] step  1650/4000   train 4.4280   lr 3.41e-04   grad 1.30   m[mean 1.461 std 0.215]   gamma=0.050   elapsed 733s
[train-em-ln] step  1700/4000   train 4.3556   lr 3.31e-04   grad 0.88   m[mean 1.469 std 0.216]   gamma=0.050   elapsed 757s
[train-em-ln] step  1750/4000   train 4.3577   lr 3.22e-04   grad 1.29   m[mean 1.460 std 0.212]   gamma=0.050   elapsed 781s
[train-em-ln] step  1800/4000   train 4.3479   lr 3.12e-04   grad 1.68   m[mean 1.474 std 0.217]   gamma=0.050   elapsed 804s
[train-em-ln] step  1800   val_loss=5.1355  val_ppl=169.95
[train-em-ln] step  1850/4000   train 4.3502   lr 3.02e-04   grad 1.91   m[mean 1.464 std 0.218]   gamma=0.050   elapsed 835s
[train-em-ln] step  1900/4000   train 4.3214   lr 2.91e-04   grad 0.97   m[mean 1.464 std 0.213]   gamma=0.050   elapsed 858s
[train-em-ln] step  1950/4000   train 4.3117   lr 2.81e-04   grad 2.27   m[mean 1.460 std 0.214]   gamma=0.050   elapsed 882s
[train-em-ln] step  2000/4000   train 4.3003   lr 2.71e-04   grad 1.43   m[mean 1.459 std 0.210]   gamma=0.050   elapsed 906s
[train-em-ln] step  2000   val_loss=5.1981  val_ppl=180.93
[train-em-ln] step  2050/4000   train 4.2868   lr 2.61e-04   grad 1.06   m[mean 1.453 std 0.210]   gamma=0.050   elapsed 937s
[train-em-ln] step  2100/4000   train 4.2969   lr 2.50e-04   grad 1.05   m[mean 1.453 std 0.206]   gamma=0.050   elapsed 961s
[train-em-ln] step  2150/4000   train 4.3373   lr 2.40e-04   grad 3.29   m[mean 1.460 std 0.216]   gamma=0.050   elapsed 985s
[train-em-ln] step  2200/4000   train 4.2645   lr 2.30e-04   grad 1.13   m[mean 1.467 std 0.217]   gamma=0.050   elapsed 1009s
[train-em-ln] step  2200   val_loss=5.2124  val_ppl=183.53
[train-em-ln] step  2250/4000   train 4.2749   lr 2.19e-04   grad 1.32   m[mean 1.462 std 0.213]   gamma=0.050   elapsed 1039s
[train-em-ln] step  2300/4000   train 4.2707   lr 2.09e-04   grad 1.89   m[mean 1.454 std 0.213]   gamma=0.050   elapsed 1063s
[train-em-ln] step  2350/4000   train 4.2288   lr 1.99e-04   grad 1.94   m[mean 1.456 std 0.213]   gamma=0.050   elapsed 1087s
[train-em-ln] step  2400/4000   train 4.2810   lr 1.89e-04   grad 1.57   m[mean 1.468 std 0.220]   gamma=0.050   elapsed 1111s
[train-em-ln] step  2400   val_loss=5.1607  val_ppl=174.29
[train-em-ln] step  2450/4000   train 4.2351   lr 1.79e-04   grad 1.13   m[mean 1.459 std 0.210]   gamma=0.050   elapsed 1141s
[train-em-ln] step  2500/4000   train 4.2640   lr 1.69e-04   grad 1.19   m[mean 1.457 std 0.212]   gamma=0.050   elapsed 1166s
[train-em-ln] step  2550/4000   train 4.2513   lr 1.59e-04   grad 0.98   m[mean 1.468 std 0.221]   gamma=0.050   elapsed 1189s
[train-em-ln] step  2600/4000   train 4.2360   lr 1.50e-04   grad 1.23   m[mean 1.457 std 0.218]   gamma=0.050   elapsed 1212s
[train-em-ln] step  2600   val_loss=5.2261  val_ppl=186.06
[train-em-ln] step  2650/4000   train 4.2121   lr 1.40e-04   grad 0.83   m[mean 1.450 std 0.211]   gamma=0.050   elapsed 1239s
[train-em-ln] step  2700/4000   train 4.2260   lr 1.31e-04   grad 0.97   m[mean 1.456 std 0.212]   gamma=0.050   elapsed 1258s
[train-em-ln] step  2750/4000   train 4.2232   lr 1.22e-04   grad 0.98   m[mean 1.452 std 0.208]   gamma=0.050   elapsed 1275s
[train-em-ln] step  2800/4000   train 4.2308   lr 1.13e-04   grad 1.28   m[mean 1.445 std 0.213]   gamma=0.050   elapsed 1293s
[train-em-ln] step  2800   val_loss=5.2512  val_ppl=190.79
[train-em-ln] step  2850/4000   train 4.2041   lr 1.05e-04   grad 1.13   m[mean 1.464 std 0.216]   gamma=0.050   elapsed 1316s
[train-em-ln] step  2900/4000   train 4.2159   lr 9.66e-05   grad 1.86   m[mean 1.486 std 0.225]   gamma=0.050   elapsed 1333s
[train-em-ln] step  2950/4000   train 4.2015   lr 8.86e-05   grad 1.06   m[mean 1.455 std 0.207]   gamma=0.050   elapsed 1353s
[train-em-ln] step  3000/4000   train 4.2231   lr 8.08e-05   grad 1.09   m[mean 1.465 std 0.215]   gamma=0.050   elapsed 1373s
[train-em-ln] step  3000   val_loss=5.1972  val_ppl=180.76
[train-em-ln] step  3050/4000   train 4.2281   lr 7.34e-05   grad 1.21   m[mean 1.466 std 0.214]   gamma=0.050   elapsed 1398s
[train-em-ln] step  3100/4000   train 4.1604   lr 6.62e-05   grad 1.12   m[mean 1.462 std 0.210]   gamma=0.050   elapsed 1417s
[train-em-ln] step  3150/4000   train 4.1770   lr 5.94e-05   grad 1.06   m[mean 1.460 std 0.213]   gamma=0.050   elapsed 1436s
[train-em-ln] step  3200/4000   train 4.1837   lr 5.28e-05   grad 0.99   m[mean 1.460 std 0.210]   gamma=0.050   elapsed 1456s
[train-em-ln] step  3200   val_loss=5.1533  val_ppl=173.01
[train-em-ln] step  3250/4000   train 4.2060   lr 4.67e-05   grad 1.06   m[mean 1.472 std 0.222]   gamma=0.050   elapsed 1482s
[train-em-ln] step  3300/4000   train 4.1958   lr 4.08e-05   grad 1.14   m[mean 1.458 std 0.215]   gamma=0.050   elapsed 1502s
[train-em-ln] step  3350/4000   train 4.1964   lr 3.53e-05   grad 1.25   m[mean 1.465 std 0.216]   gamma=0.050   elapsed 1522s
[train-em-ln] step  3400/4000   train 4.1928   lr 3.02e-05   grad 1.25   m[mean 1.452 std 0.212]   gamma=0.050   elapsed 1541s
[train-em-ln] step  3400   val_loss=5.1786  val_ppl=177.43
[train-em-ln] step  3450/4000   train 4.2022   lr 2.55e-05   grad 0.92   m[mean 1.457 std 0.214]   gamma=0.050   elapsed 1564s
[train-em-ln] step  3500/4000   train 4.1766   lr 2.11e-05   grad 0.98   m[mean 1.469 std 0.219]   gamma=0.050   elapsed 1581s
[train-em-ln] step  3550/4000   train 4.1837   lr 1.72e-05   grad 1.03   m[mean 1.465 std 0.218]   gamma=0.050   elapsed 1599s
[train-em-ln] step  3600/4000   train 4.2240   lr 1.36e-05   grad 1.19   m[mean 1.442 std 0.207]   gamma=0.050   elapsed 1618s
[train-em-ln] step  3600   val_loss=5.1905  val_ppl=179.56
[train-em-ln] step  3650/4000   train 4.2115   lr 1.05e-05   grad 1.12   m[mean 1.467 std 0.212]   gamma=0.050   elapsed 1643s
[train-em-ln] step  3700/4000   train 4.1930   lr 7.70e-06   grad 1.35   m[mean 1.465 std 0.215]   gamma=0.050   elapsed 1662s
[train-em-ln] step  3750/4000   train 4.2130   lr 5.36e-06   grad 1.11   m[mean 1.458 std 0.214]   gamma=0.050   elapsed 1680s
[train-em-ln] step  3800/4000   train 4.1876   lr 3.44e-06   grad 0.94   m[mean 1.462 std 0.219]   gamma=0.050   elapsed 1698s
[train-em-ln] step  3800   val_loss=5.1954  val_ppl=180.44
[train-em-ln] step  3850/4000   train 4.1871   lr 1.95e-06   grad 1.00   m[mean 1.455 std 0.209]   gamma=0.050   elapsed 1723s
[train-em-ln] step  3900/4000   train 4.1855   lr 8.71e-07   grad 1.20   m[mean 1.461 std 0.219]   gamma=0.050   elapsed 1744s
[train-em-ln] step  3950/4000   train 4.2021   lr 2.22e-07   grad 0.99   m[mean 1.452 std 0.210]   gamma=0.050   elapsed 1766s
[train-em-ln] step  4000/4000   train 4.1752   lr 8.54e-11   grad 0.99   m[mean 1.458 std 0.211]   gamma=0.050   elapsed 1786s
[train-em-ln] step  4000   val_loss=5.1489  val_ppl=172.24

[train-em-ln] DONE  val_loss=5.2039  val_ppl=181.99  gamma=0.0500
[train-em-ln] checkpoint saved to /Users/dimitargueorguiev/git/ml/semsimula/notebooks/conservative_arch/ln_damping_sweep/results/leakfree_5seed_confirmation/gamma0p05/seed4/splm_em_ln_shakespeare_confS5_splm2_g0p05_seed4_ckpt_latest.pt
[train-em-ln] summary written to /Users/dimitargueorguiev/git/ml/semsimula/notebooks/conservative_arch/ln_damping_sweep/results/leakfree_5seed_confirmation/gamma0p05/seed4/splm_em_ln_shakespeare_confS5_splm2_g0p05_seed4_summary.md
