[helm-train] device=mps  tag=helm_AAAASSSS_vh128_shakespeare_seed2
[helm-train] tokens: train=321,124  val=16,901
[helm-train] arch: schedule='AAAASSSS'  (n_S=4, n_A=4, L=8)  d=128, v_hidden=128, v_depth=3, n_head=4, fixed_gamma=None, causal_force=True, ln_after_s_step=True
[helm-train] params: 7,324,804  (target ~8.0 M, delta -0.675 M)
[helm-train] running causal-violation probe...
[helm-train] causal probe PASSED (perturbation + gradient-Jacobian, both modes < 1e-6)
[helm-train] step    50/4000   train 10.4583   lr 1.25e-04   grad 1.73   gamma=0.150   elapsed 17s
[helm-train] step   100/4000   train 9.2666   lr 2.50e-04   grad 1.68   gamma=0.149   elapsed 32s
[helm-train] step   150/4000   train 7.5248   lr 3.75e-04   grad 1.44   gamma=0.149   elapsed 49s
[helm-train] step   200/4000   train 6.3535   lr 5.00e-04   grad 0.97   gamma=0.150   elapsed 68s
[helm-train] >>> eval @ 200: train 6.0436   val 6.2134   ppl 499.38
[helm-train] step   250/4000   train 5.8346   lr 5.00e-04   grad 1.34   gamma=0.150   elapsed 96s
[helm-train] step   300/4000   train 5.4914   lr 4.99e-04   grad 1.01   gamma=0.150   elapsed 115s
[helm-train] step   350/4000   train 5.2612   lr 4.98e-04   grad 0.81   gamma=0.151   elapsed 133s
[helm-train] step   400/4000   train 5.0794   lr 4.97e-04   grad 1.17   gamma=0.151   elapsed 151s
[helm-train] >>> eval @ 400: train 5.0605   val 5.4224   ppl 226.42
[helm-train] step   450/4000   train 4.9854   lr 4.95e-04   grad 1.33   gamma=0.152   elapsed 178s
[helm-train] step   500/4000   train 4.8817   lr 4.92e-04   grad 0.95   gamma=0.152   elapsed 196s
[helm-train] step   550/4000   train 4.8245   lr 4.90e-04   grad 1.36   gamma=0.153   elapsed 214s
[helm-train] step   600/4000   train 4.7166   lr 4.87e-04   grad 1.72   gamma=0.153   elapsed 233s
[helm-train] >>> eval @ 600: train 4.6980   val 5.2584   ppl 192.17
[helm-train] step   650/4000   train 4.6799   lr 4.83e-04   grad 1.57   gamma=0.154   elapsed 260s
[helm-train] step   700/4000   train 4.6186   lr 4.79e-04   grad 1.33   gamma=0.155   elapsed 278s
[helm-train] step   750/4000   train 4.5507   lr 4.75e-04   grad 1.94   gamma=0.156   elapsed 296s
[helm-train] step   800/4000   train 4.5102   lr 4.70e-04   grad 1.29   gamma=0.157   elapsed 313s
[helm-train] >>> eval @ 800: train 4.4768   val 5.1621   ppl 174.53
[helm-train] step   850/4000   train 4.4630   lr 4.65e-04   grad 1.38   gamma=0.158   elapsed 340s
[helm-train] step   900/4000   train 4.4308   lr 4.59e-04   grad 1.70   gamma=0.159   elapsed 358s
[helm-train] step   950/4000   train 4.4165   lr 4.54e-04   grad 1.08   gamma=0.160   elapsed 376s
[helm-train] step  1000/4000   train 4.3516   lr 4.47e-04   grad 1.28   gamma=0.161   elapsed 394s
[helm-train] >>> eval @ 1000: train 4.3356   val 5.0876   ppl 162.00
[helm-train] step  1050/4000   train 4.3509   lr 4.41e-04   grad 1.63   gamma=0.162   elapsed 421s
[helm-train] step  1100/4000   train 4.3082   lr 4.34e-04   grad 1.67   gamma=0.162   elapsed 440s
[helm-train] step  1150/4000   train 4.3400   lr 4.27e-04   grad 1.59   gamma=0.163   elapsed 458s
[helm-train] step  1200/4000   train 4.2851   lr 4.19e-04   grad 1.16   gamma=0.164   elapsed 476s
[helm-train] >>> eval @ 1200: train 4.2599   val 5.0902   ppl 162.42
[helm-train] step  1250/4000   train 4.2196   lr 4.12e-04   grad 1.11   gamma=0.164   elapsed 503s
[helm-train] step  1300/4000   train 4.2541   lr 4.04e-04   grad 1.09   gamma=0.165   elapsed 521s
[helm-train] step  1350/4000   train 4.1796   lr 3.95e-04   grad 1.36   gamma=0.166   elapsed 539s
[helm-train] step  1400/4000   train 4.1596   lr 3.87e-04   grad 1.20   gamma=0.166   elapsed 557s
[helm-train] >>> eval @ 1400: train 4.1934   val 5.1063   ppl 165.05
[helm-train] step  1450/4000   train 4.1484   lr 3.78e-04   grad 1.05   gamma=0.167   elapsed 583s
[helm-train] step  1500/4000   train 4.1349   lr 3.69e-04   grad 1.43   gamma=0.167   elapsed 601s
[helm-train] step  1550/4000   train 4.1398   lr 3.60e-04   grad 1.95   gamma=0.167   elapsed 618s
[helm-train] step  1600/4000   train 4.0900   lr 3.51e-04   grad 1.47   gamma=0.168   elapsed 638s
[helm-train] >>> eval @ 1600: train 4.1081   val 5.0602   ppl 157.62
[helm-train] step  1650/4000   train 4.0813   lr 3.41e-04   grad 1.28   gamma=0.168   elapsed 669s
[helm-train] step  1700/4000   train 4.0762   lr 3.31e-04   grad 1.17   gamma=0.168   elapsed 690s
[helm-train] step  1750/4000   train 4.0917   lr 3.22e-04   grad 1.24   gamma=0.168   elapsed 712s
[helm-train] step  1800/4000   train 4.0600   lr 3.12e-04   grad 1.17   gamma=0.169   elapsed 733s
[helm-train] >>> eval @ 1800: train 4.0530   val 5.1053   ppl 164.89
[helm-train] step  1850/4000   train 3.9755   lr 3.02e-04   grad 1.29   gamma=0.169   elapsed 763s
[helm-train] step  1900/4000   train 4.0014   lr 2.91e-04   grad 1.60   gamma=0.169   elapsed 784s
[helm-train] step  1950/4000   train 3.9662   lr 2.81e-04   grad 1.18   gamma=0.169   elapsed 804s
[helm-train] step  2000/4000   train 3.9930   lr 2.71e-04   grad 1.32   gamma=0.169   elapsed 823s
[helm-train] >>> eval @ 2000: train 3.9389   val 4.9994   ppl 148.32
[helm-train] step  2050/4000   train 3.9533   lr 2.61e-04   grad 1.29   gamma=0.169   elapsed 851s
[helm-train] step  2100/4000   train 3.9552   lr 2.50e-04   grad 1.17   gamma=0.169   elapsed 869s
[helm-train] step  2150/4000   train 3.9652   lr 2.40e-04   grad 1.25   gamma=0.169   elapsed 887s
[helm-train] step  2200/4000   train 3.9181   lr 2.30e-04   grad 1.50   gamma=0.169   elapsed 906s
[helm-train] >>> eval @ 2200: train 3.9184   val 4.9919   ppl 147.21
[helm-train] step  2250/4000   train 3.9195   lr 2.19e-04   grad 1.39   gamma=0.169   elapsed 934s
[helm-train] step  2300/4000   train 3.8960   lr 2.09e-04   grad 1.63   gamma=0.169   elapsed 953s
[helm-train] step  2350/4000   train 3.8918   lr 1.99e-04   grad 1.42   gamma=0.169   elapsed 972s
[helm-train] step  2400/4000   train 3.8951   lr 1.89e-04   grad 1.47   gamma=0.168   elapsed 991s
[helm-train] >>> eval @ 2400: train 3.8707   val 5.0139   ppl 150.49
[helm-train] step  2450/4000   train 3.8592   lr 1.79e-04   grad 1.37   gamma=0.168   elapsed 1019s
[helm-train] step  2500/4000   train 3.8607   lr 1.69e-04   grad 1.43   gamma=0.168   elapsed 1038s
[helm-train] step  2550/4000   train 3.8583   lr 1.59e-04   grad 1.30   gamma=0.168   elapsed 1058s
[helm-train] step  2600/4000   train 3.8486   lr 1.50e-04   grad 1.33   gamma=0.168   elapsed 1078s
[helm-train] >>> eval @ 2600: train 3.8553   val 4.9835   ppl 145.98
[helm-train] step  2650/4000   train 3.8445   lr 1.40e-04   grad 2.08   gamma=0.168   elapsed 1107s
[helm-train] step  2700/4000   train 3.8707   lr 1.31e-04   grad 1.57   gamma=0.167   elapsed 1126s
[helm-train] step  2750/4000   train 3.8274   lr 1.22e-04   grad 1.46   gamma=0.167   elapsed 1145s
[helm-train] step  2800/4000   train 3.8200   lr 1.13e-04   grad 1.77   gamma=0.167   elapsed 1164s
[helm-train] >>> eval @ 2800: train 3.8436   val 4.9885   ppl 146.72
[helm-train] step  2850/4000   train 3.8249   lr 1.05e-04   grad 1.34   gamma=0.167   elapsed 1193s
[helm-train] step  2900/4000   train 3.8389   lr 9.66e-05   grad 1.48   gamma=0.167   elapsed 1213s
[helm-train] step  2950/4000   train 3.7951   lr 8.86e-05   grad 1.41   gamma=0.166   elapsed 1233s
[helm-train] step  3000/4000   train 3.8081   lr 8.08e-05   grad 1.53   gamma=0.166   elapsed 1253s
[helm-train] >>> eval @ 3000: train 3.8151   val 5.0306   ppl 153.02
[helm-train] step  3050/4000   train 3.8160   lr 7.34e-05   grad 1.35   gamma=0.166   elapsed 1281s
[helm-train] step  3100/4000   train 3.7962   lr 6.62e-05   grad 1.66   gamma=0.166   elapsed 1300s
[helm-train] step  3150/4000   train 3.7911   lr 5.94e-05   grad 2.02   gamma=0.166   elapsed 1320s
[helm-train] step  3200/4000   train 3.7611   lr 5.28e-05   grad 1.83   gamma=0.166   elapsed 1340s
[helm-train] >>> eval @ 3200: train 3.8035   val 4.9727   ppl 144.42
[helm-train] step  3250/4000   train 3.7960   lr 4.67e-05   grad 1.55   gamma=0.166   elapsed 1369s
[helm-train] step  3300/4000   train 3.7726   lr 4.08e-05   grad 1.39   gamma=0.165   elapsed 1388s
[helm-train] step  3350/4000   train 3.7615   lr 3.53e-05   grad 1.52   gamma=0.165   elapsed 1407s
[helm-train] step  3400/4000   train 3.7534   lr 3.02e-05   grad 1.43   gamma=0.165   elapsed 1427s
[helm-train] >>> eval @ 3400: train 3.7777   val 5.0434   ppl 154.99
[helm-train] step  3450/4000   train 3.7476   lr 2.55e-05   grad 1.48   gamma=0.165   elapsed 1456s
[helm-train] step  3500/4000   train 3.7548   lr 2.11e-05   grad 1.55   gamma=0.165   elapsed 1475s
[helm-train] step  3550/4000   train 3.7617   lr 1.72e-05   grad 1.50   gamma=0.165   elapsed 1494s
[helm-train] step  3600/4000   train 3.7541   lr 1.36e-05   grad 1.31   gamma=0.165   elapsed 1514s
[helm-train] >>> eval @ 3600: train 3.7361   val 4.9915   ppl 147.16
[helm-train] step  3650/4000   train 3.7785   lr 1.05e-05   grad 1.35   gamma=0.165   elapsed 1543s
[helm-train] step  3700/4000   train 3.7667   lr 7.70e-06   grad 1.42   gamma=0.165   elapsed 1563s
[helm-train] step  3750/4000   train 3.7782   lr 5.36e-06   grad 1.51   gamma=0.165   elapsed 1583s
[helm-train] step  3800/4000   train 3.7665   lr 3.44e-06   grad 1.36   gamma=0.165   elapsed 1602s
[helm-train] >>> eval @ 3800: train 3.7502   val 4.9474   ppl 140.81
[helm-train] step  3850/4000   train 3.7705   lr 1.95e-06   grad 1.38   gamma=0.165   elapsed 1632s
[helm-train] step  3900/4000   train 3.7644   lr 8.71e-07   grad 1.41   gamma=0.165   elapsed 1652s
[helm-train] step  3950/4000   train 3.7944   lr 2.22e-07   grad 1.86   gamma=0.165   elapsed 1672s
[helm-train] step  4000/4000   train 3.8126   lr 8.54e-11   grad 1.38   gamma=0.165   elapsed 1691s
[helm-train] >>> eval @ 4000: train 3.7303   val 5.0197   ppl 151.37
[helm-train] done in 1700s
[helm-train] saved checkpoint -> /Users/dimitargueorguiev/git/ml/semsimula/notebooks/conservative_arch/helmholtz/results/helm_AAAASSSS_vh128_shakespeare_seed2_ckpt_latest.pt
[helm-train] saved loss curve -> /Users/dimitargueorguiev/git/ml/semsimula/notebooks/conservative_arch/helmholtz/results/helm_AAAASSSS_vh128_shakespeare_seed2_loss_curve.png
[helm-train] saved summary -> /Users/dimitargueorguiev/git/ml/semsimula/notebooks/conservative_arch/helmholtz/results/helm_AAAASSSS_vh128_shakespeare_seed2_summary.md
