[train-mass] device=mps  mode=shakespeare  mass_mode=logfreq
[train-mass] tokens: train=321,124  val=16,901
[train-mass] params: 7,123,076   d=128  L=8  v_hidden=512
[train-mass] init mass: mean=1.459  std=0.209  min=1.151  max=1.915
[train-mass] step    50/4000   train 10.8200   lr 1.25e-04   grad 0.24   m[mean 1.449 std 0.202]   gamma=0.998   elapsed 19s
[train-mass] step   100/4000   train 9.4449   lr 2.50e-04   grad 10.95   m[mean 1.433 std 0.199]   gamma=0.992   elapsed 38s
[train-mass] step   150/4000   train 6.6500   lr 3.75e-04   grad 1.27   m[mean 1.453 std 0.209]   gamma=0.993   elapsed 62s
[train-mass] step   200/4000   train 6.4145   lr 5.00e-04   grad 1.08   m[mean 1.447 std 0.202]   gamma=0.994   elapsed 91s
[train-mass] >>> eval @ 200: train 6.3899   val 6.5830   ppl 722.72
[train-mass] step   250/4000   train 6.3316   lr 5.00e-04   grad 0.83   m[mean 1.437 std 0.195]   gamma=0.994   elapsed 134s
[train-mass] step   300/4000   train 6.1773   lr 4.99e-04   grad 2.03   m[mean 1.447 std 0.203]   gamma=0.993   elapsed 163s
[train-mass] step   350/4000   train 6.1117   lr 4.98e-04   grad 0.80   m[mean 1.437 std 0.201]   gamma=0.992   elapsed 192s
[train-mass] step   400/4000   train 6.0757   lr 4.97e-04   grad 2.09   m[mean 1.454 std 0.203]   gamma=0.991   elapsed 221s
[train-mass] >>> eval @ 400: train 6.0545   val 6.3459   ppl 570.14
[train-mass] step   450/4000   train 6.0174   lr 4.95e-04   grad 1.23   m[mean 1.450 std 0.210]   gamma=0.990   elapsed 265s
[train-mass] step   500/4000   train 5.9755   lr 4.92e-04   grad 1.39   m[mean 1.438 std 0.203]   gamma=0.989   elapsed 293s
[train-mass] step   550/4000   train 5.9096   lr 4.90e-04   grad 2.16   m[mean 1.435 std 0.203]   gamma=0.989   elapsed 320s
[train-mass] step   600/4000   train 5.8680   lr 4.87e-04   grad 4.38   m[mean 1.436 std 0.201]   gamma=0.988   elapsed 347s
[train-mass] >>> eval @ 600: train 5.8589   val 6.1912   ppl 488.45
[train-mass] step   650/4000   train 5.8244   lr 4.83e-04   grad 3.80   m[mean 1.447 std 0.204]   gamma=0.987   elapsed 386s
[train-mass] step   700/4000   train 5.7630   lr 4.79e-04   grad 1.29   m[mean 1.435 std 0.199]   gamma=0.986   elapsed 412s
[train-mass] step   750/4000   train 5.7171   lr 4.75e-04   grad 2.16   m[mean 1.446 std 0.204]   gamma=0.985   elapsed 442s
[train-mass] step   800/4000   train 5.6998   lr 4.70e-04   grad 2.48   m[mean 1.436 std 0.204]   gamma=0.984   elapsed 473s
[train-mass] >>> eval @ 800: train 5.6608   val 6.0387   ppl 419.34
[train-mass] step   850/4000   train 5.6326   lr 4.65e-04   grad 1.31   m[mean 1.428 std 0.200]   gamma=0.982   elapsed 525s
[train-mass] step   900/4000   train 5.5792   lr 4.59e-04   grad 3.83   m[mean 1.427 std 0.199]   gamma=0.980   elapsed 553s
[train-mass] step   950/4000   train 5.5275   lr 4.54e-04   grad 2.15   m[mean 1.422 std 0.197]   gamma=0.978   elapsed 579s
[train-mass] step  1000/4000   train 5.5020   lr 4.47e-04   grad 1.36   m[mean 1.430 std 0.202]   gamma=0.975   elapsed 605s
[train-mass] >>> eval @ 1000: train 5.4784   val 5.9417   ppl 380.56
[train-mass] step  1050/4000   train 5.4522   lr 4.41e-04   grad 2.53   m[mean 1.423 std 0.203]   gamma=0.972   elapsed 645s
[train-mass] step  1100/4000   train 5.4025   lr 4.34e-04   grad 2.77   m[mean 1.421 std 0.196]   gamma=0.970   elapsed 671s
[train-mass] step  1150/4000   train 5.3375   lr 4.27e-04   grad 3.70   m[mean 1.409 std 0.193]   gamma=0.968   elapsed 698s
[train-mass] step  1200/4000   train 5.3007   lr 4.19e-04   grad 1.76   m[mean 1.418 std 0.201]   gamma=0.965   elapsed 729s
[train-mass] >>> eval @ 1200: train 5.2697   val 5.8268   ppl 339.26
[train-mass] step  1250/4000   train 5.2553   lr 4.12e-04   grad 2.81   m[mean 1.406 std 0.193]   gamma=0.963   elapsed 776s
[train-mass] step  1300/4000   train 5.2241   lr 4.04e-04   grad 1.80   m[mean 1.405 std 0.195]   gamma=0.961   elapsed 806s
[train-mass] step  1350/4000   train 5.1265   lr 3.95e-04   grad 2.57   m[mean 1.407 std 0.196]   gamma=0.958   elapsed 836s
[train-mass] step  1400/4000   train 5.1236   lr 3.87e-04   grad 6.02   m[mean 1.394 std 0.190]   gamma=0.956   elapsed 868s
[train-mass] >>> eval @ 1400: train 5.1426   val 5.7529   ppl 315.11
[train-mass] step  1450/4000   train 5.1539   lr 3.78e-04   grad 2.61   m[mean 1.397 std 0.192]   gamma=0.953   elapsed 918s
[train-mass] step  1500/4000   train 5.0822   lr 3.69e-04   grad 4.30   m[mean 1.389 std 0.196]   gamma=0.951   elapsed 946s
[train-mass] step  1550/4000   train 5.0272   lr 3.60e-04   grad 3.03   m[mean 1.379 std 0.190]   gamma=0.948   elapsed 973s
[train-mass] step  1600/4000   train 5.0417   lr 3.51e-04   grad 5.82   m[mean 1.392 std 0.193]   gamma=0.945   elapsed 1001s
[train-mass] >>> eval @ 1600: train 5.0440   val 5.6618   ppl 287.68
[train-mass] step  1650/4000   train 4.9792   lr 3.41e-04   grad 3.63   m[mean 1.380 std 0.188]   gamma=0.942   elapsed 1047s
[train-mass] step  1700/4000   train 4.9609   lr 3.31e-04   grad 4.53   m[mean 1.375 std 0.190]   gamma=0.939   elapsed 1074s
[train-mass] step  1750/4000   train 4.9458   lr 3.22e-04   grad 2.90   m[mean 1.377 std 0.194]   gamma=0.936   elapsed 1103s
[train-mass] step  1800/4000   train 4.8778   lr 3.12e-04   grad 4.56   m[mean 1.366 std 0.190]   gamma=0.933   elapsed 1131s
[train-mass] >>> eval @ 1800: train 4.9165   val 5.5301   ppl 252.16
[train-mass] step  1850/4000   train 4.8458   lr 3.02e-04   grad 3.41   m[mean 1.361 std 0.185]   gamma=0.931   elapsed 1173s
[train-mass] step  1900/4000   train 4.8786   lr 2.91e-04   grad 4.87   m[mean 1.369 std 0.193]   gamma=0.928   elapsed 1199s
[train-mass] step  1950/4000   train 4.7937   lr 2.81e-04   grad 4.09   m[mean 1.357 std 0.190]   gamma=0.925   elapsed 1227s
[train-mass] step  2000/4000   train 4.7467   lr 2.71e-04   grad 3.76   m[mean 1.351 std 0.185]   gamma=0.923   elapsed 1255s
[train-mass] >>> eval @ 2000: train 4.7679   val 5.4038   ppl 222.24
[train-mass] step  2050/4000   train 4.7956   lr 2.61e-04   grad 3.99   m[mean 1.363 std 0.190]   gamma=0.920   elapsed 1298s
[train-mass] step  2100/4000   train 4.7358   lr 2.50e-04   grad 4.70   m[mean 1.339 std 0.182]   gamma=0.918   elapsed 1327s
[train-mass] step  2150/4000   train 4.7314   lr 2.40e-04   grad 5.16   m[mean 1.348 std 0.185]   gamma=0.915   elapsed 1355s
[train-mass] step  2200/4000   train 4.7035   lr 2.30e-04   grad 4.39   m[mean 1.345 std 0.182]   gamma=0.913   elapsed 1380s
[train-mass] >>> eval @ 2200: train 4.6854   val 5.4291   ppl 227.93
[train-mass] step  2250/4000   train 4.6997   lr 2.19e-04   grad 6.37   m[mean 1.348 std 0.187]   gamma=0.910   elapsed 1414s
[train-mass] step  2300/4000   train 4.6703   lr 2.09e-04   grad 4.82   m[mean 1.332 std 0.180]   gamma=0.908   elapsed 1437s
[train-mass] step  2350/4000   train 4.6595   lr 1.99e-04   grad 6.26   m[mean 1.335 std 0.183]   gamma=0.906   elapsed 1460s
[train-mass] step  2400/4000   train 4.6325   lr 1.89e-04   grad 6.07   m[mean 1.329 std 0.180]   gamma=0.904   elapsed 1485s
[train-mass] >>> eval @ 2400: train 4.6329   val 5.4547   ppl 233.86
[train-mass] step  2450/4000   train 4.6735   lr 1.79e-04   grad 4.69   m[mean 1.327 std 0.180]   gamma=0.902   elapsed 1523s
[train-mass] step  2500/4000   train 4.6181   lr 1.69e-04   grad 4.48   m[mean 1.319 std 0.179]   gamma=0.899   elapsed 1547s
[train-mass] step  2550/4000   train 4.5770   lr 1.59e-04   grad 5.82   m[mean 1.326 std 0.182]   gamma=0.898   elapsed 1570s
[train-mass] step  2600/4000   train 4.5652   lr 1.50e-04   grad 5.24   m[mean 1.313 std 0.178]   gamma=0.896   elapsed 1593s
[train-mass] >>> eval @ 2600: train 4.5632   val 5.2946   ppl 199.25
[train-mass] step  2650/4000   train 4.5827   lr 1.40e-04   grad 5.04   m[mean 1.326 std 0.184]   gamma=0.895   elapsed 1630s
[train-mass] step  2700/4000   train 4.5406   lr 1.31e-04   grad 4.94   m[mean 1.320 std 0.180]   gamma=0.892   elapsed 1654s
[train-mass] step  2750/4000   train 4.5318   lr 1.22e-04   grad 6.39   m[mean 1.313 std 0.177]   gamma=0.891   elapsed 1679s
[train-mass] step  2800/4000   train 4.5627   lr 1.13e-04   grad 5.45   m[mean 1.311 std 0.177]   gamma=0.890   elapsed 1705s
[train-mass] >>> eval @ 2800: train 4.5477   val 5.4224   ppl 226.42
[train-mass] step  2850/4000   train 4.4859   lr 1.05e-04   grad 5.69   m[mean 1.305 std 0.174]   gamma=0.888   elapsed 1743s
[train-mass] step  2900/4000   train 4.5217   lr 9.66e-05   grad 5.48   m[mean 1.314 std 0.178]   gamma=0.886   elapsed 1768s
[train-mass] step  2950/4000   train 4.4737   lr 8.86e-05   grad 6.28   m[mean 1.317 std 0.184]   gamma=0.885   elapsed 1793s
[train-mass] step  3000/4000   train 4.5300   lr 8.08e-05   grad 6.38   m[mean 1.311 std 0.180]   gamma=0.884   elapsed 1820s
[train-mass] >>> eval @ 3000: train 4.4867   val 5.3148   ppl 203.32
[train-mass] step  3050/4000   train 4.5003   lr 7.34e-05   grad 4.54   m[mean 1.309 std 0.184]   gamma=0.883   elapsed 1864s
[train-mass] step  3100/4000   train 4.4540   lr 6.62e-05   grad 5.10   m[mean 1.304 std 0.179]   gamma=0.882   elapsed 1891s
[train-mass] step  3150/4000   train 4.4520   lr 5.94e-05   grad 7.24   m[mean 1.296 std 0.171]   gamma=0.881   elapsed 1918s
[train-mass] step  3200/4000   train 4.4962   lr 5.28e-05   grad 5.30   m[mean 1.303 std 0.173]   gamma=0.880   elapsed 3739s
[train-mass] >>> eval @ 3200: train 2093.1434   val 123.5054   ppl 434208948946472099532491251188962040794797256516567040.00
[train-mass] step  3250/4000   train nan   lr 4.67e-05   grad nan   m[mean nan std nan]   gamma=nan   elapsed 4208s
[train-mass] step  3300/4000   train nan   lr 4.08e-05   grad nan   m[mean nan std nan]   gamma=nan   elapsed 6149s
[train-mass] step  3350/4000   train nan   lr 3.53e-05   grad nan   m[mean nan std nan]   gamma=nan   elapsed 6226s
[train-mass] step  3400/4000   train nan   lr 3.02e-05   grad nan   m[mean nan std nan]   gamma=nan   elapsed 6239s
[train-mass] >>> eval @ 3400: train nan   val nan   ppl nan
[train-mass] step  3450/4000   train nan   lr 2.55e-05   grad nan   m[mean nan std nan]   gamma=nan   elapsed 6260s
[train-mass] step  3500/4000   train nan   lr 2.11e-05   grad nan   m[mean nan std nan]   gamma=nan   elapsed 6273s
[train-mass] step  3550/4000   train nan   lr 1.72e-05   grad nan   m[mean nan std nan]   gamma=nan   elapsed 6285s
[train-mass] step  3600/4000   train nan   lr 1.36e-05   grad nan   m[mean nan std nan]   gamma=nan   elapsed 6298s
[train-mass] >>> eval @ 3600: train nan   val nan   ppl nan
[train-mass] step  3650/4000   train nan   lr 1.05e-05   grad nan   m[mean nan std nan]   gamma=nan   elapsed 6318s
[train-mass] step  3700/4000   train nan   lr 7.70e-06   grad nan   m[mean nan std nan]   gamma=nan   elapsed 6331s
[train-mass] step  3750/4000   train nan   lr 5.36e-06   grad nan   m[mean nan std nan]   gamma=nan   elapsed 6344s
[train-mass] step  3800/4000   train nan   lr 3.44e-06   grad nan   m[mean nan std nan]   gamma=nan   elapsed 6357s
[train-mass] >>> eval @ 3800: train nan   val nan   ppl nan
[train-mass] step  3850/4000   train nan   lr 1.95e-06   grad nan   m[mean nan std nan]   gamma=nan   elapsed 6377s
[train-mass] step  3900/4000   train nan   lr 8.71e-07   grad nan   m[mean nan std nan]   gamma=nan   elapsed 6390s
[train-mass] step  3950/4000   train nan   lr 2.22e-07   grad nan   m[mean nan std nan]   gamma=nan   elapsed 6403s
[train-mass] step  4000/4000   train nan   lr 8.54e-11   grad nan   m[mean nan std nan]   gamma=nan   elapsed 6415s
[train-mass] >>> eval @ 4000: train nan   val nan   ppl nan
[train-mass] done in 6423s
[train-mass] saved checkpoint -> /Users/dimitargueorguiev/git/ml/semsimula/notebooks/conservative_arch/sarf_mass_variant/results/splm_sarfmass_logfreq_shakespeare_ckpt_latest.pt
[train-mass] saved loss curve -> /Users/dimitargueorguiev/git/ml/semsimula/notebooks/conservative_arch/sarf_mass_variant/results/splm_sarfmass_logfreq_shakespeare_loss_curve.png
[train-mass] saved summary -> /Users/dimitargueorguiev/git/ml/semsimula/notebooks/conservative_arch/sarf_mass_variant/results/splm_sarfmass_logfreq_shakespeare_summary.md
