[helm-train] device=mps  tag=helm_SSAAAASS_shakespeare_seed0
[helm-train] tokens: train=321,124  val=16,901
[helm-train] arch: schedule='SSAAAASS'  (n_S=4, n_A=4, L=8)  d=128, v_hidden=512, v_depth=3, n_head=4, fixed_gamma=None, causal_force=True, ln_after_s_step=True
[helm-train] params: 7,916,164  (target ~8.0 M, delta -0.084 M)
[helm-train] running causal-violation probe...
[helm-train] causal probe PASSED (perturbation + gradient-Jacobian, both modes < 1e-6)
[helm-train] step    50/4000   train 10.6635   lr 1.25e-04   grad 1.63   gamma=0.150   elapsed 18s
[helm-train] step   100/4000   train 9.3685   lr 2.50e-04   grad 1.66   gamma=0.150   elapsed 35s
[helm-train] step   150/4000   train 7.5844   lr 3.75e-04   grad 1.42   gamma=0.150   elapsed 54s
[helm-train] step   200/4000   train 6.4147   lr 5.00e-04   grad 0.62   gamma=0.149   elapsed 73s
[helm-train] >>> eval @ 200: train 6.1275   val 6.2873   ppl 537.70
[helm-train] step   250/4000   train 5.9546   lr 5.00e-04   grad 0.75   gamma=0.148   elapsed 101s
[helm-train] step   300/4000   train 5.6080   lr 4.99e-04   grad 0.58   gamma=0.147   elapsed 120s
[helm-train] step   350/4000   train 5.3974   lr 4.98e-04   grad 0.58   gamma=0.145   elapsed 140s
[helm-train] step   400/4000   train 5.2357   lr 4.97e-04   grad 0.56   gamma=0.144   elapsed 160s
[helm-train] >>> eval @ 400: train 5.1009   val 5.5122   ppl 247.69
[helm-train] step   450/4000   train 5.0874   lr 4.95e-04   grad 0.59   gamma=0.142   elapsed 188s
[helm-train] step   500/4000   train 4.9560   lr 4.92e-04   grad 0.71   gamma=0.141   elapsed 207s
[helm-train] step   550/4000   train 4.9029   lr 4.90e-04   grad 0.64   gamma=0.139   elapsed 226s
[helm-train] step   600/4000   train 4.7743   lr 4.87e-04   grad 0.67   gamma=0.138   elapsed 244s
[helm-train] >>> eval @ 600: train 4.7602   val 5.2829   ppl 196.93
[helm-train] step   650/4000   train 4.6823   lr 4.83e-04   grad 0.75   gamma=0.137   elapsed 272s
[helm-train] step   700/4000   train 4.6970   lr 4.79e-04   grad 0.75   gamma=0.136   elapsed 291s
[helm-train] step   750/4000   train 4.5811   lr 4.75e-04   grad 0.75   gamma=0.135   elapsed 310s
[helm-train] step   800/4000   train 4.5515   lr 4.70e-04   grad 0.70   gamma=0.134   elapsed 329s
[helm-train] >>> eval @ 800: train 4.5344   val 5.1627   ppl 174.64
[helm-train] step   850/4000   train 4.5169   lr 4.65e-04   grad 0.73   gamma=0.134   elapsed 357s
[helm-train] step   900/4000   train 4.4531   lr 4.59e-04   grad 0.76   gamma=0.133   elapsed 376s
[helm-train] step   950/4000   train 4.4435   lr 4.54e-04   grad 0.73   gamma=0.132   elapsed 396s
[helm-train] step  1000/4000   train 4.3557   lr 4.47e-04   grad 0.84   gamma=0.132   elapsed 414s
[helm-train] >>> eval @ 1000: train 4.3971   val 5.1162   ppl 166.69
[helm-train] step  1050/4000   train 4.2929   lr 4.41e-04   grad 0.87   gamma=0.131   elapsed 442s
[helm-train] step  1100/4000   train 4.2409   lr 4.34e-04   grad 0.76   gamma=0.131   elapsed 463s
[helm-train] step  1150/4000   train 4.2579   lr 4.27e-04   grad 0.70   gamma=0.130   elapsed 483s
[helm-train] step  1200/4000   train 4.2448   lr 4.19e-04   grad 1.13   gamma=0.130   elapsed 503s
[helm-train] >>> eval @ 1200: train 4.2852   val 5.0440   ppl 155.10
[helm-train] step  1250/4000   train 4.2422   lr 4.12e-04   grad 0.71   gamma=0.129   elapsed 532s
[helm-train] step  1300/4000   train 4.1989   lr 4.04e-04   grad 0.72   gamma=0.129   elapsed 553s
[helm-train] step  1350/4000   train 4.1986   lr 3.95e-04   grad 1.08   gamma=0.128   elapsed 574s
[helm-train] step  1400/4000   train 4.1618   lr 3.87e-04   grad 0.78   gamma=0.128   elapsed 594s
[helm-train] >>> eval @ 1400: train 4.1596   val 4.9851   ppl 146.22
[helm-train] step  1450/4000   train 4.1206   lr 3.78e-04   grad 0.73   gamma=0.127   elapsed 622s
[helm-train] step  1500/4000   train 4.1101   lr 3.69e-04   grad 0.86   gamma=0.127   elapsed 642s
[helm-train] step  1550/4000   train 4.0718   lr 3.60e-04   grad 0.79   gamma=0.126   elapsed 663s
[helm-train] step  1600/4000   train 4.0775   lr 3.51e-04   grad 0.84   gamma=0.126   elapsed 683s
[helm-train] >>> eval @ 1600: train 4.0210   val 4.9645   ppl 143.24
[helm-train] step  1650/4000   train 4.0682   lr 3.41e-04   grad 0.82   gamma=0.125   elapsed 713s
[helm-train] step  1700/4000   train 4.0635   lr 3.31e-04   grad 0.89   gamma=0.125   elapsed 733s
[helm-train] step  1750/4000   train 4.0702   lr 3.22e-04   grad 0.94   gamma=0.124   elapsed 754s
[helm-train] step  1800/4000   train 4.0103   lr 3.12e-04   grad 0.81   gamma=0.124   elapsed 774s
[helm-train] >>> eval @ 1800: train 4.0115   val 5.0322   ppl 153.27
[helm-train] step  1850/4000   train 3.9723   lr 3.02e-04   grad 0.84   gamma=0.123   elapsed 803s
[helm-train] step  1900/4000   train 3.9681   lr 2.91e-04   grad 0.88   gamma=0.123   elapsed 824s
[helm-train] step  1950/4000   train 4.0056   lr 2.81e-04   grad 0.96   gamma=0.122   elapsed 843s
[helm-train] step  2000/4000   train 3.9500   lr 2.71e-04   grad 1.00   gamma=0.122   elapsed 863s
[helm-train] >>> eval @ 2000: train 3.9507   val 5.0539   ppl 156.63
[helm-train] step  2050/4000   train 3.9620   lr 2.61e-04   grad 0.88   gamma=0.121   elapsed 893s
[helm-train] step  2100/4000   train 3.9577   lr 2.50e-04   grad 0.93   gamma=0.121   elapsed 913s
[helm-train] step  2150/4000   train 3.9061   lr 2.40e-04   grad 0.96   gamma=0.120   elapsed 933s
[helm-train] step  2200/4000   train 3.8841   lr 2.30e-04   grad 0.85   gamma=0.120   elapsed 953s
[helm-train] >>> eval @ 2200: train 3.9028   val 4.9761   ppl 144.91
[helm-train] step  2250/4000   train 3.9095   lr 2.19e-04   grad 0.86   gamma=0.120   elapsed 982s
[helm-train] step  2300/4000   train 3.9065   lr 2.09e-04   grad 0.86   gamma=0.119   elapsed 1003s
[helm-train] step  2350/4000   train 3.8498   lr 1.99e-04   grad 1.04   gamma=0.119   elapsed 1023s
[helm-train] step  2400/4000   train 3.8816   lr 1.89e-04   grad 0.85   gamma=0.119   elapsed 1043s
[helm-train] >>> eval @ 2400: train 3.8758   val 5.0267   ppl 152.43
[helm-train] step  2450/4000   train 3.8342   lr 1.79e-04   grad 0.88   gamma=0.118   elapsed 1072s
[helm-train] step  2500/4000   train 3.8650   lr 1.69e-04   grad 0.97   gamma=0.118   elapsed 1092s
[helm-train] step  2550/4000   train 3.8401   lr 1.59e-04   grad 1.03   gamma=0.118   elapsed 1113s
[helm-train] step  2600/4000   train 3.8430   lr 1.50e-04   grad 0.90   gamma=0.117   elapsed 1133s
[helm-train] >>> eval @ 2600: train 3.8045   val 5.0100   ppl 149.91
[helm-train] step  2650/4000   train 3.7633   lr 1.40e-04   grad 0.86   gamma=0.117   elapsed 1163s
[helm-train] step  2700/4000   train 3.8276   lr 1.31e-04   grad 0.92   gamma=0.117   elapsed 1183s
[helm-train] step  2750/4000   train 3.8377   lr 1.22e-04   grad 0.98   gamma=0.116   elapsed 1202s
[helm-train] step  2800/4000   train 3.7970   lr 1.13e-04   grad 0.93   gamma=0.116   elapsed 1223s
[helm-train] >>> eval @ 2800: train 3.8177   val 4.9618   ppl 142.86
[helm-train] step  2850/4000   train 3.8291   lr 1.05e-04   grad 0.97   gamma=0.116   elapsed 1253s
[helm-train] step  2900/4000   train 3.7993   lr 9.66e-05   grad 1.09   gamma=0.116   elapsed 1274s
[helm-train] step  2950/4000   train 3.7928   lr 8.86e-05   grad 0.94   gamma=0.116   elapsed 1295s
[helm-train] step  3000/4000   train 3.7686   lr 8.08e-05   grad 1.01   gamma=0.115   elapsed 1315s
[helm-train] >>> eval @ 3000: train 3.7905   val 4.9948   ppl 147.65
[helm-train] step  3050/4000   train 3.7932   lr 7.34e-05   grad 1.03   gamma=0.115   elapsed 1344s
[helm-train] step  3100/4000   train 3.7987   lr 6.62e-05   grad 0.96   gamma=0.115   elapsed 1365s
[helm-train] step  3150/4000   train 3.7350   lr 5.94e-05   grad 0.95   gamma=0.115   elapsed 1385s
[helm-train] step  3200/4000   train 3.7555   lr 5.28e-05   grad 0.88   gamma=0.115   elapsed 1405s
[helm-train] >>> eval @ 3200: train 3.7832   val 5.0438   ppl 155.06
[helm-train] step  3250/4000   train 3.7483   lr 4.67e-05   grad 1.23   gamma=0.115   elapsed 1436s
[helm-train] step  3300/4000   train 3.7211   lr 4.08e-05   grad 1.01   gamma=0.114   elapsed 1457s
[helm-train] step  3350/4000   train 3.7773   lr 3.53e-05   grad 0.91   gamma=0.114   elapsed 1479s
[helm-train] step  3400/4000   train 3.7871   lr 3.02e-05   grad 0.94   gamma=0.114   elapsed 1499s
[helm-train] >>> eval @ 3400: train 3.7794   val 5.0342   ppl 153.58
[helm-train] step  3450/4000   train 3.7445   lr 2.55e-05   grad 1.16   gamma=0.114   elapsed 1528s
[helm-train] step  3500/4000   train 3.7225   lr 2.11e-05   grad 0.95   gamma=0.114   elapsed 1549s
[helm-train] step  3550/4000   train 3.7691   lr 1.72e-05   grad 0.98   gamma=0.114   elapsed 1569s
[helm-train] step  3600/4000   train 3.7992   lr 1.36e-05   grad 0.89   gamma=0.114   elapsed 1590s
[helm-train] >>> eval @ 3600: train 3.7310   val 5.0611   ppl 157.76
[helm-train] step  3650/4000   train 3.7732   lr 1.05e-05   grad 0.93   gamma=0.114   elapsed 1619s
[helm-train] step  3700/4000   train 3.7501   lr 7.70e-06   grad 0.96   gamma=0.114   elapsed 1639s
[helm-train] step  3750/4000   train 3.7582   lr 5.36e-06   grad 0.92   gamma=0.114   elapsed 1660s
[helm-train] step  3800/4000   train 3.7662   lr 3.44e-06   grad 0.95   gamma=0.114   elapsed 1681s
[helm-train] >>> eval @ 3800: train 3.7055   val 4.9716   ppl 144.25
[helm-train] step  3850/4000   train 3.7443   lr 1.95e-06   grad 0.93   gamma=0.114   elapsed 1711s
[helm-train] step  3900/4000   train 3.7411   lr 8.71e-07   grad 1.03   gamma=0.114   elapsed 1731s
[helm-train] step  3950/4000   train 3.7622   lr 2.22e-07   grad 0.92   gamma=0.114   elapsed 1752s
[helm-train] step  4000/4000   train 3.7589   lr 8.54e-11   grad 0.94   gamma=0.114   elapsed 1773s
[helm-train] >>> eval @ 4000: train 3.7595   val 4.9389   ppl 139.62
[helm-train] done in 1783s
[helm-train] saved checkpoint -> /Users/dimitargueorguiev/git/ml/semsimula/notebooks/conservative_arch/helmholtz/results/helm_SSAAAASS_shakespeare_seed0_ckpt_latest.pt
[helm-train] saved loss curve -> /Users/dimitargueorguiev/git/ml/semsimula/notebooks/conservative_arch/helmholtz/results/helm_SSAAAASS_shakespeare_seed0_loss_curve.png
[helm-train] saved summary -> /Users/dimitargueorguiev/git/ml/semsimula/notebooks/conservative_arch/helmholtz/results/helm_SSAAAASS_shakespeare_seed0_summary.md
