[train-fo] device=mps  mode=shakespeare  seed=1  results_dir=/Users/dimitargueorguiev/git/ml/semsimula/notebooks/conservative_arch/first_order_ablation/results/splm1_leakfree/seed1
[train-fo] tokens: train=321,124  val=16,901
[train-fo] params: 7,123,075   d=128  L=8  v_hidden=512  ln_after_step=True  first_order=True (no v-buffer, no gamma)
[train-fo] causal_force=True  (FIXED (post-bug))  steps=4000
[train-fo] init mass: mean=1.459  std=0.209  min=1.151  max=1.915
[train-fo] step    50/4000   train 10.7553   lr 1.25e-04   grad 1.02   m[mean 1.449 std 0.202]   elapsed 14s
[train-fo] step   100/4000   train 9.7555   lr 2.50e-04   grad 1.72   m[mean 1.432 std 0.198]   elapsed 29s
[train-fo] step   150/4000   train 7.6555   lr 3.75e-04   grad 1.30   m[mean 1.450 std 0.210]   elapsed 50s
[train-fo] step   200/4000   train 6.4883   lr 5.00e-04   grad 0.30   m[mean 1.451 std 0.206]   elapsed 76s
[train-fo] step   200   val_loss=6.5040  val_ppl=667.80
[train-fo] step   250/4000   train 6.2328   lr 5.00e-04   grad 1.39   m[mean 1.440 std 0.206]   elapsed 110s
[train-fo] step   300/4000   train 5.9284   lr 4.99e-04   grad 0.50   m[mean 1.442 std 0.207]   elapsed 133s
[train-fo] step   350/4000   train 5.7137   lr 4.98e-04   grad 0.54   m[mean 1.451 std 0.214]   elapsed 156s
[train-fo] step   400/4000   train 5.5298   lr 4.97e-04   grad 1.71   m[mean 1.457 std 0.214]   elapsed 179s
[train-fo] step   400   val_loss=5.8172  val_ppl=336.04
[train-fo] step   450/4000   train 5.4258   lr 4.95e-04   grad 0.69   m[mean 1.466 std 0.220]   elapsed 208s
[train-fo] step   500/4000   train 5.2952   lr 4.92e-04   grad 1.57   m[mean 1.465 std 0.218]   elapsed 231s
[train-fo] step   550/4000   train 5.2241   lr 4.90e-04   grad 0.98   m[mean 1.457 std 0.215]   elapsed 254s
[train-fo] step   600/4000   train 5.1126   lr 4.87e-04   grad 0.84   m[mean 1.469 std 0.228]   elapsed 277s
[train-fo] step   600   val_loss=5.6165  val_ppl=274.92
[train-fo] step   650/4000   train 5.0404   lr 4.83e-04   grad 1.37   m[mean 1.462 std 0.220]   elapsed 307s
[train-fo] step   700/4000   train 4.9868   lr 4.79e-04   grad 1.07   m[mean 1.468 std 0.220]   elapsed 331s
[train-fo] step   750/4000   train 4.9419   lr 4.75e-04   grad 2.07   m[mean 1.489 std 0.231]   elapsed 358s
[train-fo] step   800/4000   train 4.9174   lr 4.70e-04   grad 1.31   m[mean 1.465 std 0.225]   elapsed 383s
[train-fo] step   800   val_loss=5.5146  val_ppl=248.30
[train-fo] step   850/4000   train 4.8418   lr 4.65e-04   grad 1.21   m[mean 1.485 std 0.233]   elapsed 413s
[train-fo] step   900/4000   train 4.8571   lr 4.59e-04   grad 1.31   m[mean 1.475 std 0.226]   elapsed 436s
[train-fo] step   950/4000   train 4.7909   lr 4.54e-04   grad 1.34   m[mean 1.490 std 0.233]   elapsed 461s
[train-fo] step  1000/4000   train 4.7068   lr 4.47e-04   grad 2.20   m[mean 1.473 std 0.224]   elapsed 488s
[train-fo] step  1000   val_loss=5.3924  val_ppl=219.73
[train-fo] step  1050/4000   train 4.6889   lr 4.41e-04   grad 0.97   m[mean 1.479 std 0.228]   elapsed 522s
[train-fo] step  1100/4000   train 4.6626   lr 4.34e-04   grad 1.09   m[mean 1.478 std 0.232]   elapsed 549s
[train-fo] step  1150/4000   train 4.6572   lr 4.27e-04   grad 1.37   m[mean 1.481 std 0.228]   elapsed 576s
[train-fo] step  1200/4000   train 4.6169   lr 4.19e-04   grad 1.37   m[mean 1.482 std 0.231]   elapsed 603s
[train-fo] step  1200   val_loss=5.3377  val_ppl=208.03
[train-fo] step  1250/4000   train 4.5899   lr 4.12e-04   grad 1.44   m[mean 1.476 std 0.229]   elapsed 637s
[train-fo] step  1300/4000   train 4.5775   lr 4.04e-04   grad 1.42   m[mean 1.500 std 0.242]   elapsed 665s
[train-fo] step  1350/4000   train 4.5514   lr 3.95e-04   grad 1.52   m[mean 1.482 std 0.233]   elapsed 697s
[train-fo] step  1400/4000   train 4.5425   lr 3.87e-04   grad 1.26   m[mean 1.484 std 0.240]   elapsed 725s
[train-fo] step  1400   val_loss=5.3731  val_ppl=215.53
[train-fo] step  1450/4000   train 4.5094   lr 3.78e-04   grad 1.17   m[mean 1.482 std 0.231]   elapsed 758s
[train-fo] step  1500/4000   train 4.5276   lr 3.69e-04   grad 1.36   m[mean 1.484 std 0.234]   elapsed 784s
[train-fo] step  1550/4000   train 4.4385   lr 3.60e-04   grad 1.65   m[mean 1.491 std 0.236]   elapsed 811s
[train-fo] step  1600/4000   train 4.4587   lr 3.51e-04   grad 1.35   m[mean 1.480 std 0.230]   elapsed 838s
[train-fo] step  1600   val_loss=5.2738  val_ppl=195.16
[train-fo] step  1650/4000   train 4.4768   lr 3.41e-04   grad 1.89   m[mean 1.491 std 0.238]   elapsed 871s
[train-fo] step  1700/4000   train 4.4894   lr 3.31e-04   grad 1.71   m[mean 1.482 std 0.233]   elapsed 898s
[train-fo] step  1750/4000   train 4.4582   lr 3.22e-04   grad 1.15   m[mean 1.484 std 0.236]   elapsed 925s
[train-fo] step  1800/4000   train 4.4057   lr 3.12e-04   grad 1.50   m[mean 1.494 std 0.237]   elapsed 952s
[train-fo] step  1800   val_loss=5.2705  val_ppl=194.52
[train-fo] step  1850/4000   train 4.4675   lr 3.02e-04   grad 1.76   m[mean 1.490 std 0.241]   elapsed 986s
[train-fo] step  1900/4000   train 4.4079   lr 2.91e-04   grad 1.27   m[mean 1.494 std 0.242]   elapsed 1013s
[train-fo] step  1950/4000   train 4.4197   lr 2.81e-04   grad 1.26   m[mean 1.500 std 0.245]   elapsed 1040s
[train-fo] step  2000/4000   train 4.3977   lr 2.71e-04   grad 1.48   m[mean 1.488 std 0.242]   elapsed 1066s
[train-fo] step  2000   val_loss=5.2410  val_ppl=188.85
[train-fo] step  2050/4000   train 4.3702   lr 2.61e-04   grad 1.80   m[mean 1.488 std 0.237]   elapsed 1098s
[train-fo] step  2100/4000   train 4.3956   lr 2.50e-04   grad 1.31   m[mean 1.506 std 0.246]   elapsed 1121s
[train-fo] step  2150/4000   train 4.3694   lr 2.40e-04   grad 1.41   m[mean 1.488 std 0.233]   elapsed 1145s
[train-fo] step  2200/4000   train 4.3723   lr 2.30e-04   grad 1.67   m[mean 1.496 std 0.239]   elapsed 1172s
[train-fo] step  2200   val_loss=5.3030  val_ppl=200.94
[train-fo] step  2250/4000   train 4.3224   lr 2.19e-04   grad 1.91   m[mean 1.490 std 0.238]   elapsed 1205s
[train-fo] step  2300/4000   train 4.3227   lr 2.09e-04   grad 2.06   m[mean 1.480 std 0.228]   elapsed 1228s
[train-fo] step  2350/4000   train 4.3291   lr 1.99e-04   grad 1.68   m[mean 1.487 std 0.239]   elapsed 1250s
[train-fo] step  2400/4000   train 4.3448   lr 1.89e-04   grad 1.66   m[mean 1.481 std 0.234]   elapsed 1273s
[train-fo] step  2400   val_loss=5.3031  val_ppl=200.95
[train-fo] step  2450/4000   train 4.3301   lr 1.79e-04   grad 2.13   m[mean 1.487 std 0.239]   elapsed 1303s
[train-fo] step  2500/4000   train 4.3341   lr 1.69e-04   grad 1.68   m[mean 1.475 std 0.230]   elapsed 1329s
[train-fo] step  2550/4000   train 4.2951   lr 1.59e-04   grad 1.66   m[mean 1.487 std 0.242]   elapsed 1356s
[train-fo] step  2600/4000   train 4.3118   lr 1.50e-04   grad 1.62   m[mean 1.487 std 0.238]   elapsed 1380s
[train-fo] step  2600   val_loss=5.2817  val_ppl=196.71
[train-fo] step  2650/4000   train 4.3412   lr 1.40e-04   grad 1.58   m[mean 1.492 std 0.239]   elapsed 1409s
[train-fo] step  2700/4000   train 4.3022   lr 1.31e-04   grad 1.37   m[mean 1.484 std 0.237]   elapsed 1432s
[train-fo] step  2750/4000   train 4.3021   lr 1.22e-04   grad 1.37   m[mean 1.484 std 0.237]   elapsed 1455s
[train-fo] step  2800/4000   train 4.3105   lr 1.13e-04   grad 2.31   m[mean 1.489 std 0.237]   elapsed 1478s
[train-fo] step  2800   val_loss=5.2163  val_ppl=184.26
[train-fo] step  2850/4000   train 4.3390   lr 1.05e-04   grad 1.33   m[mean 1.483 std 0.237]   elapsed 1507s
[train-fo] step  2900/4000   train 4.3115   lr 9.66e-05   grad 1.58   m[mean 1.477 std 0.236]   elapsed 1530s
[train-fo] step  2950/4000   train 4.2706   lr 8.86e-05   grad 1.47   m[mean 1.487 std 0.241]   elapsed 1554s
[train-fo] step  3000/4000   train 4.2711   lr 8.08e-05   grad 1.54   m[mean 1.473 std 0.236]   elapsed 1577s
[train-fo] step  3000   val_loss=5.2014  val_ppl=181.52
[train-fo] step  3050/4000   train 4.2864   lr 7.34e-05   grad 1.50   m[mean 1.482 std 0.233]   elapsed 1607s
[train-fo] step  3100/4000   train 4.2874   lr 6.62e-05   grad 1.46   m[mean 1.489 std 0.234]   elapsed 1630s
[train-fo] step  3150/4000   train 4.2414   lr 5.94e-05   grad 1.80   m[mean 1.476 std 0.236]   elapsed 1654s
[train-fo] step  3200/4000   train 4.2886   lr 5.28e-05   grad 1.95   m[mean 1.480 std 0.237]   elapsed 1677s
[train-fo] step  3200   val_loss=5.2672  val_ppl=193.87
[train-fo] step  3250/4000   train 4.2706   lr 4.67e-05   grad 1.36   m[mean 1.482 std 0.235]   elapsed 1706s
[train-fo] step  3300/4000   train 4.2798   lr 4.08e-05   grad 1.59   m[mean 1.484 std 0.241]   elapsed 1729s
[train-fo] step  3350/4000   train 4.2376   lr 3.53e-05   grad 1.84   m[mean 1.501 std 0.252]   elapsed 1752s
[train-fo] step  3400/4000   train 4.2627   lr 3.02e-05   grad 1.64   m[mean 1.485 std 0.237]   elapsed 1776s
[train-fo] step  3400   val_loss=5.2844  val_ppl=197.24
[train-fo] step  3450/4000   train 4.2808   lr 2.55e-05   grad 1.50   m[mean 1.482 std 0.235]   elapsed 1805s
[train-fo] step  3500/4000   train 4.2311   lr 2.11e-05   grad 1.78   m[mean 1.486 std 0.241]   elapsed 1828s
[train-fo] step  3550/4000   train 4.2988   lr 1.72e-05   grad 1.31   m[mean 1.476 std 0.231]   elapsed 1852s
[train-fo] step  3600/4000   train 4.2552   lr 1.36e-05   grad 1.29   m[mean 1.481 std 0.239]   elapsed 1875s
[train-fo] step  3600   val_loss=5.1334  val_ppl=169.59
[train-fo] step  3650/4000   train 4.2424   lr 1.05e-05   grad 2.18   m[mean 1.503 std 0.245]   elapsed 1904s
[train-fo] step  3700/4000   train 4.2729   lr 7.70e-06   grad 1.73   m[mean 1.491 std 0.240]   elapsed 1927s
[train-fo] step  3750/4000   train 4.3041   lr 5.36e-06   grad 1.58   m[mean 1.484 std 0.237]   elapsed 1950s
[train-fo] step  3800/4000   train 4.2580   lr 3.44e-06   grad 1.34   m[mean 1.488 std 0.237]   elapsed 1973s
[train-fo] step  3800   val_loss=5.2890  val_ppl=198.15
[train-fo] step  3850/4000   train 4.2444   lr 1.95e-06   grad 1.55   m[mean 1.486 std 0.234]   elapsed 2002s
[train-fo] step  3900/4000   train 4.2571   lr 8.71e-07   grad 1.54   m[mean 1.481 std 0.236]   elapsed 2025s
[train-fo] step  3950/4000   train 4.2620   lr 2.22e-07   grad 1.55   m[mean 1.490 std 0.240]   elapsed 2048s
[train-fo] step  4000/4000   train 4.2853   lr 8.54e-11   grad 1.39   m[mean 1.486 std 0.236]   elapsed 2071s
[train-fo] step  4000   val_loss=5.2233  val_ppl=185.54

[train-fo] DONE  val_loss=5.2115  val_ppl=183.37  (first-order, no gamma)
[train-fo] checkpoint saved to /Users/dimitargueorguiev/git/ml/semsimula/notebooks/conservative_arch/first_order_ablation/results/splm1_leakfree/seed1/splm_first_order_shakespeare_seed1_ckpt_latest.pt
[train-fo] summary written to /Users/dimitargueorguiev/git/ml/semsimula/notebooks/conservative_arch/first_order_ablation/results/splm1_leakfree/seed1/splm_first_order_shakespeare_seed1_summary.md
