[train-em-ln] device=mps  mode=shakespeare  fixed_gamma=0.85  results_dir=/Users/dimitargueorguiev/git/ml/semsimula/notebooks/conservative_arch/ln_damping_sweep/results/leakfree_3seed/gamma0p85/seed0
[train-em-ln] tokens: train=321,124  val=16,901
[train-em-ln] params: 7,123,075   d=128  L=8  v_hidden=512  ln_after_step=True
[train-em-ln] causal_force=True  (FIXED (post-bug))  steps=4000
[train-em-ln] init mass: mean=1.453  std=0.203  min=1.151  max=1.915
[train-em-ln] step    50/4000   train 10.7594   lr 1.25e-04   grad 1.05   m[mean 1.446 std 0.204]   gamma=0.850   elapsed 15s
[train-em-ln] step   100/4000   train 9.7884   lr 2.50e-04   grad 1.63   m[mean 1.439 std 0.199]   gamma=0.850   elapsed 32s
[train-em-ln] step   150/4000   train 7.7024   lr 3.75e-04   grad 1.31   m[mean 1.444 std 0.201]   gamma=0.850   elapsed 53s
[train-em-ln] step   200/4000   train 6.4838   lr 5.00e-04   grad 0.33   m[mean 1.444 std 0.200]   gamma=0.850   elapsed 76s
[train-em-ln] step   200   val_loss=6.4427  val_ppl=628.11
[train-em-ln] step   250/4000   train 6.1495   lr 5.00e-04   grad 0.88   m[mean 1.448 std 0.211]   gamma=0.850   elapsed 106s
[train-em-ln] step   300/4000   train 5.8735   lr 4.99e-04   grad 0.66   m[mean 1.453 std 0.217]   gamma=0.850   elapsed 129s
[train-em-ln] step   350/4000   train 5.6704   lr 4.98e-04   grad 0.95   m[mean 1.461 std 0.214]   gamma=0.850   elapsed 151s
[train-em-ln] step   400/4000   train 5.5247   lr 4.97e-04   grad 0.69   m[mean 1.460 std 0.211]   gamma=0.850   elapsed 173s
[train-em-ln] step   400   val_loss=5.7678  val_ppl=319.84
[train-em-ln] step   450/4000   train 5.3843   lr 4.95e-04   grad 0.88   m[mean 1.461 std 0.219]   gamma=0.850   elapsed 200s
[train-em-ln] step   500/4000   train 5.2606   lr 4.92e-04   grad 0.66   m[mean 1.470 std 0.223]   gamma=0.850   elapsed 222s
[train-em-ln] step   550/4000   train 5.2077   lr 4.90e-04   grad 0.97   m[mean 1.475 std 0.223]   gamma=0.850   elapsed 244s
[train-em-ln] step   600/4000   train 5.1109   lr 4.87e-04   grad 1.19   m[mean 1.455 std 0.223]   gamma=0.850   elapsed 266s
[train-em-ln] step   600   val_loss=5.5592  val_ppl=259.60
[train-em-ln] step   650/4000   train 5.0202   lr 4.83e-04   grad 1.29   m[mean 1.472 std 0.228]   gamma=0.850   elapsed 294s
[train-em-ln] step   700/4000   train 4.9989   lr 4.79e-04   grad 1.80   m[mean 1.475 std 0.222]   gamma=0.850   elapsed 316s
[train-em-ln] step   750/4000   train 4.9010   lr 4.75e-04   grad 1.40   m[mean 1.469 std 0.227]   gamma=0.850   elapsed 338s
[train-em-ln] step   800/4000   train 4.9176   lr 4.70e-04   grad 1.56   m[mean 1.469 std 0.228]   gamma=0.850   elapsed 360s
[train-em-ln] step   800   val_loss=5.4358  val_ppl=229.47
[train-em-ln] step   850/4000   train 4.8389   lr 4.65e-04   grad 1.29   m[mean 1.478 std 0.229]   gamma=0.850   elapsed 389s
[train-em-ln] step   900/4000   train 4.7729   lr 4.59e-04   grad 1.88   m[mean 1.474 std 0.225]   gamma=0.850   elapsed 410s
[train-em-ln] step   950/4000   train 4.7619   lr 4.54e-04   grad 1.22   m[mean 1.466 std 0.224]   gamma=0.850   elapsed 432s
[train-em-ln] step  1000/4000   train 4.7517   lr 4.47e-04   grad 0.88   m[mean 1.466 std 0.227]   gamma=0.850   elapsed 454s
[train-em-ln] step  1000   val_loss=5.3568  val_ppl=212.05
[train-em-ln] step  1050/4000   train 4.7486   lr 4.41e-04   grad 1.21   m[mean 1.474 std 0.221]   gamma=0.850   elapsed 482s
[train-em-ln] step  1100/4000   train 4.6348   lr 4.34e-04   grad 1.32   m[mean 1.468 std 0.225]   gamma=0.850   elapsed 504s
[train-em-ln] step  1150/4000   train 4.6242   lr 4.27e-04   grad 1.17   m[mean 1.467 std 0.227]   gamma=0.850   elapsed 526s
[train-em-ln] step  1200/4000   train 4.6285   lr 4.19e-04   grad 1.09   m[mean 1.470 std 0.229]   gamma=0.850   elapsed 549s
[train-em-ln] step  1200   val_loss=5.2759  val_ppl=195.57
[train-em-ln] step  1250/4000   train 4.5108   lr 4.12e-04   grad 0.99   m[mean 1.467 std 0.229]   gamma=0.850   elapsed 577s
[train-em-ln] step  1300/4000   train 4.5352   lr 4.04e-04   grad 1.10   m[mean 1.464 std 0.225]   gamma=0.850   elapsed 599s
[train-em-ln] step  1350/4000   train 4.5301   lr 3.95e-04   grad 1.17   m[mean 1.469 std 0.228]   gamma=0.850   elapsed 621s
[train-em-ln] step  1400/4000   train 4.5117   lr 3.87e-04   grad 0.76   m[mean 1.469 std 0.226]   gamma=0.850   elapsed 644s
[train-em-ln] step  1400   val_loss=5.2883  val_ppl=198.01
[train-em-ln] step  1450/4000   train 4.5058   lr 3.78e-04   grad 0.85   m[mean 1.468 std 0.225]   gamma=0.850   elapsed 672s
[train-em-ln] step  1500/4000   train 4.4760   lr 3.69e-04   grad 1.33   m[mean 1.465 std 0.225]   gamma=0.850   elapsed 694s
[train-em-ln] step  1550/4000   train 4.4804   lr 3.60e-04   grad 1.39   m[mean 1.473 std 0.231]   gamma=0.850   elapsed 716s
[train-em-ln] step  1600/4000   train 4.4445   lr 3.51e-04   grad 1.11   m[mean 1.466 std 0.225]   gamma=0.850   elapsed 737s
[train-em-ln] step  1600   val_loss=5.2085  val_ppl=182.82
[train-em-ln] step  1650/4000   train 4.4463   lr 3.41e-04   grad 1.28   m[mean 1.461 std 0.220]   gamma=0.850   elapsed 766s
[train-em-ln] step  1700/4000   train 4.4112   lr 3.31e-04   grad 1.00   m[mean 1.463 std 0.226]   gamma=0.850   elapsed 788s
[train-em-ln] step  1750/4000   train 4.3995   lr 3.22e-04   grad 1.09   m[mean 1.465 std 0.228]   gamma=0.850   elapsed 810s
[train-em-ln] step  1800/4000   train 4.3599   lr 3.12e-04   grad 0.95   m[mean 1.459 std 0.222]   gamma=0.850   elapsed 832s
[train-em-ln] step  1800   val_loss=5.2450  val_ppl=189.61
[train-em-ln] step  1850/4000   train 4.3867   lr 3.02e-04   grad 1.05   m[mean 1.466 std 0.224]   gamma=0.850   elapsed 860s
[train-em-ln] step  1900/4000   train 4.3553   lr 2.91e-04   grad 1.25   m[mean 1.476 std 0.232]   gamma=0.850   elapsed 882s
[train-em-ln] step  1950/4000   train 4.3995   lr 2.81e-04   grad 1.09   m[mean 1.450 std 0.220]   gamma=0.850   elapsed 904s
[train-em-ln] step  2000/4000   train 4.3759   lr 2.71e-04   grad 0.97   m[mean 1.469 std 0.226]   gamma=0.850   elapsed 926s
[train-em-ln] step  2000   val_loss=5.2482  val_ppl=190.23
[train-em-ln] step  2050/4000   train 4.3561   lr 2.61e-04   grad 1.11   m[mean 1.455 std 0.225]   gamma=0.850   elapsed 954s
[train-em-ln] step  2100/4000   train 4.3393   lr 2.50e-04   grad 1.25   m[mean 1.464 std 0.226]   gamma=0.850   elapsed 976s
[train-em-ln] step  2150/4000   train 4.3216   lr 2.40e-04   grad 1.00   m[mean 1.463 std 0.221]   gamma=0.850   elapsed 997s
[train-em-ln] step  2200/4000   train 4.2889   lr 2.30e-04   grad 0.96   m[mean 1.466 std 0.224]   gamma=0.850   elapsed 1019s
[train-em-ln] step  2200   val_loss=5.2156  val_ppl=184.13
[train-em-ln] step  2250/4000   train 4.3231   lr 2.19e-04   grad 0.92   m[mean 1.452 std 0.222]   gamma=0.850   elapsed 1047s
[train-em-ln] step  2300/4000   train 4.3220   lr 2.09e-04   grad 1.06   m[mean 1.454 std 0.223]   gamma=0.850   elapsed 1069s
[train-em-ln] step  2350/4000   train 4.2835   lr 1.99e-04   grad 1.23   m[mean 1.463 std 0.224]   gamma=0.850   elapsed 1091s
[train-em-ln] step  2400/4000   train 4.3006   lr 1.89e-04   grad 1.05   m[mean 1.454 std 0.220]   gamma=0.850   elapsed 1113s
[train-em-ln] step  2400   val_loss=5.1992  val_ppl=181.13
[train-em-ln] step  2450/4000   train 4.2658   lr 1.79e-04   grad 1.01   m[mean 1.451 std 0.223]   gamma=0.850   elapsed 1141s
[train-em-ln] step  2500/4000   train 4.2738   lr 1.69e-04   grad 1.14   m[mean 1.450 std 0.222]   gamma=0.850   elapsed 1163s
[train-em-ln] step  2550/4000   train 4.2423   lr 1.59e-04   grad 0.91   m[mean 1.461 std 0.221]   gamma=0.850   elapsed 1186s
[train-em-ln] step  2600/4000   train 4.2632   lr 1.50e-04   grad 1.06   m[mean 1.457 std 0.220]   gamma=0.850   elapsed 1208s
[train-em-ln] step  2600   val_loss=5.2391  val_ppl=188.49
[train-em-ln] step  2650/4000   train 4.2666   lr 1.40e-04   grad 1.15   m[mean 1.462 std 0.224]   gamma=0.850   elapsed 1236s
[train-em-ln] step  2700/4000   train 4.2489   lr 1.31e-04   grad 0.95   m[mean 1.455 std 0.228]   gamma=0.850   elapsed 1258s
[train-em-ln] step  2750/4000   train 4.2602   lr 1.22e-04   grad 1.09   m[mean 1.456 std 0.223]   gamma=0.850   elapsed 1280s
[train-em-ln] step  2800/4000   train 4.2390   lr 1.13e-04   grad 0.96   m[mean 1.450 std 0.225]   gamma=0.850   elapsed 1302s
[train-em-ln] step  2800   val_loss=5.2016  val_ppl=181.56
[train-em-ln] step  2850/4000   train 4.2230   lr 1.05e-04   grad 1.05   m[mean 1.455 std 0.225]   gamma=0.850   elapsed 1329s
[train-em-ln] step  2900/4000   train 4.2545   lr 9.66e-05   grad 1.01   m[mean 1.451 std 0.225]   gamma=0.850   elapsed 1351s
[train-em-ln] step  2950/4000   train 4.2449   lr 8.86e-05   grad 0.98   m[mean 1.458 std 0.225]   gamma=0.850   elapsed 1373s
[train-em-ln] step  3000/4000   train 4.2386   lr 8.08e-05   grad 0.99   m[mean 1.454 std 0.225]   gamma=0.850   elapsed 1395s
[train-em-ln] step  3000   val_loss=5.2515  val_ppl=190.85
[train-em-ln] step  3050/4000   train 4.2057   lr 7.34e-05   grad 1.13   m[mean 1.452 std 0.221]   gamma=0.850   elapsed 1422s
[train-em-ln] step  3100/4000   train 4.1952   lr 6.62e-05   grad 1.02   m[mean 1.444 std 0.215]   gamma=0.850   elapsed 1444s
[train-em-ln] step  3150/4000   train 4.2374   lr 5.94e-05   grad 1.04   m[mean 1.456 std 0.225]   gamma=0.850   elapsed 1465s
[train-em-ln] step  3200/4000   train 4.2377   lr 5.28e-05   grad 1.01   m[mean 1.452 std 0.221]   gamma=0.850   elapsed 1486s
[train-em-ln] step  3200   val_loss=5.2453  val_ppl=189.67
[train-em-ln] step  3250/4000   train 4.2154   lr 4.67e-05   grad 1.20   m[mean 1.465 std 0.227]   gamma=0.850   elapsed 1514s
[train-em-ln] step  3300/4000   train 4.2315   lr 4.08e-05   grad 0.97   m[mean 1.460 std 0.221]   gamma=0.850   elapsed 1535s
[train-em-ln] step  3350/4000   train 4.2142   lr 3.53e-05   grad 0.97   m[mean 1.458 std 0.225]   gamma=0.850   elapsed 1557s
[train-em-ln] step  3400/4000   train 4.2506   lr 3.02e-05   grad 1.05   m[mean 1.458 std 0.226]   gamma=0.850   elapsed 1578s
[train-em-ln] step  3400   val_loss=5.2072  val_ppl=182.58
[train-em-ln] step  3450/4000   train 4.2195   lr 2.55e-05   grad 0.98   m[mean 1.460 std 0.223]   gamma=0.850   elapsed 1606s
[train-em-ln] step  3500/4000   train 4.2335   lr 2.11e-05   grad 1.06   m[mean 1.461 std 0.224]   gamma=0.850   elapsed 1628s
[train-em-ln] step  3550/4000   train 4.2333   lr 1.72e-05   grad 1.11   m[mean 1.462 std 0.229]   gamma=0.850   elapsed 1650s
[train-em-ln] step  3600/4000   train 4.2297   lr 1.36e-05   grad 1.19   m[mean 1.462 std 0.225]   gamma=0.850   elapsed 1672s
[train-em-ln] step  3600   val_loss=5.2055  val_ppl=182.28
[train-em-ln] step  3650/4000   train 4.1780   lr 1.05e-05   grad 1.16   m[mean 1.463 std 0.229]   gamma=0.850   elapsed 1703s
[train-em-ln] step  3700/4000   train 4.2027   lr 7.70e-06   grad 0.93   m[mean 1.451 std 0.224]   gamma=0.850   elapsed 1727s
[train-em-ln] step  3750/4000   train 4.2495   lr 5.36e-06   grad 0.96   m[mean 1.461 std 0.223]   gamma=0.850   elapsed 1749s
[train-em-ln] step  3800/4000   train 4.1903   lr 3.44e-06   grad 1.06   m[mean 1.458 std 0.224]   gamma=0.850   elapsed 1771s
[train-em-ln] step  3800   val_loss=5.1975  val_ppl=180.83
[train-em-ln] step  3850/4000   train 4.2048   lr 1.95e-06   grad 1.00   m[mean 1.473 std 0.233]   gamma=0.850   elapsed 1798s
[train-em-ln] step  3900/4000   train 4.2444   lr 8.71e-07   grad 1.08   m[mean 1.459 std 0.230]   gamma=0.850   elapsed 1822s
[train-em-ln] step  3950/4000   train 4.2429   lr 2.22e-07   grad 1.18   m[mean 1.474 std 0.229]   gamma=0.850   elapsed 1845s
[train-em-ln] step  4000/4000   train 4.2273   lr 8.54e-11   grad 1.01   m[mean 1.450 std 0.222]   gamma=0.850   elapsed 1869s
[train-em-ln] step  4000   val_loss=5.2725  val_ppl=194.89

[train-em-ln] DONE  val_loss=5.2430  val_ppl=189.24  gamma=0.8500
[train-em-ln] checkpoint saved to /Users/dimitargueorguiev/git/ml/semsimula/notebooks/conservative_arch/ln_damping_sweep/results/leakfree_3seed/gamma0p85/seed0/splm_em_ln_shakespeare_gamma0p85_seed0_ckpt_latest.pt
[train-em-ln] summary written to /Users/dimitargueorguiev/git/ml/semsimula/notebooks/conservative_arch/ln_damping_sweep/results/leakfree_3seed/gamma0p85/seed0/splm_em_ln_shakespeare_gamma0p85_seed0_summary.md
