[train-em-ln] device=mps  mode=shakespeare  fixed_gamma=0.2  results_dir=/Users/dimitargueorguiev/git/ml/semsimula/notebooks/conservative_arch/ln_damping_sweep/results/leakfree_5seed_confirmation/gamma0p20/seed3
[train-em-ln] tokens: train=321,124  val=16,901
[train-em-ln] params: 7,123,075   d=128  L=8  v_hidden=512  ln_after_step=True
[train-em-ln] causal_force=True  (FIXED (post-bug))  steps=4000
[train-em-ln] init mass: mean=1.457  std=0.207  min=1.151  max=1.915
[train-em-ln] step    50/4000   train 10.7386   lr 1.25e-04   grad 1.11   m[mean 1.448 std 0.200]   gamma=0.200   elapsed 16s
[train-em-ln] step   100/4000   train 9.5997   lr 2.50e-04   grad 1.59   m[mean 1.449 std 0.202]   gamma=0.200   elapsed 34s
[train-em-ln] step   150/4000   train 7.6134   lr 3.75e-04   grad 1.37   m[mean 1.442 std 0.203]   gamma=0.200   elapsed 58s
[train-em-ln] step   200/4000   train 6.4664   lr 5.00e-04   grad 0.38   m[mean 1.450 std 0.204]   gamma=0.200   elapsed 86s
[train-em-ln] step   200   val_loss=6.3760  val_ppl=587.55
[train-em-ln] step   250/4000   train 6.1309   lr 5.00e-04   grad 0.69   m[mean 1.449 std 0.204]   gamma=0.200   elapsed 119s
[train-em-ln] step   300/4000   train 5.8301   lr 4.99e-04   grad 0.47   m[mean 1.462 std 0.216]   gamma=0.200   elapsed 142s
[train-em-ln] step   350/4000   train 5.5955   lr 4.98e-04   grad 1.11   m[mean 1.466 std 0.214]   gamma=0.200   elapsed 166s
[train-em-ln] step   400/4000   train 5.3715   lr 4.97e-04   grad 0.76   m[mean 1.469 std 0.217]   gamma=0.200   elapsed 190s
[train-em-ln] step   400   val_loss=5.7048  val_ppl=300.30
[train-em-ln] step   450/4000   train 5.2659   lr 4.95e-04   grad 0.81   m[mean 1.477 std 0.221]   gamma=0.200   elapsed 220s
[train-em-ln] step   500/4000   train 5.1729   lr 4.92e-04   grad 1.14   m[mean 1.462 std 0.217]   gamma=0.200   elapsed 244s
[train-em-ln] step   550/4000   train 5.1045   lr 4.90e-04   grad 1.05   m[mean 1.468 std 0.216]   gamma=0.200   elapsed 268s
[train-em-ln] step   600/4000   train 5.0158   lr 4.87e-04   grad 1.54   m[mean 1.471 std 0.218]   gamma=0.200   elapsed 295s
[train-em-ln] step   600   val_loss=5.5070  val_ppl=246.42
[train-em-ln] step   650/4000   train 4.9613   lr 4.83e-04   grad 1.21   m[mean 1.476 std 0.220]   gamma=0.200   elapsed 328s
[train-em-ln] step   700/4000   train 4.8938   lr 4.79e-04   grad 2.05   m[mean 1.466 std 0.211]   gamma=0.200   elapsed 352s
[train-em-ln] step   750/4000   train 4.8266   lr 4.75e-04   grad 1.97   m[mean 1.484 std 0.225]   gamma=0.200   elapsed 376s
[train-em-ln] step   800/4000   train 4.8034   lr 4.70e-04   grad 1.29   m[mean 1.465 std 0.215]   gamma=0.200   elapsed 400s
[train-em-ln] step   800   val_loss=5.3916  val_ppl=219.56
[train-em-ln] step   850/4000   train 4.8197   lr 4.65e-04   grad 1.02   m[mean 1.469 std 0.218]   gamma=0.200   elapsed 431s
[train-em-ln] step   900/4000   train 4.7067   lr 4.59e-04   grad 1.42   m[mean 1.478 std 0.223]   gamma=0.200   elapsed 455s
[train-em-ln] step   950/4000   train 4.6759   lr 4.54e-04   grad 1.81   m[mean 1.484 std 0.222]   gamma=0.200   elapsed 479s
[train-em-ln] step  1000/4000   train 4.6929   lr 4.47e-04   grad 1.36   m[mean 1.473 std 0.218]   gamma=0.200   elapsed 503s
[train-em-ln] step  1000   val_loss=5.3258  val_ppl=205.57
[train-em-ln] step  1050/4000   train 4.6244   lr 4.41e-04   grad 1.58   m[mean 1.460 std 0.214]   gamma=0.200   elapsed 534s
[train-em-ln] step  1100/4000   train 4.6375   lr 4.34e-04   grad 1.32   m[mean 1.467 std 0.217]   gamma=0.200   elapsed 558s
[train-em-ln] step  1150/4000   train 4.5839   lr 4.27e-04   grad 1.06   m[mean 1.469 std 0.220]   gamma=0.200   elapsed 582s
[train-em-ln] step  1200/4000   train 4.5782   lr 4.19e-04   grad 1.74   m[mean 1.469 std 0.220]   gamma=0.200   elapsed 606s
[train-em-ln] step  1200   val_loss=5.2299  val_ppl=186.78
[train-em-ln] step  1250/4000   train 4.5596   lr 4.12e-04   grad 1.28   m[mean 1.472 std 0.216]   gamma=0.200   elapsed 637s
[train-em-ln] step  1300/4000   train 4.5335   lr 4.04e-04   grad 1.34   m[mean 1.476 std 0.215]   gamma=0.200   elapsed 661s
[train-em-ln] step  1350/4000   train 4.5207   lr 3.95e-04   grad 1.96   m[mean 1.463 std 0.219]   gamma=0.200   elapsed 685s
[train-em-ln] step  1400/4000   train 4.5175   lr 3.87e-04   grad 1.49   m[mean 1.472 std 0.219]   gamma=0.200   elapsed 709s
[train-em-ln] step  1400   val_loss=5.1701  val_ppl=175.93
[train-em-ln] step  1450/4000   train 4.4915   lr 3.78e-04   grad 1.33   m[mean 1.467 std 0.217]   gamma=0.200   elapsed 740s
[train-em-ln] step  1500/4000   train 4.4526   lr 3.69e-04   grad 1.14   m[mean 1.470 std 0.210]   gamma=0.200   elapsed 764s
[train-em-ln] step  1550/4000   train 4.4101   lr 3.60e-04   grad 1.08   m[mean 1.465 std 0.216]   gamma=0.200   elapsed 789s
[train-em-ln] step  1600/4000   train 4.4453   lr 3.51e-04   grad 1.00   m[mean 1.464 std 0.212]   gamma=0.200   elapsed 817s
[train-em-ln] step  1600   val_loss=5.2217  val_ppl=185.24
[train-em-ln] step  1650/4000   train 4.3882   lr 3.41e-04   grad 1.00   m[mean 1.454 std 0.210]   gamma=0.200   elapsed 848s
[train-em-ln] step  1700/4000   train 4.4270   lr 3.31e-04   grad 1.03   m[mean 1.462 std 0.220]   gamma=0.200   elapsed 872s
[train-em-ln] step  1750/4000   train 4.3729   lr 3.22e-04   grad 2.89   m[mean 1.471 std 0.216]   gamma=0.200   elapsed 896s
[train-em-ln] step  1800/4000   train 4.3969   lr 3.12e-04   grad 1.14   m[mean 1.471 std 0.219]   gamma=0.200   elapsed 921s
[train-em-ln] step  1800   val_loss=5.2698  val_ppl=194.39
[train-em-ln] step  1850/4000   train 4.3772   lr 3.02e-04   grad 0.96   m[mean 1.456 std 0.211]   gamma=0.200   elapsed 956s
[train-em-ln] step  1900/4000   train 4.3476   lr 2.91e-04   grad 2.02   m[mean 1.465 std 0.217]   gamma=0.200   elapsed 981s
[train-em-ln] step  1950/4000   train 4.3595   lr 2.81e-04   grad 1.18   m[mean 1.470 std 0.216]   gamma=0.200   elapsed 1005s
[train-em-ln] step  2000/4000   train 4.3484   lr 2.71e-04   grad 1.11   m[mean 1.460 std 0.209]   gamma=0.200   elapsed 1029s
[train-em-ln] step  2000   val_loss=5.1754  val_ppl=176.87
[train-em-ln] step  2050/4000   train 4.3365   lr 2.61e-04   grad 1.67   m[mean 1.462 std 0.215]   gamma=0.200   elapsed 1060s
[train-em-ln] step  2100/4000   train 4.3204   lr 2.50e-04   grad 1.30   m[mean 1.460 std 0.216]   gamma=0.200   elapsed 1087s
[train-em-ln] step  2150/4000   train 4.3131   lr 2.40e-04   grad 1.18   m[mean 1.453 std 0.209]   gamma=0.200   elapsed 1115s
[train-em-ln] step  2200/4000   train 4.3312   lr 2.30e-04   grad 1.20   m[mean 1.467 std 0.216]   gamma=0.200   elapsed 1138s
[train-em-ln] step  2200   val_loss=5.2038  val_ppl=181.97
[train-em-ln] step  2250/4000   train 4.2592   lr 2.19e-04   grad 1.40   m[mean 1.459 std 0.216]   gamma=0.200   elapsed 1169s
[train-em-ln] step  2300/4000   train 4.3197   lr 2.09e-04   grad 1.14   m[mean 1.462 std 0.214]   gamma=0.200   elapsed 1193s
[train-em-ln] step  2350/4000   train 4.2633   lr 1.99e-04   grad 1.15   m[mean 1.463 std 0.214]   gamma=0.200   elapsed 1220s
[train-em-ln] step  2400/4000   train 4.2742   lr 1.89e-04   grad 1.15   m[mean 1.462 std 0.211]   gamma=0.200   elapsed 1248s
[train-em-ln] step  2400   val_loss=5.1882  val_ppl=179.15
[train-em-ln] step  2450/4000   train 4.2645   lr 1.79e-04   grad 1.17   m[mean 1.463 std 0.217]   gamma=0.200   elapsed 1278s
[train-em-ln] step  2500/4000   train 4.2748   lr 1.69e-04   grad 1.75   m[mean 1.450 std 0.216]   gamma=0.200   elapsed 1302s
[train-em-ln] step  2550/4000   train 4.2350   lr 1.59e-04   grad 1.33   m[mean 1.463 std 0.217]   gamma=0.200   elapsed 1326s
[train-em-ln] step  2600/4000   train 4.2535   lr 1.50e-04   grad 1.24   m[mean 1.471 std 0.218]   gamma=0.200   elapsed 1355s
[train-em-ln] step  2600   val_loss=5.2084  val_ppl=182.81
[train-em-ln] step  2650/4000   train 4.2434   lr 1.40e-04   grad 1.42   m[mean 1.444 std 0.210]   gamma=0.200   elapsed 1389s
[train-em-ln] step  2700/4000   train 4.2704   lr 1.31e-04   grad 1.19   m[mean 1.471 std 0.215]   gamma=0.200   elapsed 1413s
[train-em-ln] step  2750/4000   train 4.2048   lr 1.22e-04   grad 1.26   m[mean 1.469 std 0.223]   gamma=0.200   elapsed 1436s
[train-em-ln] step  2800/4000   train 4.2348   lr 1.13e-04   grad 1.31   m[mean 1.452 std 0.210]   gamma=0.200   elapsed 1457s
[train-em-ln] step  2800   val_loss=5.1616  val_ppl=174.44
[train-em-ln] step  2850/4000   train 4.2559   lr 1.05e-04   grad 1.08   m[mean 1.467 std 0.217]   gamma=0.200   elapsed 1485s
[train-em-ln] step  2900/4000   train 4.2381   lr 9.66e-05   grad 1.09   m[mean 1.468 std 0.213]   gamma=0.200   elapsed 1506s
[train-em-ln] step  2950/4000   train 4.2172   lr 8.86e-05   grad 1.07   m[mean 1.469 std 0.217]   gamma=0.200   elapsed 1528s
[train-em-ln] step  3000/4000   train 4.2166   lr 8.08e-05   grad 1.00   m[mean 1.459 std 0.218]   gamma=0.200   elapsed 1550s
[train-em-ln] step  3000   val_loss=5.1930  val_ppl=180.01
[train-em-ln] step  3050/4000   train 4.2217   lr 7.34e-05   grad 1.25   m[mean 1.463 std 0.215]   gamma=0.200   elapsed 1578s
[train-em-ln] step  3100/4000   train 4.2205   lr 6.62e-05   grad 1.44   m[mean 1.464 std 0.215]   gamma=0.200   elapsed 1601s
[train-em-ln] step  3150/4000   train 4.2347   lr 5.94e-05   grad 1.16   m[mean 1.474 std 0.221]   gamma=0.200   elapsed 1623s
[train-em-ln] step  3200/4000   train 4.2171   lr 5.28e-05   grad 1.24   m[mean 1.460 std 0.211]   gamma=0.200   elapsed 1645s
[train-em-ln] step  3200   val_loss=5.2014  val_ppl=181.53
[train-em-ln] step  3250/4000   train 4.2219   lr 4.67e-05   grad 1.07   m[mean 1.462 std 0.216]   gamma=0.200   elapsed 1672s
[train-em-ln] step  3300/4000   train 4.2411   lr 4.08e-05   grad 1.21   m[mean 1.461 std 0.215]   gamma=0.200   elapsed 1694s
[train-em-ln] step  3350/4000   train 4.2094   lr 3.53e-05   grad 1.47   m[mean 1.471 std 0.217]   gamma=0.200   elapsed 1716s
[train-em-ln] step  3400/4000   train 4.1997   lr 3.02e-05   grad 1.25   m[mean 1.454 std 0.208]   gamma=0.200   elapsed 1738s
[train-em-ln] step  3400   val_loss=5.1027  val_ppl=164.46
[train-em-ln] step  3450/4000   train 4.2140   lr 2.55e-05   grad 1.14   m[mean 1.454 std 0.214]   gamma=0.200   elapsed 1763s
[train-em-ln] step  3500/4000   train 4.2133   lr 2.11e-05   grad 1.12   m[mean 1.464 std 0.214]   gamma=0.200   elapsed 1783s
[train-em-ln] step  3550/4000   train 4.1949   lr 1.72e-05   grad 1.34   m[mean 1.470 std 0.217]   gamma=0.200   elapsed 1805s
[train-em-ln] step  3600/4000   train 4.2039   lr 1.36e-05   grad 1.28   m[mean 1.473 std 0.219]   gamma=0.200   elapsed 1827s
[train-em-ln] step  3600   val_loss=5.1645  val_ppl=174.96
[train-em-ln] step  3650/4000   train 4.2020   lr 1.05e-05   grad 1.01   m[mean 1.457 std 0.212]   gamma=0.200   elapsed 1856s
[train-em-ln] step  3700/4000   train 4.2085   lr 7.70e-06   grad 1.35   m[mean 1.455 std 0.213]   gamma=0.200   elapsed 1878s
[train-em-ln] step  3750/4000   train 4.2155   lr 5.36e-06   grad 1.05   m[mean 1.463 std 0.216]   gamma=0.200   elapsed 1899s
[train-em-ln] step  3800/4000   train 4.2135   lr 3.44e-06   grad 1.24   m[mean 1.473 std 0.220]   gamma=0.200   elapsed 1921s
[train-em-ln] step  3800   val_loss=5.1743  val_ppl=176.68
[train-em-ln] step  3850/4000   train 4.1849   lr 1.95e-06   grad 1.04   m[mean 1.454 std 0.211]   gamma=0.200   elapsed 1949s
[train-em-ln] step  3900/4000   train 4.2050   lr 8.71e-07   grad 1.55   m[mean 1.456 std 0.214]   gamma=0.200   elapsed 1970s
[train-em-ln] step  3950/4000   train 4.2128   lr 2.22e-07   grad 1.13   m[mean 1.465 std 0.217]   gamma=0.200   elapsed 1992s
[train-em-ln] step  4000/4000   train 4.1717   lr 8.54e-11   grad 1.12   m[mean 1.458 std 0.214]   gamma=0.200   elapsed 2014s
[train-em-ln] step  4000   val_loss=5.1253  val_ppl=168.22

[train-em-ln] DONE  val_loss=5.1937  val_ppl=180.13  gamma=0.2000
[train-em-ln] checkpoint saved to /Users/dimitargueorguiev/git/ml/semsimula/notebooks/conservative_arch/ln_damping_sweep/results/leakfree_5seed_confirmation/gamma0p20/seed3/splm_em_ln_shakespeare_confS5_splm2_g0p20_seed3_ckpt_latest.pt
[train-em-ln] summary written to /Users/dimitargueorguiev/git/ml/semsimula/notebooks/conservative_arch/ln_damping_sweep/results/leakfree_5seed_confirmation/gamma0p20/seed3/splm_em_ln_shakespeare_confS5_splm2_g0p20_seed3_summary.md
