[train-em-ln] device=mps  mode=shakespeare  fixed_gamma=0.85  results_dir=/Users/dimitargueorguiev/git/ml/semsimula/notebooks/conservative_arch/ln_damping_sweep/results/gamma0p85
[train-em-ln] tokens: train=321,124  val=16,901
[train-em-ln] params: 7,123,075   d=128  L=8  v_hidden=512  ln_after_step=True
[train-em-ln] init mass: mean=1.453  std=0.203  min=1.151  max=1.915
[train-em-ln] step    50/4000   train 10.7586   lr 1.25e-04   grad 1.06   m[mean 1.446 std 0.204]   gamma=0.850   elapsed 19s
[train-em-ln] step   100/4000   train 9.7670   lr 2.50e-04   grad 1.63   m[mean 1.439 std 0.199]   gamma=0.850   elapsed 42s
[train-em-ln] step   150/4000   train 7.6917   lr 3.75e-04   grad 1.31   m[mean 1.442 std 0.200]   gamma=0.850   elapsed 67s
[train-em-ln] step   200/4000   train 6.5015   lr 5.00e-04   grad 0.32   m[mean 1.441 std 0.199]   gamma=0.850   elapsed 92s
[train-em-ln] step   200   val_loss=6.5217  val_ppl=679.76
[train-em-ln] step   250/4000   train 6.3419   lr 5.00e-04   grad 0.31   m[mean 1.443 std 0.205]   gamma=0.850   elapsed 125s
[train-em-ln] step   300/4000   train 6.1981   lr 4.99e-04   grad 1.64   m[mean 1.443 std 0.207]   gamma=0.850   elapsed 149s
[train-em-ln] step   350/4000   train 5.9058   lr 4.98e-04   grad 0.78   m[mean 1.447 std 0.205]   gamma=0.850   elapsed 173s
[train-em-ln] step   400/4000   train 5.6637   lr 4.97e-04   grad 0.79   m[mean 1.447 std 0.204]   gamma=0.850   elapsed 197s
[train-em-ln] step   400   val_loss=5.8517  val_ppl=347.83
[train-em-ln] step   450/4000   train 5.4591   lr 4.95e-04   grad 1.06   m[mean 1.448 std 0.212]   gamma=0.850   elapsed 229s
[train-em-ln] step   500/4000   train 5.2700   lr 4.92e-04   grad 0.94   m[mean 1.456 std 0.216]   gamma=0.850   elapsed 252s
[train-em-ln] step   550/4000   train 5.1594   lr 4.90e-04   grad 1.71   m[mean 1.458 std 0.215]   gamma=0.850   elapsed 274s
[train-em-ln] step   600/4000   train 5.0281   lr 4.87e-04   grad 1.43   m[mean 1.437 std 0.213]   gamma=0.850   elapsed 295s
[train-em-ln] step   600   val_loss=5.4354  val_ppl=229.39
[train-em-ln] step   650/4000   train 4.8997   lr 4.83e-04   grad 0.83   m[mean 1.451 std 0.218]   gamma=0.850   elapsed 322s
[train-em-ln] step   700/4000   train 4.8690   lr 4.79e-04   grad 0.98   m[mean 1.453 std 0.212]   gamma=0.850   elapsed 343s
[train-em-ln] step   750/4000   train 4.7497   lr 4.75e-04   grad 0.82   m[mean 1.446 std 0.217]   gamma=0.850   elapsed 365s
[train-em-ln] step   800/4000   train 4.7583   lr 4.70e-04   grad 1.20   m[mean 1.445 std 0.217]   gamma=0.850   elapsed 389s
[train-em-ln] step   800   val_loss=5.2520  val_ppl=190.94
[train-em-ln] step   850/4000   train 4.6666   lr 4.65e-04   grad 1.08   m[mean 1.452 std 0.218]   gamma=0.850   elapsed 417s
[train-em-ln] step   900/4000   train 4.5871   lr 4.59e-04   grad 1.32   m[mean 1.447 std 0.214]   gamma=0.850   elapsed 440s
[train-em-ln] step   950/4000   train 4.5638   lr 4.54e-04   grad 1.34   m[mean 1.438 std 0.213]   gamma=0.850   elapsed 464s
[train-em-ln] step  1000/4000   train 4.5424   lr 4.47e-04   grad 1.85   m[mean 1.436 std 0.215]   gamma=0.850   elapsed 489s
[train-em-ln] step  1000   val_loss=5.1176  val_ppl=166.93
[train-em-ln] step  1050/4000   train 4.5190   lr 4.41e-04   grad 1.57   m[mean 1.443 std 0.209]   gamma=0.850   elapsed 520s
[train-em-ln] step  1100/4000   train 4.3946   lr 4.34e-04   grad 1.23   m[mean 1.436 std 0.214]   gamma=0.850   elapsed 546s
[train-em-ln] step  1150/4000   train 4.3674   lr 4.27e-04   grad 2.15   m[mean 1.435 std 0.215]   gamma=0.850   elapsed 570s
[train-em-ln] step  1200/4000   train 4.3612   lr 4.19e-04   grad 2.07   m[mean 1.437 std 0.217]   gamma=0.850   elapsed 593s
[train-em-ln] step  1200   val_loss=4.9791  val_ppl=145.34
[train-em-ln] step  1250/4000   train 4.2353   lr 4.12e-04   grad 1.76   m[mean 1.433 std 0.216]   gamma=0.850   elapsed 621s
[train-em-ln] step  1300/4000   train 4.2447   lr 4.04e-04   grad 1.51   m[mean 1.430 std 0.213]   gamma=0.850   elapsed 645s
[train-em-ln] step  1350/4000   train 4.2209   lr 3.95e-04   grad 1.64   m[mean 1.433 std 0.215]   gamma=0.850   elapsed 671s
[train-em-ln] step  1400/4000   train 4.1990   lr 3.87e-04   grad 1.52   m[mean 1.433 std 0.213]   gamma=0.850   elapsed 697s
[train-em-ln] step  1400   val_loss=4.9302  val_ppl=138.40
[train-em-ln] step  1450/4000   train 4.1823   lr 3.78e-04   grad 2.10   m[mean 1.430 std 0.212]   gamma=0.850   elapsed 729s
[train-em-ln] step  1500/4000   train 4.1354   lr 3.69e-04   grad 2.12   m[mean 1.428 std 0.212]   gamma=0.850   elapsed 752s
[train-em-ln] step  1550/4000   train 4.1311   lr 3.60e-04   grad 2.21   m[mean 1.433 std 0.217]   gamma=0.850   elapsed 775s
[train-em-ln] step  1600/4000   train 4.0814   lr 3.51e-04   grad 2.23   m[mean 1.426 std 0.210]   gamma=0.850   elapsed 798s
[train-em-ln] step  1600   val_loss=4.7996  val_ppl=121.47
[train-em-ln] step  1650/4000   train 4.0670   lr 3.41e-04   grad 2.21   m[mean 1.420 std 0.206]   gamma=0.850   elapsed 828s
[train-em-ln] step  1700/4000   train 4.0151   lr 3.31e-04   grad 4.10   m[mean 1.422 std 0.211]   gamma=0.850   elapsed 852s
[train-em-ln] step  1750/4000   train 3.9954   lr 3.22e-04   grad 3.01   m[mean 1.422 std 0.212]   gamma=0.850   elapsed 875s
[train-em-ln] step  1800/4000   train 3.9402   lr 3.12e-04   grad 2.15   m[mean 1.416 std 0.207]   gamma=0.850   elapsed 896s
[train-em-ln] step  1800   val_loss=4.7949  val_ppl=120.89
[train-em-ln] step  1850/4000   train 3.9505   lr 3.02e-04   grad 2.22   m[mean 1.421 std 0.208]   gamma=0.850   elapsed 924s
[train-em-ln] step  1900/4000   train 3.9107   lr 2.91e-04   grad 3.01   m[mean 1.429 std 0.215]   gamma=0.850   elapsed 946s
[train-em-ln] step  1950/4000   train 3.9448   lr 2.81e-04   grad 2.34   m[mean 1.403 std 0.204]   gamma=0.850   elapsed 969s
[train-em-ln] step  2000/4000   train 3.9114   lr 2.71e-04   grad 2.76   m[mean 1.421 std 0.209]   gamma=0.850   elapsed 993s
[train-em-ln] step  2000   val_loss=4.7512  val_ppl=115.72
[train-em-ln] step  2050/4000   train 3.8844   lr 2.61e-04   grad 2.96   m[mean 1.407 std 0.208]   gamma=0.850   elapsed 1025s
[train-em-ln] step  2100/4000   train 3.8549   lr 2.50e-04   grad 3.92   m[mean 1.414 std 0.208]   gamma=0.850   elapsed 1048s
[train-em-ln] step  2150/4000   train 3.8258   lr 2.40e-04   grad 2.74   m[mean 1.412 std 0.204]   gamma=0.850   elapsed 1071s
[train-em-ln] step  2200/4000   train 3.7859   lr 2.30e-04   grad 3.37   m[mean 1.415 std 0.205]   gamma=0.850   elapsed 1094s
[train-em-ln] step  2200   val_loss=4.6762  val_ppl=107.36
[train-em-ln] step  2250/4000   train 3.8087   lr 2.19e-04   grad 3.06   m[mean 1.401 std 0.203]   gamma=0.850   elapsed 1125s
[train-em-ln] step  2300/4000   train 3.8016   lr 2.09e-04   grad 4.27   m[mean 1.402 std 0.204]   gamma=0.850   elapsed 1147s
[train-em-ln] step  2350/4000   train 3.7553   lr 1.99e-04   grad 3.63   m[mean 1.410 std 0.205]   gamma=0.850   elapsed 1168s
[train-em-ln] step  2400/4000   train 3.7621   lr 1.89e-04   grad 2.58   m[mean 1.401 std 0.201]   gamma=0.850   elapsed 1189s
[train-em-ln] step  2400   val_loss=4.6256  val_ppl=102.06
[train-em-ln] step  2450/4000   train 3.7210   lr 1.79e-04   grad 2.44   m[mean 1.397 std 0.203]   gamma=0.850   elapsed 1217s
[train-em-ln] step  2500/4000   train 3.7251   lr 1.69e-04   grad 2.57   m[mean 1.396 std 0.202]   gamma=0.850   elapsed 1238s
[train-em-ln] step  2550/4000   train 3.6774   lr 1.59e-04   grad 2.69   m[mean 1.405 std 0.201]   gamma=0.850   elapsed 1262s
[train-em-ln] step  2600/4000   train 3.6970   lr 1.50e-04   grad 3.24   m[mean 1.400 std 0.200]   gamma=0.850   elapsed 1285s
[train-em-ln] step  2600   val_loss=4.6317  val_ppl=102.69
[train-em-ln] step  2650/4000   train 3.6974   lr 1.40e-04   grad 3.59   m[mean 1.405 std 0.203]   gamma=0.850   elapsed 1315s
[train-em-ln] step  2700/4000   train 3.6648   lr 1.31e-04   grad 3.08   m[mean 1.398 std 0.207]   gamma=0.850   elapsed 1335s
[train-em-ln] step  2750/4000   train 3.6707   lr 1.22e-04   grad 2.99   m[mean 1.399 std 0.202]   gamma=0.850   elapsed 1356s
[train-em-ln] step  2800/4000   train 3.6459   lr 1.13e-04   grad 2.99   m[mean 1.392 std 0.203]   gamma=0.850   elapsed 1377s
[train-em-ln] step  2800   val_loss=4.5690  val_ppl=96.45
[train-em-ln] step  2850/4000   train 3.6218   lr 1.05e-04   grad 2.90   m[mean 1.396 std 0.204]   gamma=0.850   elapsed 1405s
[train-em-ln] step  2900/4000   train 3.6529   lr 9.66e-05   grad 3.43   m[mean 1.392 std 0.203]   gamma=0.850   elapsed 1427s
[train-em-ln] step  2950/4000   train 3.6371   lr 8.86e-05   grad 3.11   m[mean 1.399 std 0.203]   gamma=0.850   elapsed 1449s
[train-em-ln] step  3000/4000   train 3.6266   lr 8.08e-05   grad 3.57   m[mean 1.394 std 0.203]   gamma=0.850   elapsed 1473s
[train-em-ln] step  3000   val_loss=4.5750  val_ppl=97.03
[train-em-ln] step  3050/4000   train 3.5859   lr 7.34e-05   grad 3.07   m[mean 1.392 std 0.199]   gamma=0.850   elapsed 1501s
[train-em-ln] step  3100/4000   train 3.5782   lr 6.62e-05   grad 3.43   m[mean 1.385 std 0.194]   gamma=0.850   elapsed 1524s
[train-em-ln] step  3150/4000   train 3.6131   lr 5.94e-05   grad 2.70   m[mean 1.395 std 0.203]   gamma=0.850   elapsed 1546s
[train-em-ln] step  3200/4000   train 3.6126   lr 5.28e-05   grad 2.78   m[mean 1.391 std 0.198]   gamma=0.850   elapsed 1568s
[train-em-ln] step  3200   val_loss=4.5655  val_ppl=96.11
[train-em-ln] step  3250/4000   train 3.5841   lr 4.67e-05   grad 2.83   m[mean 1.403 std 0.204]   gamma=0.850   elapsed 1597s
[train-em-ln] step  3300/4000   train 3.5981   lr 4.08e-05   grad 2.67   m[mean 1.398 std 0.199]   gamma=0.850   elapsed 1622s
[train-em-ln] step  3350/4000   train 3.5773   lr 3.53e-05   grad 2.90   m[mean 1.396 std 0.202]   gamma=0.850   elapsed 1647s
[train-em-ln] step  3400/4000   train 3.6173   lr 3.02e-05   grad 2.79   m[mean 1.396 std 0.203]   gamma=0.850   elapsed 1672s
[train-em-ln] step  3400   val_loss=4.5159  val_ppl=91.46
[train-em-ln] step  3450/4000   train 3.5790   lr 2.55e-05   grad 3.30   m[mean 1.398 std 0.200]   gamma=0.850   elapsed 1702s
[train-em-ln] step  3500/4000   train 3.5929   lr 2.11e-05   grad 2.58   m[mean 1.398 std 0.201]   gamma=0.850   elapsed 1725s
[train-em-ln] step  3550/4000   train 3.5921   lr 1.72e-05   grad 2.65   m[mean 1.399 std 0.206]   gamma=0.850   elapsed 1747s
[train-em-ln] step  3600/4000   train 3.5890   lr 1.36e-05   grad 2.95   m[mean 1.399 std 0.202]   gamma=0.850   elapsed 1771s
[train-em-ln] step  3600   val_loss=4.5075  val_ppl=90.69
[train-em-ln] step  3650/4000   train 3.5321   lr 1.05e-05   grad 2.46   m[mean 1.400 std 0.205]   gamma=0.850   elapsed 1800s
[train-em-ln] step  3700/4000   train 3.5547   lr 7.70e-06   grad 3.60   m[mean 1.388 std 0.201]   gamma=0.850   elapsed 1823s
[train-em-ln] step  3750/4000   train 3.5945   lr 5.36e-06   grad 2.42   m[mean 1.397 std 0.200]   gamma=0.850   elapsed 1846s
[train-em-ln] step  3800/4000   train 3.5441   lr 3.44e-06   grad 2.26   m[mean 1.395 std 0.201]   gamma=0.850   elapsed 1870s
[train-em-ln] step  3800   val_loss=4.5008  val_ppl=90.09
[train-em-ln] step  3850/4000   train 3.5540   lr 1.95e-06   grad 2.32   m[mean 1.408 std 0.209]   gamma=0.850   elapsed 1899s
[train-em-ln] step  3900/4000   train 3.5987   lr 8.71e-07   grad 3.30   m[mean 1.396 std 0.206]   gamma=0.850   elapsed 1922s
[train-em-ln] step  3950/4000   train 3.5929   lr 2.22e-07   grad 2.37   m[mean 1.410 std 0.205]   gamma=0.850   elapsed 1943s
[train-em-ln] step  4000/4000   train 3.5798   lr 8.54e-11   grad 2.88   m[mean 1.388 std 0.199]   gamma=0.850   elapsed 1964s
[train-em-ln] step  4000   val_loss=4.5654  val_ppl=96.10

[train-em-ln] DONE  val_loss=4.5425  val_ppl=93.93  gamma=0.8500
[train-em-ln] checkpoint saved to /Users/dimitargueorguiev/git/ml/semsimula/notebooks/conservative_arch/ln_damping_sweep/results/gamma0p85/splm_em_ln_shakespeare_gamma0p85_ckpt_latest.pt
[train-em-ln] summary written to /Users/dimitargueorguiev/git/ml/semsimula/notebooks/conservative_arch/ln_damping_sweep/results/gamma0p85/splm_em_ln_shakespeare_gamma0p85_summary.md
