[train-matched] device=mps  mode=shakespeare
[train-matched] tokens: train=321,124  val=16,901
[train-matched] params: 8,052,096   d=128  n_layer=8  n_head=4
[train-matched] step    50/4000   train 10.4118   lr 1.25e-04   grad 1.65   elapsed 21s
[train-matched] step   100/4000   train 9.2052   lr 2.50e-04   grad 1.71   elapsed 36s
[train-matched] step   150/4000   train 7.4172   lr 3.75e-04   grad 1.47   elapsed 52s
[train-matched] step   200/4000   train 6.2537   lr 5.00e-04   grad 1.31   elapsed 67s
[train-matched] >>> eval @ 200: train 5.9468   val 6.1197   ppl 454.71
[train-matched] step   250/4000   train 5.7772   lr 5.00e-04   grad 1.48   elapsed 90s
[train-matched] step   300/4000   train 5.4336   lr 4.99e-04   grad 1.01   elapsed 107s
[train-matched] step   350/4000   train 5.2243   lr 4.98e-04   grad 0.97   elapsed 122s
[train-matched] step   400/4000   train 5.0726   lr 4.97e-04   grad 0.90   elapsed 137s
[train-matched] >>> eval @ 400: train 4.9465   val 5.3991   ppl 221.20
[train-matched] step   450/4000   train 4.9422   lr 4.95e-04   grad 1.08   elapsed 162s
[train-matched] step   500/4000   train 4.8240   lr 4.92e-04   grad 1.09   elapsed 180s
[train-matched] step   550/4000   train 4.7813   lr 4.90e-04   grad 1.22   elapsed 198s
[train-matched] step   600/4000   train 4.6489   lr 4.87e-04   grad 1.18   elapsed 216s
[train-matched] >>> eval @ 600: train 4.6420   val 5.2088   ppl 182.87
[train-matched] step   650/4000   train 4.5602   lr 4.83e-04   grad 1.32   elapsed 241s
[train-matched] step   700/4000   train 4.5816   lr 4.79e-04   grad 1.21   elapsed 259s
[train-matched] step   750/4000   train 4.4696   lr 4.75e-04   grad 1.25   elapsed 277s
[train-matched] step   800/4000   train 4.4511   lr 4.70e-04   grad 1.23   elapsed 295s
[train-matched] >>> eval @ 800: train 4.4354   val 5.1348   ppl 169.84
[train-matched] step   850/4000   train 4.4199   lr 4.65e-04   grad 1.26   elapsed 321s
[train-matched] step   900/4000   train 4.3669   lr 4.59e-04   grad 2.30   elapsed 338s
[train-matched] step   950/4000   train 4.3536   lr 4.54e-04   grad 1.12   elapsed 356s
[train-matched] step  1000/4000   train 4.2688   lr 4.47e-04   grad 1.34   elapsed 373s
[train-matched] >>> eval @ 1000: train 4.3159   val 5.0915   ppl 162.63
[train-matched] step  1050/4000   train 4.2055   lr 4.41e-04   grad 1.47   elapsed 402s
[train-matched] step  1100/4000   train 4.1513   lr 4.34e-04   grad 1.13   elapsed 422s
[train-matched] step  1150/4000   train 4.1668   lr 4.27e-04   grad 1.17   elapsed 440s
[train-matched] step  1200/4000   train 4.1538   lr 4.19e-04   grad 1.30   elapsed 457s
[train-matched] >>> eval @ 1200: train 4.1863   val 5.0503   ppl 156.07
[train-matched] step  1250/4000   train 4.1523   lr 4.12e-04   grad 1.45   elapsed 484s
[train-matched] step  1300/4000   train 4.1081   lr 4.04e-04   grad 1.28   elapsed 503s
[train-matched] step  1350/4000   train 4.1006   lr 3.95e-04   grad 1.20   elapsed 520s
[train-matched] step  1400/4000   train 4.0624   lr 3.87e-04   grad 1.28   elapsed 538s
[train-matched] >>> eval @ 1400: train 4.0617   val 4.9955   ppl 147.74
[train-matched] step  1450/4000   train 4.0195   lr 3.78e-04   grad 1.21   elapsed 564s
[train-matched] step  1500/4000   train 4.0062   lr 3.69e-04   grad 1.24   elapsed 582s
[train-matched] step  1550/4000   train 3.9653   lr 3.60e-04   grad 1.19   elapsed 599s
[train-matched] step  1600/4000   train 3.9726   lr 3.51e-04   grad 1.37   elapsed 616s
[train-matched] >>> eval @ 1600: train 3.9062   val 4.9820   ppl 145.76
[train-matched] step  1650/4000   train 3.9599   lr 3.41e-04   grad 1.29   elapsed 641s
[train-matched] step  1700/4000   train 3.9502   lr 3.31e-04   grad 1.58   elapsed 659s
[train-matched] step  1750/4000   train 3.9551   lr 3.22e-04   grad 1.39   elapsed 677s
[train-matched] step  1800/4000   train 3.8912   lr 3.12e-04   grad 1.44   elapsed 694s
[train-matched] >>> eval @ 1800: train 3.8916   val 5.0585   ppl 157.36
[train-matched] step  1850/4000   train 3.8515   lr 3.02e-04   grad 1.53   elapsed 719s
[train-matched] step  1900/4000   train 3.8400   lr 2.91e-04   grad 1.22   elapsed 737s
[train-matched] step  1950/4000   train 3.8802   lr 2.81e-04   grad 1.63   elapsed 755s
[train-matched] step  2000/4000   train 3.8160   lr 2.71e-04   grad 1.43   elapsed 773s
[train-matched] >>> eval @ 2000: train 3.8148   val 5.0653   ppl 158.43
[train-matched] step  2050/4000   train 3.8297   lr 2.61e-04   grad 1.69   elapsed 799s
[train-matched] step  2100/4000   train 3.8217   lr 2.50e-04   grad 1.52   elapsed 818s
[train-matched] step  2150/4000   train 3.7676   lr 2.40e-04   grad 1.52   elapsed 838s
[train-matched] step  2200/4000   train 3.7383   lr 2.30e-04   grad 1.39   elapsed 856s
[train-matched] >>> eval @ 2200: train 3.7521   val 5.0164   ppl 150.86
[train-matched] step  2250/4000   train 3.7589   lr 2.19e-04   grad 1.47   elapsed 880s
[train-matched] step  2300/4000   train 3.7564   lr 2.09e-04   grad 1.59   elapsed 900s
[train-matched] step  2350/4000   train 3.6949   lr 1.99e-04   grad 1.44   elapsed 920s
[train-matched] step  2400/4000   train 3.7262   lr 1.89e-04   grad 1.45   elapsed 939s
[train-matched] >>> eval @ 2400: train 3.7173   val 5.0609   ppl 157.73
[train-matched] step  2450/4000   train 3.6716   lr 1.79e-04   grad 1.59   elapsed 964s
[train-matched] step  2500/4000   train 3.7077   lr 1.69e-04   grad 1.56   elapsed 982s
[train-matched] step  2550/4000   train 3.6737   lr 1.59e-04   grad 1.89   elapsed 1000s
[train-matched] step  2600/4000   train 3.6755   lr 1.50e-04   grad 1.33   elapsed 1018s
[train-matched] >>> eval @ 2600: train 3.6326   val 5.0452   ppl 155.27
[train-matched] step  2650/4000   train 3.5894   lr 1.40e-04   grad 1.52   elapsed 1043s
[train-matched] step  2700/4000   train 3.6544   lr 1.31e-04   grad 1.48   elapsed 1061s
[train-matched] step  2750/4000   train 3.6648   lr 1.22e-04   grad 1.65   elapsed 1078s
[train-matched] step  2800/4000   train 3.6180   lr 1.13e-04   grad 1.83   elapsed 1096s
[train-matched] >>> eval @ 2800: train 3.6390   val 5.0006   ppl 148.51
[train-matched] step  2850/4000   train 3.6500   lr 1.05e-04   grad 1.72   elapsed 1120s
[train-matched] step  2900/4000   train 3.6151   lr 9.66e-05   grad 1.67   elapsed 1137s
[train-matched] step  2950/4000   train 3.6073   lr 8.86e-05   grad 1.43   elapsed 1155s
[train-matched] step  3000/4000   train 3.5762   lr 8.08e-05   grad 1.65   elapsed 1172s
[train-matched] >>> eval @ 3000: train 3.6057   val 5.0141   ppl 150.52
[train-matched] step  3050/4000   train 3.6024   lr 7.34e-05   grad 1.70   elapsed 1197s
[train-matched] step  3100/4000   train 3.6033   lr 6.62e-05   grad 1.54   elapsed 1215s
[train-matched] step  3150/4000   train 3.5363   lr 5.94e-05   grad 1.55   elapsed 1233s
[train-matched] step  3200/4000   train 3.5576   lr 5.28e-05   grad 2.02   elapsed 1251s
[train-matched] >>> eval @ 3200: train 3.5887   val 5.0689   ppl 159.00
[train-matched] step  3250/4000   train 3.5446   lr 4.67e-05   grad 1.59   elapsed 1276s
[train-matched] step  3300/4000   train 3.5195   lr 4.08e-05   grad 1.65   elapsed 1295s
[train-matched] step  3350/4000   train 3.5745   lr 3.53e-05   grad 1.78   elapsed 1313s
[train-matched] step  3400/4000   train 3.5845   lr 3.02e-05   grad 1.39   elapsed 1334s
[train-matched] >>> eval @ 3400: train 3.5712   val 5.0564   ppl 157.02
[train-matched] step  3450/4000   train 3.5349   lr 2.55e-05   grad 1.75   elapsed 1360s
[train-matched] step  3500/4000   train 3.5158   lr 2.11e-05   grad 1.74   elapsed 1379s
[train-matched] step  3550/4000   train 3.5572   lr 1.72e-05   grad 1.59   elapsed 1397s
[train-matched] step  3600/4000   train 3.5861   lr 1.36e-05   grad 1.64   elapsed 1415s
[train-matched] >>> eval @ 3600: train 3.5179   val 5.0808   ppl 160.91
[train-matched] step  3650/4000   train 3.5613   lr 1.05e-05   grad 1.59   elapsed 1442s
[train-matched] step  3700/4000   train 3.5393   lr 7.70e-06   grad 1.65   elapsed 1462s
[train-matched] step  3750/4000   train 3.5445   lr 5.36e-06   grad 1.58   elapsed 1483s
[train-matched] step  3800/4000   train 3.5565   lr 3.44e-06   grad 1.66   elapsed 1501s
[train-matched] >>> eval @ 3800: train 3.4880   val 4.9858   ppl 146.32
[train-matched] step  3850/4000   train 3.5314   lr 1.95e-06   grad 1.63   elapsed 1527s
[train-matched] step  3900/4000   train 3.5313   lr 8.71e-07   grad 1.67   elapsed 1545s
[train-matched] step  3950/4000   train 3.5499   lr 2.22e-07   grad 1.53   elapsed 1564s
[train-matched] step  4000/4000   train 3.5469   lr 8.54e-11   grad 1.68   elapsed 1582s
[train-matched] >>> eval @ 4000: train 3.5479   val 4.9544   ppl 141.80
[train-matched] done in 1590s
[train-matched] saved checkpoint -> /Users/dimitargueorguiev/git/ml/semsimula/notebooks/conservative_arch/results/matched_shakespeare_ckpt_latest.pt
[train-matched] saved loss curve -> /Users/dimitargueorguiev/git/ml/semsimula/notebooks/conservative_arch/results/matched_shakespeare_loss_curve.png
[train-matched] saved summary -> /Users/dimitargueorguiev/git/ml/semsimula/notebooks/conservative_arch/results/matched_shakespeare_summary.md
