[multixi-hippo-splm] device=mps  mode=pilot  fixed_gamma=0.3  seed=0  results_dir=/Users/dimitargueorguiev/git/ml/semsimula/notebooks/conservative_arch/scaleup/results/multihippo_pilot_learndt
[multixi-hippo-splm] tokens: train=5,000,000  val=4,787,906
[multixi-hippo-splm] params: 16,539,908   d=256  L=8  v_hidden=1024  max_len=1024  ln_after_step=True
[multixi-hippo-splm] hippo: K=4  basis=legt  theta=200.0  dt=0.005  learnable_dt=True
[multixi-hippo-splm] causal_force=True  (FIXED (post-bug))  steps=4000
[multixi-hippo-splm] init mass: mean=1.421  std=0.183  min=1.175  max=2.142
[multixi-hippo-splm] step    50/4000   train 10.6081   lr 1.25e-04   grad 2.92   m[mean 1.416 std 0.181]   gamma=0.300   dt=0.005013   elapsed 305s
[multixi-hippo-splm] step   100/4000   train 8.0955   lr 2.50e-04   grad 1.36   m[mean 1.415 std 0.184]   gamma=0.300   dt=0.005043   elapsed 612s
[multixi-hippo-splm] step   150/4000   train 5.9030   lr 3.75e-04   grad 0.47   m[mean 1.412 std 0.181]   gamma=0.300   dt=0.005119   elapsed 919s
[multixi-hippo-splm] step   200/4000   train 5.2190   lr 5.00e-04   grad 6.16   m[mean 1.406 std 0.175]   gamma=0.300   dt=0.005246   elapsed 1226s
[multixi-hippo-splm] step   200   val_loss=4.9706  val_ppl=144.11
[multixi-hippo-splm] step   250/4000   train 4.6908   lr 5.00e-04   grad 1.39   m[mean 1.420 std 0.191]   gamma=0.300   dt=0.005386   elapsed 1575s
[multixi-hippo-splm] step   300/4000   train 4.2888   lr 4.99e-04   grad 1.37   m[mean 1.409 std 0.185]   gamma=0.300   dt=0.005528   elapsed 1888s
[multixi-hippo-splm] step   350/4000   train 4.0292   lr 4.98e-04   grad 1.41   m[mean 1.409 std 0.178]   gamma=0.300   dt=0.005673   elapsed 2202s
[multixi-hippo-splm] step   400/4000   train 3.8865   lr 4.97e-04   grad 1.35   m[mean 1.407 std 0.181]   gamma=0.300   dt=0.00581   elapsed 2515s
[multixi-hippo-splm] step   400   val_loss=3.8660  val_ppl=47.75
[multixi-hippo-splm] step   450/4000   train 3.7905   lr 4.95e-04   grad 1.55   m[mean 1.405 std 0.179]   gamma=0.300   dt=0.005949   elapsed 2921s
[multixi-hippo-splm] step   500/4000   train 3.7136   lr 4.92e-04   grad 1.99   m[mean 1.400 std 0.175]   gamma=0.300   dt=0.006091   elapsed 3265s
[multixi-hippo-splm] step   550/4000   train 3.6365   lr 4.90e-04   grad 1.77   m[mean 1.407 std 0.178]   gamma=0.300   dt=0.006237   elapsed 3622s
[multixi-hippo-splm] step   600/4000   train 3.5828   lr 4.87e-04   grad 1.56   m[mean 1.404 std 0.178]   gamma=0.300   dt=0.006388   elapsed 3931s
[multixi-hippo-splm] step   600   val_loss=3.5956  val_ppl=36.44
[multixi-hippo-splm] step   650/4000   train 3.5113   lr 4.83e-04   grad 1.75   m[mean 1.403 std 0.177]   gamma=0.300   dt=0.006545   elapsed 4357s
[multixi-hippo-splm] step   700/4000   train 3.4918   lr 4.79e-04   grad 1.60   m[mean 1.400 std 0.180]   gamma=0.300   dt=0.006699   elapsed 4695s
[multixi-hippo-splm] step   750/4000   train 3.4297   lr 4.75e-04   grad 1.66   m[mean 1.402 std 0.176]   gamma=0.300   dt=0.006857   elapsed 5007s
[multixi-hippo-splm] step   800/4000   train 3.4014   lr 4.70e-04   grad 1.41   m[mean 1.402 std 0.176]   gamma=0.300   dt=0.007017   elapsed 5321s
[multixi-hippo-splm] step   800   val_loss=3.4186  val_ppl=30.53
[multixi-hippo-splm] step   850/4000   train 3.3686   lr 4.65e-04   grad 2.05   m[mean 1.402 std 0.179]   gamma=0.300   dt=0.007177   elapsed 5745s
[multixi-hippo-splm] step   900/4000   train 3.3250   lr 4.59e-04   grad 1.06   m[mean 1.406 std 0.180]   gamma=0.300   dt=0.007339   elapsed 6152s
[multixi-hippo-splm] step   950/4000   train 3.2875   lr 4.54e-04   grad 1.13   m[mean 1.408 std 0.184]   gamma=0.300   dt=0.007511   elapsed 6555s
[multixi-hippo-splm] step  1000/4000   train 3.2692   lr 4.47e-04   grad 1.07   m[mean 1.403 std 0.178]   gamma=0.300   dt=0.00768   elapsed 6953s
[multixi-hippo-splm] step  1000   val_loss=3.3133  val_ppl=27.48
[multixi-hippo-splm] step  1050/4000   train 3.2305   lr 4.41e-04   grad 1.18   m[mean 1.408 std 0.177]   gamma=0.300   dt=0.007851   elapsed 7303s
[multixi-hippo-splm] step  1100/4000   train 3.2290   lr 4.34e-04   grad 1.19   m[mean 1.402 std 0.176]   gamma=0.300   dt=0.008027   elapsed 7615s
[multixi-hippo-splm] step  1150/4000   train 3.1947   lr 4.27e-04   grad 1.09   m[mean 1.401 std 0.176]   gamma=0.300   dt=0.008205   elapsed 7953s
[multixi-hippo-splm] step  1200/4000   train 3.1719   lr 4.19e-04   grad 1.21   m[mean 1.405 std 0.181]   gamma=0.300   dt=0.008379   elapsed 8270s
[multixi-hippo-splm] step  1200   val_loss=3.2152  val_ppl=24.91
[multixi-hippo-splm] step  1250/4000   train 3.1587   lr 4.12e-04   grad 1.09   m[mean 1.404 std 0.179]   gamma=0.300   dt=0.008554   elapsed 8607s
[multixi-hippo-splm] step  1300/4000   train 3.1189   lr 4.04e-04   grad 1.17   m[mean 1.402 std 0.177]   gamma=0.300   dt=0.008727   elapsed 8891s
[multixi-hippo-splm] step  1350/4000   train 3.1089   lr 3.95e-04   grad 1.15   m[mean 1.405 std 0.178]   gamma=0.300   dt=0.008901   elapsed 9177s
[multixi-hippo-splm] step  1400/4000   train 3.1064   lr 3.87e-04   grad 1.03   m[mean 1.395 std 0.171]   gamma=0.300   dt=0.009075   elapsed 9554s
[multixi-hippo-splm] step  1400   val_loss=3.1582  val_ppl=23.53
[multixi-hippo-splm] step  1450/4000   train 3.0884   lr 3.78e-04   grad 1.12   m[mean 1.409 std 0.181]   gamma=0.300   dt=0.009249   elapsed 10005s
[multixi-hippo-splm] step  1500/4000   train 3.0819   lr 3.69e-04   grad 1.12   m[mean 1.410 std 0.184]   gamma=0.300   dt=0.009421   elapsed 10388s
[multixi-hippo-splm] step  1550/4000   train 3.0539   lr 3.60e-04   grad 0.97   m[mean 1.407 std 0.183]   gamma=0.300   dt=0.009594   elapsed 10772s
[multixi-hippo-splm] step  1600/4000   train 3.0084   lr 3.51e-04   grad 0.99   m[mean 1.399 std 0.174]   gamma=0.300   dt=0.009767   elapsed 11193s
[multixi-hippo-splm] step  1600   val_loss=3.0950  val_ppl=22.09
[multixi-hippo-splm] step  1650/4000   train 3.0066   lr 3.41e-04   grad 1.15   m[mean 1.401 std 0.180]   gamma=0.300   dt=0.009929   elapsed 11682s
[multixi-hippo-splm] step  1700/4000   train 3.0129   lr 3.31e-04   grad 1.04   m[mean 1.403 std 0.180]   gamma=0.300   dt=0.01009   elapsed 12129s
[multixi-hippo-splm] step  1750/4000   train 2.9966   lr 3.22e-04   grad 1.06   m[mean 1.406 std 0.181]   gamma=0.300   dt=0.01026   elapsed 12545s
[multixi-hippo-splm] step  1800/4000   train 2.9820   lr 3.12e-04   grad 1.12   m[mean 1.402 std 0.177]   gamma=0.300   dt=0.01042   elapsed 12958s
[multixi-hippo-splm] step  1800   val_loss=3.0511  val_ppl=21.14
[multixi-hippo-splm] step  1850/4000   train 2.9639   lr 3.02e-04   grad 1.05   m[mean 1.402 std 0.178]   gamma=0.300   dt=0.01059   elapsed 13450s
[multixi-hippo-splm] step  1900/4000   train 2.9457   lr 2.91e-04   grad 1.17   m[mean 1.403 std 0.180]   gamma=0.300   dt=0.01074   elapsed 13892s
[multixi-hippo-splm] step  1950/4000   train 2.9464   lr 2.81e-04   grad 1.07   m[mean 1.406 std 0.185]   gamma=0.300   dt=0.01089   elapsed 14334s
[multixi-hippo-splm] step  2000/4000   train 2.9502   lr 2.71e-04   grad 1.07   m[mean 1.402 std 0.180]   gamma=0.300   dt=0.01104   elapsed 14777s
[multixi-hippo-splm] step  2000   val_loss=2.9917  val_ppl=19.92
[multixi-hippo-splm] step  2050/4000   train 2.9418   lr 2.61e-04   grad 1.11   m[mean 1.405 std 0.180]   gamma=0.300   dt=0.01119   elapsed 15221s
[multixi-hippo-splm] step  2100/4000   train 2.9248   lr 2.50e-04   grad 1.01   m[mean 1.411 std 0.188]   gamma=0.300   dt=0.01133   elapsed 15603s
[multixi-hippo-splm] step  2150/4000   train 2.9071   lr 2.40e-04   grad 1.24   m[mean 1.406 std 0.184]   gamma=0.300   dt=0.01146   elapsed 15986s
[multixi-hippo-splm] step  2200/4000   train 2.9109   lr 2.30e-04   grad 1.13   m[mean 1.402 std 0.180]   gamma=0.300   dt=0.01159   elapsed 16369s
[multixi-hippo-splm] step  2200   val_loss=2.9881  val_ppl=19.85
[multixi-hippo-splm] step  2250/4000   train 2.8897   lr 2.19e-04   grad 1.05   m[mean 1.401 std 0.180]   gamma=0.300   dt=0.01171   elapsed 16843s
[multixi-hippo-splm] step  2300/4000   train 2.8996   lr 2.09e-04   grad 1.02   m[mean 1.403 std 0.178]   gamma=0.300   dt=0.01184   elapsed 17285s
[multixi-hippo-splm] step  2350/4000   train 2.8705   lr 1.99e-04   grad 1.21   m[mean 1.406 std 0.183]   gamma=0.300   dt=0.01195   elapsed 17728s
[multixi-hippo-splm] step  2400/4000   train 2.8818   lr 1.89e-04   grad 1.10   m[mean 1.407 std 0.182]   gamma=0.300   dt=0.01207   elapsed 18174s
[multixi-hippo-splm] step  2400   val_loss=2.9140  val_ppl=18.43
[multixi-hippo-splm] step  2450/4000   train 2.8663   lr 1.79e-04   grad 1.10   m[mean 1.399 std 0.179]   gamma=0.300   dt=0.01217   elapsed 18645s
[multixi-hippo-splm] step  2500/4000   train 2.8462   lr 1.69e-04   grad 1.06   m[mean 1.410 std 0.184]   gamma=0.300   dt=0.01227   elapsed 18969s
[multixi-hippo-splm] step  2550/4000   train 2.8397   lr 1.59e-04   grad 1.00   m[mean 1.405 std 0.178]   gamma=0.300   dt=0.01236   elapsed 19292s
[multixi-hippo-splm] step  2600/4000   train 2.8487   lr 1.50e-04   grad 1.05   m[mean 1.401 std 0.179]   gamma=0.300   dt=0.01246   elapsed 19613s
[multixi-hippo-splm] step  2600   val_loss=2.9017  val_ppl=18.21
[multixi-hippo-splm] step  2650/4000   train 2.8345   lr 1.40e-04   grad 0.99   m[mean 1.401 std 0.179]   gamma=0.300   dt=0.01254   elapsed 19981s
[multixi-hippo-splm] step  2700/4000   train 2.8244   lr 1.31e-04   grad 1.02   m[mean 1.398 std 0.177]   gamma=0.300   dt=0.01262   elapsed 20324s
[multixi-hippo-splm] step  2750/4000   train 2.8453   lr 1.22e-04   grad 0.88   m[mean 1.400 std 0.179]   gamma=0.300   dt=0.0127   elapsed 20654s
[multixi-hippo-splm] step  2800/4000   train 2.8064   lr 1.13e-04   grad 1.07   m[mean 1.403 std 0.179]   gamma=0.300   dt=0.01277   elapsed 21016s
[multixi-hippo-splm] step  2800   val_loss=2.8984  val_ppl=18.14
[multixi-hippo-splm] step  2850/4000   train 2.8036   lr 1.05e-04   grad 1.06   m[mean 1.402 std 0.181]   gamma=0.300   dt=0.01284   elapsed 21385s
[multixi-hippo-splm] step  2900/4000   train 2.7964   lr 9.66e-05   grad 1.00   m[mean 1.395 std 0.178]   gamma=0.300   dt=0.01289   elapsed 21707s
[multixi-hippo-splm] step  2950/4000   train 2.8155   lr 8.86e-05   grad 1.02   m[mean 1.402 std 0.182]   gamma=0.300   dt=0.01295   elapsed 22024s
[multixi-hippo-splm] step  3000/4000   train 2.7968   lr 8.08e-05   grad 1.02   m[mean 1.401 std 0.182]   gamma=0.300   dt=0.013   elapsed 22337s
[multixi-hippo-splm] step  3000   val_loss=2.8946  val_ppl=18.08
[multixi-hippo-splm] step  3050/4000   train 2.7979   lr 7.34e-05   grad 0.96   m[mean 1.404 std 0.184]   gamma=0.300   dt=0.01304   elapsed 22677s
[multixi-hippo-splm] step  3100/4000   train 2.7680   lr 6.62e-05   grad 1.01   m[mean 1.399 std 0.181]   gamma=0.300   dt=0.01308   elapsed 22963s
[multixi-hippo-splm] step  3150/4000   train 2.8016   lr 5.94e-05   grad 0.97   m[mean 1.401 std 0.180]   gamma=0.300   dt=0.01312   elapsed 23248s
[multixi-hippo-splm] step  3200/4000   train 2.7914   lr 5.28e-05   grad 1.03   m[mean 1.401 std 0.178]   gamma=0.300   dt=0.01315   elapsed 23533s
[multixi-hippo-splm] step  3200   val_loss=2.8821  val_ppl=17.85
[multixi-hippo-splm] step  3250/4000   train 2.7899   lr 4.67e-05   grad 0.90   m[mean 1.400 std 0.179]   gamma=0.300   dt=0.01318   elapsed 23869s
[multixi-hippo-splm] step  3300/4000   train 2.7741   lr 4.08e-05   grad 0.92   m[mean 1.404 std 0.181]   gamma=0.300   dt=0.01321   elapsed 24159s
[multixi-hippo-splm] step  3350/4000   train 2.7752   lr 3.53e-05   grad 0.96   m[mean 1.399 std 0.179]   gamma=0.300   dt=0.01323   elapsed 24520s
[multixi-hippo-splm] step  3400/4000   train 2.7834   lr 3.02e-05   grad 0.94   m[mean 1.402 std 0.183]   gamma=0.300   dt=0.01325   elapsed 24829s
[multixi-hippo-splm] step  3400   val_loss=2.8869  val_ppl=17.94
[multixi-hippo-splm] step  3450/4000   train 2.7761   lr 2.55e-05   grad 0.95   m[mean 1.399 std 0.178]   gamma=0.300   dt=0.01326   elapsed 25167s
[multixi-hippo-splm] step  3500/4000   train 2.7651   lr 2.11e-05   grad 0.92   m[mean 1.402 std 0.180]   gamma=0.300   dt=0.01328   elapsed 25471s
[multixi-hippo-splm] step  3550/4000   train 2.7671   lr 1.72e-05   grad 0.94   m[mean 1.403 std 0.184]   gamma=0.300   dt=0.01329   elapsed 25797s
[multixi-hippo-splm] step  3600/4000   train 2.7686   lr 1.36e-05   grad 0.92   m[mean 1.396 std 0.173]   gamma=0.300   dt=0.0133   elapsed 26151s
[multixi-hippo-splm] step  3600   val_loss=2.8499  val_ppl=17.29
[multixi-hippo-splm] step  3650/4000   train 2.7584   lr 1.05e-05   grad 0.98   m[mean 1.400 std 0.182]   gamma=0.300   dt=0.01331   elapsed 26550s
[multixi-hippo-splm] step  3700/4000   train 2.7514   lr 7.70e-06   grad 0.92   m[mean 1.398 std 0.178]   gamma=0.300   dt=0.01331   elapsed 26881s
[multixi-hippo-splm] step  3750/4000   train 2.7744   lr 5.36e-06   grad 0.90   m[mean 1.399 std 0.179]   gamma=0.300   dt=0.01331   elapsed 27201s
[multixi-hippo-splm] step  3800/4000   train 2.7659   lr 3.44e-06   grad 0.89   m[mean 1.394 std 0.174]   gamma=0.300   dt=0.01332   elapsed 27517s
[multixi-hippo-splm] step  3800   val_loss=2.8740  val_ppl=17.71
[multixi-hippo-splm] step  3850/4000   train 2.7677   lr 1.95e-06   grad 0.90   m[mean 1.403 std 0.182]   gamma=0.300   dt=0.01332   elapsed 27930s
[multixi-hippo-splm] step  3900/4000   train 2.7839   lr 8.71e-07   grad 0.89   m[mean 1.404 std 0.181]   gamma=0.300   dt=0.01332   elapsed 28312s
[multixi-hippo-splm] step  3950/4000   train 2.7594   lr 2.22e-07   grad 0.92   m[mean 1.402 std 0.179]   gamma=0.300   dt=0.01332   elapsed 28693s
[multixi-hippo-splm] step  4000/4000   train 2.7894   lr 8.54e-11   grad 0.98   m[mean 1.398 std 0.176]   gamma=0.300   dt=0.01332   elapsed 29074s
[multixi-hippo-splm] step  4000   val_loss=2.8594  val_ppl=17.45

[multixi-hippo-splm] DONE  val_loss=2.8595  val_ppl=17.45  gamma=0.3000  dt=0.01332  elapsed=29186s
[multixi-hippo-splm] checkpoint saved to /Users/dimitargueorguiev/git/ml/semsimula/notebooks/conservative_arch/scaleup/results/multihippo_pilot_learndt/splm_em_ln_multixi_hippo_pilot_seed0_learndt_ckpt_latest.pt
[multixi-hippo-splm] summary written to /Users/dimitargueorguiev/git/ml/semsimula/notebooks/conservative_arch/scaleup/results/multihippo_pilot_learndt/splm_em_ln_multixi_hippo_pilot_seed0_learndt_summary.md
