[train-mass] device=mps  mode=shakespeare  mass_mode=logfreq
[train-mass] tokens: train=321,124  val=16,901
[train-mass] params: 7,123,076   d=128  L=8  v_hidden=512
[train-mass] init mass: mean=1.453  std=0.203  min=1.151  max=1.915
[train-mass] step    50/4000   train 10.8203   lr 1.25e-04   grad 0.23   m[mean 1.446 std 0.204]   gamma=0.998   elapsed 17s
[train-mass] step   100/4000   train 9.4912   lr 2.50e-04   grad 12.72   m[mean 1.440 std 0.199]   gamma=0.992   elapsed 30s
[train-mass] step   150/4000   train 6.6700   lr 3.75e-04   grad 0.69   m[mean 1.445 std 0.199]   gamma=0.993   elapsed 44s
[train-mass] step   200/4000   train 6.4115   lr 5.00e-04   grad 0.46   m[mean 1.441 std 0.196]   gamma=0.994   elapsed 57s
[train-mass] >>> eval @ 200: train 6.3649   val 6.5595   ppl 705.89
[train-mass] step   250/4000   train 6.3465   lr 5.00e-04   grad 0.69   m[mean 1.428 std 0.193]   gamma=0.994   elapsed 79s
[train-mass] step   300/4000   train 6.1905   lr 4.99e-04   grad 0.58   m[mean 1.440 std 0.199]   gamma=0.993   elapsed 95s
[train-mass] step   350/4000   train 6.1030   lr 4.98e-04   grad 0.91   m[mean 1.445 std 0.203]   gamma=0.992   elapsed 115s
[train-mass] step   400/4000   train 6.0566   lr 4.97e-04   grad 1.55   m[mean 1.455 std 0.208]   gamma=0.991   elapsed 138s
[train-mass] >>> eval @ 400: train 5.9702   val 6.2708   ppl 528.90
[train-mass] step   450/4000   train 5.9834   lr 4.95e-04   grad 0.69   m[mean 1.438 std 0.205]   gamma=0.990   elapsed 175s
[train-mass] step   500/4000   train 5.8987   lr 4.92e-04   grad 2.04   m[mean 1.445 std 0.202]   gamma=0.989   elapsed 197s
[train-mass] step   550/4000   train 5.8586   lr 4.90e-04   grad 2.00   m[mean 1.430 std 0.198]   gamma=0.987   elapsed 219s
[train-mass] step   600/4000   train 5.7689   lr 4.87e-04   grad 1.78   m[mean 1.422 std 0.195]   gamma=0.985   elapsed 243s
[train-mass] >>> eval @ 600: train 5.7777   val 6.1700   ppl 478.20
[train-mass] step   650/4000   train 5.7019   lr 4.83e-04   grad 1.04   m[mean 1.425 std 0.197]   gamma=0.981   elapsed 279s
[train-mass] step   700/4000   train 5.6711   lr 4.79e-04   grad 1.54   m[mean 1.427 std 0.199]   gamma=0.977   elapsed 303s
[train-mass] step   750/4000   train 5.5548   lr 4.75e-04   grad 1.73   m[mean 1.420 std 0.197]   gamma=0.974   elapsed 328s
[train-mass] step   800/4000   train 5.5168   lr 4.70e-04   grad 1.35   m[mean 1.415 std 0.197]   gamma=0.971   elapsed 354s
[train-mass] >>> eval @ 800: train 5.5078   val 5.9361   ppl 378.47
[train-mass] step   850/4000   train 5.4725   lr 4.65e-04   grad 2.33   m[mean 1.411 std 0.196]   gamma=0.968   elapsed 392s
[train-mass] step   900/4000   train 5.4196   lr 4.59e-04   grad 1.98   m[mean 1.403 std 0.191]   gamma=0.965   elapsed 415s
[train-mass] step   950/4000   train 5.4079   lr 4.54e-04   grad 1.49   m[mean 1.403 std 0.195]   gamma=0.961   elapsed 438s
[train-mass] step  1000/4000   train 5.3265   lr 4.47e-04   grad 2.48   m[mean 1.404 std 0.194]   gamma=0.958   elapsed 461s
[train-mass] >>> eval @ 1000: train 5.3517   val 5.7874   ppl 326.17
[train-mass] step  1050/4000   train 5.2368   lr 4.41e-04   grad 1.51   m[mean 1.403 std 0.198]   gamma=0.955   elapsed 495s
[train-mass] step  1100/4000   train 5.1946   lr 4.34e-04   grad 2.36   m[mean 1.396 std 0.190]   gamma=0.952   elapsed 519s
[train-mass] step  1150/4000   train 5.1899   lr 4.27e-04   grad 1.69   m[mean 1.401 std 0.198]   gamma=0.949   elapsed 545s
[train-mass] step  1200/4000   train 5.1356   lr 4.19e-04   grad 2.37   m[mean 1.394 std 0.191]   gamma=0.945   elapsed 571s
[train-mass] >>> eval @ 1200: train 5.1450   val 5.6173   ppl 275.15
[train-mass] step  1250/4000   train 5.1163   lr 4.12e-04   grad 2.79   m[mean 1.394 std 0.193]   gamma=0.942   elapsed 611s
[train-mass] step  1300/4000   train 5.0459   lr 4.04e-04   grad 2.42   m[mean 1.382 std 0.190]   gamma=0.938   elapsed 637s
[train-mass] step  1350/4000   train 5.0452   lr 3.95e-04   grad 3.14   m[mean 1.385 std 0.193]   gamma=0.934   elapsed 665s
[train-mass] step  1400/4000   train 4.9841   lr 3.87e-04   grad 3.62   m[mean 1.373 std 0.186]   gamma=0.931   elapsed 694s
[train-mass] >>> eval @ 1400: train 4.9681   val 5.5332   ppl 252.95
[train-mass] step  1450/4000   train 4.9213   lr 3.78e-04   grad 3.14   m[mean 1.372 std 0.187]   gamma=0.927   elapsed 735s
[train-mass] step  1500/4000   train 4.8892   lr 3.69e-04   grad 4.14   m[mean 1.365 std 0.182]   gamma=0.924   elapsed 759s
[train-mass] step  1550/4000   train 4.8565   lr 3.60e-04   grad 3.89   m[mean 1.367 std 0.187]   gamma=0.921   elapsed 784s
[train-mass] step  1600/4000   train 4.8290   lr 3.51e-04   grad 3.85   m[mean 1.364 std 0.188]   gamma=0.918   elapsed 810s
[train-mass] >>> eval @ 1600: train 4.7993   val 5.4047   ppl 222.44
[train-mass] step  1650/4000   train 4.8220   lr 3.41e-04   grad 5.21   m[mean 1.358 std 0.183]   gamma=0.915   elapsed 854s
[train-mass] step  1700/4000   train 4.8208   lr 3.31e-04   grad 8.36   m[mean 1.359 std 0.179]   gamma=0.911   elapsed 882s
[train-mass] step  1750/4000   train 4.7912   lr 3.22e-04   grad 4.23   m[mean 1.347 std 0.178]   gamma=0.908   elapsed 911s
[train-mass] step  1800/4000   train 4.7413   lr 3.12e-04   grad 5.17   m[mean 1.356 std 0.183]   gamma=0.905   elapsed 937s
[train-mass] >>> eval @ 1800: train 4.7423   val 5.4314   ppl 228.46
[train-mass] step  1850/4000   train 4.6941   lr 3.02e-04   grad 3.33   m[mean 1.354 std 0.182]   gamma=0.902   elapsed 976s
[train-mass] step  1900/4000   train 4.6736   lr 2.91e-04   grad 4.93   m[mean 1.354 std 0.186]   gamma=0.899   elapsed 1000s
[train-mass] step  1950/4000   train 4.7235   lr 2.81e-04   grad 6.06   m[mean 1.352 std 0.185]   gamma=0.897   elapsed 1025s
[train-mass] step  2000/4000   train 4.6499   lr 2.71e-04   grad 4.85   m[mean 1.348 std 0.177]   gamma=0.894   elapsed 1050s
[train-mass] >>> eval @ 2000: train 4.6593   val 5.3650   ppl 213.78
[train-mass] step  2050/4000   train 4.6470   lr 2.61e-04   grad 4.60   m[mean 1.342 std 0.178]   gamma=0.891   elapsed 1089s
[train-mass] step  2100/4000   train 4.6556   lr 2.50e-04   grad 4.59   m[mean 1.336 std 0.180]   gamma=0.889   elapsed 1114s
[train-mass] step  2150/4000   train 4.5898   lr 2.40e-04   grad 5.74   m[mean 1.339 std 0.181]   gamma=0.886   elapsed 1139s
[train-mass] step  2200/4000   train 4.5592   lr 2.30e-04   grad 4.89   m[mean 1.326 std 0.174]   gamma=0.884   elapsed 1165s
[train-mass] >>> eval @ 2200: train 4.5804   val 5.2793   ppl 196.23
[train-mass] step  2250/4000   train 4.5774   lr 2.19e-04   grad 5.31   m[mean 1.323 std 0.175]   gamma=0.881   elapsed 1206s
[train-mass] step  2300/4000   train 4.5812   lr 2.09e-04   grad 5.76   m[mean 1.329 std 0.174]   gamma=0.879   elapsed 1229s
[train-mass] step  2350/4000   train 4.5307   lr 1.99e-04   grad 5.74   m[mean 1.329 std 0.179]   gamma=0.877   elapsed 1251s
[train-mass] step  2400/4000   train 4.5408   lr 1.89e-04   grad 6.16   m[mean 1.322 std 0.174]   gamma=0.875   elapsed 1277s
[train-mass] >>> eval @ 2400: train 4.5217   val 5.2374   ppl 188.18
[train-mass] step  2450/4000   train 4.4894   lr 1.79e-04   grad 6.47   m[mean 1.316 std 0.174]   gamma=0.873   elapsed 1315s
[train-mass] step  2500/4000   train 4.5228   lr 1.69e-04   grad 5.60   m[mean 1.317 std 0.176]   gamma=0.871   elapsed 1340s
[train-mass] step  2550/4000   train 4.5024   lr 1.59e-04   grad 5.85   m[mean 1.324 std 0.177]   gamma=0.869   elapsed 1367s
[train-mass] step  2600/4000   train 4.4741   lr 1.50e-04   grad 6.26   m[mean 1.316 std 0.175]   gamma=0.867   elapsed 1393s
[train-mass] >>> eval @ 2600: train 4.4494   val 5.2487   ppl 190.31
[train-mass] step  2650/4000   train 4.4051   lr 1.40e-04   grad 5.08   m[mean 1.332 std 0.183]   gamma=0.866   elapsed 1438s
[train-mass] step  2700/4000   train 4.4598   lr 1.31e-04   grad 5.92   m[mean 1.321 std 0.174]   gamma=0.864   elapsed 1470s
[train-mass] step  2750/4000   train 4.4570   lr 1.22e-04   grad 5.93   m[mean 1.310 std 0.172]   gamma=0.862   elapsed 1502s
[train-mass] step  2800/4000   train 4.4209   lr 1.13e-04   grad 6.18   m[mean 1.308 std 0.174]   gamma=0.861   elapsed 1535s
[train-mass] >>> eval @ 2800: train 4.4327   val 5.1988   ppl 181.05
[train-mass] step  2850/4000   train 4.4517   lr 1.05e-04   grad 5.84   m[mean 1.308 std 0.172]   gamma=0.860   elapsed 1577s
[train-mass] step  2900/4000   train 4.4198   lr 9.66e-05   grad 7.85   m[mean 1.304 std 0.171]   gamma=0.858   elapsed 1603s
[train-mass] step  2950/4000   train 4.4026   lr 8.86e-05   grad 6.16   m[mean 1.312 std 0.175]   gamma=0.857   elapsed 1629s
[train-mass] step  3000/4000   train 4.3804   lr 8.08e-05   grad 6.76   m[mean 1.304 std 0.173]   gamma=0.856   elapsed 1653s
[train-mass] >>> eval @ 3000: train 4.3947   val 5.1442   ppl 171.44
[train-mass] step  3050/4000   train 4.4089   lr 7.34e-05   grad 5.28   m[mean 1.303 std 0.171]   gamma=0.855   elapsed 1690s
[train-mass] step  3100/4000   train 4.3940   lr 6.62e-05   grad 6.54   m[mean 1.297 std 0.173]   gamma=0.854   elapsed 1715s
[train-mass] step  3150/4000   train 4.3359   lr 5.94e-05   grad 6.65   m[mean 1.305 std 0.173]   gamma=0.853   elapsed 1742s
[train-mass] step  3200/4000   train 4.3568   lr 5.28e-05   grad 6.58   m[mean 1.299 std 0.168]   gamma=0.852   elapsed 1779s
[train-mass] >>> eval @ 3200: train 4.3780   val 5.2108   ppl 183.24
[train-mass] step  3250/4000   train 4.3388   lr 4.67e-05   grad 5.90   m[mean 1.302 std 0.173]   gamma=0.852   elapsed 1846s
[train-mass] step  3300/4000   train 4.3089   lr 4.08e-05   grad 6.73   m[mean 1.293 std 0.167]   gamma=0.851   elapsed 1887s
[train-mass] step  3350/4000   train 4.3722   lr 3.53e-05   grad 5.44   m[mean 1.297 std 0.167]   gamma=0.850   elapsed 1923s
[train-mass] step  3400/4000   train 4.3785   lr 3.02e-05   grad 4.99   m[mean 1.299 std 0.171]   gamma=0.850   elapsed 1952s
[train-mass] >>> eval @ 3400: train 4.3774   val 5.1933   ppl 180.05
[train-mass] step  3450/4000   train 4.3444   lr 2.55e-05   grad 5.64   m[mean 1.299 std 0.169]   gamma=0.849   elapsed 1995s
[train-mass] step  3500/4000   train 4.2996   lr 2.11e-05   grad 5.84   m[mean 1.290 std 0.168]   gamma=0.849   elapsed 2036s
[train-mass] step  3550/4000   train 4.3608   lr 1.72e-05   grad 5.85   m[mean 1.300 std 0.172]   gamma=0.848   elapsed 2076s
[train-mass] step  3600/4000   train 4.3768   lr 1.36e-05   grad 5.33   m[mean 1.297 std 0.171]   gamma=0.848   elapsed 2108s
[train-mass] >>> eval @ 3600: train 4.3282   val 5.2154   ppl 184.08
[train-mass] step  3650/4000   train 4.3457   lr 1.05e-05   grad 6.35   m[mean 1.303 std 0.170]   gamma=0.848   elapsed 2152s
[train-mass] step  3700/4000   train 4.3227   lr 7.70e-06   grad 5.80   m[mean 1.295 std 0.170]   gamma=0.848   elapsed 2179s
[train-mass] step  3750/4000   train 4.3461   lr 5.36e-06   grad 4.74   m[mean 1.305 std 0.174]   gamma=0.848   elapsed 2207s
[train-mass] step  3800/4000   train 4.3366   lr 3.44e-06   grad 5.19   m[mean 1.289 std 0.168]   gamma=0.848   elapsed 2235s
[train-mass] >>> eval @ 3800: train 4.2931   val 5.1339   ppl 169.67
[train-mass] step  3850/4000   train 4.3086   lr 1.95e-06   grad 5.06   m[mean 1.290 std 0.167]   gamma=0.847   elapsed 2279s
[train-mass] step  3900/4000   train 4.3254   lr 8.71e-07   grad 5.05   m[mean 1.298 std 0.168]   gamma=0.847   elapsed 2308s
[train-mass] step  3950/4000   train 4.3389   lr 2.22e-07   grad 5.05   m[mean 1.295 std 0.169]   gamma=0.847   elapsed 2338s
[train-mass] step  4000/4000   train 4.3354   lr 8.54e-11   grad 5.03   m[mean 1.293 std 0.165]   gamma=0.847   elapsed 2369s
[train-mass] >>> eval @ 4000: train 4.3325   val 5.0948   ppl 163.18
[train-mass] done in 2385s
[train-mass] saved checkpoint -> /Users/dimitargueorguiev/git/ml/semsimula/notebooks/conservative_arch/sarf_mass_variant/results/splm_sarfmass_logfreq_shakespeare_ckpt_latest.pt
[train-mass] saved loss curve -> /Users/dimitargueorguiev/git/ml/semsimula/notebooks/conservative_arch/sarf_mass_variant/results/splm_sarfmass_logfreq_shakespeare_loss_curve.png
[train-mass] saved summary -> /Users/dimitargueorguiev/git/ml/semsimula/notebooks/conservative_arch/sarf_mass_variant/results/splm_sarfmass_logfreq_shakespeare_summary.md
