[train-em-ln] device=mps  mode=shakespeare  fixed_gamma=0.1  results_dir=/Users/dimitargueorguiev/git/ml/semsimula/notebooks/conservative_arch/ln_damping_sweep/results/leakfree_3seed/gamma0p10/seed0
[train-em-ln] tokens: train=321,124  val=16,901
[train-em-ln] params: 7,123,075   d=128  L=8  v_hidden=512  ln_after_step=True
[train-em-ln] causal_force=True  (FIXED (post-bug))  steps=4000
[train-em-ln] init mass: mean=1.453  std=0.203  min=1.151  max=1.915
[train-em-ln] step    50/4000   train 10.7560   lr 1.25e-04   grad 1.14   m[mean 1.446 std 0.204]   gamma=0.100   elapsed 16s
[train-em-ln] step   100/4000   train 9.6353   lr 2.50e-04   grad 1.63   m[mean 1.441 std 0.199]   gamma=0.100   elapsed 33s
[train-em-ln] step   150/4000   train 7.6592   lr 3.75e-04   grad 1.31   m[mean 1.449 std 0.202]   gamma=0.100   elapsed 56s
[train-em-ln] step   200/4000   train 6.4623   lr 5.00e-04   grad 0.36   m[mean 1.449 std 0.201]   gamma=0.100   elapsed 80s
[train-em-ln] step   200   val_loss=6.4000  val_ppl=601.86
[train-em-ln] step   250/4000   train 6.0956   lr 5.00e-04   grad 0.47   m[mean 1.458 std 0.213]   gamma=0.100   elapsed 110s
[train-em-ln] step   300/4000   train 5.8151   lr 4.99e-04   grad 0.66   m[mean 1.461 std 0.217]   gamma=0.100   elapsed 134s
[train-em-ln] step   350/4000   train 5.5910   lr 4.98e-04   grad 0.44   m[mean 1.465 std 0.212]   gamma=0.100   elapsed 158s
[train-em-ln] step   400/4000   train 5.4101   lr 4.97e-04   grad 0.51   m[mean 1.461 std 0.207]   gamma=0.100   elapsed 181s
[train-em-ln] step   400   val_loss=5.6734  val_ppl=291.02
[train-em-ln] step   450/4000   train 5.2577   lr 4.95e-04   grad 1.72   m[mean 1.460 std 0.214]   gamma=0.100   elapsed 209s
[train-em-ln] step   500/4000   train 5.1238   lr 4.92e-04   grad 1.02   m[mean 1.466 std 0.216]   gamma=0.100   elapsed 230s
[train-em-ln] step   550/4000   train 5.0604   lr 4.90e-04   grad 0.82   m[mean 1.470 std 0.214]   gamma=0.100   elapsed 253s
[train-em-ln] step   600/4000   train 4.9671   lr 4.87e-04   grad 1.95   m[mean 1.450 std 0.213]   gamma=0.100   elapsed 277s
[train-em-ln] step   600   val_loss=5.4419  val_ppl=230.88
[train-em-ln] step   650/4000   train 4.8696   lr 4.83e-04   grad 0.88   m[mean 1.465 std 0.217]   gamma=0.100   elapsed 307s
[train-em-ln] step   700/4000   train 4.8654   lr 4.79e-04   grad 1.00   m[mean 1.468 std 0.211]   gamma=0.100   elapsed 330s
[train-em-ln] step   750/4000   train 4.7607   lr 4.75e-04   grad 2.54   m[mean 1.462 std 0.215]   gamma=0.100   elapsed 353s
[train-em-ln] step   800/4000   train 4.7832   lr 4.70e-04   grad 1.42   m[mean 1.461 std 0.216]   gamma=0.100   elapsed 374s
[train-em-ln] step   800   val_loss=5.3479  val_ppl=210.16
[train-em-ln] step   850/4000   train 4.7135   lr 4.65e-04   grad 1.24   m[mean 1.470 std 0.217]   gamma=0.100   elapsed 402s
[train-em-ln] step   900/4000   train 4.6529   lr 4.59e-04   grad 1.08   m[mean 1.467 std 0.213]   gamma=0.100   elapsed 426s
[train-em-ln] step   950/4000   train 4.6448   lr 4.54e-04   grad 2.24   m[mean 1.459 std 0.213]   gamma=0.100   elapsed 450s
[train-em-ln] step  1000/4000   train 4.6438   lr 4.47e-04   grad 0.68   m[mean 1.459 std 0.215]   gamma=0.100   elapsed 473s
[train-em-ln] step  1000   val_loss=5.2894  val_ppl=198.23
[train-em-ln] step  1050/4000   train 4.6429   lr 4.41e-04   grad 1.57   m[mean 1.467 std 0.209]   gamma=0.100   elapsed 504s
[train-em-ln] step  1100/4000   train 4.5413   lr 4.34e-04   grad 2.09   m[mean 1.462 std 0.213]   gamma=0.100   elapsed 525s
[train-em-ln] step  1150/4000   train 4.5317   lr 4.27e-04   grad 1.05   m[mean 1.461 std 0.215]   gamma=0.100   elapsed 547s
[train-em-ln] step  1200/4000   train 4.5505   lr 4.19e-04   grad 3.01   m[mean 1.465 std 0.217]   gamma=0.100   elapsed 569s
[train-em-ln] step  1200   val_loss=5.2364  val_ppl=187.99
[train-em-ln] step  1250/4000   train 4.4341   lr 4.12e-04   grad 1.02   m[mean 1.462 std 0.217]   gamma=0.100   elapsed 599s
[train-em-ln] step  1300/4000   train 4.4650   lr 4.04e-04   grad 1.12   m[mean 1.460 std 0.214]   gamma=0.100   elapsed 623s
[train-em-ln] step  1350/4000   train 4.4614   lr 3.95e-04   grad 1.83   m[mean 1.464 std 0.216]   gamma=0.100   elapsed 645s
[train-em-ln] step  1400/4000   train 4.4504   lr 3.87e-04   grad 1.35   m[mean 1.465 std 0.214]   gamma=0.100   elapsed 667s
[train-em-ln] step  1400   val_loss=5.2856  val_ppl=197.47
[train-em-ln] step  1450/4000   train 4.4501   lr 3.78e-04   grad 1.66   m[mean 1.464 std 0.214]   gamma=0.100   elapsed 695s
[train-em-ln] step  1500/4000   train 4.4223   lr 3.69e-04   grad 1.28   m[mean 1.462 std 0.214]   gamma=0.100   elapsed 718s
[train-em-ln] step  1550/4000   train 4.4257   lr 3.60e-04   grad 2.01   m[mean 1.469 std 0.219]   gamma=0.100   elapsed 741s
[train-em-ln] step  1600/4000   train 4.3916   lr 3.51e-04   grad 1.26   m[mean 1.463 std 0.213]   gamma=0.100   elapsed 765s
[train-em-ln] step  1600   val_loss=5.2053  val_ppl=182.23
[train-em-ln] step  1650/4000   train 4.3981   lr 3.41e-04   grad 1.63   m[mean 1.459 std 0.209]   gamma=0.100   elapsed 793s
[train-em-ln] step  1700/4000   train 4.3557   lr 3.31e-04   grad 2.03   m[mean 1.461 std 0.215]   gamma=0.100   elapsed 815s
[train-em-ln] step  1750/4000   train 4.3518   lr 3.22e-04   grad 1.38   m[mean 1.463 std 0.216]   gamma=0.100   elapsed 837s
[train-em-ln] step  1800/4000   train 4.3166   lr 3.12e-04   grad 0.84   m[mean 1.457 std 0.211]   gamma=0.100   elapsed 860s
[train-em-ln] step  1800   val_loss=5.2298  val_ppl=186.75
[train-em-ln] step  1850/4000   train 4.3424   lr 3.02e-04   grad 2.87   m[mean 1.464 std 0.213]   gamma=0.100   elapsed 891s
[train-em-ln] step  1900/4000   train 4.3089   lr 2.91e-04   grad 1.14   m[mean 1.473 std 0.220]   gamma=0.100   elapsed 914s
[train-em-ln] step  1950/4000   train 4.3606   lr 2.81e-04   grad 1.78   m[mean 1.449 std 0.209]   gamma=0.100   elapsed 935s
[train-em-ln] step  2000/4000   train 4.3355   lr 2.71e-04   grad 1.13   m[mean 1.467 std 0.215]   gamma=0.100   elapsed 957s
[train-em-ln] step  2000   val_loss=5.2282  val_ppl=186.45
[train-em-ln] step  2050/4000   train 4.3185   lr 2.61e-04   grad 1.74   m[mean 1.454 std 0.214]   gamma=0.100   elapsed 985s
[train-em-ln] step  2100/4000   train 4.3015   lr 2.50e-04   grad 1.86   m[mean 1.463 std 0.215]   gamma=0.100   elapsed 1007s
[train-em-ln] step  2150/4000   train 4.2819   lr 2.40e-04   grad 1.53   m[mean 1.462 std 0.210]   gamma=0.100   elapsed 1030s
[train-em-ln] step  2200/4000   train 4.2556   lr 2.30e-04   grad 2.07   m[mean 1.466 std 0.213]   gamma=0.100   elapsed 1054s
[train-em-ln] step  2200   val_loss=5.2122  val_ppl=183.49
[train-em-ln] step  2250/4000   train 4.2894   lr 2.19e-04   grad 1.83   m[mean 1.453 std 0.211]   gamma=0.100   elapsed 1083s
[train-em-ln] step  2300/4000   train 4.2854   lr 2.09e-04   grad 1.21   m[mean 1.455 std 0.212]   gamma=0.100   elapsed 1105s
[train-em-ln] step  2350/4000   train 4.2494   lr 1.99e-04   grad 1.06   m[mean 1.464 std 0.213]   gamma=0.100   elapsed 1126s
[train-em-ln] step  2400/4000   train 4.2704   lr 1.89e-04   grad 1.12   m[mean 1.455 std 0.209]   gamma=0.100   elapsed 1148s
[train-em-ln] step  2400   val_loss=5.1904  val_ppl=179.54
[train-em-ln] step  2450/4000   train 4.2314   lr 1.79e-04   grad 0.87   m[mean 1.452 std 0.212]   gamma=0.100   elapsed 1176s
[train-em-ln] step  2500/4000   train 4.2408   lr 1.69e-04   grad 1.10   m[mean 1.451 std 0.211]   gamma=0.100   elapsed 1198s
[train-em-ln] step  2550/4000   train 4.2086   lr 1.59e-04   grad 0.76   m[mean 1.462 std 0.211]   gamma=0.100   elapsed 1221s
[train-em-ln] step  2600/4000   train 4.2278   lr 1.50e-04   grad 1.13   m[mean 1.458 std 0.210]   gamma=0.100   elapsed 1244s
[train-em-ln] step  2600   val_loss=5.2272  val_ppl=186.26
[train-em-ln] step  2650/4000   train 4.2332   lr 1.40e-04   grad 1.65   m[mean 1.463 std 0.213]   gamma=0.100   elapsed 1274s
[train-em-ln] step  2700/4000   train 4.2155   lr 1.31e-04   grad 1.38   m[mean 1.457 std 0.217]   gamma=0.100   elapsed 1295s
[train-em-ln] step  2750/4000   train 4.2276   lr 1.22e-04   grad 1.17   m[mean 1.458 std 0.212]   gamma=0.100   elapsed 1317s
[train-em-ln] step  2800/4000   train 4.2066   lr 1.13e-04   grad 1.50   m[mean 1.452 std 0.214]   gamma=0.100   elapsed 1339s
[train-em-ln] step  2800   val_loss=5.1732  val_ppl=176.48
[train-em-ln] step  2850/4000   train 4.1906   lr 1.05e-04   grad 0.96   m[mean 1.457 std 0.215]   gamma=0.100   elapsed 1367s
[train-em-ln] step  2900/4000   train 4.2223   lr 9.66e-05   grad 1.39   m[mean 1.453 std 0.214]   gamma=0.100   elapsed 1389s
[train-em-ln] step  2950/4000   train 4.2118   lr 8.86e-05   grad 1.53   m[mean 1.461 std 0.215]   gamma=0.100   elapsed 1411s
[train-em-ln] step  3000/4000   train 4.2077   lr 8.08e-05   grad 2.03   m[mean 1.457 std 0.215]   gamma=0.100   elapsed 1433s
[train-em-ln] step  3000   val_loss=5.2166  val_ppl=184.30
[train-em-ln] step  3050/4000   train 4.1716   lr 7.34e-05   grad 1.06   m[mean 1.455 std 0.211]   gamma=0.100   elapsed 1464s
[train-em-ln] step  3100/4000   train 4.1632   lr 6.62e-05   grad 1.13   m[mean 1.447 std 0.205]   gamma=0.100   elapsed 1485s
[train-em-ln] step  3150/4000   train 4.2092   lr 5.94e-05   grad 1.03   m[mean 1.459 std 0.215]   gamma=0.100   elapsed 1507s
[train-em-ln] step  3200/4000   train 4.2060   lr 5.28e-05   grad 0.99   m[mean 1.455 std 0.210]   gamma=0.100   elapsed 1529s
[train-em-ln] step  3200   val_loss=5.2148  val_ppl=183.98
[train-em-ln] step  3250/4000   train 4.1836   lr 4.67e-05   grad 1.06   m[mean 1.468 std 0.216]   gamma=0.100   elapsed 1557s
[train-em-ln] step  3300/4000   train 4.1992   lr 4.08e-05   grad 0.95   m[mean 1.463 std 0.211]   gamma=0.100   elapsed 1579s
[train-em-ln] step  3350/4000   train 4.1823   lr 3.53e-05   grad 1.05   m[mean 1.461 std 0.214]   gamma=0.100   elapsed 1601s
[train-em-ln] step  3400/4000   train 4.2187   lr 3.02e-05   grad 1.97   m[mean 1.461 std 0.216]   gamma=0.100   elapsed 1623s
[train-em-ln] step  3400   val_loss=5.1754  val_ppl=176.86
[train-em-ln] step  3450/4000   train 4.1890   lr 2.55e-05   grad 0.94   m[mean 1.463 std 0.213]   gamma=0.100   elapsed 1654s
[train-em-ln] step  3500/4000   train 4.2029   lr 2.11e-05   grad 0.94   m[mean 1.464 std 0.214]   gamma=0.100   elapsed 1676s
[train-em-ln] step  3550/4000   train 4.2031   lr 1.72e-05   grad 0.93   m[mean 1.465 std 0.219]   gamma=0.100   elapsed 1698s
[train-em-ln] step  3600/4000   train 4.1982   lr 1.36e-05   grad 1.30   m[mean 1.465 std 0.214]   gamma=0.100   elapsed 1719s
[train-em-ln] step  3600   val_loss=5.1784  val_ppl=177.40
[train-em-ln] step  3650/4000   train 4.1505   lr 1.05e-05   grad 0.91   m[mean 1.466 std 0.218]   gamma=0.100   elapsed 1747s
[train-em-ln] step  3700/4000   train 4.1744   lr 7.70e-06   grad 0.86   m[mean 1.454 std 0.213]   gamma=0.100   elapsed 1769s
[train-em-ln] step  3750/4000   train 4.2164   lr 5.36e-06   grad 1.09   m[mean 1.464 std 0.213]   gamma=0.100   elapsed 1791s
[train-em-ln] step  3800/4000   train 4.1582   lr 3.44e-06   grad 0.95   m[mean 1.461 std 0.213]   gamma=0.100   elapsed 1814s
[train-em-ln] step  3800   val_loss=5.1691  val_ppl=175.75
[train-em-ln] step  3850/4000   train 4.1733   lr 1.95e-06   grad 1.14   m[mean 1.475 std 0.223]   gamma=0.100   elapsed 1844s
[train-em-ln] step  3900/4000   train 4.2142   lr 8.71e-07   grad 1.20   m[mean 1.462 std 0.219]   gamma=0.100   elapsed 1866s
[train-em-ln] step  3950/4000   train 4.2116   lr 2.22e-07   grad 1.25   m[mean 1.477 std 0.218]   gamma=0.100   elapsed 1888s
[train-em-ln] step  4000/4000   train 4.1951   lr 8.54e-11   grad 1.04   m[mean 1.453 std 0.212]   gamma=0.100   elapsed 1909s
[train-em-ln] step  4000   val_loss=5.2412  val_ppl=188.90

[train-em-ln] DONE  val_loss=5.2208  val_ppl=185.08  gamma=0.1000
[train-em-ln] checkpoint saved to /Users/dimitargueorguiev/git/ml/semsimula/notebooks/conservative_arch/ln_damping_sweep/results/leakfree_3seed/gamma0p10/seed0/splm_em_ln_shakespeare_gamma0p10_seed0_ckpt_latest.pt
[train-em-ln] summary written to /Users/dimitargueorguiev/git/ml/semsimula/notebooks/conservative_arch/ln_damping_sweep/results/leakfree_3seed/gamma0p10/seed0/splm_em_ln_shakespeare_gamma0p10_seed0_summary.md
