
========== cell gamma0p00 ==========

$ python3 notebooks/conservative_arch/energy_drift/extract_energy_states.py --variant em_ln --ckpt notebooks/conservative_arch/ln_damping_sweep/results/gamma0p00/splm_em_ln_shakespeare_gamma0p00_ckpt_latest.pt --out_npz notebooks/conservative_arch/ln_damping_sweep/results/gamma0p00/energy_states.npz --label E5_ln_gamma0p00 --logfreq notebooks/conservative_arch/sarf_mass_variant/results/logfreq_surprisal.npy
[extract] variant=em_ln  ckpt=notebooks/conservative_arch/ln_damping_sweep/results/gamma0p00/splm_em_ln_shakespeare_gamma0p00_ckpt_latest.pt  device=mps
[extract] loaded em_ln  L=8  d=128
[extract] 50 sentences from 5 domains.
  [ 10/50] T= 29  H_0=2.9847  H_L=16.3925  elapsed 3.8s
  [ 20/50] T= 30  H_0=1.7287  H_L=16.8196  elapsed 4.8s
  [ 30/50] T= 29  H_0=6.1889  H_L=27.8221  elapsed 5.9s
  [ 40/50] T= 27  H_0=4.0424  H_L=22.0143  elapsed 6.7s
  [ 50/50] T= 27  H_0=1.6821  H_L=13.0371  elapsed 7.5s
[extract] saved -> notebooks/conservative_arch/ln_damping_sweep/results/gamma0p00/energy_states.npz  (50 sent x 9 layers x up to 39 tokens)

$ python3 notebooks/conservative_arch/ln_damping_sweep/extract_ln_quadruples.py --ckpt notebooks/conservative_arch/ln_damping_sweep/results/gamma0p00/splm_em_ln_shakespeare_gamma0p00_ckpt_latest.pt --logfreq notebooks/conservative_arch/sarf_mass_variant/results/logfreq_surprisal.npy --out_dir notebooks/conservative_arch/ln_damping_sweep/results/gamma0p00/markov_order
[ln-extract] ckpt=notebooks/conservative_arch/ln_damping_sweep/results/gamma0p00/splm_em_ln_shakespeare_gamma0p00_ckpt_latest.pt  device=mps
[ln-extract] corpus: 50 sentences, 5 domains
[ln-extract] L=8  d=128  final_gamma=0.0000  fixed_gamma=0.0  ln_after_step=True
  [ 10/50] T= 32  |h_L|^2_mean=127.9988  elapsed 2.0s
  [ 20/50] T= 28  |h_L|^2_mean=127.9989  elapsed 2.8s
  [ 30/50] T= 39  |h_L|^2_mean=127.9988  elapsed 3.4s
  [ 40/50] T= 32  |h_L|^2_mean=127.9988  elapsed 4.1s
  [ 50/50] T= 24  |h_L|^2_mean=127.9989  elapsed 4.7s
[ln-extract] saved notebooks/conservative_arch/ln_damping_sweep/results/gamma0p00/markov_order/quadruples.npz  (2.4 MB; n_quads=1264)
[ln-extract] saved notebooks/conservative_arch/ln_damping_sweep/results/gamma0p00/markov_order/trajectories.npz  (0.7 MB; 50 sentences, T_max=39)
[ln-extract] 1264 quadruples emitted; summary written.

$ python3 notebooks/dynamics_order_test/markov_order_regression.py --quads notebooks/conservative_arch/ln_damping_sweep/results/gamma0p00/markov_order/quadruples.npz --output_dir notebooks/conservative_arch/ln_damping_sweep/results/gamma0p00/markov_order --p 50 --n_jobs 4
[Parallel(n_jobs=4)]: Using backend LokyBackend with 4 concurrent workers.
[loso] 50 sentences  p=50  k_values=[1, 2, 3]  function_class=kernel  n_jobs=4
[Parallel(n_jobs=4)]: Done   5 tasks      | elapsed:   31.6s
[Parallel(n_jobs=4)]: Done  10 tasks      | elapsed:   47.3s
[Parallel(n_jobs=4)]: Done  17 tasks      | elapsed:  1.3min
[Parallel(n_jobs=4)]: Done  24 tasks      | elapsed:  1.6min
[Parallel(n_jobs=4)]: Done  33 tasks      | elapsed:  2.3min
[Parallel(n_jobs=4)]: Done  42 tasks      | elapsed:  2.9min
[Parallel(n_jobs=4)]: Done  50 out of  50 | elapsed:  3.3min finished

[summary]
  n_quadruples = 1264
  k_values = [1, 2, 3]
  R1_mean = 57.99576187133789
  R1_sem = 0.685518089376174
  R2_mean = 56.94089889526367
  R2_sem = 0.6782040459116588
  R3_mean = 57.33012771606445
  R3_sem = 0.6681599441060067
  rho_12 = 1.0185256004333496
  wilcoxon_p_12 = 0.0007133033471013736
  wilcoxon_p_12_one_sided_R1_gt_R2 = 0.0003566516735506868
  wilcoxon_p_12_one_sided_R1_lt_R2 = 0.9996433483264493
  bootstrap_ci_diff_R1_R2 = [0.4650808803737164, 1.6825594097375869]
  rho_23 = 0.9932107329368591
  wilcoxon_p_23 = 0.06359749455021074
  wilcoxon_p_23_one_sided_R2_gt_R3 = 0.9682012527248947
  wilcoxon_p_23_one_sided_R2_lt_R3 = 0.03179874727510537
  bootstrap_ci_diff_R2_R3 = [-0.7675882056355476, -0.010662923683412444]
  decision = C
  runtime_seconds = 198.76263284683228
  p = 50
  function_class = kernel
  n_jobs = 4
[done] runtime=198.8s  decision=C

========== cell gamma0p10 ==========

$ python3 notebooks/conservative_arch/energy_drift/extract_energy_states.py --variant em_ln --ckpt notebooks/conservative_arch/ln_damping_sweep/results/gamma0p10/splm_em_ln_shakespeare_gamma0p10_ckpt_latest.pt --out_npz notebooks/conservative_arch/ln_damping_sweep/results/gamma0p10/energy_states.npz --label E5_ln_gamma0p10 --logfreq notebooks/conservative_arch/sarf_mass_variant/results/logfreq_surprisal.npy
[extract] variant=em_ln  ckpt=notebooks/conservative_arch/ln_damping_sweep/results/gamma0p10/splm_em_ln_shakespeare_gamma0p10_ckpt_latest.pt  device=mps
[extract] loaded em_ln  L=8  d=128
[extract] 50 sentences from 5 domains.
  [ 10/50] T= 29  H_0=15.5932  H_L=-0.6638  elapsed 2.2s
  [ 20/50] T= 30  H_0=8.7486  H_L=-1.4769  elapsed 3.1s
  [ 30/50] T= 29  H_0=28.2197  H_L=10.5310  elapsed 4.1s
  [ 40/50] T= 27  H_0=18.7588  H_L=3.8407  elapsed 4.9s
  [ 50/50] T= 27  H_0=9.7221  H_L=-0.0799  elapsed 5.7s
[extract] saved -> notebooks/conservative_arch/ln_damping_sweep/results/gamma0p10/energy_states.npz  (50 sent x 9 layers x up to 39 tokens)

$ python3 notebooks/conservative_arch/ln_damping_sweep/extract_ln_quadruples.py --ckpt notebooks/conservative_arch/ln_damping_sweep/results/gamma0p10/splm_em_ln_shakespeare_gamma0p10_ckpt_latest.pt --logfreq notebooks/conservative_arch/sarf_mass_variant/results/logfreq_surprisal.npy --out_dir notebooks/conservative_arch/ln_damping_sweep/results/gamma0p10/markov_order
[ln-extract] ckpt=notebooks/conservative_arch/ln_damping_sweep/results/gamma0p10/splm_em_ln_shakespeare_gamma0p10_ckpt_latest.pt  device=mps
[ln-extract] corpus: 50 sentences, 5 domains
[ln-extract] L=8  d=128  final_gamma=0.1000  fixed_gamma=0.1  ln_after_step=True
  [ 10/50] T= 32  |h_L|^2_mean=127.9984  elapsed 1.8s
  [ 20/50] T= 28  |h_L|^2_mean=127.9984  elapsed 2.5s
  [ 30/50] T= 39  |h_L|^2_mean=127.9983  elapsed 3.1s
  [ 40/50] T= 32  |h_L|^2_mean=127.9985  elapsed 3.8s
  [ 50/50] T= 24  |h_L|^2_mean=127.9984  elapsed 4.4s
[ln-extract] saved notebooks/conservative_arch/ln_damping_sweep/results/gamma0p10/markov_order/quadruples.npz  (2.4 MB; n_quads=1264)
[ln-extract] saved notebooks/conservative_arch/ln_damping_sweep/results/gamma0p10/markov_order/trajectories.npz  (0.7 MB; 50 sentences, T_max=39)
[ln-extract] 1264 quadruples emitted; summary written.

$ python3 notebooks/dynamics_order_test/markov_order_regression.py --quads notebooks/conservative_arch/ln_damping_sweep/results/gamma0p10/markov_order/quadruples.npz --output_dir notebooks/conservative_arch/ln_damping_sweep/results/gamma0p10/markov_order --p 50 --n_jobs 4
[Parallel(n_jobs=4)]: Using backend LokyBackend with 4 concurrent workers.
[loso] 50 sentences  p=50  k_values=[1, 2, 3]  function_class=kernel  n_jobs=4
[Parallel(n_jobs=4)]: Done   5 tasks      | elapsed:   32.5s
[Parallel(n_jobs=4)]: Done  10 tasks      | elapsed:   48.9s
[Parallel(n_jobs=4)]: Done  17 tasks      | elapsed:  1.4min
[Parallel(n_jobs=4)]: Done  24 tasks      | elapsed:  1.7min
[Parallel(n_jobs=4)]: Done  33 tasks      | elapsed:  2.4min
[Parallel(n_jobs=4)]: Done  42 tasks      | elapsed:  2.9min
[Parallel(n_jobs=4)]: Done  50 out of  50 | elapsed:  3.4min finished

[summary]
  n_quadruples = 1264
  k_values = [1, 2, 3]
  R1_mean = 50.86428451538086
  R1_sem = 0.629089068879857
  R2_mean = 50.33457946777344
  R2_sem = 0.6184699638258888
  R3_mean = 50.37885665893555
  R3_sem = 0.6144790078037317
  rho_12 = 1.0105236768722534
  wilcoxon_p_12 = 0.002180561675294091
  wilcoxon_p_12_one_sided_R1_gt_R2 = 0.0010902808376470456
  wilcoxon_p_12_one_sided_R1_lt_R2 = 0.9989097191623529
  bootstrap_ci_diff_R1_R2 = [0.1677226342260838, 0.8807364329695702]
  rho_23 = 0.9991211295127869
  wilcoxon_p_23 = 0.5282734377491558
  wilcoxon_p_23_one_sided_R2_gt_R3 = 0.7358632811254221
  wilcoxon_p_23_one_sided_R2_lt_R3 = 0.2641367188745779
  bootstrap_ci_diff_R2_R3 = [-0.3163932144641876, 0.23447726406157016]
  decision = C
  runtime_seconds = 201.4171597957611
  p = 50
  function_class = kernel
  n_jobs = 4
[done] runtime=201.4s  decision=C

========== cell gamma0p30 ==========

$ python3 notebooks/conservative_arch/energy_drift/extract_energy_states.py --variant em_ln --ckpt notebooks/conservative_arch/ln_damping_sweep/results/gamma0p30/splm_em_ln_shakespeare_gamma0p30_ckpt_latest.pt --out_npz notebooks/conservative_arch/ln_damping_sweep/results/gamma0p30/energy_states.npz --label E5_ln_gamma0p30 --logfreq notebooks/conservative_arch/sarf_mass_variant/results/logfreq_surprisal.npy
[extract] variant=em_ln  ckpt=notebooks/conservative_arch/ln_damping_sweep/results/gamma0p30/splm_em_ln_shakespeare_gamma0p30_ckpt_latest.pt  device=mps
[extract] loaded em_ln  L=8  d=128
[extract] 50 sentences from 5 domains.
  [ 10/50] T= 29  H_0=21.5748  H_L=-3.6425  elapsed 2.2s
  [ 20/50] T= 30  H_0=15.2708  H_L=-5.3228  elapsed 3.1s
  [ 30/50] T= 29  H_0=39.2828  H_L=-3.7095  elapsed 4.0s
  [ 40/50] T= 27  H_0=26.6660  H_L=-7.7599  elapsed 4.7s
  [ 50/50] T= 27  H_0=15.0593  H_L=0.2172  elapsed 5.5s
[extract] saved -> notebooks/conservative_arch/ln_damping_sweep/results/gamma0p30/energy_states.npz  (50 sent x 9 layers x up to 39 tokens)

$ python3 notebooks/conservative_arch/ln_damping_sweep/extract_ln_quadruples.py --ckpt notebooks/conservative_arch/ln_damping_sweep/results/gamma0p30/splm_em_ln_shakespeare_gamma0p30_ckpt_latest.pt --logfreq notebooks/conservative_arch/sarf_mass_variant/results/logfreq_surprisal.npy --out_dir notebooks/conservative_arch/ln_damping_sweep/results/gamma0p30/markov_order
[ln-extract] ckpt=notebooks/conservative_arch/ln_damping_sweep/results/gamma0p30/splm_em_ln_shakespeare_gamma0p30_ckpt_latest.pt  device=mps
[ln-extract] corpus: 50 sentences, 5 domains
[ln-extract] L=8  d=128  final_gamma=0.3000  fixed_gamma=0.3  ln_after_step=True
  [ 10/50] T= 32  |h_L|^2_mean=127.9982  elapsed 1.7s
  [ 20/50] T= 28  |h_L|^2_mean=127.9983  elapsed 2.4s
  [ 30/50] T= 39  |h_L|^2_mean=127.9981  elapsed 3.0s
  [ 40/50] T= 32  |h_L|^2_mean=127.9982  elapsed 3.7s
  [ 50/50] T= 24  |h_L|^2_mean=127.9983  elapsed 4.3s
[ln-extract] saved notebooks/conservative_arch/ln_damping_sweep/results/gamma0p30/markov_order/quadruples.npz  (2.4 MB; n_quads=1264)
[ln-extract] saved notebooks/conservative_arch/ln_damping_sweep/results/gamma0p30/markov_order/trajectories.npz  (0.7 MB; 50 sentences, T_max=39)
[ln-extract] 1264 quadruples emitted; summary written.

$ python3 notebooks/dynamics_order_test/markov_order_regression.py --quads notebooks/conservative_arch/ln_damping_sweep/results/gamma0p30/markov_order/quadruples.npz --output_dir notebooks/conservative_arch/ln_damping_sweep/results/gamma0p30/markov_order --p 50 --n_jobs 4
[Parallel(n_jobs=4)]: Using backend LokyBackend with 4 concurrent workers.
[loso] 50 sentences  p=50  k_values=[1, 2, 3]  function_class=kernel  n_jobs=4
[Parallel(n_jobs=4)]: Done   5 tasks      | elapsed:   30.1s
[Parallel(n_jobs=4)]: Done  10 tasks      | elapsed:   44.0s
[Parallel(n_jobs=4)]: Done  17 tasks      | elapsed:  1.2min
[Parallel(n_jobs=4)]: Done  24 tasks      | elapsed:  1.5min
[Parallel(n_jobs=4)]: Done  33 tasks      | elapsed:  2.3min
[Parallel(n_jobs=4)]: Done  42 tasks      | elapsed:  2.9min
[Parallel(n_jobs=4)]: Done  50 out of  50 | elapsed:  3.4min finished

[summary]
  n_quadruples = 1264
  k_values = [1, 2, 3]
  R1_mean = 42.95205307006836
  R1_sem = 0.5614939981796762
  R2_mean = 42.423152923583984
  R2_sem = 0.5443726031740003
  R3_mean = 42.62084197998047
  R3_sem = 0.5446843002138133
  rho_12 = 1.0124672651290894
  wilcoxon_p_12 = 0.005349433394773871
  wilcoxon_p_12_one_sided_R1_gt_R2 = 0.0026747166973869357
  wilcoxon_p_12_one_sided_R1_lt_R2 = 0.997325283302613
  bootstrap_ci_diff_R1_R2 = [0.20503574535250665, 0.8598629400134085]
  rho_23 = 0.9953616857528687
  wilcoxon_p_23 = 0.06912704554305082
  wilcoxon_p_23_one_sided_R2_gt_R3 = 0.9654364772284746
  wilcoxon_p_23_one_sided_R2_lt_R3 = 0.03456352277152541
  bootstrap_ci_diff_R2_R3 = [-0.5033023059368134, 0.09108674395829439]
  decision = C
  runtime_seconds = 201.91251301765442
  p = 50
  function_class = kernel
  n_jobs = 4
[done] runtime=201.9s  decision=C

========== cell gamma0p85 ==========

$ python3 notebooks/conservative_arch/energy_drift/extract_energy_states.py --variant em_ln --ckpt notebooks/conservative_arch/ln_damping_sweep/results/gamma0p85/splm_em_ln_shakespeare_gamma0p85_ckpt_latest.pt --out_npz notebooks/conservative_arch/ln_damping_sweep/results/gamma0p85/energy_states.npz --label E5_ln_gamma0p85 --logfreq notebooks/conservative_arch/sarf_mass_variant/results/logfreq_surprisal.npy
[extract] variant=em_ln  ckpt=notebooks/conservative_arch/ln_damping_sweep/results/gamma0p85/splm_em_ln_shakespeare_gamma0p85_ckpt_latest.pt  device=mps
[extract] loaded em_ln  L=8  d=128
[extract] 50 sentences from 5 domains.
  [ 10/50] T= 29  H_0=37.1283  H_L=-25.4875  elapsed 2.3s
  [ 20/50] T= 30  H_0=23.8913  H_L=-23.4021  elapsed 3.2s
  [ 30/50] T= 29  H_0=73.6408  H_L=-14.2581  elapsed 4.2s
  [ 40/50] T= 27  H_0=49.7628  H_L=-27.0586  elapsed 5.1s
  [ 50/50] T= 27  H_0=23.7936  H_L=-28.2498  elapsed 6.0s
[extract] saved -> notebooks/conservative_arch/ln_damping_sweep/results/gamma0p85/energy_states.npz  (50 sent x 9 layers x up to 39 tokens)

$ python3 notebooks/conservative_arch/ln_damping_sweep/extract_ln_quadruples.py --ckpt notebooks/conservative_arch/ln_damping_sweep/results/gamma0p85/splm_em_ln_shakespeare_gamma0p85_ckpt_latest.pt --logfreq notebooks/conservative_arch/sarf_mass_variant/results/logfreq_surprisal.npy --out_dir notebooks/conservative_arch/ln_damping_sweep/results/gamma0p85/markov_order
[ln-extract] ckpt=notebooks/conservative_arch/ln_damping_sweep/results/gamma0p85/splm_em_ln_shakespeare_gamma0p85_ckpt_latest.pt  device=mps
[ln-extract] corpus: 50 sentences, 5 domains
[ln-extract] L=8  d=128  final_gamma=0.8500  fixed_gamma=0.85  ln_after_step=True
  [ 10/50] T= 32  |h_L|^2_mean=127.9986  elapsed 1.8s
  [ 20/50] T= 28  |h_L|^2_mean=127.9985  elapsed 2.5s
  [ 30/50] T= 39  |h_L|^2_mean=127.9986  elapsed 3.1s
  [ 40/50] T= 32  |h_L|^2_mean=127.9985  elapsed 3.8s
  [ 50/50] T= 24  |h_L|^2_mean=127.9985  elapsed 4.4s
[ln-extract] saved notebooks/conservative_arch/ln_damping_sweep/results/gamma0p85/markov_order/quadruples.npz  (2.4 MB; n_quads=1264)
[ln-extract] saved notebooks/conservative_arch/ln_damping_sweep/results/gamma0p85/markov_order/trajectories.npz  (0.7 MB; 50 sentences, T_max=39)
[ln-extract] 1264 quadruples emitted; summary written.

$ python3 notebooks/dynamics_order_test/markov_order_regression.py --quads notebooks/conservative_arch/ln_damping_sweep/results/gamma0p85/markov_order/quadruples.npz --output_dir notebooks/conservative_arch/ln_damping_sweep/results/gamma0p85/markov_order --p 50 --n_jobs 4
[Parallel(n_jobs=4)]: Using backend LokyBackend with 4 concurrent workers.
[loso] 50 sentences  p=50  k_values=[1, 2, 3]  function_class=kernel  n_jobs=4
[Parallel(n_jobs=4)]: Done   5 tasks      | elapsed:   33.3s
[Parallel(n_jobs=4)]: Done  10 tasks      | elapsed:   51.7s
[Parallel(n_jobs=4)]: Done  17 tasks      | elapsed:  1.4min
[Parallel(n_jobs=4)]: Done  24 tasks      | elapsed:  1.7min
[Parallel(n_jobs=4)]: Done  33 tasks      | elapsed:  2.5min
[Parallel(n_jobs=4)]: Done  42 tasks      | elapsed:  3.0min
[Parallel(n_jobs=4)]: Done  50 out of  50 | elapsed:  3.5min finished

[summary]
  n_quadruples = 1264
  k_values = [1, 2, 3]
  R1_mean = 55.30167770385742
  R1_sem = 0.6803731032295042
  R2_mean = 55.32267379760742
  R2_sem = 0.6706949906158666
  R3_mean = 56.01799774169922
  R3_sem = 0.6718705337374472
  rho_12 = 0.9996204972267151
  wilcoxon_p_12 = 0.7132053972946077
  wilcoxon_p_12_one_sided_R1_gt_R2 = 0.6433973013526961
  wilcoxon_p_12_one_sided_R1_lt_R2 = 0.3566026986473039
  bootstrap_ci_diff_R1_R2 = [-0.49725158512592316, 0.4582967072725295]
  rho_23 = 0.9875875115394592
  wilcoxon_p_23 = 1.528609751289922e-05
  wilcoxon_p_23_one_sided_R2_gt_R3 = 0.9999923569512436
  wilcoxon_p_23_one_sided_R2_lt_R3 = 7.64304875644961e-06
  bootstrap_ci_diff_R2_R3 = [-0.9968327403068542, -0.4031909115612507]
  decision = C
  runtime_seconds = 208.24009585380554
  p = 50
  function_class = kernel
  n_jobs = 4
[done] runtime=208.2s  decision=C

========== cell gamma2p00 ==========

$ python3 notebooks/conservative_arch/energy_drift/extract_energy_states.py --variant em_ln --ckpt notebooks/conservative_arch/ln_damping_sweep/results/gamma2p00/splm_em_ln_shakespeare_gamma2p00_ckpt_latest.pt --out_npz notebooks/conservative_arch/ln_damping_sweep/results/gamma2p00/energy_states.npz --label E5_ln_gamma2p00 --logfreq notebooks/conservative_arch/sarf_mass_variant/results/logfreq_surprisal.npy
[extract] variant=em_ln  ckpt=notebooks/conservative_arch/ln_damping_sweep/results/gamma2p00/splm_em_ln_shakespeare_gamma2p00_ckpt_latest.pt  device=mps
[extract] loaded em_ln  L=8  d=128
[extract] 50 sentences from 5 domains.
  [ 10/50] T= 29  H_0=74.4488  H_L=-136.6783  elapsed 3.3s
  [ 20/50] T= 30  H_0=39.1135  H_L=-124.6005  elapsed 4.2s
  [ 30/50] T= 29  H_0=156.5166  H_L=-130.0864  elapsed 5.1s
  [ 40/50] T= 27  H_0=94.2384  H_L=-150.5296  elapsed 5.8s
  [ 50/50] T= 27  H_0=41.3226  H_L=-131.0601  elapsed 6.6s
[extract] saved -> notebooks/conservative_arch/ln_damping_sweep/results/gamma2p00/energy_states.npz  (50 sent x 9 layers x up to 39 tokens)

$ python3 notebooks/conservative_arch/ln_damping_sweep/extract_ln_quadruples.py --ckpt notebooks/conservative_arch/ln_damping_sweep/results/gamma2p00/splm_em_ln_shakespeare_gamma2p00_ckpt_latest.pt --logfreq notebooks/conservative_arch/sarf_mass_variant/results/logfreq_surprisal.npy --out_dir notebooks/conservative_arch/ln_damping_sweep/results/gamma2p00/markov_order
[ln-extract] ckpt=notebooks/conservative_arch/ln_damping_sweep/results/gamma2p00/splm_em_ln_shakespeare_gamma2p00_ckpt_latest.pt  device=mps
[ln-extract] corpus: 50 sentences, 5 domains
[ln-extract] L=8  d=128  final_gamma=2.0000  fixed_gamma=2.0  ln_after_step=True
  [ 10/50] T= 32  |h_L|^2_mean=127.9983  elapsed 1.7s
  [ 20/50] T= 28  |h_L|^2_mean=127.9983  elapsed 2.4s
  [ 30/50] T= 39  |h_L|^2_mean=127.9983  elapsed 2.9s
  [ 40/50] T= 32  |h_L|^2_mean=127.9983  elapsed 3.6s
  [ 50/50] T= 24  |h_L|^2_mean=127.9983  elapsed 4.1s
[ln-extract] saved notebooks/conservative_arch/ln_damping_sweep/results/gamma2p00/markov_order/quadruples.npz  (2.4 MB; n_quads=1264)
[ln-extract] saved notebooks/conservative_arch/ln_damping_sweep/results/gamma2p00/markov_order/trajectories.npz  (0.7 MB; 50 sentences, T_max=39)
[ln-extract] 1264 quadruples emitted; summary written.

$ python3 notebooks/dynamics_order_test/markov_order_regression.py --quads notebooks/conservative_arch/ln_damping_sweep/results/gamma2p00/markov_order/quadruples.npz --output_dir notebooks/conservative_arch/ln_damping_sweep/results/gamma2p00/markov_order --p 50 --n_jobs 4
[Parallel(n_jobs=4)]: Using backend LokyBackend with 4 concurrent workers.
[loso] 50 sentences  p=50  k_values=[1, 2, 3]  function_class=kernel  n_jobs=4
[Parallel(n_jobs=4)]: Done   5 tasks      | elapsed:   29.5s
[Parallel(n_jobs=4)]: Done  10 tasks      | elapsed:   45.3s
[Parallel(n_jobs=4)]: Done  17 tasks      | elapsed:  1.3min
[Parallel(n_jobs=4)]: Done  24 tasks      | elapsed:  1.7min
[Parallel(n_jobs=4)]: Done  33 tasks      | elapsed:  2.5min
[Parallel(n_jobs=4)]: Done  42 tasks      | elapsed:  3.1min
[Parallel(n_jobs=4)]: Done  50 out of  50 | elapsed:  3.6min finished

[summary]
  n_quadruples = 1264
  k_values = [1, 2, 3]
  R1_mean = 58.75006866455078
  R1_sem = 0.6687978232460028
  R2_mean = 58.467403411865234
  R2_sem = 0.6535442499508486
  R3_mean = 58.735313415527344
  R3_sem = 0.6393630003100461
  rho_12 = 1.004834532737732
  wilcoxon_p_12 = 0.08791542766447243
  wilcoxon_p_12_one_sided_R1_gt_R2 = 0.04395771383223621
  wilcoxon_p_12_one_sided_R1_lt_R2 = 0.9560422861677638
  bootstrap_ci_diff_R1_R2 = [-0.1690586272627115, 0.7358333453536033]
  rho_23 = 0.9954386949539185
  wilcoxon_p_23 = 0.14687726645113655
  wilcoxon_p_23_one_sided_R2_gt_R3 = 0.9265613667744317
  wilcoxon_p_23_one_sided_R2_lt_R3 = 0.07343863322556828
  bootstrap_ci_diff_R2_R3 = [-0.5355672806501388, 0.0037247639207632862]
  decision = C
  runtime_seconds = 215.651850938797
  p = 50
  function_class = kernel
  n_jobs = 4
[done] runtime=215.7s  decision=C

========== cell gamma5p00 ==========

$ python3 notebooks/conservative_arch/energy_drift/extract_energy_states.py --variant em_ln --ckpt notebooks/conservative_arch/ln_damping_sweep/results/gamma5p00/splm_em_ln_shakespeare_gamma5p00_ckpt_latest.pt --out_npz notebooks/conservative_arch/ln_damping_sweep/results/gamma5p00/energy_states.npz --label E5_ln_gamma5p00 --logfreq notebooks/conservative_arch/sarf_mass_variant/results/logfreq_surprisal.npy
[extract] variant=em_ln  ckpt=notebooks/conservative_arch/ln_damping_sweep/results/gamma5p00/splm_em_ln_shakespeare_gamma5p00_ckpt_latest.pt  device=mps
[extract] loaded em_ln  L=8  d=128
[extract] 50 sentences from 5 domains.
  [ 10/50] T= 29  H_0=192.9018  H_L=-223.8798  elapsed 3.7s
  [ 20/50] T= 30  H_0=123.7543  H_L=-191.0748  elapsed 5.2s
  [ 30/50] T= 29  H_0=363.0406  H_L=-160.8660  elapsed 6.4s
  [ 40/50] T= 27  H_0=234.5875  H_L=-201.8625  elapsed 7.5s
  [ 50/50] T= 27  H_0=125.1007  H_L=-181.9628  elapsed 8.5s
[extract] saved -> notebooks/conservative_arch/ln_damping_sweep/results/gamma5p00/energy_states.npz  (50 sent x 9 layers x up to 39 tokens)

$ python3 notebooks/conservative_arch/ln_damping_sweep/extract_ln_quadruples.py --ckpt notebooks/conservative_arch/ln_damping_sweep/results/gamma5p00/splm_em_ln_shakespeare_gamma5p00_ckpt_latest.pt --logfreq notebooks/conservative_arch/sarf_mass_variant/results/logfreq_surprisal.npy --out_dir notebooks/conservative_arch/ln_damping_sweep/results/gamma5p00/markov_order
[ln-extract] ckpt=notebooks/conservative_arch/ln_damping_sweep/results/gamma5p00/splm_em_ln_shakespeare_gamma5p00_ckpt_latest.pt  device=mps
[ln-extract] corpus: 50 sentences, 5 domains
[ln-extract] L=8  d=128  final_gamma=5.0000  fixed_gamma=5.0  ln_after_step=True
  [ 10/50] T= 32  |h_L|^2_mean=127.9984  elapsed 4.3s
  [ 20/50] T= 28  |h_L|^2_mean=127.9983  elapsed 5.7s
  [ 30/50] T= 39  |h_L|^2_mean=127.9984  elapsed 6.8s
  [ 40/50] T= 32  |h_L|^2_mean=127.9984  elapsed 8.1s
  [ 50/50] T= 24  |h_L|^2_mean=127.9983  elapsed 9.4s
[ln-extract] saved notebooks/conservative_arch/ln_damping_sweep/results/gamma5p00/markov_order/quadruples.npz  (2.4 MB; n_quads=1264)
[ln-extract] saved notebooks/conservative_arch/ln_damping_sweep/results/gamma5p00/markov_order/trajectories.npz  (0.7 MB; 50 sentences, T_max=39)
[ln-extract] 1264 quadruples emitted; summary written.

$ python3 notebooks/dynamics_order_test/markov_order_regression.py --quads notebooks/conservative_arch/ln_damping_sweep/results/gamma5p00/markov_order/quadruples.npz --output_dir notebooks/conservative_arch/ln_damping_sweep/results/gamma5p00/markov_order --p 50 --n_jobs 4
[Parallel(n_jobs=4)]: Using backend LokyBackend with 4 concurrent workers.
[loso] 50 sentences  p=50  k_values=[1, 2, 3]  function_class=kernel  n_jobs=4
[Parallel(n_jobs=4)]: Done   5 tasks      | elapsed:   33.7s
[Parallel(n_jobs=4)]: Done  10 tasks      | elapsed:   49.8s
[Parallel(n_jobs=4)]: Done  17 tasks      | elapsed:  1.4min
[Parallel(n_jobs=4)]: Done  24 tasks      | elapsed:  1.7min
[Parallel(n_jobs=4)]: Done  33 tasks      | elapsed:  2.4min
[Parallel(n_jobs=4)]: Done  42 tasks      | elapsed:  3.0min
[Parallel(n_jobs=4)]: Done  50 out of  50 | elapsed:  3.5min finished

[summary]
  n_quadruples = 1264
  k_values = [1, 2, 3]
  R1_mean = 64.967529296875
  R1_sem = 0.7518611680250438
  R2_mean = 65.14628601074219
  R2_sem = 0.7414448538162551
  R3_mean = 65.40855407714844
  R3_sem = 0.7328863827208444
  rho_12 = 0.9972561001777649
  wilcoxon_p_12 = 0.38324604540184737
  wilcoxon_p_12_one_sided_R1_gt_R2 = 0.8083769772990763
  wilcoxon_p_12_one_sided_R1_lt_R2 = 0.19162302270092368
  bootstrap_ci_diff_R1_R2 = [-0.650767907500267, 0.3148661799728868]
  rho_23 = 0.9959903359413147
  wilcoxon_p_23 = 0.3462132775130198
  wilcoxon_p_23_one_sided_R2_gt_R3 = 0.8268933612434901
  wilcoxon_p_23_one_sided_R2_lt_R3 = 0.1731066387565099
  bootstrap_ci_diff_R2_R3 = [-0.6598254308104515, 0.10292642954736932]
  decision = C
  runtime_seconds = 209.2832818031311
  p = 50
  function_class = kernel
  n_jobs = 4
[done] runtime=209.3s  decision=C

[E5-diag] all cells done in 1426s
[E5-diag] wrote notebooks/conservative_arch/ln_damping_sweep/results/diagnostics_summary.json
