[train-matched] device=mps  mode=shakespeare
[train-matched] tokens: train=321,124  val=16,901
[train-matched] params: 8,052,096   d=128  n_layer=8  n_head=4
[train-matched] step    50/4000   train 10.4223   lr 1.25e-04   grad 1.64   elapsed 19s
[train-matched] step   100/4000   train 9.2309   lr 2.50e-04   grad 1.77   elapsed 37s
[train-matched] step   150/4000   train 7.4212   lr 3.75e-04   grad 1.48   elapsed 58s
[train-matched] step   200/4000   train 6.2711   lr 5.00e-04   grad 2.54   elapsed 77s
[train-matched] >>> eval @ 200: train 5.9942   val 6.1607   ppl 473.78
[train-matched] step   250/4000   train 5.7700   lr 5.00e-04   grad 1.08   elapsed 102s
[train-matched] step   300/4000   train 5.4237   lr 4.99e-04   grad 0.99   elapsed 120s
[train-matched] step   350/4000   train 5.2107   lr 4.98e-04   grad 0.93   elapsed 138s
[train-matched] step   400/4000   train 5.0494   lr 4.97e-04   grad 1.45   elapsed 157s
[train-matched] >>> eval @ 400: train 4.9830   val 5.4492   ppl 232.57
[train-matched] step   450/4000   train 4.9202   lr 4.95e-04   grad 1.30   elapsed 183s
[train-matched] step   500/4000   train 4.8314   lr 4.92e-04   grad 0.94   elapsed 202s
[train-matched] step   550/4000   train 4.7202   lr 4.90e-04   grad 1.21   elapsed 221s
[train-matched] step   600/4000   train 4.6593   lr 4.87e-04   grad 1.63   elapsed 239s
[train-matched] >>> eval @ 600: train 4.6222   val 5.1886   ppl 179.22
[train-matched] step   650/4000   train 4.6053   lr 4.83e-04   grad 1.18   elapsed 265s
[train-matched] step   700/4000   train 4.5539   lr 4.79e-04   grad 1.46   elapsed 285s
[train-matched] step   750/4000   train 4.4712   lr 4.75e-04   grad 1.22   elapsed 304s
[train-matched] step   800/4000   train 4.4694   lr 4.70e-04   grad 1.28   elapsed 322s
[train-matched] >>> eval @ 800: train 4.4252   val 5.1407   ppl 170.84
[train-matched] step   850/4000   train 4.3842   lr 4.65e-04   grad 1.13   elapsed 352s
[train-matched] step   900/4000   train 4.3475   lr 4.59e-04   grad 1.31   elapsed 371s
[train-matched] step   950/4000   train 4.3042   lr 4.54e-04   grad 1.15   elapsed 391s
[train-matched] step  1000/4000   train 4.2796   lr 4.47e-04   grad 1.28   elapsed 409s
[train-matched] >>> eval @ 1000: train 4.2414   val 5.0506   ppl 156.11
[train-matched] step  1050/4000   train 4.2553   lr 4.41e-04   grad 1.18   elapsed 435s
[train-matched] step  1100/4000   train 4.1965   lr 4.34e-04   grad 1.20   elapsed 455s
[train-matched] step  1150/4000   train 4.1697   lr 4.27e-04   grad 1.31   elapsed 474s
[train-matched] step  1200/4000   train 4.1338   lr 4.19e-04   grad 1.36   elapsed 494s
[train-matched] >>> eval @ 1200: train 4.1337   val 5.0890   ppl 162.22
[train-matched] step  1250/4000   train 4.1130   lr 4.12e-04   grad 1.26   elapsed 520s
[train-matched] step  1300/4000   train 4.1121   lr 4.04e-04   grad 1.13   elapsed 541s
[train-matched] step  1350/4000   train 4.0093   lr 3.95e-04   grad 1.42   elapsed 564s
[train-matched] step  1400/4000   train 4.0218   lr 3.87e-04   grad 1.37   elapsed 584s
[train-matched] >>> eval @ 1400: train 4.0194   val 4.9573   ppl 142.21
[train-matched] step  1450/4000   train 4.0593   lr 3.78e-04   grad 1.37   elapsed 613s
[train-matched] step  1500/4000   train 4.0061   lr 3.69e-04   grad 1.21   elapsed 632s
[train-matched] step  1550/4000   train 3.9677   lr 3.60e-04   grad 1.51   elapsed 650s
[train-matched] step  1600/4000   train 3.9887   lr 3.51e-04   grad 1.30   elapsed 669s
[train-matched] >>> eval @ 1600: train 3.9558   val 4.9860   ppl 146.36
[train-matched] step  1650/4000   train 3.9268   lr 3.41e-04   grad 1.33   elapsed 695s
[train-matched] step  1700/4000   train 3.9400   lr 3.31e-04   grad 1.38   elapsed 715s
[train-matched] step  1750/4000   train 3.9151   lr 3.22e-04   grad 1.31   elapsed 734s
[train-matched] step  1800/4000   train 3.8766   lr 3.12e-04   grad 1.54   elapsed 753s
[train-matched] >>> eval @ 1800: train 3.9285   val 5.0149   ppl 150.64
[train-matched] step  1850/4000   train 3.8657   lr 3.02e-04   grad 1.25   elapsed 779s
[train-matched] step  1900/4000   train 3.8802   lr 2.91e-04   grad 1.63   elapsed 800s
[train-matched] step  1950/4000   train 3.8288   lr 2.81e-04   grad 1.25   elapsed 821s
[train-matched] step  2000/4000   train 3.7756   lr 2.71e-04   grad 1.43   elapsed 843s
[train-matched] >>> eval @ 2000: train 3.7993   val 4.9644   ppl 143.22
[train-matched] step  2050/4000   train 3.8328   lr 2.61e-04   grad 1.55   elapsed 873s
[train-matched] step  2100/4000   train 3.7766   lr 2.50e-04   grad 1.49   elapsed 893s
[train-matched] step  2150/4000   train 3.7658   lr 2.40e-04   grad 1.49   elapsed 914s
[train-matched] step  2200/4000   train 3.7525   lr 2.30e-04   grad 1.27   elapsed 932s
[train-matched] >>> eval @ 2200: train 3.7388   val 5.0128   ppl 150.33
[train-matched] step  2250/4000   train 3.7431   lr 2.19e-04   grad 1.35   elapsed 960s
[train-matched] step  2300/4000   train 3.7519   lr 2.09e-04   grad 1.58   elapsed 980s
[train-matched] step  2350/4000   train 3.7155   lr 1.99e-04   grad 1.35   elapsed 1000s
[train-matched] step  2400/4000   train 3.6956   lr 1.89e-04   grad 1.51   elapsed 1018s
[train-matched] >>> eval @ 2400: train 3.6913   val 5.0792   ppl 160.65
[train-matched] step  2450/4000   train 3.7455   lr 1.79e-04   grad 1.76   elapsed 1044s
[train-matched] step  2500/4000   train 3.7064   lr 1.69e-04   grad 1.35   elapsed 1064s
[train-matched] step  2550/4000   train 3.6622   lr 1.59e-04   grad 1.74   elapsed 1082s
[train-matched] step  2600/4000   train 3.6513   lr 1.50e-04   grad 2.17   elapsed 1100s
[train-matched] >>> eval @ 2600: train 3.6526   val 4.9565   ppl 142.10
[train-matched] step  2650/4000   train 3.6754   lr 1.40e-04   grad 1.65   elapsed 1128s
[train-matched] step  2700/4000   train 3.6261   lr 1.31e-04   grad 1.43   elapsed 1149s
[train-matched] step  2750/4000   train 3.6164   lr 1.22e-04   grad 1.61   elapsed 1167s
[train-matched] step  2800/4000   train 3.6505   lr 1.13e-04   grad 1.64   elapsed 1187s
[train-matched] >>> eval @ 2800: train 3.6505   val 5.1009   ppl 164.17
[train-matched] step  2850/4000   train 3.5726   lr 1.05e-04   grad 1.53   elapsed 1215s
[train-matched] step  2900/4000   train 3.6093   lr 9.66e-05   grad 1.65   elapsed 1236s
[train-matched] step  2950/4000   train 3.5603   lr 8.86e-05   grad 1.59   elapsed 1256s
[train-matched] step  3000/4000   train 3.6294   lr 8.08e-05   grad 1.51   elapsed 1274s
[train-matched] >>> eval @ 3000: train 3.5775   val 5.0181   ppl 151.12
[train-matched] step  3050/4000   train 3.5982   lr 7.34e-05   grad 1.46   elapsed 1301s
[train-matched] step  3100/4000   train 3.5443   lr 6.62e-05   grad 1.60   elapsed 1321s
[train-matched] step  3150/4000   train 3.5583   lr 5.94e-05   grad 1.56   elapsed 1341s
[train-matched] step  3200/4000   train 3.5824   lr 5.28e-05   grad 1.63   elapsed 1359s
[train-matched] >>> eval @ 3200: train 3.5713   val 4.9823   ppl 145.81
[train-matched] step  3250/4000   train 3.5778   lr 4.67e-05   grad 1.57   elapsed 1388s
[train-matched] step  3300/4000   train 3.5522   lr 4.08e-05   grad 2.10   elapsed 1408s
[train-matched] step  3350/4000   train 3.5355   lr 3.53e-05   grad 1.52   elapsed 1428s
[train-matched] step  3400/4000   train 3.5615   lr 3.02e-05   grad 1.80   elapsed 1447s
[train-matched] >>> eval @ 3400: train 3.5629   val 4.9869   ppl 146.48
[train-matched] step  3450/4000   train 3.5227   lr 2.55e-05   grad 1.48   elapsed 1476s
[train-matched] step  3500/4000   train 3.5173   lr 2.11e-05   grad 1.46   elapsed 1497s
[train-matched] step  3550/4000   train 3.5475   lr 1.72e-05   grad 1.45   elapsed 1516s
[train-matched] step  3600/4000   train 3.5204   lr 1.36e-05   grad 1.56   elapsed 1536s
[train-matched] >>> eval @ 3600: train 3.5007   val 5.0120   ppl 150.20
[train-matched] step  3650/4000   train 3.5367   lr 1.05e-05   grad 1.55   elapsed 1567s
[train-matched] step  3700/4000   train 3.5260   lr 7.70e-06   grad 1.57   elapsed 1588s
[train-matched] step  3750/4000   train 3.5379   lr 5.36e-06   grad 1.43   elapsed 1610s
[train-matched] step  3800/4000   train 3.5434   lr 3.44e-06   grad 1.56   elapsed 1631s
[train-matched] >>> eval @ 3800: train 3.5152   val 5.0249   ppl 152.16
[train-matched] step  3850/4000   train 3.5198   lr 1.95e-06   grad 1.55   elapsed 1659s
[train-matched] step  3900/4000   train 3.5191   lr 8.71e-07   grad 1.47   elapsed 1679s
[train-matched] step  3950/4000   train 3.5706   lr 2.22e-07   grad 1.55   elapsed 1697s
[train-matched] step  4000/4000   train 3.5222   lr 8.54e-11   grad 1.59   elapsed 1716s
[train-matched] >>> eval @ 4000: train 3.5109   val 5.0421   ppl 154.79
[train-matched] done in 1723s
[train-matched] saved checkpoint -> /Users/dimitargueorguiev/git/ml/semsimula/notebooks/conservative_arch/results/matched_shakespeare_ckpt_latest.pt
[train-matched] saved loss curve -> /Users/dimitargueorguiev/git/ml/semsimula/notebooks/conservative_arch/results/matched_shakespeare_loss_curve.png
[train-matched] saved summary -> /Users/dimitargueorguiev/git/ml/semsimula/notebooks/conservative_arch/results/matched_shakespeare_summary.md
