[hybrid-train] device=mps  tag=hybrid_k4_m4_shakespeare_seed0
[hybrid-train] tokens: train=321,124  val=16,901
[hybrid-train] arch: n_attn=4, n_splm=4, d=128, v_hidden=512, v_depth=3, n_head=4, fixed_gamma=None, causal_force=True, ln_after_step=True
[hybrid-train] params: 7,916,420  (target ~8.0 M, delta -0.084 M)
[hybrid-train] step    50/4000   train 10.4629   lr 1.25e-04   grad 1.64   gamma=0.150   elapsed 18s
[hybrid-train] step   100/4000   train 9.2749   lr 2.50e-04   grad 1.66   gamma=0.149   elapsed 34s
[hybrid-train] step   150/4000   train 7.5428   lr 3.75e-04   grad 1.42   gamma=0.149   elapsed 48s
[hybrid-train] step   200/4000   train 6.3815   lr 5.00e-04   grad 0.88   gamma=0.149   elapsed 63s
[hybrid-train] >>> eval @ 200: train 6.0633   val 6.2224   ppl 503.92
[hybrid-train] step   250/4000   train 5.8759   lr 5.00e-04   grad 1.17   gamma=0.149   elapsed 85s
[hybrid-train] step   300/4000   train 5.5061   lr 4.99e-04   grad 0.96   gamma=0.149   elapsed 100s
[hybrid-train] step   350/4000   train 5.2975   lr 4.98e-04   grad 0.96   gamma=0.149   elapsed 115s
[hybrid-train] step   400/4000   train 5.1417   lr 4.97e-04   grad 0.94   gamma=0.149   elapsed 131s
[hybrid-train] >>> eval @ 400: train 5.0151   val 5.4541   ppl 233.70
[hybrid-train] step   450/4000   train 5.0124   lr 4.95e-04   grad 1.26   gamma=0.150   elapsed 158s
[hybrid-train] step   500/4000   train 4.8917   lr 4.92e-04   grad 0.93   gamma=0.150   elapsed 177s
[hybrid-train] step   550/4000   train 4.8517   lr 4.90e-04   grad 1.04   gamma=0.150   elapsed 197s
[hybrid-train] step   600/4000   train 4.7278   lr 4.87e-04   grad 1.03   gamma=0.150   elapsed 217s
[hybrid-train] >>> eval @ 600: train 4.7151   val 5.2628   ppl 193.02
[hybrid-train] step   650/4000   train 4.6414   lr 4.83e-04   grad 1.14   gamma=0.150   elapsed 246s
[hybrid-train] step   700/4000   train 4.6661   lr 4.79e-04   grad 1.34   gamma=0.150   elapsed 265s
[hybrid-train] step   750/4000   train 4.5569   lr 4.75e-04   grad 1.22   gamma=0.150   elapsed 285s
[hybrid-train] step   800/4000   train 4.5369   lr 4.70e-04   grad 1.59   gamma=0.151   elapsed 305s
[hybrid-train] >>> eval @ 800: train 4.5191   val 5.1728   ppl 176.41
[hybrid-train] step   850/4000   train 4.5060   lr 4.65e-04   grad 1.52   gamma=0.151   elapsed 333s
[hybrid-train] step   900/4000   train 4.4555   lr 4.59e-04   grad 1.28   gamma=0.151   elapsed 352s
[hybrid-train] step   950/4000   train 4.4427   lr 4.54e-04   grad 0.94   gamma=0.151   elapsed 373s
[hybrid-train] step  1000/4000   train 4.3616   lr 4.47e-04   grad 1.77   gamma=0.151   elapsed 397s
[hybrid-train] >>> eval @ 1000: train 4.4083   val 5.1220   ppl 167.67
[hybrid-train] step  1050/4000   train 4.3026   lr 4.41e-04   grad 1.30   gamma=0.151   elapsed 432s
[hybrid-train] step  1100/4000   train 4.2528   lr 4.34e-04   grad 1.13   gamma=0.151   elapsed 453s
[hybrid-train] step  1150/4000   train 4.2691   lr 4.27e-04   grad 1.05   gamma=0.152   elapsed 475s
[hybrid-train] step  1200/4000   train 4.2510   lr 4.19e-04   grad 1.14   gamma=0.152   elapsed 497s
[hybrid-train] >>> eval @ 1200: train 4.2931   val 5.0501   ppl 156.04
[hybrid-train] step  1250/4000   train 4.2528   lr 4.12e-04   grad 1.42   gamma=0.152   elapsed 529s
[hybrid-train] step  1300/4000   train 4.2124   lr 4.04e-04   grad 1.07   gamma=0.152   elapsed 551s
[hybrid-train] step  1350/4000   train 4.2138   lr 3.95e-04   grad 1.26   gamma=0.152   elapsed 574s
[hybrid-train] step  1400/4000   train 4.1714   lr 3.87e-04   grad 1.21   gamma=0.152   elapsed 596s
[hybrid-train] >>> eval @ 1400: train 4.1712   val 4.9914   ppl 147.14
[hybrid-train] step  1450/4000   train 4.1328   lr 3.78e-04   grad 1.03   gamma=0.152   elapsed 629s
[hybrid-train] step  1500/4000   train 4.1198   lr 3.69e-04   grad 1.31   gamma=0.152   elapsed 651s
[hybrid-train] step  1550/4000   train 4.0851   lr 3.60e-04   grad 1.15   gamma=0.153   elapsed 673s
[hybrid-train] step  1600/4000   train 4.0904   lr 3.51e-04   grad 1.37   gamma=0.153   elapsed 695s
[hybrid-train] >>> eval @ 1600: train 4.0377   val 4.9846   ppl 146.15
[hybrid-train] step  1650/4000   train 4.0884   lr 3.41e-04   grad 1.02   gamma=0.153   elapsed 730s
[hybrid-train] step  1700/4000   train 4.0800   lr 3.31e-04   grad 1.48   gamma=0.153   elapsed 752s
[hybrid-train] step  1750/4000   train 4.0853   lr 3.22e-04   grad 1.27   gamma=0.153   elapsed 774s
[hybrid-train] step  1800/4000   train 4.0256   lr 3.12e-04   grad 1.21   gamma=0.153   elapsed 795s
[hybrid-train] >>> eval @ 1800: train 4.0359   val 5.0276   ppl 152.57
[hybrid-train] step  1850/4000   train 3.9905   lr 3.02e-04   grad 1.38   gamma=0.153   elapsed 826s
[hybrid-train] step  1900/4000   train 3.9818   lr 2.91e-04   grad 1.10   gamma=0.153   elapsed 847s
[hybrid-train] step  1950/4000   train 4.0227   lr 2.81e-04   grad 1.29   gamma=0.153   elapsed 869s
[hybrid-train] step  2000/4000   train 3.9666   lr 2.71e-04   grad 1.44   gamma=0.153   elapsed 891s
[hybrid-train] >>> eval @ 2000: train 3.9678   val 5.0264   ppl 152.39
[hybrid-train] step  2050/4000   train 3.9788   lr 2.61e-04   grad 1.46   gamma=0.154   elapsed 922s
[hybrid-train] step  2100/4000   train 3.9754   lr 2.50e-04   grad 1.52   gamma=0.154   elapsed 944s
[hybrid-train] step  2150/4000   train 3.9221   lr 2.40e-04   grad 1.30   gamma=0.154   elapsed 966s
[hybrid-train] step  2200/4000   train 3.9004   lr 2.30e-04   grad 1.39   gamma=0.154   elapsed 988s
[hybrid-train] >>> eval @ 2200: train 3.9174   val 4.9660   ppl 143.46
[hybrid-train] step  2250/4000   train 3.9241   lr 2.19e-04   grad 1.83   gamma=0.154   elapsed 1019s
[hybrid-train] step  2300/4000   train 3.9204   lr 2.09e-04   grad 1.27   gamma=0.154   elapsed 1042s
[hybrid-train] step  2350/4000   train 3.8632   lr 1.99e-04   grad 1.51   gamma=0.154   elapsed 1065s
[hybrid-train] step  2400/4000   train 3.8992   lr 1.89e-04   grad 1.36   gamma=0.154   elapsed 1087s
[hybrid-train] >>> eval @ 2400: train 3.8883   val 4.9866   ppl 146.43
[hybrid-train] step  2450/4000   train 3.8456   lr 1.79e-04   grad 1.35   gamma=0.154   elapsed 1122s
[hybrid-train] step  2500/4000   train 3.8791   lr 1.69e-04   grad 1.56   gamma=0.154   elapsed 1146s
[hybrid-train] step  2550/4000   train 3.8520   lr 1.59e-04   grad 1.35   gamma=0.154   elapsed 1169s
[hybrid-train] step  2600/4000   train 3.8557   lr 1.50e-04   grad 1.25   gamma=0.154   elapsed 1191s
[hybrid-train] >>> eval @ 2600: train 3.8160   val 4.9758   ppl 144.86
[hybrid-train] step  2650/4000   train 3.7720   lr 1.40e-04   grad 1.51   gamma=0.154   elapsed 1223s
[hybrid-train] step  2700/4000   train 3.8390   lr 1.31e-04   grad 1.27   gamma=0.154   elapsed 1245s
[hybrid-train] step  2750/4000   train 3.8518   lr 1.22e-04   grad 1.49   gamma=0.154   elapsed 1267s
[hybrid-train] step  2800/4000   train 3.8050   lr 1.13e-04   grad 1.39   gamma=0.154   elapsed 1290s
[hybrid-train] >>> eval @ 2800: train 3.8325   val 4.9471   ppl 140.77
[hybrid-train] step  2850/4000   train 3.8422   lr 1.05e-04   grad 1.57   gamma=0.154   elapsed 1325s
[hybrid-train] step  2900/4000   train 3.8124   lr 9.66e-05   grad 1.36   gamma=0.154   elapsed 1350s
[hybrid-train] step  2950/4000   train 3.8047   lr 8.86e-05   grad 1.30   gamma=0.154   elapsed 1374s
[hybrid-train] step  3000/4000   train 3.7774   lr 8.08e-05   grad 1.59   gamma=0.154   elapsed 1397s
[hybrid-train] >>> eval @ 3000: train 3.8049   val 4.9609   ppl 142.73
[hybrid-train] step  3050/4000   train 3.8076   lr 7.34e-05   grad 1.45   gamma=0.154   elapsed 1431s
[hybrid-train] step  3100/4000   train 3.8104   lr 6.62e-05   grad 1.36   gamma=0.154   elapsed 1455s
[hybrid-train] step  3150/4000   train 3.7428   lr 5.94e-05   grad 1.45   gamma=0.154   elapsed 1478s
[hybrid-train] step  3200/4000   train 3.7648   lr 5.28e-05   grad 1.73   gamma=0.154   elapsed 1502s
[hybrid-train] >>> eval @ 3200: train 3.7897   val 5.0052   ppl 149.18
[hybrid-train] step  3250/4000   train 3.7562   lr 4.67e-05   grad 1.52   gamma=0.154   elapsed 1535s
[hybrid-train] step  3300/4000   train 3.7281   lr 4.08e-05   grad 1.54   gamma=0.154   elapsed 1559s
[hybrid-train] step  3350/4000   train 3.7818   lr 3.53e-05   grad 1.39   gamma=0.154   elapsed 1583s
[hybrid-train] step  3400/4000   train 3.7904   lr 3.02e-05   grad 1.35   gamma=0.154   elapsed 1607s
[hybrid-train] >>> eval @ 3400: train 3.7867   val 4.9873   ppl 146.54
[hybrid-train] step  3450/4000   train 3.7494   lr 2.55e-05   grad 1.80   gamma=0.154   elapsed 1641s
[hybrid-train] step  3500/4000   train 3.7266   lr 2.11e-05   grad 1.43   gamma=0.154   elapsed 1665s
[hybrid-train] step  3550/4000   train 3.7734   lr 1.72e-05   grad 1.47   gamma=0.154   elapsed 1688s
[hybrid-train] step  3600/4000   train 3.8042   lr 1.36e-05   grad 1.41   gamma=0.154   elapsed 1710s
[hybrid-train] >>> eval @ 3600: train 3.7332   val 5.0088   ppl 149.73
[hybrid-train] step  3650/4000   train 3.7745   lr 1.05e-05   grad 1.36   gamma=0.154   elapsed 1745s
[hybrid-train] step  3700/4000   train 3.7519   lr 7.70e-06   grad 1.66   gamma=0.154   elapsed 1770s
[hybrid-train] step  3750/4000   train 3.7614   lr 5.36e-06   grad 1.61   gamma=0.154   elapsed 1794s
[hybrid-train] step  3800/4000   train 3.7712   lr 3.44e-06   grad 1.36   gamma=0.154   elapsed 1817s
[hybrid-train] >>> eval @ 3800: train 3.7053   val 4.9161   ppl 136.47
[hybrid-train] step  3850/4000   train 3.7466   lr 1.95e-06   grad 1.77   gamma=0.154   elapsed 1851s
[hybrid-train] step  3900/4000   train 3.7466   lr 8.71e-07   grad 1.52   gamma=0.154   elapsed 1875s
[hybrid-train] step  3950/4000   train 3.7661   lr 2.22e-07   grad 1.40   gamma=0.154   elapsed 1898s
[hybrid-train] step  4000/4000   train 3.7650   lr 8.54e-11   grad 1.39   gamma=0.154   elapsed 1922s
[hybrid-train] >>> eval @ 4000: train 3.7651   val 4.8904   ppl 133.01
[hybrid-train] done in 1932s
[hybrid-train] saved checkpoint -> /Users/dimitargueorguiev/git/ml/semsimula/notebooks/conservative_arch/hybrid/results/hybrid_k4_m4_shakespeare_seed0_ckpt_latest.pt
[hybrid-train] saved loss curve -> /Users/dimitargueorguiev/git/ml/semsimula/notebooks/conservative_arch/hybrid/results/hybrid_k4_m4_shakespeare_seed0_loss_curve.png
[hybrid-train] saved summary -> /Users/dimitargueorguiev/git/ml/semsimula/notebooks/conservative_arch/hybrid/results/hybrid_k4_m4_shakespeare_seed0_summary.md
