[train-em-ln] device=mps  mode=shakespeare  fixed_gamma=0.05  results_dir=/Users/dimitargueorguiev/git/ml/semsimula/notebooks/conservative_arch/ln_damping_sweep/results/leakfree_5seed_confirmation/gamma0p05/seed0
[train-em-ln] tokens: train=321,124  val=16,901
[train-em-ln] params: 7,123,075   d=128  L=8  v_hidden=512  ln_after_step=True
[train-em-ln] causal_force=True  (FIXED (post-bug))  steps=4000
[train-em-ln] init mass: mean=1.453  std=0.203  min=1.151  max=1.915
[train-em-ln] step    50/4000   train 10.7552   lr 1.25e-04   grad 1.17   m[mean 1.446 std 0.204]   gamma=0.050   elapsed 15s
[train-em-ln] step   100/4000   train 9.6182   lr 2.50e-04   grad 1.63   m[mean 1.442 std 0.199]   gamma=0.050   elapsed 30s
[train-em-ln] step   150/4000   train 7.6541   lr 3.75e-04   grad 1.31   m[mean 1.450 std 0.202]   gamma=0.050   elapsed 47s
[train-em-ln] step   200/4000   train 6.4593   lr 5.00e-04   grad 0.36   m[mean 1.450 std 0.202]   gamma=0.050   elapsed 66s
[train-em-ln] step   200   val_loss=6.3953  val_ppl=599.04
[train-em-ln] step   250/4000   train 6.0875   lr 5.00e-04   grad 0.52   m[mean 1.457 std 0.212]   gamma=0.050   elapsed 91s
[train-em-ln] step   300/4000   train 5.8024   lr 4.99e-04   grad 0.58   m[mean 1.460 std 0.216]   gamma=0.050   elapsed 109s
[train-em-ln] step   350/4000   train 5.5794   lr 4.98e-04   grad 0.55   m[mean 1.464 std 0.211]   gamma=0.050   elapsed 127s
[train-em-ln] step   400/4000   train 5.4028   lr 4.97e-04   grad 0.68   m[mean 1.460 std 0.206]   gamma=0.050   elapsed 144s
[train-em-ln] step   400   val_loss=5.6743  val_ppl=291.27
[train-em-ln] step   450/4000   train 5.2516   lr 4.95e-04   grad 0.89   m[mean 1.458 std 0.212]   gamma=0.050   elapsed 167s
[train-em-ln] step   500/4000   train 5.1216   lr 4.92e-04   grad 0.83   m[mean 1.465 std 0.214]   gamma=0.050   elapsed 184s
[train-em-ln] step   550/4000   train 5.0598   lr 4.90e-04   grad 0.84   m[mean 1.469 std 0.213]   gamma=0.050   elapsed 203s
[train-em-ln] step   600/4000   train 4.9667   lr 4.87e-04   grad 1.55   m[mean 1.449 std 0.212]   gamma=0.050   elapsed 222s
[train-em-ln] step   600   val_loss=5.4477  val_ppl=232.23
[train-em-ln] step   650/4000   train 4.8706   lr 4.83e-04   grad 1.48   m[mean 1.464 std 0.216]   gamma=0.050   elapsed 246s
[train-em-ln] step   700/4000   train 4.8669   lr 4.79e-04   grad 1.58   m[mean 1.468 std 0.210]   gamma=0.050   elapsed 264s
[train-em-ln] step   750/4000   train 4.7642   lr 4.75e-04   grad 1.89   m[mean 1.461 std 0.214]   gamma=0.050   elapsed 284s
[train-em-ln] step   800/4000   train 4.7852   lr 4.70e-04   grad 1.37   m[mean 1.461 std 0.215]   gamma=0.050   elapsed 305s
[train-em-ln] step   800   val_loss=5.3861  val_ppl=218.35
[train-em-ln] step   850/4000   train 4.7198   lr 4.65e-04   grad 1.94   m[mean 1.470 std 0.216]   gamma=0.050   elapsed 331s
[train-em-ln] step   900/4000   train 4.6610   lr 4.59e-04   grad 0.86   m[mean 1.466 std 0.212]   gamma=0.050   elapsed 351s
[train-em-ln] step   950/4000   train 4.6531   lr 4.54e-04   grad 4.43   m[mean 1.459 std 0.212]   gamma=0.050   elapsed 371s
[train-em-ln] step  1000/4000   train 4.6514   lr 4.47e-04   grad 1.22   m[mean 1.458 std 0.214]   gamma=0.050   elapsed 389s
[train-em-ln] step  1000   val_loss=5.3222  val_ppl=204.83
[train-em-ln] step  1050/4000   train 4.6470   lr 4.41e-04   grad 1.53   m[mean 1.466 std 0.208]   gamma=0.050   elapsed 413s
[train-em-ln] step  1100/4000   train 4.5478   lr 4.34e-04   grad 2.00   m[mean 1.461 std 0.212]   gamma=0.050   elapsed 433s
[train-em-ln] step  1150/4000   train 4.5451   lr 4.27e-04   grad 1.28   m[mean 1.461 std 0.214]   gamma=0.050   elapsed 457s
[train-em-ln] step  1200/4000   train 4.5580   lr 4.19e-04   grad 3.19   m[mean 1.465 std 0.216]   gamma=0.050   elapsed 482s
[train-em-ln] step  1200   val_loss=5.2699  val_ppl=194.39
[train-em-ln] step  1250/4000   train 4.4418   lr 4.12e-04   grad 1.53   m[mean 1.461 std 0.216]   gamma=0.050   elapsed 507s
[train-em-ln] step  1300/4000   train 4.4715   lr 4.04e-04   grad 1.04   m[mean 1.459 std 0.213]   gamma=0.050   elapsed 525s
[train-em-ln] step  1350/4000   train 4.4703   lr 3.95e-04   grad 0.89   m[mean 1.464 std 0.215]   gamma=0.050   elapsed 542s
[train-em-ln] step  1400/4000   train 4.4567   lr 3.87e-04   grad 1.67   m[mean 1.464 std 0.213]   gamma=0.050   elapsed 560s
[train-em-ln] step  1400   val_loss=5.2521  val_ppl=190.96
[train-em-ln] step  1450/4000   train 4.4556   lr 3.78e-04   grad 1.77   m[mean 1.464 std 0.213]   gamma=0.050   elapsed 583s
[train-em-ln] step  1500/4000   train 4.4293   lr 3.69e-04   grad 0.91   m[mean 1.462 std 0.213]   gamma=0.050   elapsed 600s
[train-em-ln] step  1550/4000   train 4.4387   lr 3.60e-04   grad 1.50   m[mean 1.469 std 0.218]   gamma=0.050   elapsed 618s
[train-em-ln] step  1600/4000   train 4.4089   lr 3.51e-04   grad 1.62   m[mean 1.463 std 0.212]   gamma=0.050   elapsed 636s
[train-em-ln] step  1600   val_loss=5.2234  val_ppl=185.57
[train-em-ln] step  1650/4000   train 4.4071   lr 3.41e-04   grad 0.88   m[mean 1.459 std 0.208]   gamma=0.050   elapsed 660s
[train-em-ln] step  1700/4000   train 4.3670   lr 3.31e-04   grad 3.19   m[mean 1.461 std 0.214]   gamma=0.050   elapsed 678s
[train-em-ln] step  1750/4000   train 4.3617   lr 3.22e-04   grad 1.11   m[mean 1.463 std 0.215]   gamma=0.050   elapsed 696s
[train-em-ln] step  1800/4000   train 4.3233   lr 3.12e-04   grad 1.01   m[mean 1.458 std 0.210]   gamma=0.050   elapsed 714s
[train-em-ln] step  1800   val_loss=5.2217  val_ppl=185.25
[train-em-ln] step  1850/4000   train 4.3505   lr 3.02e-04   grad 2.10   m[mean 1.464 std 0.212]   gamma=0.050   elapsed 736s
[train-em-ln] step  1900/4000   train 4.3190   lr 2.91e-04   grad 1.72   m[mean 1.474 std 0.219]   gamma=0.050   elapsed 754s
[train-em-ln] step  1950/4000   train 4.3689   lr 2.81e-04   grad 1.86   m[mean 1.449 std 0.208]   gamma=0.050   elapsed 772s
[train-em-ln] step  2000/4000   train 4.3451   lr 2.71e-04   grad 1.34   m[mean 1.468 std 0.214]   gamma=0.050   elapsed 795s
[train-em-ln] step  2000   val_loss=5.2264  val_ppl=186.12
[train-em-ln] step  2050/4000   train 4.3255   lr 2.61e-04   grad 1.15   m[mean 1.455 std 0.214]   gamma=0.050   elapsed 821s
[train-em-ln] step  2100/4000   train 4.3093   lr 2.50e-04   grad 0.94   m[mean 1.464 std 0.214]   gamma=0.050   elapsed 839s
[train-em-ln] step  2150/4000   train 4.2898   lr 2.40e-04   grad 1.16   m[mean 1.463 std 0.210]   gamma=0.050   elapsed 856s
[train-em-ln] step  2200/4000   train 4.2621   lr 2.30e-04   grad 2.91   m[mean 1.467 std 0.212]   gamma=0.050   elapsed 873s
[train-em-ln] step  2200   val_loss=5.1886  val_ppl=179.22
[train-em-ln] step  2250/4000   train 4.2991   lr 2.19e-04   grad 1.94   m[mean 1.454 std 0.210]   gamma=0.050   elapsed 895s
[train-em-ln] step  2300/4000   train 4.2946   lr 2.09e-04   grad 1.41   m[mean 1.456 std 0.212]   gamma=0.050   elapsed 913s
[train-em-ln] step  2350/4000   train 4.2577   lr 1.99e-04   grad 1.40   m[mean 1.465 std 0.212]   gamma=0.050   elapsed 930s
[train-em-ln] step  2400/4000   train 4.2773   lr 1.89e-04   grad 1.20   m[mean 1.456 std 0.209]   gamma=0.050   elapsed 948s
[train-em-ln] step  2400   val_loss=5.1842  val_ppl=178.43
[train-em-ln] step  2450/4000   train 4.2386   lr 1.79e-04   grad 1.21   m[mean 1.453 std 0.211]   gamma=0.050   elapsed 972s
[train-em-ln] step  2500/4000   train 4.2500   lr 1.69e-04   grad 0.93   m[mean 1.452 std 0.211]   gamma=0.050   elapsed 990s
[train-em-ln] step  2550/4000   train 4.2162   lr 1.59e-04   grad 1.73   m[mean 1.463 std 0.210]   gamma=0.050   elapsed 1007s
[train-em-ln] step  2600/4000   train 4.2375   lr 1.50e-04   grad 1.27   m[mean 1.459 std 0.209]   gamma=0.050   elapsed 1025s
[train-em-ln] step  2600   val_loss=5.2146  val_ppl=183.94
[train-em-ln] step  2650/4000   train 4.2409   lr 1.40e-04   grad 2.43   m[mean 1.464 std 0.213]   gamma=0.050   elapsed 1048s
[train-em-ln] step  2700/4000   train 4.2243   lr 1.31e-04   grad 1.23   m[mean 1.458 std 0.216]   gamma=0.050   elapsed 1065s
[train-em-ln] step  2750/4000   train 4.2366   lr 1.22e-04   grad 1.16   m[mean 1.459 std 0.212]   gamma=0.050   elapsed 1083s
[train-em-ln] step  2800/4000   train 4.2137   lr 1.13e-04   grad 1.10   m[mean 1.453 std 0.214]   gamma=0.050   elapsed 1101s
[train-em-ln] step  2800   val_loss=5.1673  val_ppl=175.43
[train-em-ln] step  2850/4000   train 4.1996   lr 1.05e-04   grad 1.43   m[mean 1.458 std 0.214]   gamma=0.050   elapsed 1124s
[train-em-ln] step  2900/4000   train 4.2326   lr 9.66e-05   grad 1.13   m[mean 1.455 std 0.213]   gamma=0.050   elapsed 1143s
[train-em-ln] step  2950/4000   train 4.2186   lr 8.86e-05   grad 1.31   m[mean 1.462 std 0.214]   gamma=0.050   elapsed 1161s
[train-em-ln] step  3000/4000   train 4.2158   lr 8.08e-05   grad 1.83   m[mean 1.458 std 0.214]   gamma=0.050   elapsed 1179s
[train-em-ln] step  3000   val_loss=5.2084  val_ppl=182.80
[train-em-ln] step  3050/4000   train 4.1795   lr 7.34e-05   grad 1.15   m[mean 1.456 std 0.210]   gamma=0.050   elapsed 1203s
[train-em-ln] step  3100/4000   train 4.1705   lr 6.62e-05   grad 1.08   m[mean 1.448 std 0.205]   gamma=0.050   elapsed 1220s
[train-em-ln] step  3150/4000   train 4.2171   lr 5.94e-05   grad 1.12   m[mean 1.460 std 0.214]   gamma=0.050   elapsed 1239s
[train-em-ln] step  3200/4000   train 4.2149   lr 5.28e-05   grad 1.00   m[mean 1.457 std 0.210]   gamma=0.050   elapsed 1258s
[train-em-ln] step  3200   val_loss=5.2107  val_ppl=183.22
[train-em-ln] step  3250/4000   train 4.1909   lr 4.67e-05   grad 1.04   m[mean 1.469 std 0.215]   gamma=0.050   elapsed 1283s
[train-em-ln] step  3300/4000   train 4.2065   lr 4.08e-05   grad 0.86   m[mean 1.464 std 0.211]   gamma=0.050   elapsed 1300s
[train-em-ln] step  3350/4000   train 4.1908   lr 3.53e-05   grad 1.03   m[mean 1.462 std 0.214]   gamma=0.050   elapsed 1317s
[train-em-ln] step  3400/4000   train 4.2275   lr 3.02e-05   grad 2.28   m[mean 1.462 std 0.215]   gamma=0.050   elapsed 1335s
[train-em-ln] step  3400   val_loss=5.1720  val_ppl=176.27
[train-em-ln] step  3450/4000   train 4.1970   lr 2.55e-05   grad 1.09   m[mean 1.464 std 0.212]   gamma=0.050   elapsed 1358s
[train-em-ln] step  3500/4000   train 4.2113   lr 2.11e-05   grad 0.98   m[mean 1.465 std 0.213]   gamma=0.050   elapsed 1376s
[train-em-ln] step  3550/4000   train 4.2104   lr 1.72e-05   grad 0.96   m[mean 1.466 std 0.218]   gamma=0.050   elapsed 1394s
[train-em-ln] step  3600/4000   train 4.2052   lr 1.36e-05   grad 1.45   m[mean 1.467 std 0.214]   gamma=0.050   elapsed 1412s
[train-em-ln] step  3600   val_loss=5.1725  val_ppl=176.35
[train-em-ln] step  3650/4000   train 4.1566   lr 1.05e-05   grad 0.99   m[mean 1.468 std 0.218]   gamma=0.050   elapsed 1438s
[train-em-ln] step  3700/4000   train 4.1819   lr 7.70e-06   grad 0.90   m[mean 1.455 std 0.213]   gamma=0.050   elapsed 1455s
[train-em-ln] step  3750/4000   train 4.2238   lr 5.36e-06   grad 1.11   m[mean 1.465 std 0.213]   gamma=0.050   elapsed 1472s
[train-em-ln] step  3800/4000   train 4.1661   lr 3.44e-06   grad 0.90   m[mean 1.462 std 0.213]   gamma=0.050   elapsed 1489s
[train-em-ln] step  3800   val_loss=5.1631  val_ppl=174.71
[train-em-ln] step  3850/4000   train 4.1821   lr 1.95e-06   grad 1.33   m[mean 1.476 std 0.222]   gamma=0.050   elapsed 1512s
[train-em-ln] step  3900/4000   train 4.2223   lr 8.71e-07   grad 1.28   m[mean 1.463 std 0.219]   gamma=0.050   elapsed 1529s
[train-em-ln] step  3950/4000   train 4.2194   lr 2.22e-07   grad 1.42   m[mean 1.478 std 0.218]   gamma=0.050   elapsed 1547s
[train-em-ln] step  4000/4000   train 4.2033   lr 8.54e-11   grad 1.05   m[mean 1.455 std 0.211]   gamma=0.050   elapsed 1566s
[train-em-ln] step  4000   val_loss=5.2350  val_ppl=187.73

[train-em-ln] DONE  val_loss=5.2142  val_ppl=183.86  gamma=0.0500
[train-em-ln] checkpoint saved to /Users/dimitargueorguiev/git/ml/semsimula/notebooks/conservative_arch/ln_damping_sweep/results/leakfree_5seed_confirmation/gamma0p05/seed0/splm_em_ln_shakespeare_confS5_splm2_g0p05_seed0_ckpt_latest.pt
[train-em-ln] summary written to /Users/dimitargueorguiev/git/ml/semsimula/notebooks/conservative_arch/ln_damping_sweep/results/leakfree_5seed_confirmation/gamma0p05/seed0/splm_em_ln_shakespeare_confS5_splm2_g0p05_seed0_summary.md
