[train-attn] device=mps  mode=shakespeare  seed=1  results_dir=notebooks/conservative_arch/inference_efficiency/results/matched_attn/seed1
[train-attn] tokens: train=321,124  val=16,901
[train-attn] params: 8,052,096   d=128  L=8  n_head=4  mlp_mult=4  tie=True
[train-attn] step    50/4000   train 10.4223   lr 1.25e-04   grad 1.64   elapsed 17s
[train-attn] step   100/4000   train 9.2309   lr 2.50e-04   grad 1.77   elapsed 31s
[train-attn] step   150/4000   train 7.4212   lr 3.75e-04   grad 1.48   elapsed 47s
[train-attn] step   200/4000   train 6.2711   lr 5.00e-04   grad 2.54   elapsed 63s
[train-attn] step   200   val_loss=6.1607  val_ppl=473.78
[train-attn] step   250/4000   train 5.7795   lr 5.00e-04   grad 0.92   elapsed 85s
[train-attn] step   300/4000   train 5.4367   lr 4.99e-04   grad 0.82   elapsed 103s
[train-attn] step   350/4000   train 5.2175   lr 4.98e-04   grad 1.19   elapsed 120s
[train-attn] step   400/4000   train 5.0347   lr 4.97e-04   grad 0.92   elapsed 135s
[train-attn] step   400   val_loss=5.4343  val_ppl=229.12
[train-attn] step   450/4000   train 4.9569   lr 4.95e-04   grad 1.01   elapsed 154s
[train-attn] step   500/4000   train 4.8311   lr 4.92e-04   grad 1.07   elapsed 169s
[train-attn] step   550/4000   train 4.7564   lr 4.90e-04   grad 1.31   elapsed 184s
[train-attn] step   600/4000   train 4.6402   lr 4.87e-04   grad 1.36   elapsed 200s
[train-attn] step   600   val_loss=5.2649  val_ppl=193.42
[train-attn] step   650/4000   train 4.5770   lr 4.83e-04   grad 1.61   elapsed 220s
[train-attn] step   700/4000   train 4.5187   lr 4.79e-04   grad 1.94   elapsed 236s
[train-attn] step   750/4000   train 4.4701   lr 4.75e-04   grad 1.10   elapsed 252s
[train-attn] step   800/4000   train 4.4791   lr 4.70e-04   grad 1.40   elapsed 269s
[train-attn] step   800   val_loss=5.1942  val_ppl=180.23
[train-attn] step   850/4000   train 4.3815   lr 4.65e-04   grad 1.38   elapsed 289s
[train-attn] step   900/4000   train 4.4082   lr 4.59e-04   grad 1.34   elapsed 306s
[train-attn] step   950/4000   train 4.3320   lr 4.54e-04   grad 1.14   elapsed 325s
[train-attn] step  1000/4000   train 4.2613   lr 4.47e-04   grad 1.16   elapsed 345s
[train-attn] step  1000   val_loss=5.0976  val_ppl=163.63
[train-attn] step  1050/4000   train 4.2308   lr 4.41e-04   grad 1.76   elapsed 367s
[train-attn] step  1100/4000   train 4.1932   lr 4.34e-04   grad 1.36   elapsed 385s
[train-attn] step  1150/4000   train 4.1754   lr 4.27e-04   grad 1.18   elapsed 402s
[train-attn] step  1200/4000   train 4.1366   lr 4.19e-04   grad 1.30   elapsed 419s
[train-attn] step  1200   val_loss=5.0004  val_ppl=148.47
[train-attn] step  1250/4000   train 4.1093   lr 4.12e-04   grad 1.12   elapsed 440s
[train-attn] step  1300/4000   train 4.0788   lr 4.04e-04   grad 1.09   elapsed 469s
[train-attn] step  1350/4000   train 4.0625   lr 3.95e-04   grad 1.42   elapsed 508s
[train-attn] step  1400/4000   train 4.0422   lr 3.87e-04   grad 1.15   elapsed 549s
[train-attn] step  1400   val_loss=5.0696  val_ppl=159.11
[train-attn] step  1450/4000   train 4.0123   lr 3.78e-04   grad 1.42   elapsed 593s
[train-attn] step  1500/4000   train 4.0177   lr 3.69e-04   grad 1.20   elapsed 631s
[train-attn] step  1550/4000   train 3.9187   lr 3.60e-04   grad 1.25   elapsed 666s
[train-attn] step  1600/4000   train 3.9375   lr 3.51e-04   grad 1.27   elapsed 700s
[train-attn] step  1600   val_loss=4.9444  val_ppl=140.38
[train-attn] step  1650/4000   train 3.9256   lr 3.41e-04   grad 1.21   elapsed 742s
[train-attn] step  1700/4000   train 3.9506   lr 3.31e-04   grad 1.30   elapsed 776s
[train-attn] step  1750/4000   train 3.9140   lr 3.22e-04   grad 1.34   elapsed 810s
[train-attn] step  1800/4000   train 3.8525   lr 3.12e-04   grad 1.21   elapsed 844s
[train-attn] step  1800   val_loss=4.9805  val_ppl=145.55
[train-attn] step  1850/4000   train 3.9094   lr 3.02e-04   grad 1.23   elapsed 880s
[train-attn] step  1900/4000   train 3.8355   lr 2.91e-04   grad 1.39   elapsed 917s
[train-attn] step  1950/4000   train 3.8487   lr 2.81e-04   grad 1.52   elapsed 953s
[train-attn] step  2000/4000   train 3.8311   lr 2.71e-04   grad 1.28   elapsed 989s
[train-attn] step  2000   val_loss=4.9674  val_ppl=143.65
[train-attn] step  2050/4000   train 3.7735   lr 2.61e-04   grad 1.36   elapsed 1034s
[train-attn] step  2100/4000   train 3.7979   lr 2.50e-04   grad 1.45   elapsed 1068s
[train-attn] step  2150/4000   train 3.7754   lr 2.40e-04   grad 1.46   elapsed 1102s
[train-attn] step  2200/4000   train 3.7662   lr 2.30e-04   grad 1.35   elapsed 1137s
[train-attn] step  2200   val_loss=5.0313  val_ppl=153.12
[train-attn] step  2250/4000   train 3.7110   lr 2.19e-04   grad 1.37   elapsed 1179s
[train-attn] step  2300/4000   train 3.7081   lr 2.09e-04   grad 1.45   elapsed 1213s
[train-attn] step  2350/4000   train 3.7041   lr 1.99e-04   grad 1.31   elapsed 1245s
[train-attn] step  2400/4000   train 3.7144   lr 1.89e-04   grad 1.43   elapsed 1281s
[train-attn] step  2400   val_loss=5.0389  val_ppl=154.31
[train-attn] step  2450/4000   train 3.6873   lr 1.79e-04   grad 1.39   elapsed 1324s
[train-attn] step  2500/4000   train 3.6868   lr 1.69e-04   grad 1.67   elapsed 1358s
[train-attn] step  2550/4000   train 3.6359   lr 1.59e-04   grad 1.48   elapsed 1392s
[train-attn] step  2600/4000   train 3.6510   lr 1.50e-04   grad 1.59   elapsed 1427s
[train-attn] step  2600   val_loss=5.0160  val_ppl=150.80
[train-attn] step  2650/4000   train 3.6839   lr 1.40e-04   grad 1.54   elapsed 1466s
[train-attn] step  2700/4000   train 3.6368   lr 1.31e-04   grad 1.46   elapsed 1501s
[train-attn] step  2750/4000   train 3.6247   lr 1.22e-04   grad 1.60   elapsed 1538s
[train-attn] step  2800/4000   train 3.6255   lr 1.13e-04   grad 1.75   elapsed 1575s
[train-attn] step  2800   val_loss=4.9790  val_ppl=145.33
[train-attn] step  2850/4000   train 3.6588   lr 1.05e-04   grad 1.80   elapsed 1618s
[train-attn] step  2900/4000   train 3.6314   lr 9.66e-05   grad 1.58   elapsed 1655s
[train-attn] step  2950/4000   train 3.5779   lr 8.86e-05   grad 1.56   elapsed 1690s
[train-attn] step  3000/4000   train 3.5780   lr 8.08e-05   grad 1.48   elapsed 1724s
[train-attn] step  3000   val_loss=4.9571  val_ppl=142.19
[train-attn] step  3050/4000   train 3.5923   lr 7.34e-05   grad 1.69   elapsed 1768s
[train-attn] step  3100/4000   train 3.5873   lr 6.62e-05   grad 1.49   elapsed 1805s
[train-attn] step  3150/4000   train 3.5367   lr 5.94e-05   grad 1.58   elapsed 1839s
[train-attn] step  3200/4000   train 3.5784   lr 5.28e-05   grad 1.57   elapsed 1875s
[train-attn] step  3200   val_loss=5.0391  val_ppl=154.34
[train-attn] step  3250/4000   train 3.5546   lr 4.67e-05   grad 1.61   elapsed 1914s
[train-attn] step  3300/4000   train 3.5690   lr 4.08e-05   grad 1.62   elapsed 1949s
[train-attn] step  3350/4000   train 3.5097   lr 3.53e-05   grad 1.54   elapsed 1983s
[train-attn] step  3400/4000   train 3.5418   lr 3.02e-05   grad 1.66   elapsed 2017s
[train-attn] step  3400   val_loss=5.0660  val_ppl=158.54
[train-attn] step  3450/4000   train 3.5580   lr 2.55e-05   grad 1.70   elapsed 2059s
[train-attn] step  3500/4000   train 3.5145   lr 2.11e-05   grad 1.62   elapsed 2097s
[train-attn] step  3550/4000   train 3.5747   lr 1.72e-05   grad 1.82   elapsed 2132s
[train-attn] step  3600/4000   train 3.5163   lr 1.36e-05   grad 1.57   elapsed 2167s
[train-attn] step  3600   val_loss=4.9094  val_ppl=135.55
[train-attn] step  3650/4000   train 3.5054   lr 1.05e-05   grad 1.45   elapsed 2215s
[train-attn] step  3700/4000   train 3.5489   lr 7.70e-06   grad 1.89   elapsed 2251s
[train-attn] step  3750/4000   train 3.5763   lr 5.36e-06   grad 1.50   elapsed 2286s
[train-attn] step  3800/4000   train 3.5267   lr 3.44e-06   grad 1.64   elapsed 2321s
[train-attn] step  3800   val_loss=5.0770  val_ppl=160.30
[train-attn] step  3850/4000   train 3.5101   lr 1.95e-06   grad 1.57   elapsed 2364s
[train-attn] step  3900/4000   train 3.5330   lr 8.71e-07   grad 1.57   elapsed 2395s
[train-attn] step  3950/4000   train 3.5256   lr 2.22e-07   grad 1.55   elapsed 2419s
[train-attn] step  4000/4000   train 3.5537   lr 8.54e-11   grad 1.63   elapsed 2450s
[train-attn] step  4000   val_loss=4.9988  val_ppl=148.24

[train-attn] DONE  val_loss=4.9910  val_ppl=147.09  (matched attention baseline)
[train-attn] checkpoint saved to notebooks/conservative_arch/inference_efficiency/results/matched_attn/seed1/matched_baseline_shakespeare_seed1_ckpt_latest.pt
[train-attn] summary written to notebooks/conservative_arch/inference_efficiency/results/matched_attn/seed1/matched_baseline_shakespeare_seed1_summary.md
