[hybrid-train] device=mps  tag=hybrid_k4_m4_shakespeare_seed1
[hybrid-train] tokens: train=321,124  val=16,901
[hybrid-train] arch: n_attn=4, n_splm=4, d=128, v_hidden=512, v_depth=3, n_head=4, fixed_gamma=None, causal_force=True, ln_after_step=True
[hybrid-train] params: 7,916,420  (target ~8.0 M, delta -0.084 M)
[hybrid-train] step    50/4000   train 10.4588   lr 1.25e-04   grad 1.62   gamma=0.150   elapsed 17s
[hybrid-train] step   100/4000   train 9.2712   lr 2.50e-04   grad 1.71   gamma=0.149   elapsed 33s
[hybrid-train] step   150/4000   train 7.5285   lr 3.75e-04   grad 1.44   gamma=0.149   elapsed 48s
[hybrid-train] step   200/4000   train 6.3943   lr 5.00e-04   grad 0.85   gamma=0.149   elapsed 63s
[hybrid-train] >>> eval @ 200: train 6.1106   val 6.2665   ppl 526.64
[hybrid-train] step   250/4000   train 5.8883   lr 5.00e-04   grad 1.04   gamma=0.150   elapsed 85s
[hybrid-train] step   300/4000   train 5.5278   lr 4.99e-04   grad 1.05   gamma=0.149   elapsed 100s
[hybrid-train] step   350/4000   train 5.3076   lr 4.98e-04   grad 1.20   gamma=0.149   elapsed 115s
[hybrid-train] step   400/4000   train 5.1503   lr 4.97e-04   grad 1.31   gamma=0.149   elapsed 131s
[hybrid-train] >>> eval @ 400: train 5.0864   val 5.5050   ppl 245.92
[hybrid-train] step   450/4000   train 5.0144   lr 4.95e-04   grad 0.96   gamma=0.150   elapsed 155s
[hybrid-train] step   500/4000   train 4.9175   lr 4.92e-04   grad 0.86   gamma=0.150   elapsed 173s
[hybrid-train] step   550/4000   train 4.8077   lr 4.90e-04   grad 1.04   gamma=0.150   elapsed 193s
[hybrid-train] step   600/4000   train 4.7523   lr 4.87e-04   grad 1.47   gamma=0.150   elapsed 212s
[hybrid-train] >>> eval @ 600: train 4.7186   val 5.2329   ppl 187.33
[hybrid-train] step   650/4000   train 4.6967   lr 4.83e-04   grad 1.36   gamma=0.150   elapsed 238s
[hybrid-train] step   700/4000   train 4.6475   lr 4.79e-04   grad 1.12   gamma=0.150   elapsed 257s
[hybrid-train] step   750/4000   train 4.5611   lr 4.75e-04   grad 1.33   gamma=0.150   elapsed 277s
[hybrid-train] step   800/4000   train 4.5684   lr 4.70e-04   grad 1.18   gamma=0.150   elapsed 297s
[hybrid-train] >>> eval @ 800: train 4.5237   val 5.1879   ppl 179.09
[hybrid-train] step   850/4000   train 4.4831   lr 4.65e-04   grad 1.49   gamma=0.150   elapsed 328s
[hybrid-train] step   900/4000   train 4.4438   lr 4.59e-04   grad 1.28   gamma=0.151   elapsed 346s
[hybrid-train] step   950/4000   train 4.4044   lr 4.54e-04   grad 1.12   gamma=0.151   elapsed 364s
[hybrid-train] step  1000/4000   train 4.3784   lr 4.47e-04   grad 1.27   gamma=0.151   elapsed 382s
[hybrid-train] >>> eval @ 1000: train 4.3386   val 5.0655   ppl 158.47
[hybrid-train] step  1050/4000   train 4.3507   lr 4.41e-04   grad 1.30   gamma=0.151   elapsed 408s
[hybrid-train] step  1100/4000   train 4.3011   lr 4.34e-04   grad 1.13   gamma=0.151   elapsed 426s
[hybrid-train] step  1150/4000   train 4.2715   lr 4.27e-04   grad 1.36   gamma=0.151   elapsed 445s
[hybrid-train] step  1200/4000   train 4.2430   lr 4.19e-04   grad 1.34   gamma=0.151   elapsed 465s
[hybrid-train] >>> eval @ 1200: train 4.2365   val 5.0904   ppl 162.45
[hybrid-train] step  1250/4000   train 4.2208   lr 4.12e-04   grad 1.37   gamma=0.152   elapsed 495s
[hybrid-train] step  1300/4000   train 4.2248   lr 4.04e-04   grad 1.53   gamma=0.152   elapsed 517s
[hybrid-train] step  1350/4000   train 4.1278   lr 3.95e-04   grad 1.50   gamma=0.152   elapsed 538s
[hybrid-train] step  1400/4000   train 4.1461   lr 3.87e-04   grad 1.47   gamma=0.152   elapsed 558s
[hybrid-train] >>> eval @ 1400: train 4.1492   val 5.0104   ppl 149.96
[hybrid-train] step  1450/4000   train 4.1827   lr 3.78e-04   grad 1.20   gamma=0.152   elapsed 586s
[hybrid-train] step  1500/4000   train 4.1358   lr 3.69e-04   grad 1.27   gamma=0.152   elapsed 606s
[hybrid-train] step  1550/4000   train 4.0947   lr 3.60e-04   grad 1.15   gamma=0.152   elapsed 628s
[hybrid-train] step  1600/4000   train 4.1228   lr 3.51e-04   grad 1.67   gamma=0.153   elapsed 651s
[hybrid-train] >>> eval @ 1600: train 4.0948   val 5.0320   ppl 153.24
[hybrid-train] step  1650/4000   train 4.0720   lr 3.41e-04   grad 1.17   gamma=0.153   elapsed 682s
[hybrid-train] step  1700/4000   train 4.0804   lr 3.31e-04   grad 1.14   gamma=0.153   elapsed 705s
[hybrid-train] step  1750/4000   train 4.0655   lr 3.22e-04   grad 1.32   gamma=0.153   elapsed 726s
[hybrid-train] step  1800/4000   train 4.0242   lr 3.12e-04   grad 1.39   gamma=0.153   elapsed 748s
[hybrid-train] >>> eval @ 1800: train 4.0755   val 5.0172   ppl 150.99
[hybrid-train] step  1850/4000   train 4.0154   lr 3.02e-04   grad 1.24   gamma=0.153   elapsed 780s
[hybrid-train] step  1900/4000   train 4.0361   lr 2.91e-04   grad 1.45   gamma=0.153   elapsed 801s
[hybrid-train] step  1950/4000   train 3.9857   lr 2.81e-04   grad 1.31   gamma=0.153   elapsed 823s
[hybrid-train] step  2000/4000   train 3.9342   lr 2.71e-04   grad 1.42   gamma=0.153   elapsed 844s
[hybrid-train] >>> eval @ 2000: train 3.9582   val 4.9729   ppl 144.45
[hybrid-train] step  2050/4000   train 3.9992   lr 2.61e-04   grad 1.56   gamma=0.153   elapsed 876s
[hybrid-train] step  2100/4000   train 3.9490   lr 2.50e-04   grad 1.29   gamma=0.153   elapsed 898s
[hybrid-train] step  2150/4000   train 3.9411   lr 2.40e-04   grad 1.40   gamma=0.153   elapsed 919s
[hybrid-train] step  2200/4000   train 3.9321   lr 2.30e-04   grad 1.16   gamma=0.153   elapsed 941s
[hybrid-train] >>> eval @ 2200: train 3.9197   val 5.0103   ppl 149.95
[hybrid-train] step  2250/4000   train 3.9203   lr 2.19e-04   grad 1.40   gamma=0.154   elapsed 972s
[hybrid-train] step  2300/4000   train 3.9312   lr 2.09e-04   grad 1.41   gamma=0.154   elapsed 994s
[hybrid-train] step  2350/4000   train 3.9005   lr 1.99e-04   grad 1.89   gamma=0.154   elapsed 1016s
[hybrid-train] step  2400/4000   train 3.8838   lr 1.89e-04   grad 1.16   gamma=0.154   elapsed 1038s
[hybrid-train] >>> eval @ 2400: train 3.8778   val 5.0761   ppl 160.15
[hybrid-train] step  2450/4000   train 3.9335   lr 1.79e-04   grad 1.53   gamma=0.154   elapsed 1072s
[hybrid-train] step  2500/4000   train 3.8959   lr 1.69e-04   grad 1.75   gamma=0.154   elapsed 1094s
[hybrid-train] step  2550/4000   train 3.8506   lr 1.59e-04   grad 1.50   gamma=0.154   elapsed 1116s
[hybrid-train] step  2600/4000   train 3.8501   lr 1.50e-04   grad 1.36   gamma=0.154   elapsed 1138s
[hybrid-train] >>> eval @ 2600: train 3.8465   val 4.9649   ppl 143.30
[hybrid-train] step  2650/4000   train 3.8743   lr 1.40e-04   grad 1.59   gamma=0.154   elapsed 1169s
[hybrid-train] step  2700/4000   train 3.8286   lr 1.31e-04   grad 1.47   gamma=0.154   elapsed 1190s
[hybrid-train] step  2750/4000   train 3.8201   lr 1.22e-04   grad 1.45   gamma=0.154   elapsed 1212s
[hybrid-train] step  2800/4000   train 3.8558   lr 1.13e-04   grad 1.38   gamma=0.154   elapsed 1234s
[hybrid-train] >>> eval @ 2800: train 3.8599   val 5.0943   ppl 163.09
[hybrid-train] step  2850/4000   train 3.7828   lr 1.05e-04   grad 1.40   gamma=0.154   elapsed 1265s
[hybrid-train] step  2900/4000   train 3.8204   lr 9.66e-05   grad 1.52   gamma=0.154   elapsed 1287s
[hybrid-train] step  2950/4000   train 3.7773   lr 8.86e-05   grad 1.61   gamma=0.154   elapsed 1309s
[hybrid-train] step  3000/4000   train 3.8452   lr 8.08e-05   grad 1.44   gamma=0.154   elapsed 1330s
[hybrid-train] >>> eval @ 3000: train 3.7966   val 5.0040   ppl 149.01
[hybrid-train] step  3050/4000   train 3.8159   lr 7.34e-05   grad 1.36   gamma=0.154   elapsed 1362s
[hybrid-train] step  3100/4000   train 3.7648   lr 6.62e-05   grad 1.40   gamma=0.154   elapsed 1384s
[hybrid-train] step  3150/4000   train 3.7810   lr 5.94e-05   grad 1.43   gamma=0.154   elapsed 1405s
[hybrid-train] step  3200/4000   train 3.8061   lr 5.28e-05   grad 1.52   gamma=0.154   elapsed 1427s
[hybrid-train] >>> eval @ 3200: train 3.7971   val 4.9706   ppl 144.12
[hybrid-train] step  3250/4000   train 3.8003   lr 4.67e-05   grad 1.52   gamma=0.154   elapsed 1459s
[hybrid-train] step  3300/4000   train 3.7765   lr 4.08e-05   grad 1.51   gamma=0.154   elapsed 1481s
[hybrid-train] step  3350/4000   train 3.7634   lr 3.53e-05   grad 1.42   gamma=0.154   elapsed 1502s
[hybrid-train] step  3400/4000   train 3.7905   lr 3.02e-05   grad 1.54   gamma=0.154   elapsed 1524s
[hybrid-train] >>> eval @ 3400: train 3.7955   val 4.9712   ppl 144.20
[hybrid-train] step  3450/4000   train 3.7534   lr 2.55e-05   grad 1.42   gamma=0.154   elapsed 1556s
[hybrid-train] step  3500/4000   train 3.7448   lr 2.11e-05   grad 1.48   gamma=0.154   elapsed 1577s
[hybrid-train] step  3550/4000   train 3.7810   lr 1.72e-05   grad 1.36   gamma=0.154   elapsed 1599s
[hybrid-train] step  3600/4000   train 3.7495   lr 1.36e-05   grad 1.46   gamma=0.154   elapsed 1621s
[hybrid-train] >>> eval @ 3600: train 3.7319   val 4.9952   ppl 147.70
[hybrid-train] step  3650/4000   train 3.7673   lr 1.05e-05   grad 1.49   gamma=0.154   elapsed 1653s
[hybrid-train] step  3700/4000   train 3.7547   lr 7.70e-06   grad 1.46   gamma=0.154   elapsed 1675s
[hybrid-train] step  3750/4000   train 3.7685   lr 5.36e-06   grad 1.33   gamma=0.154   elapsed 1697s
[hybrid-train] step  3800/4000   train 3.7807   lr 3.44e-06   grad 1.49   gamma=0.154   elapsed 1719s
[hybrid-train] >>> eval @ 3800: train 3.7481   val 5.0115   ppl 150.13
[hybrid-train] step  3850/4000   train 3.7508   lr 1.95e-06   grad 1.36   gamma=0.154   elapsed 1751s
[hybrid-train] step  3900/4000   train 3.7491   lr 8.71e-07   grad 1.60   gamma=0.154   elapsed 1775s
[hybrid-train] step  3950/4000   train 3.8004   lr 2.22e-07   grad 1.39   gamma=0.154   elapsed 1797s
[hybrid-train] step  4000/4000   train 3.7565   lr 8.54e-11   grad 1.42   gamma=0.154   elapsed 1819s
[hybrid-train] >>> eval @ 4000: train 3.7409   val 5.0255   ppl 152.25
[hybrid-train] done in 1829s
[hybrid-train] saved checkpoint -> /Users/dimitargueorguiev/git/ml/semsimula/notebooks/conservative_arch/hybrid/results/hybrid_k4_m4_shakespeare_seed1_ckpt_latest.pt
[hybrid-train] saved loss curve -> /Users/dimitargueorguiev/git/ml/semsimula/notebooks/conservative_arch/hybrid/results/hybrid_k4_m4_shakespeare_seed1_loss_curve.png
[hybrid-train] saved summary -> /Users/dimitargueorguiev/git/ml/semsimula/notebooks/conservative_arch/hybrid/results/hybrid_k4_m4_shakespeare_seed1_summary.md
