[train-em-ln] device=mps  mode=shakespeare  fixed_gamma=0.05  results_dir=/Users/dimitargueorguiev/git/ml/semsimula/notebooks/conservative_arch/ln_damping_sweep/results/leakfree_5seed_confirmation/gamma0p05/seed2
[train-em-ln] tokens: train=321,124  val=16,901
[train-em-ln] params: 7,123,075   d=128  L=8  v_hidden=512  ln_after_step=True
[train-em-ln] causal_force=True  (FIXED (post-bug))  steps=4000
[train-em-ln] init mass: mean=1.449  std=0.205  min=1.151  max=1.915
[train-em-ln] step    50/4000   train 10.7488   lr 1.25e-04   grad 1.04   m[mean 1.458 std 0.202]   gamma=0.050   elapsed 14s
[train-em-ln] step   100/4000   train 9.5939   lr 2.50e-04   grad 1.63   m[mean 1.445 std 0.199]   gamma=0.050   elapsed 27s
[train-em-ln] step   150/4000   train 7.6299   lr 3.75e-04   grad 1.29   m[mean 1.454 std 0.208]   gamma=0.050   elapsed 43s
[train-em-ln] step   200/4000   train 6.4457   lr 5.00e-04   grad 0.45   m[mean 1.464 std 0.211]   gamma=0.050   elapsed 60s
[train-em-ln] step   200   val_loss=6.3849  val_ppl=592.84
[train-em-ln] step   250/4000   train 6.0684   lr 5.00e-04   grad 0.49   m[mean 1.452 std 0.210]   gamma=0.050   elapsed 84s
[train-em-ln] step   300/4000   train 5.7899   lr 4.99e-04   grad 0.68   m[mean 1.454 std 0.210]   gamma=0.050   elapsed 103s
[train-em-ln] step   350/4000   train 5.5082   lr 4.98e-04   grad 0.92   m[mean 1.458 std 0.213]   gamma=0.050   elapsed 121s
[train-em-ln] step   400/4000   train 5.3573   lr 4.97e-04   grad 0.69   m[mean 1.455 std 0.212]   gamma=0.050   elapsed 139s
[train-em-ln] step   400   val_loss=5.6447  val_ppl=282.80
[train-em-ln] step   450/4000   train 5.1933   lr 4.95e-04   grad 1.26   m[mean 1.458 std 0.211]   gamma=0.050   elapsed 162s
[train-em-ln] step   500/4000   train 5.1074   lr 4.92e-04   grad 0.82   m[mean 1.455 std 0.210]   gamma=0.050   elapsed 180s
[train-em-ln] step   550/4000   train 5.0457   lr 4.90e-04   grad 0.70   m[mean 1.457 std 0.208]   gamma=0.050   elapsed 198s
[train-em-ln] step   600/4000   train 4.9605   lr 4.87e-04   grad 0.80   m[mean 1.457 std 0.207]   gamma=0.050   elapsed 215s
[train-em-ln] step   600   val_loss=5.4205  val_ppl=225.98
[train-em-ln] step   650/4000   train 4.8705   lr 4.83e-04   grad 1.22   m[mean 1.449 std 0.205]   gamma=0.050   elapsed 238s
[train-em-ln] step   700/4000   train 4.8113   lr 4.79e-04   grad 2.12   m[mean 1.468 std 0.212]   gamma=0.050   elapsed 256s
[train-em-ln] step   750/4000   train 4.8230   lr 4.75e-04   grad 2.83   m[mean 1.470 std 0.213]   gamma=0.050   elapsed 273s
[train-em-ln] step   800/4000   train 4.7101   lr 4.70e-04   grad 1.67   m[mean 1.463 std 0.214]   gamma=0.050   elapsed 292s
[train-em-ln] step   800   val_loss=5.2911  val_ppl=198.56
[train-em-ln] step   850/4000   train 4.6863   lr 4.65e-04   grad 1.03   m[mean 1.472 std 0.208]   gamma=0.050   elapsed 317s
[train-em-ln] step   900/4000   train 4.6721   lr 4.59e-04   grad 1.47   m[mean 1.463 std 0.214]   gamma=0.050   elapsed 335s
[train-em-ln] step   950/4000   train 4.6620   lr 4.54e-04   grad 2.08   m[mean 1.465 std 0.214]   gamma=0.050   elapsed 352s
[train-em-ln] step  1000/4000   train 4.5762   lr 4.47e-04   grad 2.21   m[mean 1.456 std 0.212]   gamma=0.050   elapsed 369s
[train-em-ln] step  1000   val_loss=5.2427  val_ppl=189.19
[train-em-ln] step  1050/4000   train 4.5947   lr 4.41e-04   grad 1.57   m[mean 1.455 std 0.209]   gamma=0.050   elapsed 392s
[train-em-ln] step  1100/4000   train 4.5714   lr 4.34e-04   grad 1.79   m[mean 1.462 std 0.215]   gamma=0.050   elapsed 409s
[train-em-ln] step  1150/4000   train 4.5168   lr 4.27e-04   grad 2.50   m[mean 1.454 std 0.209]   gamma=0.050   elapsed 430s
[train-em-ln] step  1200/4000   train 4.5129   lr 4.19e-04   grad 0.88   m[mean 1.470 std 0.217]   gamma=0.050   elapsed 457s
[train-em-ln] step  1200   val_loss=5.2785  val_ppl=196.08
[train-em-ln] step  1250/4000   train 4.5190   lr 4.12e-04   grad 2.04   m[mean 1.470 std 0.216]   gamma=0.050   elapsed 491s
[train-em-ln] step  1300/4000   train 4.5248   lr 4.04e-04   grad 1.10   m[mean 1.463 std 0.215]   gamma=0.050   elapsed 517s
[train-em-ln] step  1350/4000   train 4.4912   lr 3.95e-04   grad 1.76   m[mean 1.459 std 0.211]   gamma=0.050   elapsed 540s
[train-em-ln] step  1400/4000   train 4.4669   lr 3.87e-04   grad 1.13   m[mean 1.454 std 0.211]   gamma=0.050   elapsed 564s
[train-em-ln] step  1400   val_loss=5.1401  val_ppl=170.73
[train-em-ln] step  1450/4000   train 4.4195   lr 3.78e-04   grad 1.39   m[mean 1.458 std 0.211]   gamma=0.050   elapsed 594s
[train-em-ln] step  1500/4000   train 4.4584   lr 3.69e-04   grad 1.19   m[mean 1.465 std 0.211]   gamma=0.050   elapsed 618s
[train-em-ln] step  1550/4000   train 4.4012   lr 3.60e-04   grad 2.21   m[mean 1.470 std 0.217]   gamma=0.050   elapsed 642s
[train-em-ln] step  1600/4000   train 4.3783   lr 3.51e-04   grad 2.70   m[mean 1.457 std 0.216]   gamma=0.050   elapsed 666s
[train-em-ln] step  1600   val_loss=5.2828  val_ppl=196.93
[train-em-ln] step  1650/4000   train 4.3931   lr 3.41e-04   grad 1.35   m[mean 1.461 std 0.212]   gamma=0.050   elapsed 696s
[train-em-ln] step  1700/4000   train 4.3832   lr 3.31e-04   grad 1.11   m[mean 1.473 std 0.218]   gamma=0.050   elapsed 720s
[train-em-ln] step  1750/4000   train 4.3673   lr 3.22e-04   grad 2.04   m[mean 1.466 std 0.215]   gamma=0.050   elapsed 744s
[train-em-ln] step  1800/4000   train 4.3512   lr 3.12e-04   grad 1.99   m[mean 1.455 std 0.210]   gamma=0.050   elapsed 768s
[train-em-ln] step  1800   val_loss=5.2659  val_ppl=193.62
[train-em-ln] step  1850/4000   train 4.3212   lr 3.02e-04   grad 2.41   m[mean 1.459 std 0.214]   gamma=0.050   elapsed 800s
[train-em-ln] step  1900/4000   train 4.3480   lr 2.91e-04   grad 1.22   m[mean 1.460 std 0.211]   gamma=0.050   elapsed 823s
[train-em-ln] step  1950/4000   train 4.3126   lr 2.81e-04   grad 1.96   m[mean 1.464 std 0.214]   gamma=0.050   elapsed 843s
[train-em-ln] step  2000/4000   train 4.3446   lr 2.71e-04   grad 2.33   m[mean 1.462 std 0.215]   gamma=0.050   elapsed 863s
[train-em-ln] step  2000   val_loss=5.2272  val_ppl=186.27
[train-em-ln] step  2050/4000   train 4.3275   lr 2.61e-04   grad 2.63   m[mean 1.467 std 0.210]   gamma=0.050   elapsed 889s
[train-em-ln] step  2100/4000   train 4.3094   lr 2.50e-04   grad 2.55   m[mean 1.458 std 0.209]   gamma=0.050   elapsed 907s
[train-em-ln] step  2150/4000   train 4.2670   lr 2.40e-04   grad 1.75   m[mean 1.467 std 0.216]   gamma=0.050   elapsed 924s
[train-em-ln] step  2200/4000   train 4.2668   lr 2.30e-04   grad 1.18   m[mean 1.458 std 0.215]   gamma=0.050   elapsed 941s
[train-em-ln] step  2200   val_loss=5.2069  val_ppl=182.53
[train-em-ln] step  2250/4000   train 4.2641   lr 2.19e-04   grad 1.93   m[mean 1.457 std 0.213]   gamma=0.050   elapsed 964s
[train-em-ln] step  2300/4000   train 4.2575   lr 2.09e-04   grad 1.55   m[mean 1.461 std 0.215]   gamma=0.050   elapsed 984s
[train-em-ln] step  2350/4000   train 4.2515   lr 1.99e-04   grad 1.03   m[mean 1.463 std 0.217]   gamma=0.050   elapsed 1004s
[train-em-ln] step  2400/4000   train 4.2374   lr 1.89e-04   grad 0.90   m[mean 1.455 std 0.210]   gamma=0.050   elapsed 1024s
[train-em-ln] step  2400   val_loss=5.2329  val_ppl=187.34
[train-em-ln] step  2450/4000   train 4.2568   lr 1.79e-04   grad 1.22   m[mean 1.457 std 0.207]   gamma=0.050   elapsed 1051s
[train-em-ln] step  2500/4000   train 4.2538   lr 1.69e-04   grad 0.94   m[mean 1.460 std 0.211]   gamma=0.050   elapsed 1071s
[train-em-ln] step  2550/4000   train 4.2413   lr 1.59e-04   grad 2.17   m[mean 1.452 std 0.213]   gamma=0.050   elapsed 1093s
[train-em-ln] step  2600/4000   train 4.2560   lr 1.50e-04   grad 1.11   m[mean 1.462 std 0.214]   gamma=0.050   elapsed 1115s
[train-em-ln] step  2600   val_loss=5.2067  val_ppl=182.49
[train-em-ln] step  2650/4000   train 4.2197   lr 1.40e-04   grad 1.09   m[mean 1.464 std 0.215]   gamma=0.050   elapsed 1140s
[train-em-ln] step  2700/4000   train 4.2196   lr 1.31e-04   grad 1.02   m[mean 1.455 std 0.210]   gamma=0.050   elapsed 1157s
[train-em-ln] step  2750/4000   train 4.2275   lr 1.22e-04   grad 1.17   m[mean 1.461 std 0.213]   gamma=0.050   elapsed 1174s
[train-em-ln] step  2800/4000   train 4.2056   lr 1.13e-04   grad 2.39   m[mean 1.455 std 0.214]   gamma=0.050   elapsed 1192s
[train-em-ln] step  2800   val_loss=5.1636  val_ppl=174.79
[train-em-ln] step  2850/4000   train 4.1863   lr 1.05e-04   grad 1.11   m[mean 1.451 std 0.213]   gamma=0.050   elapsed 1215s
[train-em-ln] step  2900/4000   train 4.2095   lr 9.66e-05   grad 1.17   m[mean 1.467 std 0.217]   gamma=0.050   elapsed 1235s
[train-em-ln] step  2950/4000   train 4.2035   lr 8.86e-05   grad 1.19   m[mean 1.458 std 0.211]   gamma=0.050   elapsed 1255s
[train-em-ln] step  3000/4000   train 4.1918   lr 8.08e-05   grad 1.10   m[mean 1.451 std 0.207]   gamma=0.050   elapsed 1274s
[train-em-ln] step  3000   val_loss=5.1503  val_ppl=172.49
[train-em-ln] step  3050/4000   train 4.2199   lr 7.34e-05   grad 1.20   m[mean 1.458 std 0.213]   gamma=0.050   elapsed 1297s
[train-em-ln] step  3100/4000   train 4.2036   lr 6.62e-05   grad 1.23   m[mean 1.452 std 0.211]   gamma=0.050   elapsed 1314s
[train-em-ln] step  3150/4000   train 4.1928   lr 5.94e-05   grad 2.03   m[mean 1.470 std 0.220]   gamma=0.050   elapsed 1332s
[train-em-ln] step  3200/4000   train 4.2060   lr 5.28e-05   grad 1.25   m[mean 1.464 std 0.214]   gamma=0.050   elapsed 1352s
[train-em-ln] step  3200   val_loss=5.2062  val_ppl=182.40
[train-em-ln] step  3250/4000   train 4.1920   lr 4.67e-05   grad 1.23   m[mean 1.461 std 0.214]   gamma=0.050   elapsed 1377s
[train-em-ln] step  3300/4000   train 4.1997   lr 4.08e-05   grad 1.10   m[mean 1.469 std 0.216]   gamma=0.050   elapsed 1397s
[train-em-ln] step  3350/4000   train 4.2159   lr 3.53e-05   grad 0.96   m[mean 1.458 std 0.211]   gamma=0.050   elapsed 1416s
[train-em-ln] step  3400/4000   train 4.1962   lr 3.02e-05   grad 1.15   m[mean 1.463 std 0.213]   gamma=0.050   elapsed 1434s
[train-em-ln] step  3400   val_loss=5.1963  val_ppl=180.60
[train-em-ln] step  3450/4000   train 4.1874   lr 2.55e-05   grad 1.11   m[mean 1.455 std 0.211]   gamma=0.050   elapsed 1457s
[train-em-ln] step  3500/4000   train 4.1836   lr 2.11e-05   grad 1.21   m[mean 1.474 std 0.222]   gamma=0.050   elapsed 1476s
[train-em-ln] step  3550/4000   train 4.1955   lr 1.72e-05   grad 1.10   m[mean 1.465 std 0.214]   gamma=0.050   elapsed 1497s
[train-em-ln] step  3600/4000   train 4.2075   lr 1.36e-05   grad 1.17   m[mean 1.459 std 0.211]   gamma=0.050   elapsed 1519s
[train-em-ln] step  3600   val_loss=5.2184  val_ppl=184.63
[train-em-ln] step  3650/4000   train 4.2121   lr 1.05e-05   grad 1.03   m[mean 1.470 std 0.219]   gamma=0.050   elapsed 1546s
[train-em-ln] step  3700/4000   train 4.1396   lr 7.70e-06   grad 1.26   m[mean 1.458 std 0.212]   gamma=0.050   elapsed 1565s
[train-em-ln] step  3750/4000   train 4.2042   lr 5.36e-06   grad 1.22   m[mean 1.471 std 0.223]   gamma=0.050   elapsed 1585s
[train-em-ln] step  3800/4000   train 4.1996   lr 3.44e-06   grad 1.14   m[mean 1.461 std 0.212]   gamma=0.050   elapsed 1604s
[train-em-ln] step  3800   val_loss=5.2511  val_ppl=190.77
[train-em-ln] step  3850/4000   train 4.1702   lr 1.95e-06   grad 1.38   m[mean 1.470 std 0.214]   gamma=0.050   elapsed 1629s
[train-em-ln] step  3900/4000   train 4.1561   lr 8.71e-07   grad 1.05   m[mean 1.472 std 0.218]   gamma=0.050   elapsed 1649s
[train-em-ln] step  3950/4000   train 4.1650   lr 2.22e-07   grad 1.06   m[mean 1.458 std 0.210]   gamma=0.050   elapsed 1669s
[train-em-ln] step  4000/4000   train 4.1901   lr 8.54e-11   grad 1.06   m[mean 1.462 std 0.217]   gamma=0.050   elapsed 1689s
[train-em-ln] step  4000   val_loss=5.1051  val_ppl=164.87

[train-em-ln] DONE  val_loss=5.1810  val_ppl=177.85  gamma=0.0500
[train-em-ln] checkpoint saved to /Users/dimitargueorguiev/git/ml/semsimula/notebooks/conservative_arch/ln_damping_sweep/results/leakfree_5seed_confirmation/gamma0p05/seed2/splm_em_ln_shakespeare_confS5_splm2_g0p05_seed2_ckpt_latest.pt
[train-em-ln] summary written to /Users/dimitargueorguiev/git/ml/semsimula/notebooks/conservative_arch/ln_damping_sweep/results/leakfree_5seed_confirmation/gamma0p05/seed2/splm_em_ln_shakespeare_confS5_splm2_g0p05_seed2_summary.md
