[2026-05-03 23:12:07] launching leak-free 6-cell retrain (MPS)
============================================================
[SPLM-1 leakfree] 6-cell retrain under cfg.causal_force=True
[SPLM-1 leakfree] start  2026-05-03 23:12:07
============================================================

------------------------------------------------------------
[SPLM-1 leakfree] arm A (first-order)   seed=0   -> /Users/dimitargueorguiev/git/ml/semsimula/notebooks/conservative_arch/first_order_ablation/results/splm1_leakfree/seed0
[SPLM-1 leakfree] start  2026-05-03 23:12:07
------------------------------------------------------------
[train-fo] device=mps  mode=shakespeare  seed=0  results_dir=/Users/dimitargueorguiev/git/ml/semsimula/notebooks/conservative_arch/first_order_ablation/results/splm1_leakfree/seed0
[train-fo] tokens: train=321,124  val=16,901
[train-fo] params: 7,123,075   d=128  L=8  v_hidden=512  ln_after_step=True  first_order=True (no v-buffer, no gamma)
[train-fo] causal_force=True  (FIXED (post-bug))  steps=4000
[train-fo] init mass: mean=1.453  std=0.203  min=1.151  max=1.915
[train-fo] step    50/4000   train 10.7594   lr 1.25e-04   grad 1.05   m[mean 1.446 std 0.204]   elapsed 13s
[train-fo] step   100/4000   train 9.7889   lr 2.50e-04   grad 1.63   m[mean 1.439 std 0.199]   elapsed 25s
[train-fo] step   150/4000   train 7.7026   lr 3.75e-04   grad 1.31   m[mean 1.443 std 0.200]   elapsed 36s
[train-fo] step   200/4000   train 6.4936   lr 5.00e-04   grad 0.32   m[mean 1.444 std 0.199]   elapsed 48s
[train-fo] step   200   val_loss=6.4713  val_ppl=646.30
[train-fo] step   250/4000   train 6.1983   lr 5.00e-04   grad 0.49   m[mean 1.445 std 0.209]   elapsed 63s
[train-fo] step   300/4000   train 5.9150   lr 4.99e-04   grad 0.54   m[mean 1.449 std 0.215]   elapsed 77s
[train-fo] step   350/4000   train 5.7011   lr 4.98e-04   grad 0.82   m[mean 1.457 std 0.212]   elapsed 90s
[train-fo] step   400/4000   train 5.5466   lr 4.97e-04   grad 0.54   m[mean 1.458 std 0.210]   elapsed 104s
[train-fo] step   400   val_loss=5.7930  val_ppl=327.98
[train-fo] step   450/4000   train 5.3922   lr 4.95e-04   grad 1.27   m[mean 1.459 std 0.219]   elapsed 121s
[train-fo] step   500/4000   train 5.2663   lr 4.92e-04   grad 0.71   m[mean 1.469 std 0.223]   elapsed 134s
[train-fo] step   550/4000   train 5.2153   lr 4.90e-04   grad 0.81   m[mean 1.475 std 0.224]   elapsed 147s
[train-fo] step   600/4000   train 5.1309   lr 4.87e-04   grad 3.76   m[mean 1.456 std 0.223]   elapsed 160s
[train-fo] step   600   val_loss=5.5995  val_ppl=270.29
[train-fo] step   650/4000   train 5.0443   lr 4.83e-04   grad 0.86   m[mean 1.474 std 0.229]   elapsed 177s
[train-fo] step   700/4000   train 5.0244   lr 4.79e-04   grad 1.59   m[mean 1.479 std 0.224]   elapsed 191s
[train-fo] step   750/4000   train 4.9249   lr 4.75e-04   grad 1.33   m[mean 1.474 std 0.229]   elapsed 205s
[train-fo] step   800/4000   train 4.9375   lr 4.70e-04   grad 0.85   m[mean 1.474 std 0.231]   elapsed 221s
[train-fo] step   800   val_loss=5.4609  val_ppl=235.32
[train-fo] step   850/4000   train 4.8553   lr 4.65e-04   grad 1.89   m[mean 1.485 std 0.233]   elapsed 241s
[train-fo] step   900/4000   train 4.7853   lr 4.59e-04   grad 1.21   m[mean 1.482 std 0.230]   elapsed 258s
[train-fo] step   950/4000   train 4.7632   lr 4.54e-04   grad 1.23   m[mean 1.474 std 0.230]   elapsed 275s
[train-fo] step  1000/4000   train 4.7586   lr 4.47e-04   grad 0.88   m[mean 1.474 std 0.233]   elapsed 291s
[train-fo] step  1000   val_loss=5.3554  val_ppl=211.74
[train-fo] step  1050/4000   train 4.7494   lr 4.41e-04   grad 1.05   m[mean 1.484 std 0.227]   elapsed 311s
[train-fo] step  1100/4000   train 4.6394   lr 4.34e-04   grad 2.16   m[mean 1.479 std 0.232]   elapsed 326s
[train-fo] step  1150/4000   train 4.6279   lr 4.27e-04   grad 1.01   m[mean 1.479 std 0.235]   elapsed 343s
[train-fo] step  1200/4000   train 4.6339   lr 4.19e-04   grad 1.33   m[mean 1.483 std 0.238]   elapsed 361s
[train-fo] step  1200   val_loss=5.2935  val_ppl=199.05
[train-fo] step  1250/4000   train 4.5197   lr 4.12e-04   grad 1.61   m[mean 1.479 std 0.237]   elapsed 385s
[train-fo] step  1300/4000   train 4.5431   lr 4.04e-04   grad 1.50   m[mean 1.477 std 0.234]   elapsed 404s
[train-fo] step  1350/4000   train 4.5420   lr 3.95e-04   grad 1.13   m[mean 1.483 std 0.237]   elapsed 424s
[train-fo] step  1400/4000   train 4.5252   lr 3.87e-04   grad 1.46   m[mean 1.483 std 0.235]   elapsed 444s
[train-fo] step  1400   val_loss=5.2930  val_ppl=198.95
[train-fo] step  1450/4000   train 4.5217   lr 3.78e-04   grad 0.92   m[mean 1.482 std 0.235]   elapsed 469s
[train-fo] step  1500/4000   train 4.4898   lr 3.69e-04   grad 1.13   m[mean 1.480 std 0.235]   elapsed 486s
[train-fo] step  1550/4000   train 4.4921   lr 3.60e-04   grad 1.19   m[mean 1.488 std 0.241]   elapsed 503s
[train-fo] step  1600/4000   train 4.4578   lr 3.51e-04   grad 1.69   m[mean 1.481 std 0.235]   elapsed 523s
[train-fo] step  1600   val_loss=5.2330  val_ppl=187.35
[train-fo] step  1650/4000   train 4.4603   lr 3.41e-04   grad 1.33   m[mean 1.476 std 0.230]   elapsed 548s
[train-fo] step  1700/4000   train 4.4257   lr 3.31e-04   grad 2.08   m[mean 1.479 std 0.236]   elapsed 567s
[train-fo] step  1750/4000   train 4.4168   lr 3.22e-04   grad 1.38   m[mean 1.481 std 0.238]   elapsed 587s
[train-fo] step  1800/4000   train 4.3759   lr 3.12e-04   grad 1.08   m[mean 1.475 std 0.233]   elapsed 607s
[train-fo] step  1800   val_loss=5.2605  val_ppl=192.59
[train-fo] step  1850/4000   train 4.4009   lr 3.02e-04   grad 1.40   m[mean 1.482 std 0.235]   elapsed 635s
[train-fo] step  1900/4000   train 4.3672   lr 2.91e-04   grad 1.40   m[mean 1.492 std 0.243]   elapsed 656s
[train-fo] step  1950/4000   train 4.4108   lr 2.81e-04   grad 1.56   m[mean 1.465 std 0.231]   elapsed 675s
[train-fo] step  2000/4000   train 4.3897   lr 2.71e-04   grad 0.96   m[mean 1.486 std 0.237]   elapsed 695s
[train-fo] step  2000   val_loss=5.2607  val_ppl=192.61
[train-fo] step  2050/4000   train 4.3679   lr 2.61e-04   grad 1.27   m[mean 1.472 std 0.236]   elapsed 720s
[train-fo] step  2100/4000   train 4.3512   lr 2.50e-04   grad 1.03   m[mean 1.481 std 0.237]   elapsed 742s
[train-fo] step  2150/4000   train 4.3336   lr 2.40e-04   grad 1.47   m[mean 1.480 std 0.232]   elapsed 764s
[train-fo] step  2200/4000   train 4.3057   lr 2.30e-04   grad 1.99   m[mean 1.484 std 0.235]   elapsed 786s
[train-fo] step  2200   val_loss=5.2243  val_ppl=185.73
[train-fo] step  2250/4000   train 4.3380   lr 2.19e-04   grad 1.04   m[mean 1.470 std 0.233]   elapsed 813s
[train-fo] step  2300/4000   train 4.3347   lr 2.09e-04   grad 1.65   m[mean 1.472 std 0.235]   elapsed 835s
[train-fo] step  2350/4000   train 4.2965   lr 1.99e-04   grad 1.20   m[mean 1.482 std 0.235]   elapsed 856s
[train-fo] step  2400/4000   train 4.3156   lr 1.89e-04   grad 1.25   m[mean 1.472 std 0.231]   elapsed 878s
[train-fo] step  2400   val_loss=5.2119  val_ppl=183.43
[train-fo] step  2450/4000   train 4.2772   lr 1.79e-04   grad 1.34   m[mean 1.469 std 0.234]   elapsed 905s
[train-fo] step  2500/4000   train 4.2891   lr 1.69e-04   grad 1.31   m[mean 1.468 std 0.233]   elapsed 927s
[train-fo] step  2550/4000   train 4.2568   lr 1.59e-04   grad 1.21   m[mean 1.480 std 0.233]   elapsed 948s
[train-fo] step  2600/4000   train 4.2739   lr 1.50e-04   grad 1.67   m[mean 1.475 std 0.232]   elapsed 969s
[train-fo] step  2600   val_loss=5.2352  val_ppl=187.77
[train-fo] step  2650/4000   train 4.2799   lr 1.40e-04   grad 1.52   m[mean 1.481 std 0.236]   elapsed 997s
[train-fo] step  2700/4000   train 4.2622   lr 1.31e-04   grad 1.54   m[mean 1.474 std 0.240]   elapsed 1019s
[train-fo] step  2750/4000   train 4.2740   lr 1.22e-04   grad 1.17   m[mean 1.476 std 0.235]   elapsed 1040s
[train-fo] step  2800/4000   train 4.2509   lr 1.13e-04   grad 1.36   m[mean 1.469 std 0.237]   elapsed 1062s
[train-fo] step  2800   val_loss=5.1989  val_ppl=181.07
[train-fo] step  2850/4000   train 4.2367   lr 1.05e-04   grad 1.43   m[mean 1.474 std 0.238]   elapsed 1089s
[train-fo] step  2900/4000   train 4.2651   lr 9.66e-05   grad 1.38   m[mean 1.471 std 0.237]   elapsed 1110s
[train-fo] step  2950/4000   train 4.2570   lr 8.86e-05   grad 1.29   m[mean 1.479 std 0.237]   elapsed 1132s
[train-fo] step  3000/4000   train 4.2505   lr 8.08e-05   grad 1.20   m[mean 1.474 std 0.238]   elapsed 1153s
[train-fo] step  3000   val_loss=5.2372  val_ppl=188.14
[train-fo] step  3050/4000   train 4.2146   lr 7.34e-05   grad 1.36   m[mean 1.472 std 0.233]   elapsed 1178s
[train-fo] step  3100/4000   train 4.2058   lr 6.62e-05   grad 1.46   m[mean 1.464 std 0.227]   elapsed 1197s
[train-fo] step  3150/4000   train 4.2503   lr 5.94e-05   grad 1.12   m[mean 1.477 std 0.237]   elapsed 1218s
[train-fo] step  3200/4000   train 4.2492   lr 5.28e-05   grad 1.22   m[mean 1.472 std 0.233]   elapsed 1240s
[train-fo] step  3200   val_loss=5.2401  val_ppl=188.68
[train-fo] step  3250/4000   train 4.2257   lr 4.67e-05   grad 1.58   m[mean 1.487 std 0.239]   elapsed 1267s
[train-fo] step  3300/4000   train 4.2430   lr 4.08e-05   grad 1.23   m[mean 1.481 std 0.234]   elapsed 1289s
[train-fo] step  3350/4000   train 4.2243   lr 3.53e-05   grad 1.39   m[mean 1.479 std 0.237]   elapsed 1310s
[train-fo] step  3400/4000   train 4.2597   lr 3.02e-05   grad 1.29   m[mean 1.479 std 0.238]   elapsed 1331s
[train-fo] step  3400   val_loss=5.1977  val_ppl=180.86
[train-fo] step  3450/4000   train 4.2309   lr 2.55e-05   grad 1.31   m[mean 1.481 std 0.235]   elapsed 1358s
[train-fo] step  3500/4000   train 4.2445   lr 2.11e-05   grad 1.23   m[mean 1.482 std 0.237]   elapsed 1380s
[train-fo] step  3550/4000   train 4.2442   lr 1.72e-05   grad 1.36   m[mean 1.484 std 0.242]   elapsed 1401s
[train-fo] step  3600/4000   train 4.2385   lr 1.36e-05   grad 1.83   m[mean 1.484 std 0.237]   elapsed 1422s
[train-fo] step  3600   val_loss=5.1928  val_ppl=179.98
[train-fo] step  3650/4000   train 4.1889   lr 1.05e-05   grad 1.39   m[mean 1.485 std 0.241]   elapsed 1444s
[train-fo] step  3700/4000   train 4.2133   lr 7.70e-06   grad 1.32   m[mean 1.471 std 0.236]   elapsed 1461s
[train-fo] step  3750/4000   train 4.2593   lr 5.36e-06   grad 1.23   m[mean 1.482 std 0.236]   elapsed 1478s
[train-fo] step  3800/4000   train 4.1991   lr 3.44e-06   grad 1.32   m[mean 1.479 std 0.236]   elapsed 1495s
[train-fo] step  3800   val_loss=5.1836  val_ppl=178.32
[train-fo] step  3850/4000   train 4.2141   lr 1.95e-06   grad 1.37   m[mean 1.494 std 0.246]   elapsed 1517s
[train-fo] step  3900/4000   train 4.2541   lr 8.71e-07   grad 1.29   m[mean 1.480 std 0.243]   elapsed 1533s
[train-fo] step  3950/4000   train 4.2524   lr 2.22e-07   grad 1.39   m[mean 1.496 std 0.241]   elapsed 1550s
[train-fo] step  4000/4000   train 4.2372   lr 8.54e-11   grad 1.37   m[mean 1.471 std 0.234]   elapsed 1567s
[train-fo] step  4000   val_loss=5.2592  val_ppl=192.33

[train-fo] DONE  val_loss=5.2292  val_ppl=186.64  (first-order, no gamma)
[train-fo] checkpoint saved to /Users/dimitargueorguiev/git/ml/semsimula/notebooks/conservative_arch/first_order_ablation/results/splm1_leakfree/seed0/splm_first_order_shakespeare_seed0_ckpt_latest.pt
[train-fo] summary written to /Users/dimitargueorguiev/git/ml/semsimula/notebooks/conservative_arch/first_order_ablation/results/splm1_leakfree/seed0/splm_first_order_shakespeare_seed0_summary.md
[SPLM-1 leakfree] arm A seed=0 OK in 1584s

------------------------------------------------------------
[SPLM-1 leakfree] arm A (first-order)   seed=1   -> /Users/dimitargueorguiev/git/ml/semsimula/notebooks/conservative_arch/first_order_ablation/results/splm1_leakfree/seed1
[SPLM-1 leakfree] start  2026-05-03 23:38:31
------------------------------------------------------------
[train-fo] device=mps  mode=shakespeare  seed=1  results_dir=/Users/dimitargueorguiev/git/ml/semsimula/notebooks/conservative_arch/first_order_ablation/results/splm1_leakfree/seed1
[train-fo] tokens: train=321,124  val=16,901
[train-fo] params: 7,123,075   d=128  L=8  v_hidden=512  ln_after_step=True  first_order=True (no v-buffer, no gamma)
[train-fo] causal_force=True  (FIXED (post-bug))  steps=4000
[train-fo] init mass: mean=1.459  std=0.209  min=1.151  max=1.915
[train-fo] step    50/4000   train 10.7553   lr 1.25e-04   grad 1.02   m[mean 1.449 std 0.202]   elapsed 14s
[train-fo] step   100/4000   train 9.7555   lr 2.50e-04   grad 1.72   m[mean 1.432 std 0.198]   elapsed 29s
[train-fo] step   150/4000   train 7.6555   lr 3.75e-04   grad 1.30   m[mean 1.450 std 0.210]   elapsed 50s
[train-fo] step   200/4000   train 6.4883   lr 5.00e-04   grad 0.30   m[mean 1.451 std 0.206]   elapsed 76s
[train-fo] step   200   val_loss=6.5040  val_ppl=667.80
[train-fo] step   250/4000   train 6.2328   lr 5.00e-04   grad 1.39   m[mean 1.440 std 0.206]   elapsed 110s
[train-fo] step   300/4000   train 5.9284   lr 4.99e-04   grad 0.50   m[mean 1.442 std 0.207]   elapsed 133s
[train-fo] step   350/4000   train 5.7137   lr 4.98e-04   grad 0.54   m[mean 1.451 std 0.214]   elapsed 156s
[train-fo] step   400/4000   train 5.5298   lr 4.97e-04   grad 1.71   m[mean 1.457 std 0.214]   elapsed 179s
[train-fo] step   400   val_loss=5.8172  val_ppl=336.04
[train-fo] step   450/4000   train 5.4258   lr 4.95e-04   grad 0.69   m[mean 1.466 std 0.220]   elapsed 208s
[train-fo] step   500/4000   train 5.2952   lr 4.92e-04   grad 1.57   m[mean 1.465 std 0.218]   elapsed 231s
[train-fo] step   550/4000   train 5.2241   lr 4.90e-04   grad 0.98   m[mean 1.457 std 0.215]   elapsed 254s
[train-fo] step   600/4000   train 5.1126   lr 4.87e-04   grad 0.84   m[mean 1.469 std 0.228]   elapsed 277s
[train-fo] step   600   val_loss=5.6165  val_ppl=274.92
[train-fo] step   650/4000   train 5.0404   lr 4.83e-04   grad 1.37   m[mean 1.462 std 0.220]   elapsed 307s
[train-fo] step   700/4000   train 4.9868   lr 4.79e-04   grad 1.07   m[mean 1.468 std 0.220]   elapsed 331s
[train-fo] step   750/4000   train 4.9419   lr 4.75e-04   grad 2.07   m[mean 1.489 std 0.231]   elapsed 358s
[train-fo] step   800/4000   train 4.9174   lr 4.70e-04   grad 1.31   m[mean 1.465 std 0.225]   elapsed 383s
[train-fo] step   800   val_loss=5.5146  val_ppl=248.30
[train-fo] step   850/4000   train 4.8418   lr 4.65e-04   grad 1.21   m[mean 1.485 std 0.233]   elapsed 413s
[train-fo] step   900/4000   train 4.8571   lr 4.59e-04   grad 1.31   m[mean 1.475 std 0.226]   elapsed 436s
[train-fo] step   950/4000   train 4.7909   lr 4.54e-04   grad 1.34   m[mean 1.490 std 0.233]   elapsed 461s
[train-fo] step  1000/4000   train 4.7068   lr 4.47e-04   grad 2.20   m[mean 1.473 std 0.224]   elapsed 488s
[train-fo] step  1000   val_loss=5.3924  val_ppl=219.73
[train-fo] step  1050/4000   train 4.6889   lr 4.41e-04   grad 0.97   m[mean 1.479 std 0.228]   elapsed 522s
[train-fo] step  1100/4000   train 4.6626   lr 4.34e-04   grad 1.09   m[mean 1.478 std 0.232]   elapsed 549s
[train-fo] step  1150/4000   train 4.6572   lr 4.27e-04   grad 1.37   m[mean 1.481 std 0.228]   elapsed 576s
[train-fo] step  1200/4000   train 4.6169   lr 4.19e-04   grad 1.37   m[mean 1.482 std 0.231]   elapsed 603s
[train-fo] step  1200   val_loss=5.3377  val_ppl=208.03
[train-fo] step  1250/4000   train 4.5899   lr 4.12e-04   grad 1.44   m[mean 1.476 std 0.229]   elapsed 637s
[train-fo] step  1300/4000   train 4.5775   lr 4.04e-04   grad 1.42   m[mean 1.500 std 0.242]   elapsed 665s
[train-fo] step  1350/4000   train 4.5514   lr 3.95e-04   grad 1.52   m[mean 1.482 std 0.233]   elapsed 697s
[train-fo] step  1400/4000   train 4.5425   lr 3.87e-04   grad 1.26   m[mean 1.484 std 0.240]   elapsed 725s
[train-fo] step  1400   val_loss=5.3731  val_ppl=215.53
[train-fo] step  1450/4000   train 4.5094   lr 3.78e-04   grad 1.17   m[mean 1.482 std 0.231]   elapsed 758s
[train-fo] step  1500/4000   train 4.5276   lr 3.69e-04   grad 1.36   m[mean 1.484 std 0.234]   elapsed 784s
[train-fo] step  1550/4000   train 4.4385   lr 3.60e-04   grad 1.65   m[mean 1.491 std 0.236]   elapsed 811s
[train-fo] step  1600/4000   train 4.4587   lr 3.51e-04   grad 1.35   m[mean 1.480 std 0.230]   elapsed 838s
[train-fo] step  1600   val_loss=5.2738  val_ppl=195.16
[train-fo] step  1650/4000   train 4.4768   lr 3.41e-04   grad 1.89   m[mean 1.491 std 0.238]   elapsed 871s
[train-fo] step  1700/4000   train 4.4894   lr 3.31e-04   grad 1.71   m[mean 1.482 std 0.233]   elapsed 898s
[train-fo] step  1750/4000   train 4.4582   lr 3.22e-04   grad 1.15   m[mean 1.484 std 0.236]   elapsed 925s
[train-fo] step  1800/4000   train 4.4057   lr 3.12e-04   grad 1.50   m[mean 1.494 std 0.237]   elapsed 952s
[train-fo] step  1800   val_loss=5.2705  val_ppl=194.52
[train-fo] step  1850/4000   train 4.4675   lr 3.02e-04   grad 1.76   m[mean 1.490 std 0.241]   elapsed 986s
[train-fo] step  1900/4000   train 4.4079   lr 2.91e-04   grad 1.27   m[mean 1.494 std 0.242]   elapsed 1013s
[train-fo] step  1950/4000   train 4.4197   lr 2.81e-04   grad 1.26   m[mean 1.500 std 0.245]   elapsed 1040s
[train-fo] step  2000/4000   train 4.3977   lr 2.71e-04   grad 1.48   m[mean 1.488 std 0.242]   elapsed 1066s
[train-fo] step  2000   val_loss=5.2410  val_ppl=188.85
[train-fo] step  2050/4000   train 4.3702   lr 2.61e-04   grad 1.80   m[mean 1.488 std 0.237]   elapsed 1098s
[train-fo] step  2100/4000   train 4.3956   lr 2.50e-04   grad 1.31   m[mean 1.506 std 0.246]   elapsed 1121s
[train-fo] step  2150/4000   train 4.3694   lr 2.40e-04   grad 1.41   m[mean 1.488 std 0.233]   elapsed 1145s
[train-fo] step  2200/4000   train 4.3723   lr 2.30e-04   grad 1.67   m[mean 1.496 std 0.239]   elapsed 1172s
[train-fo] step  2200   val_loss=5.3030  val_ppl=200.94
[train-fo] step  2250/4000   train 4.3224   lr 2.19e-04   grad 1.91   m[mean 1.490 std 0.238]   elapsed 1205s
[train-fo] step  2300/4000   train 4.3227   lr 2.09e-04   grad 2.06   m[mean 1.480 std 0.228]   elapsed 1228s
[train-fo] step  2350/4000   train 4.3291   lr 1.99e-04   grad 1.68   m[mean 1.487 std 0.239]   elapsed 1250s
[train-fo] step  2400/4000   train 4.3448   lr 1.89e-04   grad 1.66   m[mean 1.481 std 0.234]   elapsed 1273s
[train-fo] step  2400   val_loss=5.3031  val_ppl=200.95
[train-fo] step  2450/4000   train 4.3301   lr 1.79e-04   grad 2.13   m[mean 1.487 std 0.239]   elapsed 1303s
[train-fo] step  2500/4000   train 4.3341   lr 1.69e-04   grad 1.68   m[mean 1.475 std 0.230]   elapsed 1329s
[train-fo] step  2550/4000   train 4.2951   lr 1.59e-04   grad 1.66   m[mean 1.487 std 0.242]   elapsed 1356s
[train-fo] step  2600/4000   train 4.3118   lr 1.50e-04   grad 1.62   m[mean 1.487 std 0.238]   elapsed 1380s
[train-fo] step  2600   val_loss=5.2817  val_ppl=196.71
[train-fo] step  2650/4000   train 4.3412   lr 1.40e-04   grad 1.58   m[mean 1.492 std 0.239]   elapsed 1409s
[train-fo] step  2700/4000   train 4.3022   lr 1.31e-04   grad 1.37   m[mean 1.484 std 0.237]   elapsed 1432s
[train-fo] step  2750/4000   train 4.3021   lr 1.22e-04   grad 1.37   m[mean 1.484 std 0.237]   elapsed 1455s
[train-fo] step  2800/4000   train 4.3105   lr 1.13e-04   grad 2.31   m[mean 1.489 std 0.237]   elapsed 1478s
[train-fo] step  2800   val_loss=5.2163  val_ppl=184.26
[train-fo] step  2850/4000   train 4.3390   lr 1.05e-04   grad 1.33   m[mean 1.483 std 0.237]   elapsed 1507s
[train-fo] step  2900/4000   train 4.3115   lr 9.66e-05   grad 1.58   m[mean 1.477 std 0.236]   elapsed 1530s
[train-fo] step  2950/4000   train 4.2706   lr 8.86e-05   grad 1.47   m[mean 1.487 std 0.241]   elapsed 1554s
[train-fo] step  3000/4000   train 4.2711   lr 8.08e-05   grad 1.54   m[mean 1.473 std 0.236]   elapsed 1577s
[train-fo] step  3000   val_loss=5.2014  val_ppl=181.52
[train-fo] step  3050/4000   train 4.2864   lr 7.34e-05   grad 1.50   m[mean 1.482 std 0.233]   elapsed 1607s
[train-fo] step  3100/4000   train 4.2874   lr 6.62e-05   grad 1.46   m[mean 1.489 std 0.234]   elapsed 1630s
[train-fo] step  3150/4000   train 4.2414   lr 5.94e-05   grad 1.80   m[mean 1.476 std 0.236]   elapsed 1654s
[train-fo] step  3200/4000   train 4.2886   lr 5.28e-05   grad 1.95   m[mean 1.480 std 0.237]   elapsed 1677s
[train-fo] step  3200   val_loss=5.2672  val_ppl=193.87
[train-fo] step  3250/4000   train 4.2706   lr 4.67e-05   grad 1.36   m[mean 1.482 std 0.235]   elapsed 1706s
[train-fo] step  3300/4000   train 4.2798   lr 4.08e-05   grad 1.59   m[mean 1.484 std 0.241]   elapsed 1729s
[train-fo] step  3350/4000   train 4.2376   lr 3.53e-05   grad 1.84   m[mean 1.501 std 0.252]   elapsed 1752s
[train-fo] step  3400/4000   train 4.2627   lr 3.02e-05   grad 1.64   m[mean 1.485 std 0.237]   elapsed 1776s
[train-fo] step  3400   val_loss=5.2844  val_ppl=197.24
[train-fo] step  3450/4000   train 4.2808   lr 2.55e-05   grad 1.50   m[mean 1.482 std 0.235]   elapsed 1805s
[train-fo] step  3500/4000   train 4.2311   lr 2.11e-05   grad 1.78   m[mean 1.486 std 0.241]   elapsed 1828s
[train-fo] step  3550/4000   train 4.2988   lr 1.72e-05   grad 1.31   m[mean 1.476 std 0.231]   elapsed 1852s
[train-fo] step  3600/4000   train 4.2552   lr 1.36e-05   grad 1.29   m[mean 1.481 std 0.239]   elapsed 1875s
[train-fo] step  3600   val_loss=5.1334  val_ppl=169.59
[train-fo] step  3650/4000   train 4.2424   lr 1.05e-05   grad 2.18   m[mean 1.503 std 0.245]   elapsed 1904s
[train-fo] step  3700/4000   train 4.2729   lr 7.70e-06   grad 1.73   m[mean 1.491 std 0.240]   elapsed 1927s
[train-fo] step  3750/4000   train 4.3041   lr 5.36e-06   grad 1.58   m[mean 1.484 std 0.237]   elapsed 1950s
[train-fo] step  3800/4000   train 4.2580   lr 3.44e-06   grad 1.34   m[mean 1.488 std 0.237]   elapsed 1973s
[train-fo] step  3800   val_loss=5.2890  val_ppl=198.15
[train-fo] step  3850/4000   train 4.2444   lr 1.95e-06   grad 1.55   m[mean 1.486 std 0.234]   elapsed 2002s
[train-fo] step  3900/4000   train 4.2571   lr 8.71e-07   grad 1.54   m[mean 1.481 std 0.236]   elapsed 2025s
[train-fo] step  3950/4000   train 4.2620   lr 2.22e-07   grad 1.55   m[mean 1.490 std 0.240]   elapsed 2048s
[train-fo] step  4000/4000   train 4.2853   lr 8.54e-11   grad 1.39   m[mean 1.486 std 0.236]   elapsed 2071s
[train-fo] step  4000   val_loss=5.2233  val_ppl=185.54

[train-fo] DONE  val_loss=5.2115  val_ppl=183.37  (first-order, no gamma)
[train-fo] checkpoint saved to /Users/dimitargueorguiev/git/ml/semsimula/notebooks/conservative_arch/first_order_ablation/results/splm1_leakfree/seed1/splm_first_order_shakespeare_seed1_ckpt_latest.pt
[train-fo] summary written to /Users/dimitargueorguiev/git/ml/semsimula/notebooks/conservative_arch/first_order_ablation/results/splm1_leakfree/seed1/splm_first_order_shakespeare_seed1_summary.md
[SPLM-1 leakfree] arm A seed=1 OK in 2091s

------------------------------------------------------------
[SPLM-1 leakfree] arm A (first-order)   seed=2   -> /Users/dimitargueorguiev/git/ml/semsimula/notebooks/conservative_arch/first_order_ablation/results/splm1_leakfree/seed2
[SPLM-1 leakfree] start  2026-05-04 00:13:23
------------------------------------------------------------
[train-fo] device=mps  mode=shakespeare  seed=2  results_dir=/Users/dimitargueorguiev/git/ml/semsimula/notebooks/conservative_arch/first_order_ablation/results/splm1_leakfree/seed2
[train-fo] tokens: train=321,124  val=16,901
[train-fo] params: 7,123,075   d=128  L=8  v_hidden=512  ln_after_step=True  first_order=True (no v-buffer, no gamma)
[train-fo] causal_force=True  (FIXED (post-bug))  steps=4000
[train-fo] init mass: mean=1.449  std=0.205  min=1.151  max=1.915
[train-fo] step    50/4000   train 10.7533   lr 1.25e-04   grad 0.91   m[mean 1.458 std 0.202]   elapsed 15s
[train-fo] step   100/4000   train 9.7664   lr 2.50e-04   grad 1.62   m[mean 1.442 std 0.199]   elapsed 32s
[train-fo] step   150/4000   train 7.6771   lr 3.75e-04   grad 1.28   m[mean 1.448 std 0.207]   elapsed 55s
[train-fo] step   200/4000   train 6.4857   lr 5.00e-04   grad 0.29   m[mean 1.461 std 0.209]   elapsed 78s
[train-fo] step   200   val_loss=6.4764  val_ppl=649.64
[train-fo] step   250/4000   train 6.1986   lr 5.00e-04   grad 0.44   m[mean 1.439 std 0.206]   elapsed 108s
[train-fo] step   300/4000   train 5.9116   lr 4.99e-04   grad 0.50   m[mean 1.442 std 0.209]   elapsed 132s
[train-fo] step   350/4000   train 5.6412   lr 4.98e-04   grad 0.56   m[mean 1.450 std 0.214]   elapsed 155s
[train-fo] step   400/4000   train 5.5121   lr 4.97e-04   grad 0.70   m[mean 1.452 std 0.216]   elapsed 178s
[train-fo] step   400   val_loss=5.7804  val_ppl=323.89
[train-fo] step   450/4000   train 5.3589   lr 4.95e-04   grad 0.92   m[mean 1.457 std 0.217]   elapsed 208s
[train-fo] step   500/4000   train 5.2714   lr 4.92e-04   grad 1.44   m[mean 1.457 std 0.218]   elapsed 231s
[train-fo] step   550/4000   train 5.2105   lr 4.90e-04   grad 1.85   m[mean 1.461 std 0.217]   elapsed 254s
[train-fo] step   600/4000   train 5.1323   lr 4.87e-04   grad 1.36   m[mean 1.462 std 0.217]   elapsed 277s
[train-fo] step   600   val_loss=5.5893  val_ppl=267.54
[train-fo] step   650/4000   train 5.0485   lr 4.83e-04   grad 0.94   m[mean 1.456 std 0.216]   elapsed 305s
[train-fo] step   700/4000   train 4.9849   lr 4.79e-04   grad 1.69   m[mean 1.477 std 0.225]   elapsed 328s
[train-fo] step   750/4000   train 4.9871   lr 4.75e-04   grad 0.80   m[mean 1.480 std 0.226]   elapsed 351s
[train-fo] step   800/4000   train 4.8652   lr 4.70e-04   grad 1.47   m[mean 1.474 std 0.228]   elapsed 374s
[train-fo] step   800   val_loss=5.3995  val_ppl=221.29
[train-fo] step   850/4000   train 4.8370   lr 4.65e-04   grad 1.51   m[mean 1.485 std 0.223]   elapsed 403s
[train-fo] step   900/4000   train 4.8130   lr 4.59e-04   grad 0.97   m[mean 1.476 std 0.230]   elapsed 425s
[train-fo] step   950/4000   train 4.7909   lr 4.54e-04   grad 4.14   m[mean 1.479 std 0.230]   elapsed 448s
[train-fo] step  1000/4000   train 4.7043   lr 4.47e-04   grad 1.38   m[mean 1.470 std 0.229]   elapsed 471s
[train-fo] step  1000   val_loss=5.2970  val_ppl=199.73
[train-fo] step  1050/4000   train 4.7124   lr 4.41e-04   grad 0.89   m[mean 1.470 std 0.226]   elapsed 501s
[train-fo] step  1100/4000   train 4.6882   lr 4.34e-04   grad 0.78   m[mean 1.477 std 0.234]   elapsed 524s
[train-fo] step  1150/4000   train 4.6208   lr 4.27e-04   grad 1.02   m[mean 1.470 std 0.228]   elapsed 546s
[train-fo] step  1200/4000   train 4.6176   lr 4.19e-04   grad 1.23   m[mean 1.488 std 0.237]   elapsed 569s
[train-fo] step  1200   val_loss=5.3600  val_ppl=212.72
[train-fo] step  1250/4000   train 4.6124   lr 4.12e-04   grad 1.58   m[mean 1.487 std 0.236]   elapsed 598s
[train-fo] step  1300/4000   train 4.6147   lr 4.04e-04   grad 1.61   m[mean 1.480 std 0.235]   elapsed 621s
[train-fo] step  1350/4000   train 4.5777   lr 3.95e-04   grad 1.41   m[mean 1.475 std 0.231]   elapsed 644s
[train-fo] step  1400/4000   train 4.5525   lr 3.87e-04   grad 1.11   m[mean 1.470 std 0.231]   elapsed 666s
[train-fo] step  1400   val_loss=5.2082  val_ppl=182.77
[train-fo] step  1450/4000   train 4.5039   lr 3.78e-04   grad 1.11   m[mean 1.474 std 0.231]   elapsed 695s
[train-fo] step  1500/4000   train 4.5395   lr 3.69e-04   grad 1.10   m[mean 1.482 std 0.232]   elapsed 718s
[train-fo] step  1550/4000   train 4.4762   lr 3.60e-04   grad 1.44   m[mean 1.488 std 0.239]   elapsed 740s
[train-fo] step  1600/4000   train 4.4544   lr 3.51e-04   grad 1.02   m[mean 1.473 std 0.237]   elapsed 763s
[train-fo] step  1600   val_loss=5.3245  val_ppl=205.31
[train-fo] step  1650/4000   train 4.4605   lr 3.41e-04   grad 1.11   m[mean 1.477 std 0.233]   elapsed 792s
[train-fo] step  1700/4000   train 4.4538   lr 3.31e-04   grad 1.40   m[mean 1.490 std 0.240]   elapsed 815s
[train-fo] step  1750/4000   train 4.4355   lr 3.22e-04   grad 0.95   m[mean 1.483 std 0.237]   elapsed 838s
[train-fo] step  1800/4000   train 4.4178   lr 3.12e-04   grad 1.10   m[mean 1.471 std 0.232]   elapsed 860s
[train-fo] step  1800   val_loss=5.3320  val_ppl=206.85
[train-fo] step  1850/4000   train 4.3843   lr 3.02e-04   grad 1.43   m[mean 1.476 std 0.237]   elapsed 889s
[train-fo] step  1900/4000   train 4.4107   lr 2.91e-04   grad 0.98   m[mean 1.477 std 0.233]   elapsed 912s
[train-fo] step  1950/4000   train 4.3749   lr 2.81e-04   grad 1.19   m[mean 1.482 std 0.236]   elapsed 935s
[train-fo] step  2000/4000   train 4.4033   lr 2.71e-04   grad 1.16   m[mean 1.479 std 0.237]   elapsed 958s
[train-fo] step  2000   val_loss=5.2908  val_ppl=198.51
[train-fo] step  2050/4000   train 4.3884   lr 2.61e-04   grad 1.35   m[mean 1.484 std 0.232]   elapsed 987s
[train-fo] step  2100/4000   train 4.3649   lr 2.50e-04   grad 1.10   m[mean 1.475 std 0.230]   elapsed 1010s
[train-fo] step  2150/4000   train 4.3264   lr 2.40e-04   grad 1.04   m[mean 1.484 std 0.238]   elapsed 1033s
[train-fo] step  2200/4000   train 4.3243   lr 2.30e-04   grad 1.15   m[mean 1.475 std 0.237]   elapsed 1056s
[train-fo] step  2200   val_loss=5.2517  val_ppl=190.89
[train-fo] step  2250/4000   train 4.3196   lr 2.19e-04   grad 1.07   m[mean 1.473 std 0.235]   elapsed 1085s
[train-fo] step  2300/4000   train 4.3131   lr 2.09e-04   grad 1.36   m[mean 1.478 std 0.238]   elapsed 1106s
[train-fo] step  2350/4000   train 4.3050   lr 1.99e-04   grad 1.26   m[mean 1.480 std 0.240]   elapsed 1127s
[train-fo] step  2400/4000   train 4.2895   lr 1.89e-04   grad 1.35   m[mean 1.471 std 0.232]   elapsed 1149s
[train-fo] step  2400   val_loss=5.2758  val_ppl=195.54
[train-fo] step  2450/4000   train 4.3070   lr 1.79e-04   grad 1.37   m[mean 1.473 std 0.228]   elapsed 1179s
[train-fo] step  2500/4000   train 4.3063   lr 1.69e-04   grad 1.06   m[mean 1.477 std 0.233]   elapsed 1202s
[train-fo] step  2550/4000   train 4.2912   lr 1.59e-04   grad 1.35   m[mean 1.468 std 0.235]   elapsed 1225s
[train-fo] step  2600/4000   train 4.3072   lr 1.50e-04   grad 1.32   m[mean 1.479 std 0.236]   elapsed 1247s
[train-fo] step  2600   val_loss=5.2548  val_ppl=191.49
[train-fo] step  2650/4000   train 4.2688   lr 1.40e-04   grad 1.56   m[mean 1.481 std 0.238]   elapsed 1276s
[train-fo] step  2700/4000   train 4.2728   lr 1.31e-04   grad 1.14   m[mean 1.471 std 0.232]   elapsed 1297s
[train-fo] step  2750/4000   train 4.2751   lr 1.22e-04   grad 1.60   m[mean 1.478 std 0.235]   elapsed 1318s
[train-fo] step  2800/4000   train 4.2594   lr 1.13e-04   grad 1.17   m[mean 1.471 std 0.237]   elapsed 1341s
[train-fo] step  2800   val_loss=5.1946  val_ppl=180.30
[train-fo] step  2850/4000   train 4.2362   lr 1.05e-04   grad 1.18   m[mean 1.466 std 0.235]   elapsed 1371s
[train-fo] step  2900/4000   train 4.2573   lr 9.66e-05   grad 1.29   m[mean 1.484 std 0.239]   elapsed 1394s
[train-fo] step  2950/4000   train 4.2524   lr 8.86e-05   grad 1.38   m[mean 1.474 std 0.233]   elapsed 1417s
[train-fo] step  3000/4000   train 4.2402   lr 8.08e-05   grad 1.43   m[mean 1.467 std 0.229]   elapsed 1438s
[train-fo] step  3000   val_loss=5.1795  val_ppl=177.60
[train-fo] step  3050/4000   train 4.2657   lr 7.34e-05   grad 1.22   m[mean 1.474 std 0.235]   elapsed 1465s
[train-fo] step  3100/4000   train 4.2516   lr 6.62e-05   grad 1.85   m[mean 1.468 std 0.233]   elapsed 1486s
[train-fo] step  3150/4000   train 4.2403   lr 5.94e-05   grad 1.93   m[mean 1.488 std 0.243]   elapsed 1509s
[train-fo] step  3200/4000   train 4.2540   lr 5.28e-05   grad 1.47   m[mean 1.481 std 0.236]   elapsed 1532s
[train-fo] step  3200   val_loss=5.2126  val_ppl=183.56
[train-fo] step  3250/4000   train 4.2384   lr 4.67e-05   grad 1.35   m[mean 1.477 std 0.237]   elapsed 1562s
[train-fo] step  3300/4000   train 4.2519   lr 4.08e-05   grad 1.30   m[mean 1.487 std 0.239]   elapsed 1584s
[train-fo] step  3350/4000   train 4.2639   lr 3.53e-05   grad 1.17   m[mean 1.474 std 0.233]   elapsed 1607s
[train-fo] step  3400/4000   train 4.2440   lr 3.02e-05   grad 1.19   m[mean 1.480 std 0.235]   elapsed 1630s
[train-fo] step  3400   val_loss=5.2330  val_ppl=187.36
[train-fo] step  3450/4000   train 4.2333   lr 2.55e-05   grad 1.30   m[mean 1.471 std 0.233]   elapsed 1656s
[train-fo] step  3500/4000   train 4.2303   lr 2.11e-05   grad 1.22   m[mean 1.492 std 0.246]   elapsed 1677s
[train-fo] step  3550/4000   train 4.2419   lr 1.72e-05   grad 1.24   m[mean 1.482 std 0.237]   elapsed 1700s
[train-fo] step  3600/4000   train 4.2559   lr 1.36e-05   grad 1.55   m[mean 1.476 std 0.233]   elapsed 1724s
[train-fo] step  3600   val_loss=5.2410  val_ppl=188.87
[train-fo] step  3650/4000   train 4.2588   lr 1.05e-05   grad 1.17   m[mean 1.488 std 0.242]   elapsed 1753s
[train-fo] step  3700/4000   train 4.1869   lr 7.70e-06   grad 1.22   m[mean 1.474 std 0.234]   elapsed 1776s
[train-fo] step  3750/4000   train 4.2503   lr 5.36e-06   grad 1.19   m[mean 1.489 std 0.246]   elapsed 1799s
[train-fo] step  3800/4000   train 4.2450   lr 3.44e-06   grad 1.39   m[mean 1.477 std 0.234]   elapsed 1821s
[train-fo] step  3800   val_loss=5.2866  val_ppl=197.68
[train-fo] step  3850/4000   train 4.2188   lr 1.95e-06   grad 1.33   m[mean 1.488 std 0.237]   elapsed 1848s
[train-fo] step  3900/4000   train 4.2058   lr 8.71e-07   grad 1.39   m[mean 1.490 std 0.241]   elapsed 1869s
[train-fo] step  3950/4000   train 4.2116   lr 2.22e-07   grad 1.26   m[mean 1.474 std 0.232]   elapsed 1892s
[train-fo] step  4000/4000   train 4.2399   lr 8.54e-11   grad 1.49   m[mean 1.479 std 0.240]   elapsed 1915s
[train-fo] step  4000   val_loss=5.1312  val_ppl=169.22

[train-fo] DONE  val_loss=5.2068  val_ppl=182.51  (first-order, no gamma)
[train-fo] checkpoint saved to /Users/dimitargueorguiev/git/ml/semsimula/notebooks/conservative_arch/first_order_ablation/results/splm1_leakfree/seed2/splm_first_order_shakespeare_seed2_ckpt_latest.pt
[train-fo] summary written to /Users/dimitargueorguiev/git/ml/semsimula/notebooks/conservative_arch/first_order_ablation/results/splm1_leakfree/seed2/splm_first_order_shakespeare_seed2_summary.md
[SPLM-1 leakfree] arm A seed=2 OK in 1937s

------------------------------------------------------------
[SPLM-1 leakfree] arm B (second-order γ=0.30)   seed=0   -> /Users/dimitargueorguiev/git/ml/semsimula/notebooks/conservative_arch/first_order_ablation/results/splm2_gamma0p30_leakfree/seed0
[SPLM-1 leakfree] start  2026-05-04 00:45:40
------------------------------------------------------------
[train-em-ln] device=mps  mode=shakespeare  fixed_gamma=0.3  results_dir=/Users/dimitargueorguiev/git/ml/semsimula/notebooks/conservative_arch/first_order_ablation/results/splm2_gamma0p30_leakfree/seed0
[train-em-ln] tokens: train=321,124  val=16,901
[train-em-ln] params: 7,123,075   d=128  L=8  v_hidden=512  ln_after_step=True
[train-em-ln] causal_force=True  (FIXED (post-bug))  steps=4000
[train-em-ln] init mass: mean=1.453  std=0.203  min=1.151  max=1.915
[train-em-ln] step    50/4000   train 10.7578   lr 1.25e-04   grad 1.08   m[mean 1.446 std 0.204]   gamma=0.300   elapsed 16s
[train-em-ln] step   100/4000   train 9.6915   lr 2.50e-04   grad 1.63   m[mean 1.440 std 0.199]   gamma=0.300   elapsed 33s
[train-em-ln] step   150/4000   train 7.6756   lr 3.75e-04   grad 1.31   m[mean 1.447 std 0.201]   gamma=0.300   elapsed 55s
[train-em-ln] step   200/4000   train 6.4703   lr 5.00e-04   grad 0.36   m[mean 1.447 std 0.201]   gamma=0.300   elapsed 78s
[train-em-ln] step   200   val_loss=6.4158  val_ppl=611.40
[train-em-ln] step   250/4000   train 6.1163   lr 5.00e-04   grad 0.84   m[mean 1.453 std 0.212]   gamma=0.300   elapsed 109s
[train-em-ln] step   300/4000   train 5.8462   lr 4.99e-04   grad 0.83   m[mean 1.459 std 0.217]   gamma=0.300   elapsed 131s
[train-em-ln] step   350/4000   train 5.6386   lr 4.98e-04   grad 0.90   m[mean 1.463 std 0.213]   gamma=0.300   elapsed 153s
[train-em-ln] step   400/4000   train 5.4751   lr 4.97e-04   grad 0.90   m[mean 1.459 std 0.209]   gamma=0.300   elapsed 175s
[train-em-ln] step   400   val_loss=5.7291  val_ppl=307.70
[train-em-ln] step   450/4000   train 5.3149   lr 4.95e-04   grad 1.20   m[mean 1.457 std 0.216]   gamma=0.300   elapsed 204s
[train-em-ln] step   500/4000   train 5.1789   lr 4.92e-04   grad 1.06   m[mean 1.465 std 0.218]   gamma=0.300   elapsed 228s
[train-em-ln] step   550/4000   train 5.1120   lr 4.90e-04   grad 1.38   m[mean 1.469 std 0.217]   gamma=0.300   elapsed 251s
[train-em-ln] step   600/4000   train 5.0180   lr 4.87e-04   grad 0.63   m[mean 1.448 std 0.216]   gamma=0.300   elapsed 275s
[train-em-ln] step   600   val_loss=5.4711  val_ppl=237.72
[train-em-ln] step   650/4000   train 4.9203   lr 4.83e-04   grad 0.94   m[mean 1.464 std 0.221]   gamma=0.300   elapsed 303s
[train-em-ln] step   700/4000   train 4.9102   lr 4.79e-04   grad 0.92   m[mean 1.468 std 0.215]   gamma=0.300   elapsed 325s
[train-em-ln] step   750/4000   train 4.8065   lr 4.75e-04   grad 0.95   m[mean 1.462 std 0.219]   gamma=0.300   elapsed 347s
[train-em-ln] step   800/4000   train 4.8330   lr 4.70e-04   grad 0.77   m[mean 1.461 std 0.220]   gamma=0.300   elapsed 370s
[train-em-ln] step   800   val_loss=5.3643  val_ppl=213.64
[train-em-ln] step   850/4000   train 4.7605   lr 4.65e-04   grad 1.04   m[mean 1.471 std 0.221]   gamma=0.300   elapsed 400s
[train-em-ln] step   900/4000   train 4.6990   lr 4.59e-04   grad 0.83   m[mean 1.467 std 0.218]   gamma=0.300   elapsed 424s
[train-em-ln] step   950/4000   train 4.6895   lr 4.54e-04   grad 0.92   m[mean 1.460 std 0.217]   gamma=0.300   elapsed 446s
[train-em-ln] step  1000/4000   train 4.6846   lr 4.47e-04   grad 0.82   m[mean 1.460 std 0.219]   gamma=0.300   elapsed 468s
[train-em-ln] step  1000   val_loss=5.2914  val_ppl=198.63
[train-em-ln] step  1050/4000   train 4.6829   lr 4.41e-04   grad 1.25   m[mean 1.468 std 0.213]   gamma=0.300   elapsed 496s
[train-em-ln] step  1100/4000   train 4.5815   lr 4.34e-04   grad 0.97   m[mean 1.463 std 0.218]   gamma=0.300   elapsed 519s
[train-em-ln] step  1150/4000   train 4.5703   lr 4.27e-04   grad 1.10   m[mean 1.462 std 0.219]   gamma=0.300   elapsed 543s
[train-em-ln] step  1200/4000   train 4.5828   lr 4.19e-04   grad 0.94   m[mean 1.466 std 0.222]   gamma=0.300   elapsed 567s
[train-em-ln] step  1200   val_loss=5.2307  val_ppl=186.93
[train-em-ln] step  1250/4000   train 4.4698   lr 4.12e-04   grad 1.03   m[mean 1.462 std 0.221]   gamma=0.300   elapsed 595s
[train-em-ln] step  1300/4000   train 4.4986   lr 4.04e-04   grad 1.23   m[mean 1.460 std 0.218]   gamma=0.300   elapsed 616s
[train-em-ln] step  1350/4000   train 4.4958   lr 3.95e-04   grad 1.32   m[mean 1.465 std 0.220]   gamma=0.300   elapsed 638s
[train-em-ln] step  1400/4000   train 4.4839   lr 3.87e-04   grad 0.83   m[mean 1.466 std 0.218]   gamma=0.300   elapsed 661s
[train-em-ln] step  1400   val_loss=5.2541  val_ppl=191.35
[train-em-ln] step  1450/4000   train 4.4827   lr 3.78e-04   grad 1.64   m[mean 1.465 std 0.218]   gamma=0.300   elapsed 691s
[train-em-ln] step  1500/4000   train 4.4557   lr 3.69e-04   grad 1.51   m[mean 1.463 std 0.218]   gamma=0.300   elapsed 714s
[train-em-ln] step  1550/4000   train 4.4584   lr 3.60e-04   grad 1.02   m[mean 1.470 std 0.223]   gamma=0.300   elapsed 735s
[train-em-ln] step  1600/4000   train 4.4275   lr 3.51e-04   grad 1.11   m[mean 1.464 std 0.217]   gamma=0.300   elapsed 758s
[train-em-ln] step  1600   val_loss=5.2032  val_ppl=181.86
[train-em-ln] step  1650/4000   train 4.4311   lr 3.41e-04   grad 1.55   m[mean 1.459 std 0.213]   gamma=0.300   elapsed 786s
[train-em-ln] step  1700/4000   train 4.3929   lr 3.31e-04   grad 1.12   m[mean 1.462 std 0.218]   gamma=0.300   elapsed 808s
[train-em-ln] step  1750/4000   train 4.3861   lr 3.22e-04   grad 1.13   m[mean 1.464 std 0.220]   gamma=0.300   elapsed 830s
[train-em-ln] step  1800/4000   train 4.3497   lr 3.12e-04   grad 0.97   m[mean 1.458 std 0.215]   gamma=0.300   elapsed 854s
[train-em-ln] step  1800   val_loss=5.2356  val_ppl=187.85
[train-em-ln] step  1850/4000   train 4.3767   lr 3.02e-04   grad 1.63   m[mean 1.465 std 0.217]   gamma=0.300   elapsed 883s
[train-em-ln] step  1900/4000   train 4.3428   lr 2.91e-04   grad 1.47   m[mean 1.474 std 0.224]   gamma=0.300   elapsed 905s
[train-em-ln] step  1950/4000   train 4.3923   lr 2.81e-04   grad 1.01   m[mean 1.450 std 0.213]   gamma=0.300   elapsed 927s
[train-em-ln] step  2000/4000   train 4.3695   lr 2.71e-04   grad 1.21   m[mean 1.468 std 0.219]   gamma=0.300   elapsed 949s
[train-em-ln] step  2000   val_loss=5.2361  val_ppl=187.94
[train-em-ln] step  2050/4000   train 4.3523   lr 2.61e-04   grad 1.09   m[mean 1.455 std 0.218]   gamma=0.300   elapsed 977s
[train-em-ln] step  2100/4000   train 4.3334   lr 2.50e-04   grad 1.29   m[mean 1.464 std 0.219]   gamma=0.300   elapsed 999s
[train-em-ln] step  2150/4000   train 4.3141   lr 2.40e-04   grad 1.01   m[mean 1.463 std 0.214]   gamma=0.300   elapsed 1022s
[train-em-ln] step  2200/4000   train 4.2856   lr 2.30e-04   grad 1.07   m[mean 1.467 std 0.216]   gamma=0.300   elapsed 1046s
[train-em-ln] step  2200   val_loss=5.2131  val_ppl=183.66
[train-em-ln] step  2250/4000   train 4.3207   lr 2.19e-04   grad 1.28   m[mean 1.454 std 0.214]   gamma=0.300   elapsed 1075s
[train-em-ln] step  2300/4000   train 4.3195   lr 2.09e-04   grad 1.25   m[mean 1.455 std 0.216]   gamma=0.300   elapsed 1096s
[train-em-ln] step  2350/4000   train 4.2846   lr 1.99e-04   grad 1.39   m[mean 1.465 std 0.216]   gamma=0.300   elapsed 1118s
[train-em-ln] step  2400/4000   train 4.3004   lr 1.89e-04   grad 1.10   m[mean 1.456 std 0.213]   gamma=0.300   elapsed 1140s
[train-em-ln] step  2400   val_loss=5.2155  val_ppl=184.10
[train-em-ln] step  2450/4000   train 4.2627   lr 1.79e-04   grad 0.89   m[mean 1.453 std 0.216]   gamma=0.300   elapsed 1169s
[train-em-ln] step  2500/4000   train 4.2727   lr 1.69e-04   grad 1.62   m[mean 1.452 std 0.215]   gamma=0.300   elapsed 1192s
[train-em-ln] step  2550/4000   train 4.2406   lr 1.59e-04   grad 0.84   m[mean 1.463 std 0.214]   gamma=0.300   elapsed 1215s
[train-em-ln] step  2600/4000   train 4.2613   lr 1.50e-04   grad 1.46   m[mean 1.459 std 0.213]   gamma=0.300   elapsed 1238s
[train-em-ln] step  2600   val_loss=5.2447  val_ppl=189.55
[train-em-ln] step  2650/4000   train 4.2642   lr 1.40e-04   grad 0.98   m[mean 1.464 std 0.217]   gamma=0.300   elapsed 1266s
[train-em-ln] step  2700/4000   train 4.2478   lr 1.31e-04   grad 1.09   m[mean 1.457 std 0.221]   gamma=0.300   elapsed 1288s
[train-em-ln] step  2750/4000   train 4.2588   lr 1.22e-04   grad 1.23   m[mean 1.459 std 0.216]   gamma=0.300   elapsed 1310s
[train-em-ln] step  2800/4000   train 4.2389   lr 1.13e-04   grad 1.43   m[mean 1.453 std 0.218]   gamma=0.300   elapsed 1331s
[train-em-ln] step  2800   val_loss=5.1913  val_ppl=179.69
[train-em-ln] step  2850/4000   train 4.2225   lr 1.05e-04   grad 1.25   m[mean 1.458 std 0.218]   gamma=0.300   elapsed 1360s
[train-em-ln] step  2900/4000   train 4.2561   lr 9.66e-05   grad 1.05   m[mean 1.454 std 0.218]   gamma=0.300   elapsed 1382s
[train-em-ln] step  2950/4000   train 4.2446   lr 8.86e-05   grad 1.05   m[mean 1.462 std 0.218]   gamma=0.300   elapsed 1404s
[train-em-ln] step  3000/4000   train 4.2372   lr 8.08e-05   grad 1.58   m[mean 1.457 std 0.218]   gamma=0.300   elapsed 1425s
[train-em-ln] step  3000   val_loss=5.2285  val_ppl=186.52
[train-em-ln] step  3050/4000   train 4.2056   lr 7.34e-05   grad 1.15   m[mean 1.455 std 0.214]   gamma=0.300   elapsed 1454s
[train-em-ln] step  3100/4000   train 4.1969   lr 6.62e-05   grad 0.94   m[mean 1.448 std 0.209]   gamma=0.300   elapsed 1476s
[train-em-ln] step  3150/4000   train 4.2380   lr 5.94e-05   grad 1.06   m[mean 1.460 std 0.218]   gamma=0.300   elapsed 1497s
[train-em-ln] step  3200/4000   train 4.2386   lr 5.28e-05   grad 1.18   m[mean 1.456 std 0.214]   gamma=0.300   elapsed 1519s
[train-em-ln] step  3200   val_loss=5.2344  val_ppl=187.62
[train-em-ln] step  3250/4000   train 4.2154   lr 4.67e-05   grad 1.32   m[mean 1.469 std 0.220]   gamma=0.300   elapsed 1548s
[train-em-ln] step  3300/4000   train 4.2309   lr 4.08e-05   grad 0.96   m[mean 1.463 std 0.215]   gamma=0.300   elapsed 1569s
[train-em-ln] step  3350/4000   train 4.2118   lr 3.53e-05   grad 1.22   m[mean 1.462 std 0.218]   gamma=0.300   elapsed 1592s
[train-em-ln] step  3400/4000   train 4.2514   lr 3.02e-05   grad 1.12   m[mean 1.461 std 0.219]   gamma=0.300   elapsed 1614s
[train-em-ln] step  3400   val_loss=5.1884  val_ppl=179.19
[train-em-ln] step  3450/4000   train 4.2201   lr 2.55e-05   grad 1.19   m[mean 1.464 std 0.216]   gamma=0.300   elapsed 1641s
[train-em-ln] step  3500/4000   train 4.2336   lr 2.11e-05   grad 1.07   m[mean 1.464 std 0.217]   gamma=0.300   elapsed 1663s
[train-em-ln] step  3550/4000   train 4.2339   lr 1.72e-05   grad 1.05   m[mean 1.466 std 0.222]   gamma=0.300   elapsed 1685s
[train-em-ln] step  3600/4000   train 4.2293   lr 1.36e-05   grad 1.30   m[mean 1.466 std 0.218]   gamma=0.300   elapsed 1707s
[train-em-ln] step  3600   val_loss=5.1941  val_ppl=180.21
[train-em-ln] step  3650/4000   train 4.1815   lr 1.05e-05   grad 1.08   m[mean 1.467 std 0.222]   gamma=0.300   elapsed 1735s
[train-em-ln] step  3700/4000   train 4.2040   lr 7.70e-06   grad 0.90   m[mean 1.455 std 0.217]   gamma=0.300   elapsed 1757s
[train-em-ln] step  3750/4000   train 4.2495   lr 5.36e-06   grad 0.98   m[mean 1.464 std 0.217]   gamma=0.300   elapsed 1785s
[train-em-ln] step  3800/4000   train 4.1905   lr 3.44e-06   grad 1.03   m[mean 1.462 std 0.217]   gamma=0.300   elapsed 1811s
[train-em-ln] step  3800   val_loss=5.1830  val_ppl=178.21
[train-em-ln] step  3850/4000   train 4.2044   lr 1.95e-06   grad 1.16   m[mean 1.476 std 0.226]   gamma=0.300   elapsed 1839s
[train-em-ln] step  3900/4000   train 4.2459   lr 8.71e-07   grad 1.04   m[mean 1.463 std 0.223]   gamma=0.300   elapsed 1861s
[train-em-ln] step  3950/4000   train 4.2409   lr 2.22e-07   grad 1.17   m[mean 1.478 std 0.222]   gamma=0.300   elapsed 1884s
[train-em-ln] step  4000/4000   train 4.2264   lr 8.54e-11   grad 0.95   m[mean 1.454 std 0.215]   gamma=0.300   elapsed 1908s
[train-em-ln] step  4000   val_loss=5.2600  val_ppl=192.47

[train-em-ln] DONE  val_loss=5.2334  val_ppl=187.43  gamma=0.3000
[train-em-ln] checkpoint saved to /Users/dimitargueorguiev/git/ml/semsimula/notebooks/conservative_arch/first_order_ablation/results/splm2_gamma0p30_leakfree/seed0/splm_em_ln_shakespeare_seed0_ckpt_latest.pt
[train-em-ln] summary written to /Users/dimitargueorguiev/git/ml/semsimula/notebooks/conservative_arch/first_order_ablation/results/splm2_gamma0p30_leakfree/seed0/splm_em_ln_shakespeare_seed0_summary.md
[SPLM-1 leakfree] arm B seed=0 OK in 1930s

------------------------------------------------------------
[SPLM-1 leakfree] arm B (second-order γ=0.30)   seed=1   -> /Users/dimitargueorguiev/git/ml/semsimula/notebooks/conservative_arch/first_order_ablation/results/splm2_gamma0p30_leakfree/seed1
[SPLM-1 leakfree] start  2026-05-04 01:17:50
------------------------------------------------------------
[train-em-ln] device=mps  mode=shakespeare  fixed_gamma=0.3  results_dir=/Users/dimitargueorguiev/git/ml/semsimula/notebooks/conservative_arch/first_order_ablation/results/splm2_gamma0p30_leakfree/seed1
[train-em-ln] tokens: train=321,124  val=16,901
[train-em-ln] params: 7,123,075   d=128  L=8  v_hidden=512  ln_after_step=True
[train-em-ln] causal_force=True  (FIXED (post-bug))  steps=4000
[train-em-ln] init mass: mean=1.459  std=0.209  min=1.151  max=1.915
[train-em-ln] step    50/4000   train 10.7534   lr 1.25e-04   grad 1.06   m[mean 1.449 std 0.202]   gamma=0.300   elapsed 17s
[train-em-ln] step   100/4000   train 9.6560   lr 2.50e-04   grad 1.72   m[mean 1.433 std 0.199]   gamma=0.300   elapsed 34s
[train-em-ln] step   150/4000   train 7.6310   lr 3.75e-04   grad 1.30   m[mean 1.454 std 0.211]   gamma=0.300   elapsed 57s
[train-em-ln] step   200/4000   train 6.4643   lr 5.00e-04   grad 0.34   m[mean 1.452 std 0.207]   gamma=0.300   elapsed 81s
[train-em-ln] step   200   val_loss=6.4432  val_ppl=628.42
[train-em-ln] step   250/4000   train 6.1403   lr 5.00e-04   grad 0.49   m[mean 1.451 std 0.209]   gamma=0.300   elapsed 112s
[train-em-ln] step   300/4000   train 5.8519   lr 4.99e-04   grad 0.65   m[mean 1.452 std 0.210]   gamma=0.300   elapsed 136s
[train-em-ln] step   350/4000   train 5.6472   lr 4.98e-04   grad 1.01   m[mean 1.460 std 0.216]   gamma=0.300   elapsed 160s
[train-em-ln] step   400/4000   train 5.4678   lr 4.97e-04   grad 0.78   m[mean 1.465 std 0.215]   gamma=0.300   elapsed 184s
[train-em-ln] step   400   val_loss=5.7647  val_ppl=318.86
[train-em-ln] step   450/4000   train 5.3556   lr 4.95e-04   grad 0.84   m[mean 1.469 std 0.218]   gamma=0.300   elapsed 215s
[train-em-ln] step   500/4000   train 5.2213   lr 4.92e-04   grad 0.64   m[mean 1.464 std 0.214]   gamma=0.300   elapsed 239s
[train-em-ln] step   550/4000   train 5.1357   lr 4.90e-04   grad 1.04   m[mean 1.455 std 0.209]   gamma=0.300   elapsed 263s
[train-em-ln] step   600/4000   train 5.0219   lr 4.87e-04   grad 0.75   m[mean 1.464 std 0.221]   gamma=0.300   elapsed 288s
[train-em-ln] step   600   val_loss=5.4960  val_ppl=243.71
[train-em-ln] step   650/4000   train 4.9462   lr 4.83e-04   grad 1.06   m[mean 1.456 std 0.212]   gamma=0.300   elapsed 323s
[train-em-ln] step   700/4000   train 4.9016   lr 4.79e-04   grad 2.25   m[mean 1.460 std 0.211]   gamma=0.300   elapsed 351s
[train-em-ln] step   750/4000   train 4.8596   lr 4.75e-04   grad 1.03   m[mean 1.479 std 0.222]   gamma=0.300   elapsed 378s
[train-em-ln] step   800/4000   train 4.8378   lr 4.70e-04   grad 1.40   m[mean 1.455 std 0.215]   gamma=0.300   elapsed 406s
[train-em-ln] step   800   val_loss=5.4117  val_ppl=224.00
[train-em-ln] step   850/4000   train 4.7621   lr 4.65e-04   grad 0.92   m[mean 1.473 std 0.221]   gamma=0.300   elapsed 436s
[train-em-ln] step   900/4000   train 4.7846   lr 4.59e-04   grad 0.91   m[mean 1.462 std 0.213]   gamma=0.300   elapsed 463s
[train-em-ln] step   950/4000   train 4.7209   lr 4.54e-04   grad 1.53   m[mean 1.475 std 0.219]   gamma=0.300   elapsed 491s
[train-em-ln] step  1000/4000   train 4.6351   lr 4.47e-04   grad 1.23   m[mean 1.459 std 0.211]   gamma=0.300   elapsed 519s
[train-em-ln] step  1000   val_loss=5.3214  val_ppl=204.67
[train-em-ln] step  1050/4000   train 4.6204   lr 4.41e-04   grad 0.87   m[mean 1.463 std 0.214]   gamma=0.300   elapsed 553s
[train-em-ln] step  1100/4000   train 4.5944   lr 4.34e-04   grad 1.22   m[mean 1.461 std 0.216]   gamma=0.300   elapsed 576s
[train-em-ln] step  1150/4000   train 4.5882   lr 4.27e-04   grad 1.30   m[mean 1.463 std 0.212]   gamma=0.300   elapsed 600s
[train-em-ln] step  1200/4000   train 4.5547   lr 4.19e-04   grad 1.15   m[mean 1.464 std 0.215]   gamma=0.300   elapsed 627s
[train-em-ln] step  1200   val_loss=5.2590  val_ppl=192.29
[train-em-ln] step  1250/4000   train 4.5252   lr 4.12e-04   grad 0.95   m[mean 1.458 std 0.212]   gamma=0.300   elapsed 661s
[train-em-ln] step  1300/4000   train 4.5208   lr 4.04e-04   grad 1.11   m[mean 1.480 std 0.224]   gamma=0.300   elapsed 688s
[train-em-ln] step  1350/4000   train 4.4883   lr 3.95e-04   grad 1.01   m[mean 1.463 std 0.215]   gamma=0.300   elapsed 711s
[train-em-ln] step  1400/4000   train 4.4814   lr 3.87e-04   grad 1.45   m[mean 1.464 std 0.221]   gamma=0.300   elapsed 735s
[train-em-ln] step  1400   val_loss=5.2860  val_ppl=197.56
[train-em-ln] step  1450/4000   train 4.4539   lr 3.78e-04   grad 1.20   m[mean 1.462 std 0.212]   gamma=0.300   elapsed 765s
[train-em-ln] step  1500/4000   train 4.4723   lr 3.69e-04   grad 0.99   m[mean 1.464 std 0.215]   gamma=0.300   elapsed 789s
[train-em-ln] step  1550/4000   train 4.3823   lr 3.60e-04   grad 1.47   m[mean 1.470 std 0.216]   gamma=0.300   elapsed 813s
[train-em-ln] step  1600/4000   train 4.4039   lr 3.51e-04   grad 1.43   m[mean 1.460 std 0.211]   gamma=0.300   elapsed 837s
[train-em-ln] step  1600   val_loss=5.2152  val_ppl=184.04
[train-em-ln] step  1650/4000   train 4.4153   lr 3.41e-04   grad 1.19   m[mean 1.469 std 0.218]   gamma=0.300   elapsed 868s
[train-em-ln] step  1700/4000   train 4.4318   lr 3.31e-04   grad 1.17   m[mean 1.461 std 0.214]   gamma=0.300   elapsed 892s
[train-em-ln] step  1750/4000   train 4.3990   lr 3.22e-04   grad 1.47   m[mean 1.463 std 0.216]   gamma=0.300   elapsed 916s
[train-em-ln] step  1800/4000   train 4.3512   lr 3.12e-04   grad 1.46   m[mean 1.471 std 0.217]   gamma=0.300   elapsed 939s
[train-em-ln] step  1800   val_loss=5.2345  val_ppl=187.64
[train-em-ln] step  1850/4000   train 4.4139   lr 3.02e-04   grad 1.19   m[mean 1.467 std 0.221]   gamma=0.300   elapsed 970s
[train-em-ln] step  1900/4000   train 4.3561   lr 2.91e-04   grad 1.20   m[mean 1.471 std 0.221]   gamma=0.300   elapsed 993s
[train-em-ln] step  1950/4000   train 4.3720   lr 2.81e-04   grad 1.82   m[mean 1.477 std 0.224]   gamma=0.300   elapsed 1017s
[train-em-ln] step  2000/4000   train 4.3473   lr 2.71e-04   grad 1.33   m[mean 1.465 std 0.221]   gamma=0.300   elapsed 1041s
[train-em-ln] step  2000   val_loss=5.2160  val_ppl=184.19
[train-em-ln] step  2050/4000   train 4.3180   lr 2.61e-04   grad 1.31   m[mean 1.465 std 0.216]   gamma=0.300   elapsed 1071s
[train-em-ln] step  2100/4000   train 4.3474   lr 2.50e-04   grad 1.31   m[mean 1.482 std 0.224]   gamma=0.300   elapsed 1095s
[train-em-ln] step  2150/4000   train 4.3181   lr 2.40e-04   grad 1.02   m[mean 1.465 std 0.213]   gamma=0.300   elapsed 1118s
[train-em-ln] step  2200/4000   train 4.3201   lr 2.30e-04   grad 1.45   m[mean 1.472 std 0.218]   gamma=0.300   elapsed 1142s
[train-em-ln] step  2200   val_loss=5.2604  val_ppl=192.56
[train-em-ln] step  2250/4000   train 4.2718   lr 2.19e-04   grad 1.16   m[mean 1.467 std 0.217]   gamma=0.300   elapsed 1172s
[train-em-ln] step  2300/4000   train 4.2763   lr 2.09e-04   grad 1.14   m[mean 1.457 std 0.207]   gamma=0.300   elapsed 1196s
[train-em-ln] step  2350/4000   train 4.2820   lr 1.99e-04   grad 1.03   m[mean 1.464 std 0.218]   gamma=0.300   elapsed 1219s
[train-em-ln] step  2400/4000   train 4.2947   lr 1.89e-04   grad 1.14   m[mean 1.458 std 0.213]   gamma=0.300   elapsed 1242s
[train-em-ln] step  2400   val_loss=5.2614  val_ppl=192.75
[train-em-ln] step  2450/4000   train 4.2837   lr 1.79e-04   grad 1.13   m[mean 1.463 std 0.217]   gamma=0.300   elapsed 1270s
[train-em-ln] step  2500/4000   train 4.2859   lr 1.69e-04   grad 1.19   m[mean 1.452 std 0.209]   gamma=0.300   elapsed 1292s
[train-em-ln] step  2550/4000   train 4.2499   lr 1.59e-04   grad 1.11   m[mean 1.463 std 0.220]   gamma=0.300   elapsed 1316s
[train-em-ln] step  2600/4000   train 4.2697   lr 1.50e-04   grad 1.13   m[mean 1.463 std 0.216]   gamma=0.300   elapsed 1340s
[train-em-ln] step  2600   val_loss=5.2512  val_ppl=190.80
[train-em-ln] step  2650/4000   train 4.2983   lr 1.40e-04   grad 1.34   m[mean 1.468 std 0.217]   gamma=0.300   elapsed 1370s
[train-em-ln] step  2700/4000   train 4.2574   lr 1.31e-04   grad 1.10   m[mean 1.460 std 0.215]   gamma=0.300   elapsed 1394s
[train-em-ln] step  2750/4000   train 4.2585   lr 1.22e-04   grad 0.98   m[mean 1.461 std 0.215]   gamma=0.300   elapsed 1417s
[train-em-ln] step  2800/4000   train 4.2675   lr 1.13e-04   grad 2.32   m[mean 1.465 std 0.215]   gamma=0.300   elapsed 1441s
[train-em-ln] step  2800   val_loss=5.1935  val_ppl=180.10
[train-em-ln] step  2850/4000   train 4.2998   lr 1.05e-04   grad 1.15   m[mean 1.459 std 0.215]   gamma=0.300   elapsed 1469s
[train-em-ln] step  2900/4000   train 4.2715   lr 9.66e-05   grad 1.10   m[mean 1.454 std 0.215]   gamma=0.300   elapsed 1491s
[train-em-ln] step  2950/4000   train 4.2296   lr 8.86e-05   grad 1.26   m[mean 1.463 std 0.219]   gamma=0.300   elapsed 1513s
[train-em-ln] step  3000/4000   train 4.2325   lr 8.08e-05   grad 1.07   m[mean 1.450 std 0.214]   gamma=0.300   elapsed 1538s
[train-em-ln] step  3000   val_loss=5.1746  val_ppl=176.73
[train-em-ln] step  3050/4000   train 4.2483   lr 7.34e-05   grad 1.13   m[mean 1.458 std 0.211]   gamma=0.300   elapsed 1568s
[train-em-ln] step  3100/4000   train 4.2481   lr 6.62e-05   grad 1.26   m[mean 1.464 std 0.213]   gamma=0.300   elapsed 1592s
[train-em-ln] step  3150/4000   train 4.2017   lr 5.94e-05   grad 1.21   m[mean 1.452 std 0.215]   gamma=0.300   elapsed 1615s
[train-em-ln] step  3200/4000   train 4.2504   lr 5.28e-05   grad 1.29   m[mean 1.456 std 0.215]   gamma=0.300   elapsed 1638s
[train-em-ln] step  3200   val_loss=5.2520  val_ppl=190.95
[train-em-ln] step  3250/4000   train 4.2332   lr 4.67e-05   grad 1.34   m[mean 1.458 std 0.213]   gamma=0.300   elapsed 1666s
[train-em-ln] step  3300/4000   train 4.2414   lr 4.08e-05   grad 0.97   m[mean 1.460 std 0.219]   gamma=0.300   elapsed 1688s
[train-em-ln] step  3350/4000   train 4.1993   lr 3.53e-05   grad 1.25   m[mean 1.476 std 0.229]   gamma=0.300   elapsed 1710s
[train-em-ln] step  3400/4000   train 4.2223   lr 3.02e-05   grad 1.05   m[mean 1.461 std 0.215]   gamma=0.300   elapsed 1734s
[train-em-ln] step  3400   val_loss=5.2707  val_ppl=194.56
[train-em-ln] step  3450/4000   train 4.2442   lr 2.55e-05   grad 1.30   m[mean 1.458 std 0.213]   gamma=0.300   elapsed 1764s
[train-em-ln] step  3500/4000   train 4.1916   lr 2.11e-05   grad 1.27   m[mean 1.462 std 0.219]   gamma=0.300   elapsed 1788s
[train-em-ln] step  3550/4000   train 4.2611   lr 1.72e-05   grad 0.95   m[mean 1.453 std 0.210]   gamma=0.300   elapsed 1809s
[train-em-ln] step  3600/4000   train 4.2153   lr 1.36e-05   grad 1.03   m[mean 1.457 std 0.217]   gamma=0.300   elapsed 1831s
[train-em-ln] step  3600   val_loss=5.1070  val_ppl=165.18
[train-em-ln] step  3650/4000   train 4.2028   lr 1.05e-05   grad 1.32   m[mean 1.478 std 0.222]   gamma=0.300   elapsed 1859s
[train-em-ln] step  3700/4000   train 4.2357   lr 7.70e-06   grad 1.29   m[mean 1.466 std 0.218]   gamma=0.300   elapsed 1882s
[train-em-ln] step  3750/4000   train 4.2658   lr 5.36e-06   grad 1.45   m[mean 1.460 std 0.215]   gamma=0.300   elapsed 1906s
[train-em-ln] step  3800/4000   train 4.2197   lr 3.44e-06   grad 1.06   m[mean 1.463 std 0.215]   gamma=0.300   elapsed 1929s
[train-em-ln] step  3800   val_loss=5.2687  val_ppl=194.16
[train-em-ln] step  3850/4000   train 4.2069   lr 1.95e-06   grad 1.07   m[mean 1.462 std 0.212]   gamma=0.300   elapsed 1960s
[train-em-ln] step  3900/4000   train 4.2184   lr 8.71e-07   grad 1.10   m[mean 1.457 std 0.214]   gamma=0.300   elapsed 1982s
[train-em-ln] step  3950/4000   train 4.2257   lr 2.22e-07   grad 1.08   m[mean 1.465 std 0.218]   gamma=0.300   elapsed 2004s
[train-em-ln] step  4000/4000   train 4.2467   lr 8.54e-11   grad 1.05   m[mean 1.462 std 0.214]   gamma=0.300   elapsed 2026s
[train-em-ln] step  4000   val_loss=5.2042  val_ppl=182.03

[train-em-ln] DONE  val_loss=5.1917  val_ppl=179.78  gamma=0.3000
[train-em-ln] checkpoint saved to /Users/dimitargueorguiev/git/ml/semsimula/notebooks/conservative_arch/first_order_ablation/results/splm2_gamma0p30_leakfree/seed1/splm_em_ln_shakespeare_seed1_ckpt_latest.pt
[train-em-ln] summary written to /Users/dimitargueorguiev/git/ml/semsimula/notebooks/conservative_arch/first_order_ablation/results/splm2_gamma0p30_leakfree/seed1/splm_em_ln_shakespeare_seed1_summary.md
[SPLM-1 leakfree] arm B seed=1 OK in 2047s

------------------------------------------------------------
[SPLM-1 leakfree] arm B (second-order γ=0.30)   seed=2   -> /Users/dimitargueorguiev/git/ml/semsimula/notebooks/conservative_arch/first_order_ablation/results/splm2_gamma0p30_leakfree/seed2
[SPLM-1 leakfree] start  2026-05-04 01:51:57
------------------------------------------------------------
[train-em-ln] device=mps  mode=shakespeare  fixed_gamma=0.3  results_dir=/Users/dimitargueorguiev/git/ml/semsimula/notebooks/conservative_arch/first_order_ablation/results/splm2_gamma0p30_leakfree/seed2
[train-em-ln] tokens: train=321,124  val=16,901
[train-em-ln] params: 7,123,075   d=128  L=8  v_hidden=512  ln_after_step=True
[train-em-ln] causal_force=True  (FIXED (post-bug))  steps=4000
[train-em-ln] init mass: mean=1.449  std=0.205  min=1.151  max=1.915
[train-em-ln] step    50/4000   train 10.7515   lr 1.25e-04   grad 0.94   m[mean 1.458 std 0.202]   gamma=0.300   elapsed 16s
[train-em-ln] step   100/4000   train 9.6674   lr 2.50e-04   grad 1.62   m[mean 1.443 std 0.199]   gamma=0.300   elapsed 36s
[train-em-ln] step   150/4000   train 7.6515   lr 3.75e-04   grad 1.28   m[mean 1.452 std 0.208]   gamma=0.300   elapsed 59s
[train-em-ln] step   200/4000   train 6.4611   lr 5.00e-04   grad 0.34   m[mean 1.464 std 0.211]   gamma=0.300   elapsed 82s
[train-em-ln] step   200   val_loss=6.4153  val_ppl=611.12
[train-em-ln] step   250/4000   train 6.1027   lr 5.00e-04   grad 0.43   m[mean 1.450 std 0.210]   gamma=0.300   elapsed 112s
[train-em-ln] step   300/4000   train 5.8337   lr 4.99e-04   grad 0.49   m[mean 1.454 std 0.212]   gamma=0.300   elapsed 135s
[train-em-ln] step   350/4000   train 5.5763   lr 4.98e-04   grad 0.52   m[mean 1.462 std 0.217]   gamma=0.300   elapsed 156s
[train-em-ln] step   400/4000   train 5.4494   lr 4.97e-04   grad 0.82   m[mean 1.461 std 0.217]   gamma=0.300   elapsed 178s
[train-em-ln] step   400   val_loss=5.7199  val_ppl=304.88
[train-em-ln] step   450/4000   train 5.2825   lr 4.95e-04   grad 0.87   m[mean 1.463 std 0.216]   gamma=0.300   elapsed 207s
[train-em-ln] step   500/4000   train 5.1886   lr 4.92e-04   grad 0.92   m[mean 1.460 std 0.215]   gamma=0.300   elapsed 231s
[train-em-ln] step   550/4000   train 5.1224   lr 4.90e-04   grad 0.75   m[mean 1.461 std 0.213]   gamma=0.300   elapsed 255s
[train-em-ln] step   600/4000   train 5.0367   lr 4.87e-04   grad 1.67   m[mean 1.460 std 0.211]   gamma=0.300   elapsed 278s
[train-em-ln] step   600   val_loss=5.4599  val_ppl=235.07
[train-em-ln] step   650/4000   train 4.9539   lr 4.83e-04   grad 1.06   m[mean 1.452 std 0.210]   gamma=0.300   elapsed 306s
[train-em-ln] step   700/4000   train 4.8861   lr 4.79e-04   grad 1.70   m[mean 1.472 std 0.217]   gamma=0.300   elapsed 327s
[train-em-ln] step   750/4000   train 4.8911   lr 4.75e-04   grad 1.70   m[mean 1.473 std 0.217]   gamma=0.300   elapsed 349s
[train-em-ln] step   800/4000   train 4.7764   lr 4.70e-04   grad 1.22   m[mean 1.466 std 0.218]   gamma=0.300   elapsed 372s
[train-em-ln] step   800   val_loss=5.2940  val_ppl=199.14
[train-em-ln] step   850/4000   train 4.7498   lr 4.65e-04   grad 1.06   m[mean 1.475 std 0.212]   gamma=0.300   elapsed 402s
[train-em-ln] step   900/4000   train 4.7269   lr 4.59e-04   grad 1.33   m[mean 1.465 std 0.218]   gamma=0.300   elapsed 426s
[train-em-ln] step   950/4000   train 4.7118   lr 4.54e-04   grad 1.51   m[mean 1.467 std 0.218]   gamma=0.300   elapsed 449s
[train-em-ln] step  1000/4000   train 4.6254   lr 4.47e-04   grad 1.30   m[mean 1.457 std 0.216]   gamma=0.300   elapsed 473s
[train-em-ln] step  1000   val_loss=5.2177  val_ppl=184.50
[train-em-ln] step  1050/4000   train 4.6411   lr 4.41e-04   grad 1.26   m[mean 1.456 std 0.213]   gamma=0.300   elapsed 501s
[train-em-ln] step  1100/4000   train 4.6132   lr 4.34e-04   grad 0.83   m[mean 1.463 std 0.219]   gamma=0.300   elapsed 522s
[train-em-ln] step  1150/4000   train 4.5544   lr 4.27e-04   grad 1.58   m[mean 1.455 std 0.213]   gamma=0.300   elapsed 545s
[train-em-ln] step  1200/4000   train 4.5527   lr 4.19e-04   grad 1.16   m[mean 1.471 std 0.221]   gamma=0.300   elapsed 569s
[train-em-ln] step  1200   val_loss=5.2721  val_ppl=194.82
[train-em-ln] step  1250/4000   train 4.5499   lr 4.12e-04   grad 1.50   m[mean 1.470 std 0.220]   gamma=0.300   elapsed 599s
[train-em-ln] step  1300/4000   train 4.5572   lr 4.04e-04   grad 1.01   m[mean 1.463 std 0.219]   gamma=0.300   elapsed 623s
[train-em-ln] step  1350/4000   train 4.5194   lr 3.95e-04   grad 0.88   m[mean 1.458 std 0.214]   gamma=0.300   elapsed 646s
[train-em-ln] step  1400/4000   train 4.4979   lr 3.87e-04   grad 0.85   m[mean 1.453 std 0.214]   gamma=0.300   elapsed 669s
[train-em-ln] step  1400   val_loss=5.1334  val_ppl=169.59
[train-em-ln] step  1450/4000   train 4.4461   lr 3.78e-04   grad 1.25   m[mean 1.456 std 0.214]   gamma=0.300   elapsed 698s
[train-em-ln] step  1500/4000   train 4.4863   lr 3.69e-04   grad 1.04   m[mean 1.463 std 0.214]   gamma=0.300   elapsed 720s
[train-em-ln] step  1550/4000   train 4.4272   lr 3.60e-04   grad 1.77   m[mean 1.468 std 0.220]   gamma=0.300   elapsed 744s
[train-em-ln] step  1600/4000   train 4.4049   lr 3.51e-04   grad 1.03   m[mean 1.454 std 0.219]   gamma=0.300   elapsed 768s
[train-em-ln] step  1600   val_loss=5.2729  val_ppl=194.97
[train-em-ln] step  1650/4000   train 4.4153   lr 3.41e-04   grad 1.12   m[mean 1.458 std 0.215]   gamma=0.300   elapsed 797s
[train-em-ln] step  1700/4000   train 4.4070   lr 3.31e-04   grad 0.94   m[mean 1.469 std 0.220]   gamma=0.300   elapsed 819s
[train-em-ln] step  1750/4000   train 4.3909   lr 3.22e-04   grad 1.05   m[mean 1.462 std 0.217]   gamma=0.300   elapsed 841s
[train-em-ln] step  1800/4000   train 4.3777   lr 3.12e-04   grad 1.17   m[mean 1.451 std 0.213]   gamma=0.300   elapsed 863s
[train-em-ln] step  1800   val_loss=5.3008  val_ppl=200.49
[train-em-ln] step  1850/4000   train 4.3395   lr 3.02e-04   grad 1.00   m[mean 1.455 std 0.217]   gamma=0.300   elapsed 894s
[train-em-ln] step  1900/4000   train 4.3722   lr 2.91e-04   grad 1.12   m[mean 1.456 std 0.214]   gamma=0.300   elapsed 917s
[train-em-ln] step  1950/4000   train 4.3323   lr 2.81e-04   grad 0.96   m[mean 1.460 std 0.217]   gamma=0.300   elapsed 939s
[train-em-ln] step  2000/4000   train 4.3676   lr 2.71e-04   grad 1.00   m[mean 1.457 std 0.217]   gamma=0.300   elapsed 961s
[train-em-ln] step  2000   val_loss=5.2549  val_ppl=191.51
[train-em-ln] step  2050/4000   train 4.3493   lr 2.61e-04   grad 0.98   m[mean 1.462 std 0.212]   gamma=0.300   elapsed 989s
[train-em-ln] step  2100/4000   train 4.3314   lr 2.50e-04   grad 1.48   m[mean 1.453 std 0.211]   gamma=0.300   elapsed 1011s
[train-em-ln] step  2150/4000   train 4.2859   lr 2.40e-04   grad 1.21   m[mean 1.462 std 0.218]   gamma=0.300   elapsed 1035s
[train-em-ln] step  2200/4000   train 4.2861   lr 2.30e-04   grad 1.18   m[mean 1.452 std 0.217]   gamma=0.300   elapsed 1059s
[train-em-ln] step  2200   val_loss=5.2226  val_ppl=185.42
[train-em-ln] step  2250/4000   train 4.2852   lr 2.19e-04   grad 1.15   m[mean 1.451 std 0.215]   gamma=0.300   elapsed 1088s
[train-em-ln] step  2300/4000   train 4.2797   lr 2.09e-04   grad 1.01   m[mean 1.455 std 0.217]   gamma=0.300   elapsed 1110s
[train-em-ln] step  2350/4000   train 4.2724   lr 1.99e-04   grad 1.66   m[mean 1.456 std 0.219]   gamma=0.300   elapsed 1132s
[train-em-ln] step  2400/4000   train 4.2627   lr 1.89e-04   grad 1.26   m[mean 1.448 std 0.212]   gamma=0.300   elapsed 1154s
[train-em-ln] step  2400   val_loss=5.2627  val_ppl=193.00
[train-em-ln] step  2450/4000   train 4.2747   lr 1.79e-04   grad 1.18   m[mean 1.450 std 0.209]   gamma=0.300   elapsed 1184s
[train-em-ln] step  2500/4000   train 4.2753   lr 1.69e-04   grad 1.16   m[mean 1.453 std 0.212]   gamma=0.300   elapsed 1208s
[train-em-ln] step  2550/4000   train 4.2622   lr 1.59e-04   grad 1.13   m[mean 1.446 std 0.215]   gamma=0.300   elapsed 1229s
[train-em-ln] step  2600/4000   train 4.2777   lr 1.50e-04   grad 1.17   m[mean 1.455 std 0.216]   gamma=0.300   elapsed 1251s
[train-em-ln] step  2600   val_loss=5.2258  val_ppl=186.01
[train-em-ln] step  2650/4000   train 4.2372   lr 1.40e-04   grad 1.23   m[mean 1.457 std 0.217]   gamma=0.300   elapsed 1279s
[train-em-ln] step  2700/4000   train 4.2410   lr 1.31e-04   grad 1.01   m[mean 1.448 std 0.211]   gamma=0.300   elapsed 1301s
[train-em-ln] step  2750/4000   train 4.2458   lr 1.22e-04   grad 1.36   m[mean 1.454 std 0.215]   gamma=0.300   elapsed 1323s
[train-em-ln] step  2800/4000   train 4.2282   lr 1.13e-04   grad 1.12   m[mean 1.448 std 0.216]   gamma=0.300   elapsed 1347s
[train-em-ln] step  2800   val_loss=5.1856  val_ppl=178.67
[train-em-ln] step  2850/4000   train 4.2070   lr 1.05e-04   grad 0.94   m[mean 1.443 std 0.214]   gamma=0.300   elapsed 1377s
[train-em-ln] step  2900/4000   train 4.2267   lr 9.66e-05   grad 1.14   m[mean 1.460 std 0.218]   gamma=0.300   elapsed 1398s
[train-em-ln] step  2950/4000   train 4.2235   lr 8.86e-05   grad 0.89   m[mean 1.451 std 0.212]   gamma=0.300   elapsed 1420s
[train-em-ln] step  3000/4000   train 4.2121   lr 8.08e-05   grad 1.12   m[mean 1.444 std 0.208]   gamma=0.300   elapsed 1442s
[train-em-ln] step  3000   val_loss=5.1648  val_ppl=175.01
[train-em-ln] step  3050/4000   train 4.2345   lr 7.34e-05   grad 1.07   m[mean 1.450 std 0.214]   gamma=0.300   elapsed 1470s
[train-em-ln] step  3100/4000   train 4.2235   lr 6.62e-05   grad 1.38   m[mean 1.444 std 0.212]   gamma=0.300   elapsed 1492s
[train-em-ln] step  3150/4000   train 4.2126   lr 5.94e-05   grad 1.07   m[mean 1.462 std 0.222]   gamma=0.300   elapsed 1515s
[train-em-ln] step  3200/4000   train 4.2229   lr 5.28e-05   grad 1.17   m[mean 1.456 std 0.215]   gamma=0.300   elapsed 1538s
[train-em-ln] step  3200   val_loss=5.2109  val_ppl=183.27
[train-em-ln] step  3250/4000   train 4.2100   lr 4.67e-05   grad 1.02   m[mean 1.453 std 0.216]   gamma=0.300   elapsed 1567s
[train-em-ln] step  3300/4000   train 4.2203   lr 4.08e-05   grad 1.25   m[mean 1.462 std 0.217]   gamma=0.300   elapsed 1588s
[train-em-ln] step  3350/4000   train 4.2357   lr 3.53e-05   grad 0.99   m[mean 1.450 std 0.212]   gamma=0.300   elapsed 1610s
[train-em-ln] step  3400/4000   train 4.2165   lr 3.02e-05   grad 1.14   m[mean 1.455 std 0.214]   gamma=0.300   elapsed 1632s
[train-em-ln] step  3400   val_loss=5.2273  val_ppl=186.28
[train-em-ln] step  3450/4000   train 4.2076   lr 2.55e-05   grad 0.95   m[mean 1.447 std 0.212]   gamma=0.300   elapsed 1661s
[train-em-ln] step  3500/4000   train 4.2024   lr 2.11e-05   grad 1.14   m[mean 1.467 std 0.224]   gamma=0.300   elapsed 1683s
[train-em-ln] step  3550/4000   train 4.2133   lr 1.72e-05   grad 1.06   m[mean 1.457 std 0.216]   gamma=0.300   elapsed 1705s
[train-em-ln] step  3600/4000   train 4.2275   lr 1.36e-05   grad 1.18   m[mean 1.451 std 0.212]   gamma=0.300   elapsed 1727s
[train-em-ln] step  3600   val_loss=5.2403  val_ppl=188.73
[train-em-ln] step  3650/4000   train 4.2337   lr 1.05e-05   grad 1.05   m[mean 1.463 std 0.220]   gamma=0.300   elapsed 1755s
[train-em-ln] step  3700/4000   train 4.1596   lr 7.70e-06   grad 0.98   m[mean 1.450 std 0.213]   gamma=0.300   elapsed 1776s
[train-em-ln] step  3750/4000   train 4.2215   lr 5.36e-06   grad 0.95   m[mean 1.464 std 0.224]   gamma=0.300   elapsed 1798s
[train-em-ln] step  3800/4000   train 4.2189   lr 3.44e-06   grad 0.96   m[mean 1.453 std 0.213]   gamma=0.300   elapsed 1820s
[train-em-ln] step  3800   val_loss=5.2843  val_ppl=197.21
[train-em-ln] step  3850/4000   train 4.1903   lr 1.95e-06   grad 1.04   m[mean 1.462 std 0.215]   gamma=0.300   elapsed 1845s
[train-em-ln] step  3900/4000   train 4.1770   lr 8.71e-07   grad 1.01   m[mean 1.464 std 0.219]   gamma=0.300   elapsed 1864s
[train-em-ln] step  3950/4000   train 4.1827   lr 2.22e-07   grad 0.96   m[mean 1.450 std 0.211]   gamma=0.300   elapsed 1886s
[train-em-ln] step  4000/4000   train 4.2100   lr 8.54e-11   grad 1.06   m[mean 1.454 std 0.219]   gamma=0.300   elapsed 1908s
[train-em-ln] step  4000   val_loss=5.1304  val_ppl=169.09

[train-em-ln] DONE  val_loss=5.2012  val_ppl=181.50  gamma=0.3000
[train-em-ln] checkpoint saved to /Users/dimitargueorguiev/git/ml/semsimula/notebooks/conservative_arch/first_order_ablation/results/splm2_gamma0p30_leakfree/seed2/splm_em_ln_shakespeare_seed2_ckpt_latest.pt
[train-em-ln] summary written to /Users/dimitargueorguiev/git/ml/semsimula/notebooks/conservative_arch/first_order_ablation/results/splm2_gamma0p30_leakfree/seed2/splm_em_ln_shakespeare_seed2_summary.md
[SPLM-1 leakfree] arm B seed=2 OK in 1929s

[SPLM-1 leakfree] sweep done in 11519s. Per-cell summary:
  - splm1_leakfree/seed0: OK
  - splm1_leakfree/seed1: OK
  - splm1_leakfree/seed2: OK
  - splm2_gamma0p30_leakfree/seed0: OK
  - splm2_gamma0p30_leakfree/seed1: OK
  - splm2_gamma0p30_leakfree/seed2: OK
