[train-em-ln] device=mps  mode=shakespeare  fixed_gamma=0.1  results_dir=/Users/dimitargueorguiev/git/ml/semsimula/notebooks/conservative_arch/ln_damping_sweep/results/leakfree_5seed_confirmation/gamma0p10/seed4
[train-em-ln] tokens: train=321,124  val=16,901
[train-em-ln] params: 7,123,075   d=128  L=8  v_hidden=512  ln_after_step=True
[train-em-ln] causal_force=True  (FIXED (post-bug))  steps=4000
[train-em-ln] init mass: mean=1.463  std=0.205  min=1.151  max=1.915
[train-em-ln] step    50/4000   train 10.7402   lr 1.25e-04   grad 1.18   m[mean 1.446 std 0.201]   gamma=0.100   elapsed 16s
[train-em-ln] step   100/4000   train 9.5800   lr 2.50e-04   grad 1.61   m[mean 1.440 std 0.199]   gamma=0.100   elapsed 34s
[train-em-ln] step   150/4000   train 7.6086   lr 3.75e-04   grad 1.25   m[mean 1.455 std 0.207]   gamma=0.100   elapsed 60s
[train-em-ln] step   200/4000   train 6.4382   lr 5.00e-04   grad 0.35   m[mean 1.459 std 0.211]   gamma=0.100   elapsed 85s
[train-em-ln] step   200   val_loss=6.4189  val_ppl=613.32
[train-em-ln] step   250/4000   train 6.1207   lr 5.00e-04   grad 0.50   m[mean 1.447 std 0.205]   gamma=0.100   elapsed 114s
[train-em-ln] step   300/4000   train 5.8271   lr 4.99e-04   grad 0.60   m[mean 1.449 std 0.205]   gamma=0.100   elapsed 134s
[train-em-ln] step   350/4000   train 5.5776   lr 4.98e-04   grad 0.53   m[mean 1.463 std 0.215]   gamma=0.100   elapsed 155s
[train-em-ln] step   400/4000   train 5.4110   lr 4.97e-04   grad 0.99   m[mean 1.468 std 0.211]   gamma=0.100   elapsed 175s
[train-em-ln] step   400   val_loss=5.7116  val_ppl=302.36
[train-em-ln] step   450/4000   train 5.2557   lr 4.95e-04   grad 0.53   m[mean 1.463 std 0.214]   gamma=0.100   elapsed 203s
[train-em-ln] step   500/4000   train 5.1285   lr 4.92e-04   grad 0.59   m[mean 1.458 std 0.212]   gamma=0.100   elapsed 223s
[train-em-ln] step   550/4000   train 5.0348   lr 4.90e-04   grad 0.72   m[mean 1.464 std 0.218]   gamma=0.100   elapsed 243s
[train-em-ln] step   600/4000   train 4.9672   lr 4.87e-04   grad 1.91   m[mean 1.466 std 0.215]   gamma=0.100   elapsed 263s
[train-em-ln] step   600   val_loss=5.5143  val_ppl=248.22
[train-em-ln] step   650/4000   train 4.8930   lr 4.83e-04   grad 0.93   m[mean 1.465 std 0.212]   gamma=0.100   elapsed 289s
[train-em-ln] step   700/4000   train 4.8558   lr 4.79e-04   grad 1.35   m[mean 1.466 std 0.217]   gamma=0.100   elapsed 308s
[train-em-ln] step   750/4000   train 4.8172   lr 4.75e-04   grad 2.13   m[mean 1.468 std 0.213]   gamma=0.100   elapsed 328s
[train-em-ln] step   800/4000   train 4.7706   lr 4.70e-04   grad 0.79   m[mean 1.465 std 0.214]   gamma=0.100   elapsed 347s
[train-em-ln] step   800   val_loss=5.3611  val_ppl=212.96
[train-em-ln] step   850/4000   train 4.7164   lr 4.65e-04   grad 1.46   m[mean 1.480 std 0.221]   gamma=0.100   elapsed 372s
[train-em-ln] step   900/4000   train 4.7041   lr 4.59e-04   grad 4.46   m[mean 1.474 std 0.216]   gamma=0.100   elapsed 392s
[train-em-ln] step   950/4000   train 4.6481   lr 4.54e-04   grad 0.84   m[mean 1.456 std 0.214]   gamma=0.100   elapsed 413s
[train-em-ln] step  1000/4000   train 4.6403   lr 4.47e-04   grad 1.94   m[mean 1.468 std 0.214]   gamma=0.100   elapsed 436s
[train-em-ln] step  1000   val_loss=5.2973  val_ppl=199.80
[train-em-ln] step  1050/4000   train 4.6124   lr 4.41e-04   grad 1.50   m[mean 1.454 std 0.211]   gamma=0.100   elapsed 468s
[train-em-ln] step  1100/4000   train 4.5780   lr 4.34e-04   grad 1.77   m[mean 1.456 std 0.215]   gamma=0.100   elapsed 493s
[train-em-ln] step  1150/4000   train 4.5268   lr 4.27e-04   grad 1.25   m[mean 1.468 std 0.212]   gamma=0.100   elapsed 515s
[train-em-ln] step  1200/4000   train 4.5406   lr 4.19e-04   grad 0.92   m[mean 1.465 std 0.216]   gamma=0.100   elapsed 539s
[train-em-ln] step  1200   val_loss=5.2345  val_ppl=187.64
[train-em-ln] step  1250/4000   train 4.4966   lr 4.12e-04   grad 0.96   m[mean 1.462 std 0.214]   gamma=0.100   elapsed 574s
[train-em-ln] step  1300/4000   train 4.4533   lr 4.04e-04   grad 1.35   m[mean 1.455 std 0.209]   gamma=0.100   elapsed 601s
[train-em-ln] step  1350/4000   train 4.4873   lr 3.95e-04   grad 0.86   m[mean 1.468 std 0.219]   gamma=0.100   elapsed 628s
[train-em-ln] step  1400/4000   train 4.4489   lr 3.87e-04   grad 1.06   m[mean 1.461 std 0.215]   gamma=0.100   elapsed 653s
[train-em-ln] step  1400   val_loss=5.2659  val_ppl=193.62
[train-em-ln] step  1450/4000   train 4.4305   lr 3.78e-04   grad 1.28   m[mean 1.455 std 0.212]   gamma=0.100   elapsed 682s
[train-em-ln] step  1500/4000   train 4.4180   lr 3.69e-04   grad 1.04   m[mean 1.467 std 0.216]   gamma=0.100   elapsed 704s
[train-em-ln] step  1550/4000   train 4.3870   lr 3.60e-04   grad 1.25   m[mean 1.462 std 0.213]   gamma=0.100   elapsed 727s
[train-em-ln] step  1600/4000   train 4.4008   lr 3.51e-04   grad 1.01   m[mean 1.464 std 0.212]   gamma=0.100   elapsed 750s
[train-em-ln] step  1600   val_loss=5.2483  val_ppl=190.25
[train-em-ln] step  1650/4000   train 4.4259   lr 3.41e-04   grad 1.73   m[mean 1.463 std 0.216]   gamma=0.100   elapsed 779s
[train-em-ln] step  1700/4000   train 4.3555   lr 3.31e-04   grad 0.96   m[mean 1.471 std 0.217]   gamma=0.100   elapsed 802s
[train-em-ln] step  1750/4000   train 4.3552   lr 3.22e-04   grad 1.14   m[mean 1.462 std 0.213]   gamma=0.100   elapsed 827s
[train-em-ln] step  1800/4000   train 4.3468   lr 3.12e-04   grad 1.30   m[mean 1.476 std 0.218]   gamma=0.100   elapsed 850s
[train-em-ln] step  1800   val_loss=5.1597  val_ppl=174.11
[train-em-ln] step  1850/4000   train 4.3498   lr 3.02e-04   grad 1.48   m[mean 1.465 std 0.219]   gamma=0.100   elapsed 883s
[train-em-ln] step  1900/4000   train 4.3203   lr 2.91e-04   grad 1.03   m[mean 1.465 std 0.214]   gamma=0.100   elapsed 907s
[train-em-ln] step  1950/4000   train 4.3101   lr 2.81e-04   grad 2.02   m[mean 1.461 std 0.215]   gamma=0.100   elapsed 931s
[train-em-ln] step  2000/4000   train 4.3003   lr 2.71e-04   grad 1.26   m[mean 1.461 std 0.211]   gamma=0.100   elapsed 954s
[train-em-ln] step  2000   val_loss=5.1988  val_ppl=181.06
[train-em-ln] step  2050/4000   train 4.2872   lr 2.61e-04   grad 1.09   m[mean 1.455 std 0.212]   gamma=0.100   elapsed 983s
[train-em-ln] step  2100/4000   train 4.2939   lr 2.50e-04   grad 1.01   m[mean 1.455 std 0.207]   gamma=0.100   elapsed 1005s
[train-em-ln] step  2150/4000   train 4.3360   lr 2.40e-04   grad 2.55   m[mean 1.462 std 0.217]   gamma=0.100   elapsed 1027s
[train-em-ln] step  2200/4000   train 4.2647   lr 2.30e-04   grad 1.39   m[mean 1.469 std 0.218]   gamma=0.100   elapsed 1049s
[train-em-ln] step  2200   val_loss=5.2335  val_ppl=187.46
[train-em-ln] step  2250/4000   train 4.2738   lr 2.19e-04   grad 1.49   m[mean 1.463 std 0.214]   gamma=0.100   elapsed 1077s
[train-em-ln] step  2300/4000   train 4.2705   lr 2.09e-04   grad 1.37   m[mean 1.456 std 0.214]   gamma=0.100   elapsed 1098s
[train-em-ln] step  2350/4000   train 4.2293   lr 1.99e-04   grad 1.49   m[mean 1.458 std 0.214]   gamma=0.100   elapsed 1120s
[train-em-ln] step  2400/4000   train 4.2802   lr 1.89e-04   grad 1.93   m[mean 1.470 std 0.221]   gamma=0.100   elapsed 1144s
[train-em-ln] step  2400   val_loss=5.1699  val_ppl=175.90
[train-em-ln] step  2450/4000   train 4.2350   lr 1.79e-04   grad 1.58   m[mean 1.461 std 0.212]   gamma=0.100   elapsed 1175s
[train-em-ln] step  2500/4000   train 4.2635   lr 1.69e-04   grad 1.66   m[mean 1.459 std 0.213]   gamma=0.100   elapsed 1196s
[train-em-ln] step  2550/4000   train 4.2488   lr 1.59e-04   grad 0.94   m[mean 1.470 std 0.222]   gamma=0.100   elapsed 1216s
[train-em-ln] step  2600/4000   train 4.2341   lr 1.50e-04   grad 1.36   m[mean 1.459 std 0.219]   gamma=0.100   elapsed 1236s
[train-em-ln] step  2600   val_loss=5.2269  val_ppl=186.21
[train-em-ln] step  2650/4000   train 4.2113   lr 1.40e-04   grad 1.10   m[mean 1.451 std 0.212]   gamma=0.100   elapsed 1261s
[train-em-ln] step  2700/4000   train 4.2240   lr 1.31e-04   grad 0.90   m[mean 1.458 std 0.214]   gamma=0.100   elapsed 1281s
[train-em-ln] step  2750/4000   train 4.2230   lr 1.22e-04   grad 1.14   m[mean 1.453 std 0.209]   gamma=0.100   elapsed 1300s
[train-em-ln] step  2800/4000   train 4.2278   lr 1.13e-04   grad 1.23   m[mean 1.446 std 0.214]   gamma=0.100   elapsed 1320s
[train-em-ln] step  2800   val_loss=5.2472  val_ppl=190.03
[train-em-ln] step  2850/4000   train 4.2017   lr 1.05e-04   grad 1.30   m[mean 1.465 std 0.217]   gamma=0.100   elapsed 1346s
[train-em-ln] step  2900/4000   train 4.2152   lr 9.66e-05   grad 1.46   m[mean 1.487 std 0.226]   gamma=0.100   elapsed 1367s
[train-em-ln] step  2950/4000   train 4.2012   lr 8.86e-05   grad 1.02   m[mean 1.456 std 0.208]   gamma=0.100   elapsed 1389s
[train-em-ln] step  3000/4000   train 4.2234   lr 8.08e-05   grad 0.90   m[mean 1.466 std 0.217]   gamma=0.100   elapsed 1412s
[train-em-ln] step  3000   val_loss=5.1984  val_ppl=180.98
[train-em-ln] step  3050/4000   train 4.2262   lr 7.34e-05   grad 1.06   m[mean 1.467 std 0.215]   gamma=0.100   elapsed 1439s
[train-em-ln] step  3100/4000   train 4.1594   lr 6.62e-05   grad 1.06   m[mean 1.464 std 0.211]   gamma=0.100   elapsed 1458s
[train-em-ln] step  3150/4000   train 4.1767   lr 5.94e-05   grad 1.15   m[mean 1.462 std 0.214]   gamma=0.100   elapsed 1479s
[train-em-ln] step  3200/4000   train 4.1819   lr 5.28e-05   grad 1.01   m[mean 1.462 std 0.211]   gamma=0.100   elapsed 1503s
[train-em-ln] step  3200   val_loss=5.1454  val_ppl=171.64
[train-em-ln] step  3250/4000   train 4.2054   lr 4.67e-05   grad 1.06   m[mean 1.473 std 0.223]   gamma=0.100   elapsed 1532s
[train-em-ln] step  3300/4000   train 4.1948   lr 4.08e-05   grad 1.15   m[mean 1.459 std 0.216]   gamma=0.100   elapsed 1554s
[train-em-ln] step  3350/4000   train 4.1948   lr 3.53e-05   grad 1.37   m[mean 1.466 std 0.217]   gamma=0.100   elapsed 1576s
[train-em-ln] step  3400/4000   train 4.1910   lr 3.02e-05   grad 1.40   m[mean 1.453 std 0.213]   gamma=0.100   elapsed 1596s
[train-em-ln] step  3400   val_loss=5.1769  val_ppl=177.14
[train-em-ln] step  3450/4000   train 4.2006   lr 2.55e-05   grad 1.01   m[mean 1.459 std 0.216]   gamma=0.100   elapsed 1621s
[train-em-ln] step  3500/4000   train 4.1754   lr 2.11e-05   grad 1.04   m[mean 1.471 std 0.220]   gamma=0.100   elapsed 1641s
[train-em-ln] step  3550/4000   train 4.1823   lr 1.72e-05   grad 1.00   m[mean 1.467 std 0.219]   gamma=0.100   elapsed 1661s
[train-em-ln] step  3600/4000   train 4.2228   lr 1.36e-05   grad 1.26   m[mean 1.443 std 0.208]   gamma=0.100   elapsed 1682s
[train-em-ln] step  3600   val_loss=5.1864  val_ppl=178.83
[train-em-ln] step  3650/4000   train 4.2099   lr 1.05e-05   grad 1.00   m[mean 1.468 std 0.214]   gamma=0.100   elapsed 1711s
[train-em-ln] step  3700/4000   train 4.1906   lr 7.70e-06   grad 1.21   m[mean 1.467 std 0.217]   gamma=0.100   elapsed 1732s
[train-em-ln] step  3750/4000   train 4.2138   lr 5.36e-06   grad 1.05   m[mean 1.459 std 0.215]   gamma=0.100   elapsed 1752s
[train-em-ln] step  3800/4000   train 4.1857   lr 3.44e-06   grad 0.91   m[mean 1.464 std 0.221]   gamma=0.100   elapsed 1772s
[train-em-ln] step  3800   val_loss=5.1912  val_ppl=179.69
[train-em-ln] step  3850/4000   train 4.1866   lr 1.95e-06   grad 1.12   m[mean 1.457 std 0.210]   gamma=0.100   elapsed 1798s
[train-em-ln] step  3900/4000   train 4.1814   lr 8.71e-07   grad 1.09   m[mean 1.463 std 0.220]   gamma=0.100   elapsed 1817s
[train-em-ln] step  3950/4000   train 4.1995   lr 2.22e-07   grad 0.90   m[mean 1.453 std 0.211]   gamma=0.100   elapsed 1838s
[train-em-ln] step  4000/4000   train 4.1745   lr 8.54e-11   grad 0.94   m[mean 1.459 std 0.212]   gamma=0.100   elapsed 1861s
[train-em-ln] step  4000   val_loss=5.1445  val_ppl=171.48

[train-em-ln] DONE  val_loss=5.2011  val_ppl=181.47  gamma=0.1000
[train-em-ln] checkpoint saved to /Users/dimitargueorguiev/git/ml/semsimula/notebooks/conservative_arch/ln_damping_sweep/results/leakfree_5seed_confirmation/gamma0p10/seed4/splm_em_ln_shakespeare_confS5_splm2_g0p10_seed4_ckpt_latest.pt
[train-em-ln] summary written to /Users/dimitargueorguiev/git/ml/semsimula/notebooks/conservative_arch/ln_damping_sweep/results/leakfree_5seed_confirmation/gamma0p10/seed4/splm_em_ln_shakespeare_confS5_splm2_g0p10_seed4_summary.md
