[train-attn] device=mps  mode=shakespeare  seed=2  results_dir=notebooks/conservative_arch/inference_efficiency/results/matched_attn/seed2
[train-attn] tokens: train=321,124  val=16,901
[train-attn] params: 8,052,096   d=128  L=8  n_head=4  mlp_mult=4  tie=True
[train-attn] step    50/4000   train 10.4061   lr 1.25e-04   grad 1.73   elapsed 33s
[train-attn] step   100/4000   train 9.1910   lr 2.50e-04   grad 1.70   elapsed 70s
[train-attn] step   150/4000   train 7.3978   lr 3.75e-04   grad 1.46   elapsed 107s
[train-attn] step   200/4000   train 6.2674   lr 5.00e-04   grad 1.00   elapsed 142s
[train-attn] step   200   val_loss=6.1441  val_ppl=465.94
[train-attn] step   250/4000   train 5.7725   lr 5.00e-04   grad 0.85   elapsed 184s
[train-attn] step   300/4000   train 5.4607   lr 4.99e-04   grad 0.89   elapsed 223s
[train-attn] step   350/4000   train 5.1854   lr 4.98e-04   grad 0.98   elapsed 259s
[train-attn] step   400/4000   train 5.0658   lr 4.97e-04   grad 1.03   elapsed 292s
[train-attn] step   400   val_loss=5.4198  val_ppl=225.83
[train-attn] step   450/4000   train 4.8999   lr 4.95e-04   grad 1.39   elapsed 335s
[train-attn] step   500/4000   train 4.8225   lr 4.92e-04   grad 1.10   elapsed 369s
[train-attn] step   550/4000   train 4.7481   lr 4.90e-04   grad 1.17   elapsed 403s
[train-attn] step   600/4000   train 4.6581   lr 4.87e-04   grad 1.92   elapsed 437s
[train-attn] step   600   val_loss=5.2065  val_ppl=182.46
[train-attn] step   650/4000   train 4.5760   lr 4.83e-04   grad 1.31   elapsed 477s
[train-attn] step   700/4000   train 4.4968   lr 4.79e-04   grad 1.36   elapsed 513s
[train-attn] step   750/4000   train 4.5143   lr 4.75e-04   grad 1.08   elapsed 549s
[train-attn] step   800/4000   train 4.3895   lr 4.70e-04   grad 1.10   elapsed 586s
[train-attn] step   800   val_loss=5.0636  val_ppl=158.15
[train-attn] step   850/4000   train 4.3690   lr 4.65e-04   grad 1.24   elapsed 632s
[train-attn] step   900/4000   train 4.3455   lr 4.59e-04   grad 1.41   elapsed 669s
[train-attn] step   950/4000   train 4.3179   lr 4.54e-04   grad 1.31   elapsed 705s
[train-attn] step  1000/4000   train 4.2318   lr 4.47e-04   grad 1.39   elapsed 743s
[train-attn] step  1000   val_loss=5.0139  val_ppl=150.48
[train-attn] step  1050/4000   train 4.2483   lr 4.41e-04   grad 1.31   elapsed 784s
[train-attn] step  1100/4000   train 4.2126   lr 4.34e-04   grad 1.55   elapsed 819s
[train-attn] step  1150/4000   train 4.1549   lr 4.27e-04   grad 1.42   elapsed 855s
[train-attn] step  1200/4000   train 4.1359   lr 4.19e-04   grad 1.45   elapsed 889s
[train-attn] step  1200   val_loss=5.0801  val_ppl=160.78
[train-attn] step  1250/4000   train 4.1306   lr 4.12e-04   grad 1.45   elapsed 929s
[train-attn] step  1300/4000   train 4.1404   lr 4.04e-04   grad 1.46   elapsed 962s
[train-attn] step  1350/4000   train 4.1008   lr 3.95e-04   grad 1.42   elapsed 997s
[train-attn] step  1400/4000   train 4.0664   lr 3.87e-04   grad 1.22   elapsed 1029s
[train-attn] step  1400   val_loss=4.9310  val_ppl=138.51
[train-attn] step  1450/4000   train 4.0144   lr 3.78e-04   grad 1.18   elapsed 1068s
[train-attn] step  1500/4000   train 4.0386   lr 3.69e-04   grad 1.19   elapsed 1100s
[train-attn] step  1550/4000   train 3.9706   lr 3.60e-04   grad 1.71   elapsed 1132s
[train-attn] step  1600/4000   train 3.9467   lr 3.51e-04   grad 1.33   elapsed 1164s
[train-attn] step  1600   val_loss=5.0814  val_ppl=160.99
[train-attn] step  1650/4000   train 3.9489   lr 3.41e-04   grad 1.41   elapsed 1204s
[train-attn] step  1700/4000   train 3.9225   lr 3.31e-04   grad 1.30   elapsed 1237s
[train-attn] step  1750/4000   train 3.9133   lr 3.22e-04   grad 1.37   elapsed 1268s
[train-attn] step  1800/4000   train 3.8862   lr 3.12e-04   grad 1.48   elapsed 1300s
[train-attn] step  1800   val_loss=5.1110  val_ppl=165.83
[train-attn] step  1850/4000   train 3.8404   lr 3.02e-04   grad 1.37   elapsed 1337s
[train-attn] step  1900/4000   train 3.8610   lr 2.91e-04   grad 2.27   elapsed 1369s
[train-attn] step  1950/4000   train 3.8242   lr 2.81e-04   grad 1.43   elapsed 1400s
[train-attn] step  2000/4000   train 3.8412   lr 2.71e-04   grad 1.34   elapsed 1431s
[train-attn] step  2000   val_loss=5.0781  val_ppl=160.47
[train-attn] step  2050/4000   train 3.8205   lr 2.61e-04   grad 1.59   elapsed 1469s
[train-attn] step  2100/4000   train 3.8044   lr 2.50e-04   grad 1.59   elapsed 1501s
[train-attn] step  2150/4000   train 3.7373   lr 2.40e-04   grad 1.29   elapsed 1531s
[train-attn] step  2200/4000   train 3.7419   lr 2.30e-04   grad 1.69   elapsed 1564s
[train-attn] step  2200   val_loss=5.0722  val_ppl=159.52
[train-attn] step  2250/4000   train 3.7258   lr 2.19e-04   grad 1.48   elapsed 1601s
[train-attn] step  2300/4000   train 3.7155   lr 2.09e-04   grad 1.43   elapsed 1632s
[train-attn] step  2350/4000   train 3.6997   lr 1.99e-04   grad 1.43   elapsed 1663s
[train-attn] step  2400/4000   train 3.6778   lr 1.89e-04   grad 1.63   elapsed 1694s
[train-attn] step  2400   val_loss=5.0872  val_ppl=161.93
[train-attn] step  2450/4000   train 3.6916   lr 1.79e-04   grad 1.55   elapsed 1732s
[train-attn] step  2500/4000   train 3.6931   lr 1.69e-04   grad 1.64   elapsed 1763s
[train-attn] step  2550/4000   train 3.6543   lr 1.59e-04   grad 1.52   elapsed 1789s
[train-attn] step  2600/4000   train 3.6648   lr 1.50e-04   grad 1.60   elapsed 1812s
[train-attn] step  2600   val_loss=5.0647  val_ppl=158.34
[train-attn] step  2650/4000   train 3.6316   lr 1.40e-04   grad 1.69   elapsed 1847s
[train-attn] step  2700/4000   train 3.6274   lr 1.31e-04   grad 1.62   elapsed 1878s
[train-attn] step  2750/4000   train 3.6244   lr 1.22e-04   grad 1.62   elapsed 1911s
[train-attn] step  2800/4000   train 3.5996   lr 1.13e-04   grad 1.66   elapsed 1942s
[train-attn] step  2800   val_loss=5.0040  val_ppl=149.01
[train-attn] step  2850/4000   train 3.5832   lr 1.05e-04   grad 1.51   elapsed 1978s
[train-attn] step  2900/4000   train 3.5910   lr 9.66e-05   grad 1.54   elapsed 2009s
[train-attn] step  2950/4000   train 3.5831   lr 8.86e-05   grad 1.49   elapsed 2040s
[train-attn] step  3000/4000   train 3.5700   lr 8.08e-05   grad 1.61   elapsed 2070s
[train-attn] step  3000   val_loss=5.0034  val_ppl=148.92
[train-attn] step  3050/4000   train 3.5794   lr 7.34e-05   grad 1.53   elapsed 2106s
[train-attn] step  3100/4000   train 3.5698   lr 6.62e-05   grad 1.43   elapsed 2137s
[train-attn] step  3150/4000   train 3.5492   lr 5.94e-05   grad 1.71   elapsed 2167s
[train-attn] step  3200/4000   train 3.5639   lr 5.28e-05   grad 1.65   elapsed 2196s
[train-attn] step  3200   val_loss=5.0391  val_ppl=154.33
[train-attn] step  3250/4000   train 3.5511   lr 4.67e-05   grad 1.57   elapsed 2232s
[train-attn] step  3300/4000   train 3.5544   lr 4.08e-05   grad 1.54   elapsed 2262s
[train-attn] step  3350/4000   train 3.5660   lr 3.53e-05   grad 1.59   elapsed 2291s
[train-attn] step  3400/4000   train 3.5359   lr 3.02e-05   grad 1.62   elapsed 2320s
[train-attn] step  3400   val_loss=5.0827  val_ppl=161.22
[train-attn] step  3450/4000   train 3.5363   lr 2.55e-05   grad 1.64   elapsed 2357s
[train-attn] step  3500/4000   train 3.5256   lr 2.11e-05   grad 1.64   elapsed 2387s
[train-attn] step  3550/4000   train 3.5421   lr 1.72e-05   grad 1.59   elapsed 2418s
[train-attn] step  3600/4000   train 3.5524   lr 1.36e-05   grad 1.68   elapsed 2448s
[train-attn] step  3600   val_loss=5.0946  val_ppl=163.14
[train-attn] step  3650/4000   train 3.5520   lr 1.05e-05   grad 1.56   elapsed 2485s
[train-attn] step  3700/4000   train 3.4867   lr 7.70e-06   grad 1.69   elapsed 2515s
[train-attn] step  3750/4000   train 3.5333   lr 5.36e-06   grad 1.57   elapsed 2544s
[train-attn] step  3800/4000   train 3.5362   lr 3.44e-06   grad 1.51   elapsed 2574s
[train-attn] step  3800   val_loss=5.1501  val_ppl=172.45
[train-attn] step  3850/4000   train 3.5037   lr 1.95e-06   grad 1.57   elapsed 2611s
[train-attn] step  3900/4000   train 3.4863   lr 8.71e-07   grad 1.56   elapsed 2640s
[train-attn] step  3950/4000   train 3.4999   lr 2.22e-07   grad 1.90   elapsed 2669s
[train-attn] step  4000/4000   train 3.5186   lr 8.54e-11   grad 1.57   elapsed 2700s
[train-attn] step  4000   val_loss=4.9682  val_ppl=143.77

[train-attn] DONE  val_loss=5.0862  val_ppl=161.78  (matched attention baseline)
[train-attn] checkpoint saved to notebooks/conservative_arch/inference_efficiency/results/matched_attn/seed2/matched_baseline_shakespeare_seed2_ckpt_latest.pt
[train-attn] summary written to notebooks/conservative_arch/inference_efficiency/results/matched_attn/seed2/matched_baseline_shakespeare_seed2_summary.md
