[train-em-ln] device=mps  mode=shakespeare  fixed_gamma=0.2  results_dir=/Users/dimitargueorguiev/git/ml/semsimula/notebooks/conservative_arch/ln_damping_sweep/results/leakfree_5seed_confirmation/gamma0p20/seed0
[train-em-ln] tokens: train=321,124  val=16,901
[train-em-ln] params: 7,123,075   d=128  L=8  v_hidden=512  ln_after_step=True
[train-em-ln] causal_force=True  (FIXED (post-bug))  steps=4000
[train-em-ln] init mass: mean=1.453  std=0.203  min=1.151  max=1.915
[train-em-ln] step    50/4000   train 10.7571   lr 1.25e-04   grad 1.11   m[mean 1.446 std 0.204]   gamma=0.200   elapsed 16s
[train-em-ln] step   100/4000   train 9.6655   lr 2.50e-04   grad 1.63   m[mean 1.441 std 0.199]   gamma=0.200   elapsed 33s
[train-em-ln] step   150/4000   train 7.6680   lr 3.75e-04   grad 1.31   m[mean 1.448 std 0.202]   gamma=0.200   elapsed 53s
[train-em-ln] step   200/4000   train 6.4667   lr 5.00e-04   grad 0.34   m[mean 1.449 std 0.201]   gamma=0.200   elapsed 75s
[train-em-ln] step   200   val_loss=6.4092  val_ppl=607.38
[train-em-ln] step   250/4000   train 6.1085   lr 5.00e-04   grad 0.66   m[mean 1.458 std 0.213]   gamma=0.200   elapsed 104s
[train-em-ln] step   300/4000   train 5.8331   lr 4.99e-04   grad 0.56   m[mean 1.463 std 0.218]   gamma=0.200   elapsed 126s
[train-em-ln] step   350/4000   train 5.6155   lr 4.98e-04   grad 0.85   m[mean 1.468 std 0.214]   gamma=0.200   elapsed 148s
[train-em-ln] step   400/4000   train 5.4349   lr 4.97e-04   grad 0.65   m[mean 1.464 std 0.209]   gamma=0.200   elapsed 170s
[train-em-ln] step   400   val_loss=5.6733  val_ppl=290.99
[train-em-ln] step   450/4000   train 5.2643   lr 4.95e-04   grad 0.64   m[mean 1.462 std 0.216]   gamma=0.200   elapsed 201s
[train-em-ln] step   500/4000   train 5.1340   lr 4.92e-04   grad 1.21   m[mean 1.468 std 0.218]   gamma=0.200   elapsed 225s
[train-em-ln] step   550/4000   train 5.0695   lr 4.90e-04   grad 0.85   m[mean 1.472 std 0.217]   gamma=0.200   elapsed 250s
[train-em-ln] step   600/4000   train 4.9760   lr 4.87e-04   grad 0.80   m[mean 1.452 std 0.215]   gamma=0.200   elapsed 274s
[train-em-ln] step   600   val_loss=5.4278  val_ppl=227.64
[train-em-ln] step   650/4000   train 4.8779   lr 4.83e-04   grad 0.74   m[mean 1.467 std 0.220]   gamma=0.200   elapsed 303s
[train-em-ln] step   700/4000   train 4.8705   lr 4.79e-04   grad 0.80   m[mean 1.470 std 0.214]   gamma=0.200   elapsed 325s
[train-em-ln] step   750/4000   train 4.7682   lr 4.75e-04   grad 0.94   m[mean 1.464 std 0.219]   gamma=0.200   elapsed 347s
[train-em-ln] step   800/4000   train 4.7944   lr 4.70e-04   grad 0.85   m[mean 1.463 std 0.219]   gamma=0.200   elapsed 369s
[train-em-ln] step   800   val_loss=5.3361  val_ppl=207.69
[train-em-ln] step   850/4000   train 4.7221   lr 4.65e-04   grad 0.86   m[mean 1.472 std 0.220]   gamma=0.200   elapsed 397s
[train-em-ln] step   900/4000   train 4.6632   lr 4.59e-04   grad 0.87   m[mean 1.469 std 0.216]   gamma=0.200   elapsed 418s
[train-em-ln] step   950/4000   train 4.6538   lr 4.54e-04   grad 0.74   m[mean 1.461 std 0.216]   gamma=0.200   elapsed 440s
[train-em-ln] step  1000/4000   train 4.6526   lr 4.47e-04   grad 0.97   m[mean 1.461 std 0.218]   gamma=0.200   elapsed 462s
[train-em-ln] step  1000   val_loss=5.2737  val_ppl=195.13
[train-em-ln] step  1050/4000   train 4.6507   lr 4.41e-04   grad 0.93   m[mean 1.469 std 0.212]   gamma=0.200   elapsed 488s
[train-em-ln] step  1100/4000   train 4.5514   lr 4.34e-04   grad 1.43   m[mean 1.463 std 0.216]   gamma=0.200   elapsed 508s
[train-em-ln] step  1150/4000   train 4.5429   lr 4.27e-04   grad 0.80   m[mean 1.463 std 0.218]   gamma=0.200   elapsed 528s
[train-em-ln] step  1200/4000   train 4.5551   lr 4.19e-04   grad 1.06   m[mean 1.466 std 0.220]   gamma=0.200   elapsed 550s
[train-em-ln] step  1200   val_loss=5.2082  val_ppl=182.77
[train-em-ln] step  1250/4000   train 4.4404   lr 4.12e-04   grad 0.90   m[mean 1.462 std 0.219]   gamma=0.200   elapsed 579s
[train-em-ln] step  1300/4000   train 4.4683   lr 4.04e-04   grad 0.92   m[mean 1.460 std 0.216]   gamma=0.200   elapsed 601s
[train-em-ln] step  1350/4000   train 4.4669   lr 3.95e-04   grad 1.29   m[mean 1.465 std 0.218]   gamma=0.200   elapsed 623s
[train-em-ln] step  1400/4000   train 4.4535   lr 3.87e-04   grad 0.85   m[mean 1.465 std 0.217]   gamma=0.200   elapsed 645s
[train-em-ln] step  1400   val_loss=5.2250  val_ppl=185.86
[train-em-ln] step  1450/4000   train 4.4538   lr 3.78e-04   grad 0.85   m[mean 1.464 std 0.216]   gamma=0.200   elapsed 671s
[train-em-ln] step  1500/4000   train 4.4255   lr 3.69e-04   grad 1.06   m[mean 1.462 std 0.216]   gamma=0.200   elapsed 694s
[train-em-ln] step  1550/4000   train 4.4266   lr 3.60e-04   grad 0.93   m[mean 1.469 std 0.221]   gamma=0.200   elapsed 720s
[train-em-ln] step  1600/4000   train 4.3959   lr 3.51e-04   grad 0.93   m[mean 1.462 std 0.215]   gamma=0.200   elapsed 745s
[train-em-ln] step  1600   val_loss=5.1748  val_ppl=176.76
[train-em-ln] step  1650/4000   train 4.4011   lr 3.41e-04   grad 0.91   m[mean 1.458 std 0.211]   gamma=0.200   elapsed 775s
[train-em-ln] step  1700/4000   train 4.3621   lr 3.31e-04   grad 1.15   m[mean 1.460 std 0.217]   gamma=0.200   elapsed 796s
[train-em-ln] step  1750/4000   train 4.3549   lr 3.22e-04   grad 1.07   m[mean 1.462 std 0.218]   gamma=0.200   elapsed 818s
[train-em-ln] step  1800/4000   train 4.3192   lr 3.12e-04   grad 1.03   m[mean 1.456 std 0.213]   gamma=0.200   elapsed 841s
[train-em-ln] step  1800   val_loss=5.2226  val_ppl=185.42
[train-em-ln] step  1850/4000   train 4.3463   lr 3.02e-04   grad 1.01   m[mean 1.462 std 0.215]   gamma=0.200   elapsed 872s
[train-em-ln] step  1900/4000   train 4.3121   lr 2.91e-04   grad 1.04   m[mean 1.472 std 0.222]   gamma=0.200   elapsed 899s
[train-em-ln] step  1950/4000   train 4.3611   lr 2.81e-04   grad 1.08   m[mean 1.447 std 0.211]   gamma=0.200   elapsed 927s
[train-em-ln] step  2000/4000   train 4.3404   lr 2.71e-04   grad 1.07   m[mean 1.466 std 0.217]   gamma=0.200   elapsed 955s
[train-em-ln] step  2000   val_loss=5.2276  val_ppl=186.34
[train-em-ln] step  2050/4000   train 4.3178   lr 2.61e-04   grad 1.14   m[mean 1.453 std 0.216]   gamma=0.200   elapsed 983s
[train-em-ln] step  2100/4000   train 4.3029   lr 2.50e-04   grad 0.80   m[mean 1.461 std 0.216]   gamma=0.200   elapsed 1005s
[train-em-ln] step  2150/4000   train 4.2829   lr 2.40e-04   grad 1.00   m[mean 1.460 std 0.212]   gamma=0.200   elapsed 1027s
[train-em-ln] step  2200/4000   train 4.2551   lr 2.30e-04   grad 0.85   m[mean 1.464 std 0.214]   gamma=0.200   elapsed 1049s
[train-em-ln] step  2200   val_loss=5.1976  val_ppl=180.85
[train-em-ln] step  2250/4000   train 4.2911   lr 2.19e-04   grad 0.94   m[mean 1.451 std 0.212]   gamma=0.200   elapsed 1080s
[train-em-ln] step  2300/4000   train 4.2901   lr 2.09e-04   grad 1.56   m[mean 1.452 std 0.214]   gamma=0.200   elapsed 1103s
[train-em-ln] step  2350/4000   train 4.2524   lr 1.99e-04   grad 0.98   m[mean 1.461 std 0.214]   gamma=0.200   elapsed 1127s
[train-em-ln] step  2400/4000   train 4.2710   lr 1.89e-04   grad 0.85   m[mean 1.453 std 0.210]   gamma=0.200   elapsed 1151s
[train-em-ln] step  2400   val_loss=5.1913  val_ppl=179.70
[train-em-ln] step  2450/4000   train 4.2335   lr 1.79e-04   grad 0.80   m[mean 1.450 std 0.213]   gamma=0.200   elapsed 1179s
[train-em-ln] step  2500/4000   train 4.2436   lr 1.69e-04   grad 1.20   m[mean 1.449 std 0.213]   gamma=0.200   elapsed 1201s
[train-em-ln] step  2550/4000   train 4.2108   lr 1.59e-04   grad 0.90   m[mean 1.459 std 0.212]   gamma=0.200   elapsed 1223s
[train-em-ln] step  2600/4000   train 4.2328   lr 1.50e-04   grad 0.99   m[mean 1.455 std 0.211]   gamma=0.200   elapsed 1246s
[train-em-ln] step  2600   val_loss=5.2185  val_ppl=184.67
[train-em-ln] step  2650/4000   train 4.2354   lr 1.40e-04   grad 1.03   m[mean 1.460 std 0.214]   gamma=0.200   elapsed 1276s
[train-em-ln] step  2700/4000   train 4.2181   lr 1.31e-04   grad 1.11   m[mean 1.454 std 0.218]   gamma=0.200   elapsed 1300s
[train-em-ln] step  2750/4000   train 4.2306   lr 1.22e-04   grad 0.97   m[mean 1.455 std 0.214]   gamma=0.200   elapsed 1324s
[train-em-ln] step  2800/4000   train 4.2095   lr 1.13e-04   grad 1.10   m[mean 1.449 std 0.215]   gamma=0.200   elapsed 1347s
[train-em-ln] step  2800   val_loss=5.1849  val_ppl=178.56
[train-em-ln] step  2850/4000   train 4.1954   lr 1.05e-04   grad 1.08   m[mean 1.454 std 0.216]   gamma=0.200   elapsed 1374s
[train-em-ln] step  2900/4000   train 4.2264   lr 9.66e-05   grad 0.99   m[mean 1.450 std 0.215]   gamma=0.200   elapsed 1396s
[train-em-ln] step  2950/4000   train 4.2158   lr 8.86e-05   grad 0.88   m[mean 1.458 std 0.215]   gamma=0.200   elapsed 1417s
[train-em-ln] step  3000/4000   train 4.2100   lr 8.08e-05   grad 1.07   m[mean 1.453 std 0.216]   gamma=0.200   elapsed 1439s
[train-em-ln] step  3000   val_loss=5.2218  val_ppl=185.27
[train-em-ln] step  3050/4000   train 4.1757   lr 7.34e-05   grad 1.00   m[mean 1.451 std 0.211]   gamma=0.200   elapsed 1467s
[train-em-ln] step  3100/4000   train 4.1665   lr 6.62e-05   grad 0.90   m[mean 1.444 std 0.206]   gamma=0.200   elapsed 1489s
[train-em-ln] step  3150/4000   train 4.2104   lr 5.94e-05   grad 0.85   m[mean 1.456 std 0.216]   gamma=0.200   elapsed 1511s
[train-em-ln] step  3200/4000   train 4.2090   lr 5.28e-05   grad 0.96   m[mean 1.452 std 0.211]   gamma=0.200   elapsed 1533s
[train-em-ln] step  3200   val_loss=5.2224  val_ppl=185.37
[train-em-ln] step  3250/4000   train 4.1872   lr 4.67e-05   grad 1.02   m[mean 1.464 std 0.217]   gamma=0.200   elapsed 1562s
[train-em-ln] step  3300/4000   train 4.2035   lr 4.08e-05   grad 0.88   m[mean 1.459 std 0.212]   gamma=0.200   elapsed 1584s
[train-em-ln] step  3350/4000   train 4.1846   lr 3.53e-05   grad 0.90   m[mean 1.457 std 0.215]   gamma=0.200   elapsed 1607s
[train-em-ln] step  3400/4000   train 4.2220   lr 3.02e-05   grad 1.00   m[mean 1.457 std 0.216]   gamma=0.200   elapsed 1629s
[train-em-ln] step  3400   val_loss=5.1806  val_ppl=177.79
[train-em-ln] step  3450/4000   train 4.1902   lr 2.55e-05   grad 0.96   m[mean 1.459 std 0.213]   gamma=0.200   elapsed 1657s
[train-em-ln] step  3500/4000   train 4.2059   lr 2.11e-05   grad 0.86   m[mean 1.460 std 0.215]   gamma=0.200   elapsed 1679s
[train-em-ln] step  3550/4000   train 4.2044   lr 1.72e-05   grad 0.97   m[mean 1.461 std 0.219]   gamma=0.200   elapsed 1701s
[train-em-ln] step  3600/4000   train 4.1985   lr 1.36e-05   grad 1.16   m[mean 1.461 std 0.215]   gamma=0.200   elapsed 1722s
[train-em-ln] step  3600   val_loss=5.1821  val_ppl=178.06
[train-em-ln] step  3650/4000   train 4.1534   lr 1.05e-05   grad 0.97   m[mean 1.462 std 0.219]   gamma=0.200   elapsed 1747s
[train-em-ln] step  3700/4000   train 4.1763   lr 7.70e-06   grad 0.82   m[mean 1.450 std 0.214]   gamma=0.200   elapsed 1767s
[train-em-ln] step  3750/4000   train 4.2190   lr 5.36e-06   grad 0.97   m[mean 1.460 std 0.214]   gamma=0.200   elapsed 1788s
[train-em-ln] step  3800/4000   train 4.1620   lr 3.44e-06   grad 0.96   m[mean 1.457 std 0.214]   gamma=0.200   elapsed 1810s
[train-em-ln] step  3800   val_loss=5.1728  val_ppl=176.41
[train-em-ln] step  3850/4000   train 4.1750   lr 1.95e-06   grad 1.03   m[mean 1.471 std 0.223]   gamma=0.200   elapsed 1838s
[train-em-ln] step  3900/4000   train 4.2177   lr 8.71e-07   grad 1.04   m[mean 1.458 std 0.220]   gamma=0.200   elapsed 1860s
[train-em-ln] step  3950/4000   train 4.2131   lr 2.22e-07   grad 1.09   m[mean 1.473 std 0.219]   gamma=0.200   elapsed 1882s
[train-em-ln] step  4000/4000   train 4.1976   lr 8.54e-11   grad 0.90   m[mean 1.450 std 0.213]   gamma=0.200   elapsed 1904s
[train-em-ln] step  4000   val_loss=5.2459  val_ppl=189.79

[train-em-ln] DONE  val_loss=5.2233  val_ppl=185.54  gamma=0.2000
[train-em-ln] checkpoint saved to /Users/dimitargueorguiev/git/ml/semsimula/notebooks/conservative_arch/ln_damping_sweep/results/leakfree_5seed_confirmation/gamma0p20/seed0/splm_em_ln_shakespeare_confS5_splm2_g0p20_seed0_ckpt_latest.pt
[train-em-ln] summary written to /Users/dimitargueorguiev/git/ml/semsimula/notebooks/conservative_arch/ln_damping_sweep/results/leakfree_5seed_confirmation/gamma0p20/seed0/splm_em_ln_shakespeare_confS5_splm2_g0p20_seed0_summary.md
