[train-matched] device=mps  mode=shakespeare
[train-matched] tokens: train=321,124  val=16,901
[train-matched] params: 8,052,096   d=128  n_layer=8  n_head=4
[train-matched] step    50/4000   train 10.4272   lr 1.25e-04   grad 1.71   elapsed 19s
[train-matched] step   100/4000   train 9.2444   lr 2.50e-04   grad 1.76   elapsed 38s
[train-matched] step   150/4000   train 7.4462   lr 3.75e-04   grad 1.50   elapsed 58s
[train-matched] step   200/4000   train 6.2527   lr 5.00e-04   grad 1.06   elapsed 77s
[train-matched] >>> eval @ 200: train 5.9564   val 6.1271   ppl 458.09
[train-matched] step   250/4000   train 5.7710   lr 5.00e-04   grad 1.17   elapsed 102s
[train-matched] step   300/4000   train 5.4365   lr 4.99e-04   grad 0.98   elapsed 122s
[train-matched] step   350/4000   train 5.1935   lr 4.98e-04   grad 1.27   elapsed 144s
[train-matched] step   400/4000   train 5.0663   lr 4.97e-04   grad 1.21   elapsed 165s
[train-matched] >>> eval @ 400: train 4.9566   val 5.4021   ppl 221.86
[train-matched] step   450/4000   train 4.9026   lr 4.95e-04   grad 1.19   elapsed 198s
[train-matched] step   500/4000   train 4.8036   lr 4.92e-04   grad 1.09   elapsed 220s
[train-matched] step   550/4000   train 4.7012   lr 4.90e-04   grad 1.06   elapsed 240s
[train-matched] step   600/4000   train 4.6223   lr 4.87e-04   grad 1.76   elapsed 260s
[train-matched] >>> eval @ 600: train 4.6006   val 5.2004   ppl 181.35
[train-matched] step   650/4000   train 4.5790   lr 4.83e-04   grad 1.30   elapsed 289s
[train-matched] step   700/4000   train 4.5244   lr 4.79e-04   grad 1.87   elapsed 309s
[train-matched] step   750/4000   train 4.4214   lr 4.75e-04   grad 1.72   elapsed 330s
[train-matched] step   800/4000   train 4.4408   lr 4.70e-04   grad 1.51   elapsed 349s
[train-matched] >>> eval @ 800: train 4.3852   val 5.1024   ppl 164.41
[train-matched] step   850/4000   train 4.3854   lr 4.65e-04   grad 1.40   elapsed 377s
[train-matched] step   900/4000   train 4.3445   lr 4.59e-04   grad 1.42   elapsed 397s
[train-matched] step   950/4000   train 4.3152   lr 4.54e-04   grad 1.23   elapsed 417s
[train-matched] step  1000/4000   train 4.2380   lr 4.47e-04   grad 1.42   elapsed 436s
[train-matched] >>> eval @ 1000: train 4.2516   val 5.0604   ppl 157.65
[train-matched] step  1050/4000   train 4.2439   lr 4.41e-04   grad 1.27   elapsed 464s
[train-matched] step  1100/4000   train 4.1568   lr 4.34e-04   grad 1.18   elapsed 484s
[train-matched] step  1150/4000   train 4.1336   lr 4.27e-04   grad 1.33   elapsed 504s
[train-matched] step  1200/4000   train 4.1668   lr 4.19e-04   grad 1.39   elapsed 524s
[train-matched] >>> eval @ 1200: train 4.1094   val 5.0474   ppl 155.61
[train-matched] step  1250/4000   train 4.1054   lr 4.12e-04   grad 1.34   elapsed 553s
[train-matched] step  1300/4000   train 4.0764   lr 4.04e-04   grad 1.38   elapsed 573s
[train-matched] step  1350/4000   train 4.0339   lr 3.95e-04   grad 1.26   elapsed 594s
[train-matched] step  1400/4000   train 4.0459   lr 3.87e-04   grad 1.52   elapsed 613s
[train-matched] >>> eval @ 1400: train 4.0682   val 5.0217   ppl 151.67
[train-matched] step  1450/4000   train 3.9956   lr 3.78e-04   grad 1.30   elapsed 641s
[train-matched] step  1500/4000   train 3.9849   lr 3.69e-04   grad 1.31   elapsed 664s
[train-matched] step  1550/4000   train 3.9644   lr 3.60e-04   grad 1.28   elapsed 685s
[train-matched] step  1600/4000   train 3.9446   lr 3.51e-04   grad 1.32   elapsed 706s
[train-matched] >>> eval @ 1600: train 3.9117   val 4.9528   ppl 141.57
[train-matched] step  1650/4000   train 3.9143   lr 3.41e-04   grad 1.47   elapsed 734s
[train-matched] step  1700/4000   train 3.8881   lr 3.31e-04   grad 1.53   elapsed 753s
[train-matched] step  1750/4000   train 3.8642   lr 3.22e-04   grad 1.30   elapsed 771s
[train-matched] step  1800/4000   train 3.8531   lr 3.12e-04   grad 1.32   elapsed 789s
[train-matched] >>> eval @ 1800: train 3.8404   val 4.9284   ppl 138.16
[train-matched] step  1850/4000   train 3.8899   lr 3.02e-04   grad 1.45   elapsed 817s
[train-matched] step  1900/4000   train 3.7959   lr 2.91e-04   grad 1.71   elapsed 836s
[train-matched] step  1950/4000   train 3.7984   lr 2.81e-04   grad 1.36   elapsed 856s
[train-matched] step  2000/4000   train 3.8136   lr 2.71e-04   grad 1.41   elapsed 876s
[train-matched] >>> eval @ 2000: train 3.7784   val 4.9622   ppl 142.91
[train-matched] step  2050/4000   train 3.8004   lr 2.61e-04   grad 1.64   elapsed 903s
[train-matched] step  2100/4000   train 3.7686   lr 2.50e-04   grad 1.44   elapsed 923s
[train-matched] step  2150/4000   train 3.7562   lr 2.40e-04   grad 2.11   elapsed 943s
[train-matched] step  2200/4000   train 3.7383   lr 2.30e-04   grad 1.79   elapsed 964s
[train-matched] >>> eval @ 2200: train 3.7379   val 4.8862   ppl 132.46
[train-matched] step  2250/4000   train 3.7237   lr 2.19e-04   grad 1.53   elapsed 990s
[train-matched] step  2300/4000   train 3.7043   lr 2.09e-04   grad 1.60   elapsed 1010s
[train-matched] step  2350/4000   train 3.6681   lr 1.99e-04   grad 1.57   elapsed 1029s
[train-matched] step  2400/4000   train 3.7172   lr 1.89e-04   grad 1.87   elapsed 1049s
[train-matched] >>> eval @ 2400: train 3.7126   val 4.9810   ppl 145.62
[train-matched] step  2450/4000   train 3.6822   lr 1.79e-04   grad 1.51   elapsed 1075s
[train-matched] step  2500/4000   train 3.6694   lr 1.69e-04   grad 1.54   elapsed 1095s
[train-matched] step  2550/4000   train 3.6596   lr 1.59e-04   grad 1.60   elapsed 1115s
[train-matched] step  2600/4000   train 3.6650   lr 1.50e-04   grad 1.53   elapsed 1133s
[train-matched] >>> eval @ 2600: train 3.6657   val 4.9259   ppl 137.81
[train-matched] step  2650/4000   train 3.6141   lr 1.40e-04   grad 1.53   elapsed 1161s
[train-matched] step  2700/4000   train 3.6227   lr 1.31e-04   grad 1.63   elapsed 1181s
[train-matched] step  2750/4000   train 3.6081   lr 1.22e-04   grad 1.82   elapsed 1202s
[train-matched] step  2800/4000   train 3.6182   lr 1.13e-04   grad 1.55   elapsed 1221s
[train-matched] >>> eval @ 2800: train 3.6235   val 4.9102   ppl 135.67
[train-matched] step  2850/4000   train 3.5999   lr 1.05e-04   grad 1.87   elapsed 1245s
[train-matched] step  2900/4000   train 3.6126   lr 9.66e-05   grad 1.56   elapsed 1263s
[train-matched] step  2950/4000   train 3.5608   lr 8.86e-05   grad 1.93   elapsed 1281s
[train-matched] step  3000/4000   train 3.5852   lr 8.08e-05   grad 1.73   elapsed 1299s
[train-matched] >>> eval @ 3000: train 3.5757   val 4.9818   ppl 145.74
[train-matched] step  3050/4000   train 3.5811   lr 7.34e-05   grad 1.69   elapsed 1324s
[train-matched] step  3100/4000   train 3.5710   lr 6.62e-05   grad 1.64   elapsed 1343s
[train-matched] step  3150/4000   train 3.5682   lr 5.94e-05   grad 1.55   elapsed 1362s
[train-matched] step  3200/4000   train 3.5877   lr 5.28e-05   grad 1.83   elapsed 1382s
[train-matched] >>> eval @ 3200: train 3.5697   val 4.9596   ppl 142.53
[train-matched] step  3250/4000   train 3.5435   lr 4.67e-05   grad 1.76   elapsed 1414s
[train-matched] step  3300/4000   train 3.5751   lr 4.08e-05   grad 1.66   elapsed 1435s
[train-matched] step  3350/4000   train 3.5487   lr 3.53e-05   grad 1.67   elapsed 1459s
[train-matched] step  3400/4000   train 3.5287   lr 3.02e-05   grad 1.76   elapsed 1480s
[train-matched] >>> eval @ 3400: train 3.5206   val 4.9149   ppl 136.30
[train-matched] step  3450/4000   train 3.5320   lr 2.55e-05   grad 1.59   elapsed 1510s
[train-matched] step  3500/4000   train 3.5597   lr 2.11e-05   grad 1.64   elapsed 1529s
[train-matched] step  3550/4000   train 3.5345   lr 1.72e-05   grad 1.58   elapsed 1548s
[train-matched] step  3600/4000   train 3.5236   lr 1.36e-05   grad 1.61   elapsed 1567s
[train-matched] >>> eval @ 3600: train 3.5326   val 4.9322   ppl 138.68
[train-matched] step  3650/4000   train 3.5216   lr 1.05e-05   grad 1.82   elapsed 1594s
[train-matched] step  3700/4000   train 3.5301   lr 7.70e-06   grad 1.77   elapsed 1614s
[train-matched] step  3750/4000   train 3.5188   lr 5.36e-06   grad 1.63   elapsed 1634s
[train-matched] step  3800/4000   train 3.5171   lr 3.44e-06   grad 1.62   elapsed 1652s
[train-matched] >>> eval @ 3800: train 3.5296   val 4.9551   ppl 141.90
[train-matched] step  3850/4000   train 3.5123   lr 1.95e-06   grad 1.52   elapsed 1680s
[train-matched] step  3900/4000   train 3.5586   lr 8.71e-07   grad 1.85   elapsed 1699s
[train-matched] step  3950/4000   train 3.5300   lr 2.22e-07   grad 1.68   elapsed 1719s
[train-matched] step  4000/4000   train 3.5259   lr 8.54e-11   grad 1.59   elapsed 1738s
[train-matched] >>> eval @ 4000: train 3.5580   val 4.9835   ppl 145.99
[train-matched] done in 1746s
[train-matched] saved checkpoint -> /Users/dimitargueorguiev/git/ml/semsimula/notebooks/conservative_arch/results/matched_shakespeare_ckpt_latest.pt
[train-matched] saved loss curve -> /Users/dimitargueorguiev/git/ml/semsimula/notebooks/conservative_arch/results/matched_shakespeare_loss_curve.png
[train-matched] saved summary -> /Users/dimitargueorguiev/git/ml/semsimula/notebooks/conservative_arch/results/matched_shakespeare_summary.md
