[helm-train] device=mps  tag=helm_SASASASA_shakespeare_seed0
[helm-train] tokens: train=321,124  val=16,901
[helm-train] arch: schedule='SASASASA'  (n_S=4, n_A=4, L=8)  d=128, v_hidden=512, v_depth=3, n_head=4, fixed_gamma=None, causal_force=True, ln_after_s_step=True
[helm-train] params: 7,916,164  (target ~8.0 M, delta -0.084 M)
[helm-train] running causal-violation probe...
[helm-train] causal probe PASSED (perturbation + gradient-Jacobian, both modes < 1e-6)
[helm-train] step    50/4000   train 10.6182   lr 1.25e-04   grad 2.41   gamma=0.150   elapsed 19s
[helm-train] step   100/4000   train 7.6417   lr 2.50e-04   grad 1.50   gamma=0.149   elapsed 38s
[helm-train] step   150/4000   train 6.4100   lr 3.75e-04   grad 1.06   gamma=0.150   elapsed 57s
[helm-train] step   200/4000   train 6.1736   lr 5.00e-04   grad 1.08   gamma=0.149   elapsed 77s
[helm-train] >>> eval @ 200: train 5.9246   val 6.1625   ppl 474.62
[helm-train] step   250/4000   train 5.7421   lr 5.00e-04   grad 1.20   gamma=0.149   elapsed 107s
[helm-train] step   300/4000   train 5.4118   lr 4.99e-04   grad 1.34   gamma=0.148   elapsed 128s
[helm-train] step   350/4000   train 5.2069   lr 4.98e-04   grad 1.22   gamma=0.148   elapsed 149s
[helm-train] step   400/4000   train 5.0514   lr 4.97e-04   grad 1.26   gamma=0.147   elapsed 169s
[helm-train] >>> eval @ 400: train 4.9161   val 5.5576   ppl 259.19
[helm-train] step   450/4000   train 4.9070   lr 4.95e-04   grad 1.55   gamma=0.147   elapsed 200s
[helm-train] step   500/4000   train 4.7809   lr 4.92e-04   grad 1.47   gamma=0.147   elapsed 221s
[helm-train] step   550/4000   train 4.7529   lr 4.90e-04   grad 1.44   gamma=0.147   elapsed 243s
[helm-train] step   600/4000   train 4.6336   lr 4.87e-04   grad 1.49   gamma=0.147   elapsed 264s
[helm-train] >>> eval @ 600: train 4.6161   val 5.3376   ppl 208.01
[helm-train] step   650/4000   train 4.5443   lr 4.83e-04   grad 1.85   gamma=0.147   elapsed 295s
[helm-train] step   700/4000   train 4.5707   lr 4.79e-04   grad 1.60   gamma=0.147   elapsed 317s
[helm-train] step   750/4000   train 4.4539   lr 4.75e-04   grad 1.47   gamma=0.147   elapsed 336s
[helm-train] step   800/4000   train 4.4312   lr 4.70e-04   grad 1.89   gamma=0.147   elapsed 356s
[helm-train] >>> eval @ 800: train 4.4172   val 5.2950   ppl 199.33
[helm-train] step   850/4000   train 4.3920   lr 4.65e-04   grad 1.83   gamma=0.147   elapsed 383s
[helm-train] step   900/4000   train 4.3259   lr 4.59e-04   grad 1.66   gamma=0.147   elapsed 401s
[helm-train] step   950/4000   train 4.3101   lr 4.54e-04   grad 1.73   gamma=0.146   elapsed 421s
[helm-train] step  1000/4000   train 4.2167   lr 4.47e-04   grad 1.61   gamma=0.146   elapsed 440s
[helm-train] >>> eval @ 1000: train 4.2656   val 5.2829   ppl 196.93
[helm-train] step  1050/4000   train 4.1513   lr 4.41e-04   grad 2.08   gamma=0.146   elapsed 468s
[helm-train] step  1100/4000   train 4.0964   lr 4.34e-04   grad 1.65   gamma=0.146   elapsed 488s
[helm-train] step  1150/4000   train 4.1095   lr 4.27e-04   grad 1.67   gamma=0.146   elapsed 507s
[helm-train] step  1200/4000   train 4.0961   lr 4.19e-04   grad 2.04   gamma=0.146   elapsed 526s
[helm-train] >>> eval @ 1200: train 4.1362   val 5.2121   ppl 183.49
[helm-train] step  1250/4000   train 4.0921   lr 4.12e-04   grad 1.72   gamma=0.146   elapsed 555s
[helm-train] step  1300/4000   train 4.0492   lr 4.04e-04   grad 1.85   gamma=0.146   elapsed 574s
[helm-train] step  1350/4000   train 4.0393   lr 3.95e-04   grad 1.92   gamma=0.146   elapsed 594s
[helm-train] step  1400/4000   train 3.9988   lr 3.87e-04   grad 1.84   gamma=0.146   elapsed 614s
[helm-train] >>> eval @ 1400: train 3.9982   val 5.1733   ppl 176.50
[helm-train] step  1450/4000   train 3.9519   lr 3.78e-04   grad 1.92   gamma=0.146   elapsed 643s
[helm-train] step  1500/4000   train 3.9404   lr 3.69e-04   grad 1.87   gamma=0.146   elapsed 663s
[helm-train] step  1550/4000   train 3.8983   lr 3.60e-04   grad 1.87   gamma=0.146   elapsed 682s
[helm-train] step  1600/4000   train 3.9102   lr 3.51e-04   grad 1.87   gamma=0.146   elapsed 702s
[helm-train] >>> eval @ 1600: train 3.8446   val 5.1897   ppl 179.42
[helm-train] step  1650/4000   train 3.8860   lr 3.41e-04   grad 1.99   gamma=0.146   elapsed 730s
[helm-train] step  1700/4000   train 3.8818   lr 3.31e-04   grad 2.16   gamma=0.145   elapsed 750s
[helm-train] step  1750/4000   train 3.8884   lr 3.22e-04   grad 2.35   gamma=0.145   elapsed 771s
[helm-train] step  1800/4000   train 3.8272   lr 3.12e-04   grad 2.00   gamma=0.145   elapsed 791s
[helm-train] >>> eval @ 1800: train 3.8258   val 5.2766   ppl 195.71
[helm-train] step  1850/4000   train 3.7835   lr 3.02e-04   grad 2.23   gamma=0.145   elapsed 819s
[helm-train] step  1900/4000   train 3.7789   lr 2.91e-04   grad 2.26   gamma=0.145   elapsed 838s
[helm-train] step  1950/4000   train 3.8045   lr 2.81e-04   grad 2.36   gamma=0.144   elapsed 858s
[helm-train] step  2000/4000   train 3.7454   lr 2.71e-04   grad 2.49   gamma=0.144   elapsed 877s
[helm-train] >>> eval @ 2000: train 3.7552   val 5.3092   ppl 202.19
[helm-train] step  2050/4000   train 3.7656   lr 2.61e-04   grad 2.17   gamma=0.144   elapsed 906s
[helm-train] step  2100/4000   train 3.7553   lr 2.50e-04   grad 2.34   gamma=0.144   elapsed 925s
[helm-train] step  2150/4000   train 3.7033   lr 2.40e-04   grad 2.23   gamma=0.143   elapsed 944s
[helm-train] step  2200/4000   train 3.6763   lr 2.30e-04   grad 2.19   gamma=0.143   elapsed 962s
[helm-train] >>> eval @ 2200: train 3.6925   val 5.2602   ppl 192.51
[helm-train] step  2250/4000   train 3.7041   lr 2.19e-04   grad 2.39   gamma=0.143   elapsed 991s
[helm-train] step  2300/4000   train 3.7036   lr 2.09e-04   grad 2.28   gamma=0.143   elapsed 1011s
[helm-train] step  2350/4000   train 3.6334   lr 1.99e-04   grad 2.41   gamma=0.142   elapsed 1031s
[helm-train] step  2400/4000   train 3.6733   lr 1.89e-04   grad 2.35   gamma=0.142   elapsed 1050s
[helm-train] >>> eval @ 2400: train 3.6594   val 5.3550   ppl 211.66
[helm-train] step  2450/4000   train 3.6188   lr 1.79e-04   grad 2.29   gamma=0.142   elapsed 1079s
[helm-train] step  2500/4000   train 3.6592   lr 1.69e-04   grad 2.42   gamma=0.142   elapsed 1098s
[helm-train] step  2550/4000   train 3.6229   lr 1.59e-04   grad 2.67   gamma=0.141   elapsed 1117s
[helm-train] step  2600/4000   train 3.6218   lr 1.50e-04   grad 2.43   gamma=0.141   elapsed 1137s
[helm-train] >>> eval @ 2600: train 3.5834   val 5.3412   ppl 208.76
[helm-train] step  2650/4000   train 3.5458   lr 1.40e-04   grad 2.54   gamma=0.141   elapsed 1165s
[helm-train] step  2700/4000   train 3.6091   lr 1.31e-04   grad 2.46   gamma=0.140   elapsed 1185s
[helm-train] step  2750/4000   train 3.6110   lr 1.22e-04   grad 2.72   gamma=0.140   elapsed 1204s
[helm-train] step  2800/4000   train 3.5726   lr 1.13e-04   grad 2.51   gamma=0.140   elapsed 1224s
[helm-train] >>> eval @ 2800: train 3.6002   val 5.3064   ppl 201.61
[helm-train] step  2850/4000   train 3.6042   lr 1.05e-04   grad 2.61   gamma=0.140   elapsed 1252s
[helm-train] step  2900/4000   train 3.5716   lr 9.66e-05   grad 2.71   gamma=0.140   elapsed 1272s
[helm-train] step  2950/4000   train 3.5691   lr 8.86e-05   grad 2.61   gamma=0.139   elapsed 1291s
[helm-train] step  3000/4000   train 3.5397   lr 8.08e-05   grad 2.56   gamma=0.139   elapsed 1310s
[helm-train] >>> eval @ 3000: train 3.5664   val 5.2875   ppl 197.85
[helm-train] step  3050/4000   train 3.5625   lr 7.34e-05   grad 2.76   gamma=0.139   elapsed 1339s
[helm-train] step  3100/4000   train 3.5622   lr 6.62e-05   grad 2.85   gamma=0.139   elapsed 1359s
[helm-train] step  3150/4000   train 3.4966   lr 5.94e-05   grad 2.61   gamma=0.139   elapsed 1381s
[helm-train] step  3200/4000   train 3.5205   lr 5.28e-05   grad 2.65   gamma=0.138   elapsed 1405s
[helm-train] >>> eval @ 3200: train 3.5551   val 5.3798   ppl 216.98
[helm-train] step  3250/4000   train 3.5124   lr 4.67e-05   grad 2.65   gamma=0.138   elapsed 1439s
[helm-train] step  3300/4000   train 3.4898   lr 4.08e-05   grad 2.74   gamma=0.138   elapsed 1462s
[helm-train] step  3350/4000   train 3.5407   lr 3.53e-05   grad 2.65   gamma=0.138   elapsed 1484s
[helm-train] step  3400/4000   train 3.5514   lr 3.02e-05   grad 2.59   gamma=0.138   elapsed 1506s
[helm-train] >>> eval @ 3400: train 3.5397   val 5.3504   ppl 210.70
[helm-train] step  3450/4000   train 3.5073   lr 2.55e-05   grad 2.74   gamma=0.138   elapsed 1538s
[helm-train] step  3500/4000   train 3.4925   lr 2.11e-05   grad 2.65   gamma=0.138   elapsed 1560s
[helm-train] step  3550/4000   train 3.5252   lr 1.72e-05   grad 2.74   gamma=0.138   elapsed 1582s
[helm-train] step  3600/4000   train 3.5501   lr 1.36e-05   grad 2.57   gamma=0.138   elapsed 1604s
[helm-train] >>> eval @ 3600: train 3.4912   val 5.3770   ppl 216.37
[helm-train] step  3650/4000   train 3.5288   lr 1.05e-05   grad 2.76   gamma=0.138   elapsed 1637s
[helm-train] step  3700/4000   train 3.5071   lr 7.70e-06   grad 2.66   gamma=0.138   elapsed 1660s
[helm-train] step  3750/4000   train 3.5087   lr 5.36e-06   grad 2.75   gamma=0.138   elapsed 1682s
[helm-train] step  3800/4000   train 3.5300   lr 3.44e-06   grad 2.63   gamma=0.138   elapsed 1704s
[helm-train] >>> eval @ 3800: train 3.4648   val 5.2718   ppl 194.76
[helm-train] step  3850/4000   train 3.5052   lr 1.95e-06   grad 2.71   gamma=0.138   elapsed 1737s
[helm-train] step  3900/4000   train 3.5048   lr 8.71e-07   grad 2.66   gamma=0.138   elapsed 1759s
[helm-train] step  3950/4000   train 3.5277   lr 2.22e-07   grad 2.65   gamma=0.138   elapsed 1782s
[helm-train] step  4000/4000   train 3.5165   lr 8.54e-11   grad 2.74   gamma=0.138   elapsed 1805s
[helm-train] >>> eval @ 4000: train 3.5168   val 5.2451   ppl 189.64
[helm-train] done in 1815s
[helm-train] saved checkpoint -> /Users/dimitargueorguiev/git/ml/semsimula/notebooks/conservative_arch/helmholtz/results/helm_SASASASA_shakespeare_seed0_ckpt_latest.pt
[helm-train] saved loss curve -> /Users/dimitargueorguiev/git/ml/semsimula/notebooks/conservative_arch/helmholtz/results/helm_SASASASA_shakespeare_seed0_loss_curve.png
[helm-train] saved summary -> /Users/dimitargueorguiev/git/ml/semsimula/notebooks/conservative_arch/helmholtz/results/helm_SASASASA_shakespeare_seed0_summary.md
