[train-em-ln] device=mps  mode=shakespeare  fixed_gamma=0.2  results_dir=/Users/dimitargueorguiev/git/ml/semsimula/notebooks/conservative_arch/ln_damping_sweep/results/leakfree_5seed_confirmation/gamma0p20/seed2
[train-em-ln] tokens: train=321,124  val=16,901
[train-em-ln] params: 7,123,075   d=128  L=8  v_hidden=512  ln_after_step=True
[train-em-ln] causal_force=True  (FIXED (post-bug))  steps=4000
[train-em-ln] init mass: mean=1.449  std=0.205  min=1.151  max=1.915
[train-em-ln] step    50/4000   train 10.7508   lr 1.25e-04   grad 0.97   m[mean 1.458 std 0.202]   gamma=0.200   elapsed 16s
[train-em-ln] step   100/4000   train 9.6414   lr 2.50e-04   grad 1.62   m[mean 1.444 std 0.199]   gamma=0.200   elapsed 36s
[train-em-ln] step   150/4000   train 7.6447   lr 3.75e-04   grad 1.28   m[mean 1.453 std 0.208]   gamma=0.200   elapsed 62s
[train-em-ln] step   200/4000   train 6.4567   lr 5.00e-04   grad 0.35   m[mean 1.464 std 0.211]   gamma=0.200   elapsed 90s
[train-em-ln] step   200   val_loss=6.4044  val_ppl=604.52
[train-em-ln] step   250/4000   train 6.0903   lr 5.00e-04   grad 0.43   m[mean 1.453 std 0.211]   gamma=0.200   elapsed 123s
[train-em-ln] step   300/4000   train 5.8184   lr 4.99e-04   grad 0.43   m[mean 1.458 std 0.212]   gamma=0.200   elapsed 146s
[train-em-ln] step   350/4000   train 5.5567   lr 4.98e-04   grad 0.79   m[mean 1.466 std 0.218]   gamma=0.200   elapsed 170s
[train-em-ln] step   400/4000   train 5.4138   lr 4.97e-04   grad 0.77   m[mean 1.464 std 0.218]   gamma=0.200   elapsed 194s
[train-em-ln] step   400   val_loss=5.6801  val_ppl=292.98
[train-em-ln] step   450/4000   train 5.2448   lr 4.95e-04   grad 0.82   m[mean 1.467 std 0.217]   gamma=0.200   elapsed 225s
[train-em-ln] step   500/4000   train 5.1603   lr 4.92e-04   grad 0.85   m[mean 1.465 std 0.216]   gamma=0.200   elapsed 250s
[train-em-ln] step   550/4000   train 5.1059   lr 4.90e-04   grad 1.59   m[mean 1.466 std 0.214]   gamma=0.200   elapsed 278s
[train-em-ln] step   600/4000   train 5.0260   lr 4.87e-04   grad 1.27   m[mean 1.466 std 0.212]   gamma=0.200   elapsed 303s
[train-em-ln] step   600   val_loss=5.4504  val_ppl=232.86
[train-em-ln] step   650/4000   train 4.9357   lr 4.83e-04   grad 1.28   m[mean 1.458 std 0.210]   gamma=0.200   elapsed 333s
[train-em-ln] step   700/4000   train 4.8733   lr 4.79e-04   grad 1.59   m[mean 1.477 std 0.218]   gamma=0.200   elapsed 357s
[train-em-ln] step   750/4000   train 4.8790   lr 4.75e-04   grad 1.25   m[mean 1.478 std 0.218]   gamma=0.200   elapsed 380s
[train-em-ln] step   800/4000   train 4.7659   lr 4.70e-04   grad 1.26   m[mean 1.471 std 0.219]   gamma=0.200   elapsed 404s
[train-em-ln] step   800   val_loss=5.2847  val_ppl=197.30
[train-em-ln] step   850/4000   train 4.7396   lr 4.65e-04   grad 1.16   m[mean 1.480 std 0.213]   gamma=0.200   elapsed 435s
[train-em-ln] step   900/4000   train 4.7189   lr 4.59e-04   grad 1.07   m[mean 1.471 std 0.219]   gamma=0.200   elapsed 463s
[train-em-ln] step   950/4000   train 4.7044   lr 4.54e-04   grad 1.94   m[mean 1.473 std 0.218]   gamma=0.200   elapsed 491s
[train-em-ln] step  1000/4000   train 4.6147   lr 4.47e-04   grad 1.08   m[mean 1.463 std 0.216]   gamma=0.200   elapsed 515s
[train-em-ln] step  1000   val_loss=5.2026  val_ppl=181.74
[train-em-ln] step  1050/4000   train 4.6368   lr 4.41e-04   grad 1.17   m[mean 1.462 std 0.213]   gamma=0.200   elapsed 545s
[train-em-ln] step  1100/4000   train 4.6105   lr 4.34e-04   grad 1.33   m[mean 1.469 std 0.220]   gamma=0.200   elapsed 568s
[train-em-ln] step  1150/4000   train 4.5467   lr 4.27e-04   grad 1.14   m[mean 1.461 std 0.214]   gamma=0.200   elapsed 592s
[train-em-ln] step  1200/4000   train 4.5479   lr 4.19e-04   grad 2.01   m[mean 1.477 std 0.222]   gamma=0.200   elapsed 617s
[train-em-ln] step  1200   val_loss=5.2770  val_ppl=195.78
[train-em-ln] step  1250/4000   train 4.5472   lr 4.12e-04   grad 1.96   m[mean 1.476 std 0.221]   gamma=0.200   elapsed 652s
[train-em-ln] step  1300/4000   train 4.5594   lr 4.04e-04   grad 1.08   m[mean 1.469 std 0.219]   gamma=0.200   elapsed 676s
[train-em-ln] step  1350/4000   train 4.5181   lr 3.95e-04   grad 2.22   m[mean 1.465 std 0.215]   gamma=0.200   elapsed 700s
[train-em-ln] step  1400/4000   train 4.4969   lr 3.87e-04   grad 0.84   m[mean 1.460 std 0.215]   gamma=0.200   elapsed 724s
[train-em-ln] step  1400   val_loss=5.1265  val_ppl=168.43
[train-em-ln] step  1450/4000   train 4.4461   lr 3.78e-04   grad 1.25   m[mean 1.464 std 0.215]   gamma=0.200   elapsed 755s
[train-em-ln] step  1500/4000   train 4.4845   lr 3.69e-04   grad 1.02   m[mean 1.471 std 0.215]   gamma=0.200   elapsed 781s
[train-em-ln] step  1550/4000   train 4.4240   lr 3.60e-04   grad 1.16   m[mean 1.476 std 0.221]   gamma=0.200   elapsed 809s
[train-em-ln] step  1600/4000   train 4.4013   lr 3.51e-04   grad 1.13   m[mean 1.463 std 0.220]   gamma=0.200   elapsed 833s
[train-em-ln] step  1600   val_loss=5.2771  val_ppl=195.80
[train-em-ln] step  1650/4000   train 4.4131   lr 3.41e-04   grad 0.88   m[mean 1.466 std 0.216]   gamma=0.200   elapsed 864s
[train-em-ln] step  1700/4000   train 4.4029   lr 3.31e-04   grad 1.31   m[mean 1.478 std 0.222]   gamma=0.200   elapsed 887s
[train-em-ln] step  1750/4000   train 4.3882   lr 3.22e-04   grad 1.32   m[mean 1.471 std 0.219]   gamma=0.200   elapsed 911s
[train-em-ln] step  1800/4000   train 4.3706   lr 3.12e-04   grad 0.90   m[mean 1.460 std 0.214]   gamma=0.200   elapsed 937s
[train-em-ln] step  1800   val_loss=5.2689  val_ppl=194.19
[train-em-ln] step  1850/4000   train 4.3340   lr 3.02e-04   grad 1.07   m[mean 1.464 std 0.218]   gamma=0.200   elapsed 972s
[train-em-ln] step  1900/4000   train 4.3676   lr 2.91e-04   grad 1.00   m[mean 1.465 std 0.215]   gamma=0.200   elapsed 996s
[train-em-ln] step  1950/4000   train 4.3278   lr 2.81e-04   grad 1.39   m[mean 1.470 std 0.218]   gamma=0.200   elapsed 1020s
[train-em-ln] step  2000/4000   train 4.3603   lr 2.71e-04   grad 1.08   m[mean 1.467 std 0.219]   gamma=0.200   elapsed 1044s
[train-em-ln] step  2000   val_loss=5.2445  val_ppl=189.52
[train-em-ln] step  2050/4000   train 4.3442   lr 2.61e-04   grad 0.96   m[mean 1.471 std 0.214]   gamma=0.200   elapsed 1075s
[train-em-ln] step  2100/4000   train 4.3239   lr 2.50e-04   grad 1.40   m[mean 1.463 std 0.212]   gamma=0.200   elapsed 1100s
[train-em-ln] step  2150/4000   train 4.2803   lr 2.40e-04   grad 1.46   m[mean 1.472 std 0.220]   gamma=0.200   elapsed 1128s
[train-em-ln] step  2200/4000   train 4.2808   lr 2.30e-04   grad 1.11   m[mean 1.462 std 0.218]   gamma=0.200   elapsed 1153s
[train-em-ln] step  2200   val_loss=5.2141  val_ppl=183.85
[train-em-ln] step  2250/4000   train 4.2795   lr 2.19e-04   grad 1.14   m[mean 1.461 std 0.216]   gamma=0.200   elapsed 1183s
[train-em-ln] step  2300/4000   train 4.2722   lr 2.09e-04   grad 1.06   m[mean 1.465 std 0.219]   gamma=0.200   elapsed 1207s
[train-em-ln] step  2350/4000   train 4.2644   lr 1.99e-04   grad 1.75   m[mean 1.467 std 0.221]   gamma=0.200   elapsed 1231s
[train-em-ln] step  2400/4000   train 4.2529   lr 1.89e-04   grad 1.07   m[mean 1.459 std 0.214]   gamma=0.200   elapsed 1257s
[train-em-ln] step  2400   val_loss=5.2453  val_ppl=189.68
[train-em-ln] step  2450/4000   train 4.2689   lr 1.79e-04   grad 1.19   m[mean 1.461 std 0.210]   gamma=0.200   elapsed 1292s
[train-em-ln] step  2500/4000   train 4.2672   lr 1.69e-04   grad 1.16   m[mean 1.464 std 0.214]   gamma=0.200   elapsed 1318s
[train-em-ln] step  2550/4000   train 4.2528   lr 1.59e-04   grad 1.01   m[mean 1.456 std 0.216]   gamma=0.200   elapsed 1342s
[train-em-ln] step  2600/4000   train 4.2684   lr 1.50e-04   grad 1.21   m[mean 1.466 std 0.217]   gamma=0.200   elapsed 1366s
[train-em-ln] step  2600   val_loss=5.2061  val_ppl=182.38
[train-em-ln] step  2650/4000   train 4.2291   lr 1.40e-04   grad 1.13   m[mean 1.468 std 0.219]   gamma=0.200   elapsed 1397s
[train-em-ln] step  2700/4000   train 4.2329   lr 1.31e-04   grad 0.91   m[mean 1.459 std 0.213]   gamma=0.200   elapsed 1425s
[train-em-ln] step  2750/4000   train 4.2371   lr 1.22e-04   grad 1.31   m[mean 1.465 std 0.216]   gamma=0.200   elapsed 1452s
[train-em-ln] step  2800/4000   train 4.2201   lr 1.13e-04   grad 1.33   m[mean 1.459 std 0.217]   gamma=0.200   elapsed 1476s
[train-em-ln] step  2800   val_loss=5.1728  val_ppl=176.41
[train-em-ln] step  2850/4000   train 4.1988   lr 1.05e-04   grad 0.88   m[mean 1.454 std 0.216]   gamma=0.200   elapsed 1506s
[train-em-ln] step  2900/4000   train 4.2205   lr 9.66e-05   grad 1.03   m[mean 1.470 std 0.220]   gamma=0.200   elapsed 1530s
[train-em-ln] step  2950/4000   train 4.2146   lr 8.86e-05   grad 1.01   m[mean 1.461 std 0.214]   gamma=0.200   elapsed 1555s
[train-em-ln] step  3000/4000   train 4.2021   lr 8.08e-05   grad 1.17   m[mean 1.454 std 0.210]   gamma=0.200   elapsed 1583s
[train-em-ln] step  3000   val_loss=5.1522  val_ppl=172.81
[train-em-ln] step  3050/4000   train 4.2268   lr 7.34e-05   grad 1.10   m[mean 1.461 std 0.216]   gamma=0.200   elapsed 1617s
[train-em-ln] step  3100/4000   train 4.2147   lr 6.62e-05   grad 1.47   m[mean 1.455 std 0.214]   gamma=0.200   elapsed 1641s
[train-em-ln] step  3150/4000   train 4.2046   lr 5.94e-05   grad 1.50   m[mean 1.473 std 0.223]   gamma=0.200   elapsed 1665s
[train-em-ln] step  3200/4000   train 4.2165   lr 5.28e-05   grad 1.41   m[mean 1.467 std 0.217]   gamma=0.200   elapsed 1689s
[train-em-ln] step  3200   val_loss=5.1936  val_ppl=180.11
[train-em-ln] step  3250/4000   train 4.2029   lr 4.67e-05   grad 1.06   m[mean 1.464 std 0.218]   gamma=0.200   elapsed 1721s
[train-em-ln] step  3300/4000   train 4.2128   lr 4.08e-05   grad 1.14   m[mean 1.473 std 0.219]   gamma=0.200   elapsed 1748s
[train-em-ln] step  3350/4000   train 4.2293   lr 3.53e-05   grad 1.03   m[mean 1.461 std 0.214]   gamma=0.200   elapsed 1774s
[train-em-ln] step  3400/4000   train 4.2081   lr 3.02e-05   grad 1.09   m[mean 1.466 std 0.216]   gamma=0.200   elapsed 1798s
[train-em-ln] step  3400   val_loss=5.2037  val_ppl=181.95
[train-em-ln] step  3450/4000   train 4.1982   lr 2.55e-05   grad 1.00   m[mean 1.458 std 0.214]   gamma=0.200   elapsed 1828s
[train-em-ln] step  3500/4000   train 4.1943   lr 2.11e-05   grad 1.10   m[mean 1.478 std 0.225]   gamma=0.200   elapsed 1852s
[train-em-ln] step  3550/4000   train 4.2047   lr 1.72e-05   grad 1.08   m[mean 1.468 std 0.218]   gamma=0.200   elapsed 1876s
[train-em-ln] step  3600/4000   train 4.2204   lr 1.36e-05   grad 1.39   m[mean 1.462 std 0.214]   gamma=0.200   elapsed 1904s
[train-em-ln] step  3600   val_loss=5.2210  val_ppl=185.12
[train-em-ln] step  3650/4000   train 4.2242   lr 1.05e-05   grad 1.06   m[mean 1.474 std 0.222]   gamma=0.200   elapsed 1938s
[train-em-ln] step  3700/4000   train 4.1506   lr 7.70e-06   grad 0.97   m[mean 1.461 std 0.215]   gamma=0.200   elapsed 1961s
[train-em-ln] step  3750/4000   train 4.2134   lr 5.36e-06   grad 1.08   m[mean 1.475 std 0.226]   gamma=0.200   elapsed 1985s
[train-em-ln] step  3800/4000   train 4.2101   lr 3.44e-06   grad 1.06   m[mean 1.464 std 0.215]   gamma=0.200   elapsed 2009s
[train-em-ln] step  3800   val_loss=5.2601  val_ppl=192.50
[train-em-ln] step  3850/4000   train 4.1818   lr 1.95e-06   grad 1.05   m[mean 1.474 std 0.217]   gamma=0.200   elapsed 2040s
[train-em-ln] step  3900/4000   train 4.1678   lr 8.71e-07   grad 1.05   m[mean 1.475 std 0.221]   gamma=0.200   elapsed 2064s
[train-em-ln] step  3950/4000   train 4.1749   lr 2.22e-07   grad 0.99   m[mean 1.461 std 0.213]   gamma=0.200   elapsed 2089s
[train-em-ln] step  4000/4000   train 4.2019   lr 8.54e-11   grad 1.06   m[mean 1.465 std 0.221]   gamma=0.200   elapsed 2117s
[train-em-ln] step  4000   val_loss=5.1112  val_ppl=165.87

[train-em-ln] DONE  val_loss=5.1829  val_ppl=178.20  gamma=0.2000
[train-em-ln] checkpoint saved to /Users/dimitargueorguiev/git/ml/semsimula/notebooks/conservative_arch/ln_damping_sweep/results/leakfree_5seed_confirmation/gamma0p20/seed2/splm_em_ln_shakespeare_confS5_splm2_g0p20_seed2_ckpt_latest.pt
[train-em-ln] summary written to /Users/dimitargueorguiev/git/ml/semsimula/notebooks/conservative_arch/ln_damping_sweep/results/leakfree_5seed_confirmation/gamma0p20/seed2/splm_em_ln_shakespeare_confS5_splm2_g0p20_seed2_summary.md
