[helm-train] device=mps  tag=helm_AASSSSSS_vh128_shakespeare_seed2
[helm-train] tokens: train=321,124  val=16,901
[helm-train] arch: schedule='AASSSSSS'  (n_S=6, n_A=2, L=8)  d=128, v_hidden=128, v_depth=3, n_head=4, fixed_gamma=None, causal_force=True, ln_after_s_step=True
[helm-train] params: 6,928,260  (target ~8.0 M, delta -1.072 M)
[helm-train] running causal-violation probe...
[helm-train] causal probe PASSED (perturbation + gradient-Jacobian, both modes < 1e-6)
[helm-train] step    50/4000   train 10.4903   lr 1.25e-04   grad 1.72   gamma=0.150   elapsed 16s
[helm-train] step   100/4000   train 9.2845   lr 2.50e-04   grad 1.65   gamma=0.149   elapsed 30s
[helm-train] step   150/4000   train 7.5424   lr 3.75e-04   grad 1.47   gamma=0.149   elapsed 47s
[helm-train] step   200/4000   train 6.3933   lr 5.00e-04   grad 1.33   gamma=0.150   elapsed 65s
[helm-train] >>> eval @ 200: train 6.0896   val 6.2561   ppl 521.16
[helm-train] step   250/4000   train 5.8849   lr 5.00e-04   grad 1.63   gamma=0.150   elapsed 94s
[helm-train] step   300/4000   train 5.5383   lr 4.99e-04   grad 1.36   gamma=0.150   elapsed 112s
[helm-train] step   350/4000   train 5.3006   lr 4.98e-04   grad 0.95   gamma=0.150   elapsed 129s
[helm-train] step   400/4000   train 5.1114   lr 4.97e-04   grad 0.88   gamma=0.150   elapsed 146s
[helm-train] >>> eval @ 400: train 5.0915   val 5.4419   ppl 230.88
[helm-train] step   450/4000   train 5.0146   lr 4.95e-04   grad 1.50   gamma=0.150   elapsed 174s
[helm-train] step   500/4000   train 4.9094   lr 4.92e-04   grad 0.84   gamma=0.151   elapsed 191s
[helm-train] step   550/4000   train 4.8562   lr 4.90e-04   grad 1.56   gamma=0.151   elapsed 208s
[helm-train] step   600/4000   train 4.7524   lr 4.87e-04   grad 1.04   gamma=0.151   elapsed 225s
[helm-train] >>> eval @ 600: train 4.7336   val 5.2721   ppl 194.83
[helm-train] step   650/4000   train 4.7197   lr 4.83e-04   grad 1.48   gamma=0.152   elapsed 252s
[helm-train] step   700/4000   train 4.6579   lr 4.79e-04   grad 1.22   gamma=0.152   elapsed 269s
[helm-train] step   750/4000   train 4.5950   lr 4.75e-04   grad 1.42   gamma=0.152   elapsed 287s
[helm-train] step   800/4000   train 4.5550   lr 4.70e-04   grad 1.60   gamma=0.153   elapsed 304s
[helm-train] >>> eval @ 800: train 4.5094   val 5.1906   ppl 179.57
[helm-train] step   850/4000   train 4.5067   lr 4.65e-04   grad 2.30   gamma=0.153   elapsed 331s
[helm-train] step   900/4000   train 4.4756   lr 4.59e-04   grad 1.39   gamma=0.153   elapsed 348s
[helm-train] step   950/4000   train 4.4540   lr 4.54e-04   grad 1.62   gamma=0.153   elapsed 365s
[helm-train] step  1000/4000   train 4.3908   lr 4.47e-04   grad 1.65   gamma=0.154   elapsed 382s
[helm-train] >>> eval @ 1000: train 4.3657   val 5.0903   ppl 162.43
[helm-train] step  1050/4000   train 4.3884   lr 4.41e-04   grad 1.78   gamma=0.154   elapsed 408s
[helm-train] step  1100/4000   train 4.3492   lr 4.34e-04   grad 1.55   gamma=0.154   elapsed 425s
[helm-train] step  1150/4000   train 4.3752   lr 4.27e-04   grad 1.54   gamma=0.154   elapsed 442s
[helm-train] step  1200/4000   train 4.3132   lr 4.19e-04   grad 1.61   gamma=0.155   elapsed 459s
[helm-train] >>> eval @ 1200: train 4.2816   val 5.0553   ppl 156.86
[helm-train] step  1250/4000   train 4.2486   lr 4.12e-04   grad 2.51   gamma=0.155   elapsed 486s
[helm-train] step  1300/4000   train 4.2809   lr 4.04e-04   grad 1.70   gamma=0.155   elapsed 503s
[helm-train] step  1350/4000   train 4.2047   lr 3.95e-04   grad 1.55   gamma=0.156   elapsed 521s
[helm-train] step  1400/4000   train 4.1847   lr 3.87e-04   grad 1.48   gamma=0.156   elapsed 538s
[helm-train] >>> eval @ 1400: train 4.2373   val 5.1371   ppl 170.22
[helm-train] step  1450/4000   train 4.1803   lr 3.78e-04   grad 1.54   gamma=0.156   elapsed 565s
[helm-train] step  1500/4000   train 4.1660   lr 3.69e-04   grad 1.99   gamma=0.156   elapsed 582s
[helm-train] step  1550/4000   train 4.1659   lr 3.60e-04   grad 4.94   gamma=0.157   elapsed 598s
[helm-train] step  1600/4000   train 4.1186   lr 3.51e-04   grad 1.69   gamma=0.157   elapsed 615s
[helm-train] >>> eval @ 1600: train 4.1326   val 5.0602   ppl 157.62
[helm-train] step  1650/4000   train 4.1097   lr 3.41e-04   grad 2.71   gamma=0.157   elapsed 642s
[helm-train] step  1700/4000   train 4.1066   lr 3.31e-04   grad 3.55   gamma=0.157   elapsed 659s
[helm-train] step  1750/4000   train 4.1256   lr 3.22e-04   grad 1.79   gamma=0.158   elapsed 677s
[helm-train] step  1800/4000   train 4.0894   lr 3.12e-04   grad 1.99   gamma=0.158   elapsed 694s
[helm-train] >>> eval @ 1800: train 4.0801   val 5.0800   ppl 160.78
[helm-train] step  1850/4000   train 4.0071   lr 3.02e-04   grad 1.80   gamma=0.158   elapsed 722s
[helm-train] step  1900/4000   train 4.0324   lr 2.91e-04   grad 3.13   gamma=0.158   elapsed 740s
[helm-train] step  1950/4000   train 3.9924   lr 2.81e-04   grad 1.78   gamma=0.158   elapsed 759s
[helm-train] step  2000/4000   train 4.0246   lr 2.71e-04   grad 1.84   gamma=0.159   elapsed 778s
[helm-train] >>> eval @ 2000: train 3.9682   val 5.0077   ppl 149.56
[helm-train] step  2050/4000   train 3.9883   lr 2.61e-04   grad 2.44   gamma=0.159   elapsed 806s
[helm-train] step  2100/4000   train 3.9923   lr 2.50e-04   grad 2.82   gamma=0.159   elapsed 823s
[helm-train] step  2150/4000   train 3.9975   lr 2.40e-04   grad 2.65   gamma=0.159   elapsed 840s
[helm-train] step  2200/4000   train 3.9540   lr 2.30e-04   grad 1.93   gamma=0.159   elapsed 858s
[helm-train] >>> eval @ 2200: train 3.9610   val 4.9940   ppl 147.52
[helm-train] step  2250/4000   train 3.9540   lr 2.19e-04   grad 1.54   gamma=0.159   elapsed 886s
[helm-train] step  2300/4000   train 3.9335   lr 2.09e-04   grad 2.24   gamma=0.159   elapsed 904s
[helm-train] step  2350/4000   train 3.9321   lr 1.99e-04   grad 1.74   gamma=0.159   elapsed 922s
[helm-train] step  2400/4000   train 3.9323   lr 1.89e-04   grad 1.78   gamma=0.159   elapsed 939s
[helm-train] >>> eval @ 2400: train 3.9104   val 5.0344   ppl 153.61
[helm-train] step  2450/4000   train 3.8970   lr 1.79e-04   grad 1.57   gamma=0.159   elapsed 968s
[helm-train] step  2500/4000   train 3.9003   lr 1.69e-04   grad 2.43   gamma=0.159   elapsed 987s
[helm-train] step  2550/4000   train 3.9037   lr 1.59e-04   grad 1.87   gamma=0.159   elapsed 1007s
[helm-train] step  2600/4000   train 3.8874   lr 1.50e-04   grad 2.60   gamma=0.159   elapsed 1027s
[helm-train] >>> eval @ 2600: train 3.9029   val 4.9824   ppl 145.83
[helm-train] step  2650/4000   train 3.8841   lr 1.40e-04   grad 1.57   gamma=0.159   elapsed 1059s
[helm-train] step  2700/4000   train 3.9106   lr 1.31e-04   grad 1.93   gamma=0.159   elapsed 1080s
[helm-train] step  2750/4000   train 3.8724   lr 1.22e-04   grad 1.72   gamma=0.159   elapsed 1099s
[helm-train] step  2800/4000   train 3.8613   lr 1.13e-04   grad 3.08   gamma=0.159   elapsed 1119s
[helm-train] >>> eval @ 2800: train 3.8839   val 4.9876   ppl 146.59
[helm-train] step  2850/4000   train 3.8695   lr 1.05e-04   grad 2.00   gamma=0.159   elapsed 1148s
[helm-train] step  2900/4000   train 3.8842   lr 9.66e-05   grad 2.36   gamma=0.159   elapsed 1167s
[helm-train] step  2950/4000   train 3.8413   lr 8.86e-05   grad 1.93   gamma=0.159   elapsed 1187s
[helm-train] step  3000/4000   train 3.8559   lr 8.08e-05   grad 2.68   gamma=0.159   elapsed 1206s
[helm-train] >>> eval @ 3000: train 3.8621   val 5.0148   ppl 150.62
[helm-train] step  3050/4000   train 3.8642   lr 7.34e-05   grad 1.73   gamma=0.159   elapsed 1237s
[helm-train] step  3100/4000   train 3.8433   lr 6.62e-05   grad 1.88   gamma=0.159   elapsed 1256s
[helm-train] step  3150/4000   train 3.8429   lr 5.94e-05   grad 2.00   gamma=0.159   elapsed 1276s
[helm-train] step  3200/4000   train 3.8088   lr 5.28e-05   grad 2.34   gamma=0.159   elapsed 1294s
[helm-train] >>> eval @ 3200: train 3.8561   val 4.9768   ppl 145.01
[helm-train] step  3250/4000   train 3.8439   lr 4.67e-05   grad 2.59   gamma=0.159   elapsed 1322s
[helm-train] step  3300/4000   train 3.8223   lr 4.08e-05   grad 1.59   gamma=0.159   elapsed 1340s
[helm-train] step  3350/4000   train 3.8119   lr 3.53e-05   grad 2.26   gamma=0.159   elapsed 1359s
[helm-train] step  3400/4000   train 3.8067   lr 3.02e-05   grad 2.06   gamma=0.159   elapsed 1376s
[helm-train] >>> eval @ 3400: train 3.8302   val 5.0491   ppl 155.89
[helm-train] step  3450/4000   train 3.7993   lr 2.55e-05   grad 2.23   gamma=0.159   elapsed 1405s
[helm-train] step  3500/4000   train 3.8099   lr 2.11e-05   grad 1.53   gamma=0.159   elapsed 1423s
[helm-train] step  3550/4000   train 3.8116   lr 1.72e-05   grad 1.82   gamma=0.159   elapsed 1441s
[helm-train] step  3600/4000   train 3.8019   lr 1.36e-05   grad 1.94   gamma=0.159   elapsed 1460s
[helm-train] >>> eval @ 3600: train 3.7897   val 4.9847   ppl 146.16
[helm-train] step  3650/4000   train 3.8311   lr 1.05e-05   grad 1.61   gamma=0.159   elapsed 1489s
[helm-train] step  3700/4000   train 3.8194   lr 7.70e-06   grad 1.73   gamma=0.159   elapsed 1507s
[helm-train] step  3750/4000   train 3.8343   lr 5.36e-06   grad 2.61   gamma=0.159   elapsed 1525s
[helm-train] step  3800/4000   train 3.8193   lr 3.44e-06   grad 1.57   gamma=0.159   elapsed 1543s
[helm-train] >>> eval @ 3800: train 3.8059   val 4.9469   ppl 140.74
[helm-train] step  3850/4000   train 3.8222   lr 1.95e-06   grad 1.60   gamma=0.159   elapsed 1571s
[helm-train] step  3900/4000   train 3.8180   lr 8.71e-07   grad 1.71   gamma=0.159   elapsed 1590s
[helm-train] step  3950/4000   train 3.8460   lr 2.22e-07   grad 1.78   gamma=0.159   elapsed 1608s
[helm-train] step  4000/4000   train 3.8655   lr 8.54e-11   grad 1.70   gamma=0.159   elapsed 1627s
[helm-train] >>> eval @ 4000: train 3.7833   val 5.0227   ppl 151.82
[helm-train] done in 1637s
[helm-train] saved checkpoint -> /Users/dimitargueorguiev/git/ml/semsimula/notebooks/conservative_arch/helmholtz/results/helm_AASSSSSS_vh128_shakespeare_seed2_ckpt_latest.pt
[helm-train] saved loss curve -> /Users/dimitargueorguiev/git/ml/semsimula/notebooks/conservative_arch/helmholtz/results/helm_AASSSSSS_vh128_shakespeare_seed2_loss_curve.png
[helm-train] saved summary -> /Users/dimitargueorguiev/git/ml/semsimula/notebooks/conservative_arch/helmholtz/results/helm_AASSSSSS_vh128_shakespeare_seed2_summary.md
