[parf-train] device=mps  tag=parf_mlp_vphi16_gc_shakespeare_seed0
[parf-train] tokens: train=321,124  val=16,901
[parf-train] arch: V_phi='mlp'  L=8  d=128, v_hidden=128, v_depth=3, v_phi_d_type=16, v_phi_d_angle=8, fixed_gamma=None, causal_force=True, ln_after_step=True, use_grad_checkpoint=True
[parf-train] params: 6,538,165  (target ~8.0 M, delta -1.462 M)  V_theta=66,049  V_phi=6,449
[parf-train] running causal-violation probe...
[parf-train] causal probe PASSED (perturbation + gradient-Jacobian, both V_phi paths, both modes < 1e-6)
[parf-train] step    50/4000   train 10.7607   lr 1.25e-04   grad 1.76   gamma=0.150   elapsed 110s
[parf-train] step   100/4000   train 9.8969   lr 2.50e-04   grad 1.92   gamma=0.148   elapsed 252s
[parf-train] step   150/4000   train 7.7353   lr 3.75e-04   grad 1.39   gamma=0.148   elapsed 411s
[parf-train] step   200/4000   train 6.4996   lr 5.00e-04   grad 0.35   gamma=0.150   elapsed 583s
[parf-train] >>> eval @ 200: train 6.3405   val 6.5095   ppl 671.52
[parf-train] step   250/4000   train 6.3073   lr 5.00e-04   grad 0.54   gamma=0.149   elapsed 847s
[parf-train] step   300/4000   train 6.0480   lr 4.99e-04   grad 0.96   gamma=0.148   elapsed 1043s
[parf-train] step   350/4000   train 5.7921   lr 4.98e-04   grad 2.10   gamma=0.147   elapsed 1221s
[parf-train] step   400/4000   train 5.6147   lr 4.97e-04   grad 0.99   gamma=0.147   elapsed 1390s
[parf-train] >>> eval @ 400: train 5.4904   val 5.8481   ppl 346.58
[parf-train] step   450/4000   train 5.4603   lr 4.95e-04   grad 0.68   gamma=0.146   elapsed 1623s
[parf-train] step   500/4000   train 5.3289   lr 4.92e-04   grad 2.87   gamma=0.146   elapsed 1784s
[parf-train] step   550/4000   train 5.2780   lr 4.90e-04   grad 1.14   gamma=0.145   elapsed 1940s
[parf-train] step   600/4000   train 5.1561   lr 4.87e-04   grad 1.12   gamma=0.145   elapsed 2096s
[parf-train] >>> eval @ 600: train 5.1477   val 5.6208   ppl 276.10
[parf-train] step   650/4000   train 5.0792   lr 4.83e-04   grad 1.19   gamma=0.145   elapsed 2325s
[parf-train] step   700/4000   train 5.0903   lr 4.79e-04   grad 1.33   gamma=0.145   elapsed 2505s
[parf-train] step   750/4000   train 5.0000   lr 4.75e-04   grad 0.92   gamma=0.144   elapsed 2681s
[parf-train] step   800/4000   train 4.9948   lr 4.70e-04   grad 2.18   gamma=0.144   elapsed 2858s
[parf-train] >>> eval @ 800: train 4.9854   val 5.6546   ppl 285.61
[parf-train] step   850/4000   train 4.9718   lr 4.65e-04   grad 1.94   gamma=0.144   elapsed 3102s
[parf-train] step   900/4000   train 4.9283   lr 4.59e-04   grad 2.07   gamma=0.144   elapsed 3278s
[parf-train] step   950/4000   train 4.9246   lr 4.54e-04   grad 1.95   gamma=0.143   elapsed 3455s
[parf-train] step  1000/4000   train 4.8533   lr 4.47e-04   grad 2.72   gamma=0.143   elapsed 3631s
[parf-train] >>> eval @ 1000: train 4.8936   val 5.5735   ppl 263.34
[parf-train] step  1050/4000   train 4.7941   lr 4.41e-04   grad 2.33   gamma=0.143   elapsed 3874s
[parf-train] step  1100/4000   train 4.7553   lr 4.34e-04   grad 2.55   gamma=0.143   elapsed 4049s
[parf-train] step  1150/4000   train 4.7723   lr 4.27e-04   grad 2.24   gamma=0.142   elapsed 4224s
[parf-train] step  1200/4000   train 4.7689   lr 4.19e-04   grad 3.07   gamma=0.142   elapsed 4395s
[parf-train] >>> eval @ 1200: train 4.8072   val 5.5845   ppl 266.27
[parf-train] step  1250/4000   train 4.7572   lr 4.12e-04   grad 2.77   gamma=0.142   elapsed 4634s
[parf-train] step  1300/4000   train 4.7298   lr 4.04e-04   grad 1.14   gamma=0.142   elapsed 4808s
[parf-train] step  1350/4000   train 4.7320   lr 3.95e-04   grad 1.97   gamma=0.142   elapsed 4983s
[parf-train] step  1400/4000   train 4.6955   lr 3.87e-04   grad 1.10   gamma=0.142   elapsed 5162s
[parf-train] >>> eval @ 1400: train 4.6930   val 5.6107   ppl 273.33
[parf-train] step  1450/4000   train 4.6628   lr 3.78e-04   grad 1.53   gamma=0.141   elapsed 5401s
[parf-train] step  1500/4000   train 4.6574   lr 3.69e-04   grad 1.73   gamma=0.141   elapsed 5576s
[parf-train] step  1550/4000   train 4.6288   lr 3.60e-04   grad 1.66   gamma=0.141   elapsed 5747s
[parf-train] step  1600/4000   train 4.6246   lr 3.51e-04   grad 1.30   gamma=0.141   elapsed 5919s
[parf-train] >>> eval @ 1600: train 4.5862   val 5.5681   ppl 261.93
[parf-train] step  1650/4000   train 4.6298   lr 3.41e-04   grad 1.70   gamma=0.141   elapsed 6155s
[parf-train] step  1700/4000   train 4.6328   lr 3.31e-04   grad 2.62   gamma=0.141   elapsed 6326s
[parf-train] step  1750/4000   train 4.6388   lr 3.22e-04   grad 1.88   gamma=0.141   elapsed 6498s
[parf-train] step  1800/4000   train 4.5806   lr 3.12e-04   grad 1.87   gamma=0.141   elapsed 6669s
[parf-train] >>> eval @ 1800: train 4.5917   val 5.6563   ppl 286.08
[parf-train] step  1850/4000   train 4.5532   lr 3.02e-04   grad 1.46   gamma=0.141   elapsed 6905s
[parf-train] step  1900/4000   train 4.5495   lr 2.91e-04   grad 3.08   gamma=0.141   elapsed 7077s
[parf-train] step  1950/4000   train 4.5990   lr 2.81e-04   grad 3.65   gamma=0.141   elapsed 7248s
[parf-train] step  2000/4000   train 4.5451   lr 2.71e-04   grad 2.18   gamma=0.140   elapsed 7419s
[parf-train] >>> eval @ 2000: train 4.5348   val 5.7108   ppl 302.12
[parf-train] step  2050/4000   train 4.5576   lr 2.61e-04   grad 1.37   gamma=0.140   elapsed 7655s
[parf-train] step  2100/4000   train 4.5625   lr 2.50e-04   grad 1.86   gamma=0.140   elapsed 7826s
[parf-train] step  2150/4000   train 4.5040   lr 2.40e-04   grad 1.34   gamma=0.140   elapsed 7998s
[parf-train] step  2200/4000   train 4.4965   lr 2.30e-04   grad 2.13   gamma=0.140   elapsed 8169s
[parf-train] >>> eval @ 2200: train 4.5050   val 5.7104   ppl 301.98
[parf-train] step  2250/4000   train 4.5184   lr 2.19e-04   grad 1.18   gamma=0.140   elapsed 8407s
[parf-train] step  2300/4000   train 4.5170   lr 2.09e-04   grad 2.26   gamma=0.140   elapsed 8578s
[parf-train] step  2350/4000   train 4.4716   lr 1.99e-04   grad 2.21   gamma=0.140   elapsed 8749s
[parf-train] step  2400/4000   train 4.5061   lr 1.89e-04   grad 3.51   gamma=0.140   elapsed 8920s
[parf-train] >>> eval @ 2400: train 4.5070   val 5.7747   ppl 322.04
[parf-train] step  2450/4000   train 4.4522   lr 1.79e-04   grad 2.17   gamma=0.140   elapsed 9156s
[parf-train] step  2500/4000   train 4.4919   lr 1.69e-04   grad 1.92   gamma=0.140   elapsed 9327s
[parf-train] step  2550/4000   train 4.4706   lr 1.59e-04   grad 1.61   gamma=0.140   elapsed 9498s
[parf-train] step  2600/4000   train 4.4725   lr 1.50e-04   grad 2.53   gamma=0.140   elapsed 9670s
[parf-train] >>> eval @ 2600: train 4.4374   val 5.7754   ppl 322.29
[parf-train] step  2650/4000   train 4.4000   lr 1.40e-04   grad 3.12   gamma=0.139   elapsed 9905s
[parf-train] step  2700/4000   train 4.4610   lr 1.31e-04   grad 1.26   gamma=0.139   elapsed 10076s
[parf-train] step  2750/4000   train 4.4735   lr 1.22e-04   grad 4.00   gamma=0.139   elapsed 10247s
[parf-train] step  2800/4000   train 4.4341   lr 1.13e-04   grad 4.13   gamma=0.139   elapsed 10418s
[parf-train] >>> eval @ 2800: train 4.4618   val 5.7580   ppl 316.70
[parf-train] step  2850/4000   train 4.4657   lr 1.05e-04   grad 2.55   gamma=0.139   elapsed 10654s
[parf-train] step  2900/4000   train 4.4449   lr 9.66e-05   grad 1.67   gamma=0.139   elapsed 10825s
[parf-train] step  2950/4000   train 4.4373   lr 8.86e-05   grad 1.80   gamma=0.139   elapsed 10995s
[parf-train] step  3000/4000   train 4.4238   lr 8.08e-05   grad 1.62   gamma=0.139   elapsed 11163s
[parf-train] >>> eval @ 3000: train 4.4421   val 5.7376   ppl 310.32
[parf-train] step  3050/4000   train 4.4535   lr 7.34e-05   grad 1.61   gamma=0.139   elapsed 11397s
[parf-train] step  3100/4000   train 4.4567   lr 6.62e-05   grad 1.71   gamma=0.139   elapsed 11568s
[parf-train] step  3150/4000   train 4.3946   lr 5.94e-05   grad 2.50   gamma=0.139   elapsed 11738s
[parf-train] step  3200/4000   train 4.4136   lr 5.28e-05   grad 1.42   gamma=0.139   elapsed 11909s
[parf-train] >>> eval @ 3200: train 4.4400   val 5.8076   ppl 332.82
[parf-train] step  3250/4000   train 4.4002   lr 4.67e-05   grad 1.63   gamma=0.139   elapsed 12144s
[parf-train] step  3300/4000   train 4.3826   lr 4.08e-05   grad 1.35   gamma=0.139   elapsed 12315s
[parf-train] step  3350/4000   train 4.4361   lr 3.53e-05   grad 1.33   gamma=0.139   elapsed 12486s
[parf-train] step  3400/4000   train 4.4476   lr 3.02e-05   grad 1.85   gamma=0.139   elapsed 12655s
[parf-train] >>> eval @ 3400: train 4.4450   val 5.8056   ppl 332.15
[parf-train] step  3450/4000   train 4.4122   lr 2.55e-05   grad 1.96   gamma=0.139   elapsed 12887s
[parf-train] step  3500/4000   train 4.3841   lr 2.11e-05   grad 1.52   gamma=0.139   elapsed 13055s
[parf-train] step  3550/4000   train 4.4355   lr 1.72e-05   grad 1.31   gamma=0.139   elapsed 13222s
[parf-train] step  3600/4000   train 4.4629   lr 1.36e-05   grad 1.85   gamma=0.139   elapsed 13389s
[parf-train] >>> eval @ 3600: train 4.3984   val 5.8315   ppl 340.87
[parf-train] step  3650/4000   train 4.4302   lr 1.05e-05   grad 1.58   gamma=0.139   elapsed 13629s
[parf-train] step  3700/4000   train 4.4104   lr 7.70e-06   grad 1.13   gamma=0.139   elapsed 13810s
[parf-train] step  3750/4000   train 4.4261   lr 5.36e-06   grad 1.87   gamma=0.139   elapsed 13993s
[parf-train] step  3800/4000   train 4.4331   lr 3.44e-06   grad 1.23   gamma=0.139   elapsed 14192s
[parf-train] >>> eval @ 3800: train 4.3731   val 5.7276   ppl 307.22
[parf-train] step  3850/4000   train 4.4116   lr 1.95e-06   grad 1.31   gamma=0.139   elapsed 14454s
[parf-train] step  3900/4000   train 4.4082   lr 8.71e-07   grad 1.93   gamma=0.139   elapsed 14635s
[parf-train] step  3950/4000   train 4.4258   lr 2.22e-07   grad 1.50   gamma=0.139   elapsed 14814s
[parf-train] step  4000/4000   train 4.4322   lr 8.54e-11   grad 1.99   gamma=0.139   elapsed 14992s
[parf-train] >>> eval @ 4000: train 4.4272   val 5.6945   ppl 297.22
[parf-train] done in 15061s
[parf-train] saved checkpoint -> /Users/dimitargueorguiev/git/ml/semsimula/notebooks/conservative_arch/parf/results/parf_mlp_vphi16_gc_shakespeare_seed0_ckpt_latest.pt
[parf-train] saved loss curve -> /Users/dimitargueorguiev/git/ml/semsimula/notebooks/conservative_arch/parf/results/parf_mlp_vphi16_gc_shakespeare_seed0_loss_curve.png
[parf-train] saved summary -> /Users/dimitargueorguiev/git/ml/semsimula/notebooks/conservative_arch/parf/results/parf_mlp_vphi16_gc_shakespeare_seed0_summary.md
