[train-fo] device=mps  mode=shakespeare  seed=1  results_dir=/Users/dimitargueorguiev/git/ml/semsimula/notebooks/conservative_arch/first_order_ablation/results/splm1/seed1
[train-fo] tokens: train=321,124  val=16,901
[train-fo] params: 7,123,075   d=128  L=8  v_hidden=512  ln_after_step=True  first_order=True (no v-buffer, no gamma)
[train-fo] init mass: mean=1.459  std=0.209  min=1.151  max=1.915
[train-fo] step    50/4000   train 10.7544   lr 1.25e-04   grad 1.04   m[mean 1.449 std 0.202]   elapsed 14s
[train-fo] step   100/4000   train 9.7290   lr 2.50e-04   grad 1.72   m[mean 1.432 std 0.198]   elapsed 27s
[train-fo] step   150/4000   train 7.6443   lr 3.75e-04   grad 1.30   m[mean 1.449 std 0.209]   elapsed 39s
[train-fo] step   200/4000   train 6.4917   lr 5.00e-04   grad 0.29   m[mean 1.448 std 0.205]   elapsed 52s
[train-fo] step   200   val_loss=6.5446  val_ppl=695.48
[train-fo] step   250/4000   train 6.3638   lr 5.00e-04   grad 0.29   m[mean 1.444 std 0.204]   elapsed 69s
[train-fo] step   300/4000   train 6.2566   lr 4.99e-04   grad 0.38   m[mean 1.437 std 0.201]   elapsed 84s
[train-fo] step   350/4000   train 5.9768   lr 4.98e-04   grad 0.46   m[mean 1.441 std 0.207]   elapsed 99s
[train-fo] step   400/4000   train 5.7018   lr 4.97e-04   grad 0.46   m[mean 1.449 std 0.209]   elapsed 114s
[train-fo] step   400   val_loss=5.8966  val_ppl=363.80
[train-fo] step   450/4000   train 5.5157   lr 4.95e-04   grad 0.70   m[mean 1.458 std 0.215]   elapsed 134s
[train-fo] step   500/4000   train 5.3391   lr 4.92e-04   grad 0.90   m[mean 1.457 std 0.214]   elapsed 149s
[train-fo] step   550/4000   train 5.2252   lr 4.90e-04   grad 0.80   m[mean 1.449 std 0.210]   elapsed 166s
[train-fo] step   600/4000   train 5.0840   lr 4.87e-04   grad 1.10   m[mean 1.459 std 0.223]   elapsed 182s
[train-fo] step   600   val_loss=5.5222  val_ppl=250.20
[train-fo] step   650/4000   train 4.9851   lr 4.83e-04   grad 1.87   m[mean 1.451 std 0.215]   elapsed 202s
[train-fo] step   700/4000   train 4.9169   lr 4.79e-04   grad 1.41   m[mean 1.456 std 0.214]   elapsed 220s
[train-fo] step   750/4000   train 4.8583   lr 4.75e-04   grad 1.61   m[mean 1.475 std 0.225]   elapsed 237s
[train-fo] step   800/4000   train 4.8252   lr 4.70e-04   grad 1.09   m[mean 1.450 std 0.218]   elapsed 254s
[train-fo] step   800   val_loss=5.3830  val_ppl=217.68
[train-fo] step   850/4000   train 4.7385   lr 4.65e-04   grad 1.31   m[mean 1.467 std 0.225]   elapsed 276s
[train-fo] step   900/4000   train 4.7424   lr 4.59e-04   grad 3.43   m[mean 1.456 std 0.217]   elapsed 293s
[train-fo] step   950/4000   train 4.6754   lr 4.54e-04   grad 1.17   m[mean 1.469 std 0.223]   elapsed 310s
[train-fo] step  1000/4000   train 4.5857   lr 4.47e-04   grad 1.70   m[mean 1.451 std 0.214]   elapsed 328s
[train-fo] step  1000   val_loss=5.2168  val_ppl=184.33
[train-fo] step  1050/4000   train 4.5497   lr 4.41e-04   grad 1.32   m[mean 1.455 std 0.218]   elapsed 351s
[train-fo] step  1100/4000   train 4.5138   lr 4.34e-04   grad 1.42   m[mean 1.453 std 0.220]   elapsed 369s
[train-fo] step  1150/4000   train 4.4933   lr 4.27e-04   grad 1.25   m[mean 1.454 std 0.216]   elapsed 387s
[train-fo] step  1200/4000   train 4.4452   lr 4.19e-04   grad 3.73   m[mean 1.454 std 0.219]   elapsed 405s
[train-fo] step  1200   val_loss=5.1354  val_ppl=169.93
[train-fo] step  1250/4000   train 4.4021   lr 4.12e-04   grad 1.91   m[mean 1.447 std 0.216]   elapsed 428s
[train-fo] step  1300/4000   train 4.3837   lr 4.04e-04   grad 1.92   m[mean 1.469 std 0.228]   elapsed 447s
[train-fo] step  1350/4000   train 4.3383   lr 3.95e-04   grad 3.13   m[mean 1.451 std 0.219]   elapsed 466s
[train-fo] step  1400/4000   train 4.3193   lr 3.87e-04   grad 2.38   m[mean 1.452 std 0.225]   elapsed 486s
[train-fo] step  1400   val_loss=5.1027  val_ppl=164.46
[train-fo] step  1450/4000   train 4.2814   lr 3.78e-04   grad 2.15   m[mean 1.449 std 0.216]   elapsed 511s
[train-fo] step  1500/4000   train 4.2895   lr 3.69e-04   grad 2.58   m[mean 1.450 std 0.219]   elapsed 531s
[train-fo] step  1550/4000   train 4.1944   lr 3.60e-04   grad 2.71   m[mean 1.456 std 0.220]   elapsed 550s
[train-fo] step  1600/4000   train 4.2014   lr 3.51e-04   grad 3.47   m[mean 1.445 std 0.214]   elapsed 570s
[train-fo] step  1600   val_loss=4.9682  val_ppl=143.77
[train-fo] step  1650/4000   train 4.2053   lr 3.41e-04   grad 2.41   m[mean 1.454 std 0.221]   elapsed 594s
[train-fo] step  1700/4000   train 4.2149   lr 3.31e-04   grad 3.15   m[mean 1.445 std 0.217]   elapsed 614s
[train-fo] step  1750/4000   train 4.1736   lr 3.22e-04   grad 3.25   m[mean 1.446 std 0.219]   elapsed 633s
[train-fo] step  1800/4000   train 4.1134   lr 3.12e-04   grad 2.22   m[mean 1.455 std 0.220]   elapsed 653s
[train-fo] step  1800   val_loss=4.9350  val_ppl=139.07
[train-fo] step  1850/4000   train 4.1620   lr 3.02e-04   grad 2.88   m[mean 1.450 std 0.223]   elapsed 679s
[train-fo] step  1900/4000   train 4.0956   lr 2.91e-04   grad 2.87   m[mean 1.452 std 0.224]   elapsed 699s
[train-fo] step  1950/4000   train 4.1048   lr 2.81e-04   grad 3.55   m[mean 1.458 std 0.226]   elapsed 718s
[train-fo] step  2000/4000   train 4.0741   lr 2.71e-04   grad 3.55   m[mean 1.446 std 0.223]   elapsed 739s
[train-fo] step  2000   val_loss=4.9000  val_ppl=134.28
[train-fo] step  2050/4000   train 4.0375   lr 2.61e-04   grad 2.63   m[mean 1.446 std 0.218]   elapsed 767s
[train-fo] step  2100/4000   train 4.0546   lr 2.50e-04   grad 3.20   m[mean 1.461 std 0.226]   elapsed 789s
[train-fo] step  2150/4000   train 4.0166   lr 2.40e-04   grad 2.66   m[mean 1.444 std 0.215]   elapsed 810s
[train-fo] step  2200/4000   train 4.0143   lr 2.30e-04   grad 3.31   m[mean 1.451 std 0.220]   elapsed 832s
[train-fo] step  2200   val_loss=4.9150  val_ppl=136.32
[train-fo] step  2250/4000   train 3.9593   lr 2.19e-04   grad 3.05   m[mean 1.445 std 0.218]   elapsed 858s
[train-fo] step  2300/4000   train 3.9497   lr 2.09e-04   grad 2.85   m[mean 1.435 std 0.209]   elapsed 879s
[train-fo] step  2350/4000   train 3.9486   lr 1.99e-04   grad 4.87   m[mean 1.441 std 0.219]   elapsed 899s
[train-fo] step  2400/4000   train 3.9643   lr 1.89e-04   grad 3.37   m[mean 1.435 std 0.214]   elapsed 921s
[train-fo] step  2400   val_loss=4.8795  val_ppl=131.57
[train-fo] step  2450/4000   train 3.9355   lr 1.79e-04   grad 4.05   m[mean 1.440 std 0.218]   elapsed 948s
[train-fo] step  2500/4000   train 3.9380   lr 1.69e-04   grad 3.03   m[mean 1.429 std 0.210]   elapsed 970s
[train-fo] step  2550/4000   train 3.9000   lr 1.59e-04   grad 4.30   m[mean 1.439 std 0.221]   elapsed 993s
[train-fo] step  2600/4000   train 3.9135   lr 1.50e-04   grad 4.18   m[mean 1.439 std 0.217]   elapsed 1017s
[train-fo] step  2600   val_loss=4.8338  val_ppl=125.69
[train-fo] step  2650/4000   train 3.9338   lr 1.40e-04   grad 3.28   m[mean 1.443 std 0.218]   elapsed 1047s
[train-fo] step  2700/4000   train 3.8869   lr 1.31e-04   grad 3.87   m[mean 1.435 std 0.215]   elapsed 1070s
[train-fo] step  2750/4000   train 3.8821   lr 1.22e-04   grad 5.07   m[mean 1.435 std 0.216]   elapsed 1092s
[train-fo] step  2800/4000   train 3.8887   lr 1.13e-04   grad 3.26   m[mean 1.439 std 0.215]   elapsed 1115s
[train-fo] step  2800   val_loss=4.7746  val_ppl=118.46
[train-fo] step  2850/4000   train 3.9185   lr 1.05e-04   grad 3.19   m[mean 1.433 std 0.216]   elapsed 1144s
[train-fo] step  2900/4000   train 3.8832   lr 9.66e-05   grad 2.62   m[mean 1.427 std 0.215]   elapsed 1166s
[train-fo] step  2950/4000   train 3.8405   lr 8.86e-05   grad 4.29   m[mean 1.437 std 0.219]   elapsed 1187s
[train-fo] step  3000/4000   train 3.8390   lr 8.08e-05   grad 5.88   m[mean 1.423 std 0.214]   elapsed 1207s
[train-fo] step  3000   val_loss=4.7276  val_ppl=113.03
[train-fo] step  3050/4000   train 3.8475   lr 7.34e-05   grad 2.54   m[mean 1.431 std 0.211]   elapsed 1232s
[train-fo] step  3100/4000   train 3.8465   lr 6.62e-05   grad 3.03   m[mean 1.437 std 0.212]   elapsed 1253s
[train-fo] step  3150/4000   train 3.7950   lr 5.94e-05   grad 2.73   m[mean 1.425 std 0.214]   elapsed 1273s
[train-fo] step  3200/4000   train 3.8396   lr 5.28e-05   grad 4.82   m[mean 1.429 std 0.214]   elapsed 1295s
[train-fo] step  3200   val_loss=4.7930  val_ppl=120.67
[train-fo] step  3250/4000   train 3.8244   lr 4.67e-05   grad 3.18   m[mean 1.430 std 0.213]   elapsed 1326s
[train-fo] step  3300/4000   train 3.8245   lr 4.08e-05   grad 3.47   m[mean 1.432 std 0.218]   elapsed 1349s
[train-fo] step  3350/4000   train 3.7811   lr 3.53e-05   grad 3.12   m[mean 1.448 std 0.228]   elapsed 1371s
[train-fo] step  3400/4000   train 3.8072   lr 3.02e-05   grad 2.93   m[mean 1.432 std 0.214]   elapsed 1393s
[train-fo] step  3400   val_loss=4.8025  val_ppl=121.82
[train-fo] step  3450/4000   train 3.8266   lr 2.55e-05   grad 2.96   m[mean 1.429 std 0.212]   elapsed 1419s
[train-fo] step  3500/4000   train 3.7703   lr 2.11e-05   grad 3.08   m[mean 1.434 std 0.218]   elapsed 1440s
[train-fo] step  3550/4000   train 3.8415   lr 1.72e-05   grad 3.22   m[mean 1.424 std 0.209]   elapsed 1461s
[train-fo] step  3600/4000   train 3.7958   lr 1.36e-05   grad 2.82   m[mean 1.429 std 0.216]   elapsed 1483s
[train-fo] step  3600   val_loss=4.6452  val_ppl=104.08
[train-fo] step  3650/4000   train 3.7816   lr 1.05e-05   grad 2.62   m[mean 1.449 std 0.221]   elapsed 1513s
[train-fo] step  3700/4000   train 3.8148   lr 7.70e-06   grad 2.30   m[mean 1.437 std 0.217]   elapsed 1535s
[train-fo] step  3750/4000   train 3.8402   lr 5.36e-06   grad 2.39   m[mean 1.431 std 0.215]   elapsed 1558s
[train-fo] step  3800/4000   train 3.7941   lr 3.44e-06   grad 2.85   m[mean 1.435 std 0.214]   elapsed 1580s
[train-fo] step  3800   val_loss=4.7922  val_ppl=120.57
[train-fo] step  3850/4000   train 3.7819   lr 1.95e-06   grad 2.87   m[mean 1.433 std 0.211]   elapsed 1608s
[train-fo] step  3900/4000   train 3.7970   lr 8.71e-07   grad 2.90   m[mean 1.429 std 0.213]   elapsed 1628s
[train-fo] step  3950/4000   train 3.8060   lr 2.22e-07   grad 2.72   m[mean 1.437 std 0.217]   elapsed 1648s
[train-fo] step  4000/4000   train 3.8226   lr 8.54e-11   grad 2.60   m[mean 1.433 std 0.213]   elapsed 1669s
[train-fo] step  4000   val_loss=4.7207  val_ppl=112.25

[train-fo] DONE  val_loss=4.7131  val_ppl=111.40  (first-order, no gamma)
[train-fo] checkpoint saved to /Users/dimitargueorguiev/git/ml/semsimula/notebooks/conservative_arch/first_order_ablation/results/splm1/seed1/splm_first_order_shakespeare_seed1_ckpt_latest.pt
[train-fo] summary written to /Users/dimitargueorguiev/git/ml/semsimula/notebooks/conservative_arch/first_order_ablation/results/splm1/seed1/splm_first_order_shakespeare_seed1_summary.md
