[helm-train] device=mps  tag=helm_SSSSSSSA_shakespeare_seed0
[helm-train] tokens: train=321,124  val=16,901
[helm-train] arch: schedule='SSSSSSSA'  (n_S=7, n_A=1, L=8)  d=128, v_hidden=512, v_depth=3, n_head=4, fixed_gamma=None, causal_force=True, ln_after_s_step=True
[helm-train] params: 7,321,348  (target ~8.0 M, delta -0.679 M)
[helm-train] running causal-violation probe...
[helm-train] causal probe PASSED (perturbation + gradient-Jacobian, both modes < 1e-6)
[helm-train] step    50/4000   train 10.7495   lr 1.25e-04   grad 1.56   gamma=0.150   elapsed 20s
[helm-train] step   100/4000   train 8.0949   lr 2.50e-04   grad 2.13   gamma=0.149   elapsed 40s
[helm-train] step   150/4000   train 6.4104   lr 3.75e-04   grad 0.82   gamma=0.150   elapsed 62s
[helm-train] step   200/4000   train 6.3186   lr 5.00e-04   grad 0.83   gamma=0.149   elapsed 84s
[helm-train] >>> eval @ 200: train 6.1439   val 6.3803   ppl 590.10
[helm-train] step   250/4000   train 5.9497   lr 5.00e-04   grad 3.24   gamma=0.149   elapsed 120s
[helm-train] step   300/4000   train 5.6362   lr 4.99e-04   grad 1.41   gamma=0.149   elapsed 142s
[helm-train] step   350/4000   train 5.4226   lr 4.98e-04   grad 1.15   gamma=0.149   elapsed 164s
[helm-train] step   400/4000   train 5.2416   lr 4.97e-04   grad 1.14   gamma=0.149   elapsed 186s
[helm-train] >>> eval @ 400: train 5.0952   val 5.6801   ppl 292.97
[helm-train] step   450/4000   train 5.0855   lr 4.95e-04   grad 1.39   gamma=0.149   elapsed 222s
[helm-train] step   500/4000   train 4.9515   lr 4.92e-04   grad 1.49   gamma=0.149   elapsed 245s
[helm-train] step   550/4000   train 4.9052   lr 4.90e-04   grad 1.21   gamma=0.149   elapsed 266s
[helm-train] step   600/4000   train 4.7692   lr 4.87e-04   grad 1.26   gamma=0.149   elapsed 288s
[helm-train] >>> eval @ 600: train 4.7590   val 5.4616   ppl 235.48
[helm-train] step   650/4000   train 4.6710   lr 4.83e-04   grad 1.21   gamma=0.149   elapsed 324s
[helm-train] step   700/4000   train 4.6905   lr 4.79e-04   grad 1.48   gamma=0.149   elapsed 347s
[helm-train] step   750/4000   train 4.5724   lr 4.75e-04   grad 1.37   gamma=0.149   elapsed 369s
[helm-train] step   800/4000   train 4.5531   lr 4.70e-04   grad 1.69   gamma=0.149   elapsed 392s
[helm-train] >>> eval @ 800: train 4.5455   val 5.3481   ppl 210.21
[helm-train] step   850/4000   train 4.5238   lr 4.65e-04   grad 1.46   gamma=0.149   elapsed 427s
[helm-train] step   900/4000   train 4.4693   lr 4.59e-04   grad 1.34   gamma=0.149   elapsed 451s
[helm-train] step   950/4000   train 4.4646   lr 4.54e-04   grad 1.44   gamma=0.149   elapsed 474s
[helm-train] step  1000/4000   train 4.3794   lr 4.47e-04   grad 1.68   gamma=0.149   elapsed 497s
[helm-train] >>> eval @ 1000: train 4.4202   val 5.3106   ppl 202.47
[helm-train] step  1050/4000   train 4.3136   lr 4.41e-04   grad 2.05   gamma=0.150   elapsed 532s
[helm-train] step  1100/4000   train 4.2641   lr 4.34e-04   grad 1.76   gamma=0.150   elapsed 554s
[helm-train] step  1150/4000   train 4.2794   lr 4.27e-04   grad 1.52   gamma=0.150   elapsed 577s
[helm-train] step  1200/4000   train 4.2691   lr 4.19e-04   grad 1.52   gamma=0.150   elapsed 600s
[helm-train] >>> eval @ 1200: train 4.3024   val 5.2522   ppl 190.99
[helm-train] step  1250/4000   train 4.2633   lr 4.12e-04   grad 1.67   gamma=0.150   elapsed 635s
[helm-train] step  1300/4000   train 4.2279   lr 4.04e-04   grad 1.98   gamma=0.150   elapsed 658s
[helm-train] step  1350/4000   train 4.2127   lr 3.95e-04   grad 1.56   gamma=0.150   elapsed 681s
[helm-train] step  1400/4000   train 4.1767   lr 3.87e-04   grad 1.82   gamma=0.150   elapsed 704s
[helm-train] >>> eval @ 1400: train 4.1774   val 5.2542   ppl 191.37
[helm-train] step  1450/4000   train 4.1269   lr 3.78e-04   grad 1.80   gamma=0.150   elapsed 738s
[helm-train] step  1500/4000   train 4.1145   lr 3.69e-04   grad 1.90   gamma=0.150   elapsed 761s
[helm-train] step  1550/4000   train 4.0687   lr 3.60e-04   grad 2.51   gamma=0.150   elapsed 783s
[helm-train] step  1600/4000   train 4.0720   lr 3.51e-04   grad 2.00   gamma=0.150   elapsed 806s
[helm-train] >>> eval @ 1600: train 4.0124   val 5.2353   ppl 187.78
[helm-train] step  1650/4000   train 4.0478   lr 3.41e-04   grad 1.78   gamma=0.150   elapsed 842s
[helm-train] step  1700/4000   train 4.0565   lr 3.31e-04   grad 2.56   gamma=0.150   elapsed 866s
[helm-train] step  1750/4000   train 4.0514   lr 3.22e-04   grad 2.88   gamma=0.150   elapsed 889s
[helm-train] step  1800/4000   train 3.9948   lr 3.12e-04   grad 1.91   gamma=0.151   elapsed 911s
[helm-train] >>> eval @ 1800: train 3.9795   val 5.3022   ppl 200.78
[helm-train] step  1850/4000   train 3.9562   lr 3.02e-04   grad 2.18   gamma=0.151   elapsed 946s
[helm-train] step  1900/4000   train 3.9438   lr 2.91e-04   grad 2.98   gamma=0.151   elapsed 969s
[helm-train] step  1950/4000   train 3.9749   lr 2.81e-04   grad 2.30   gamma=0.151   elapsed 992s
[helm-train] step  2000/4000   train 3.9132   lr 2.71e-04   grad 2.08   gamma=0.151   elapsed 1015s
[helm-train] >>> eval @ 2000: train 3.9179   val 5.3060   ppl 201.54
[helm-train] step  2050/4000   train 3.9342   lr 2.61e-04   grad 1.94   gamma=0.151   elapsed 1050s
[helm-train] step  2100/4000   train 3.9210   lr 2.50e-04   grad 2.21   gamma=0.151   elapsed 1072s
[helm-train] step  2150/4000   train 3.8691   lr 2.40e-04   grad 2.15   gamma=0.151   elapsed 1095s
[helm-train] step  2200/4000   train 3.8472   lr 2.30e-04   grad 2.33   gamma=0.151   elapsed 1118s
[helm-train] >>> eval @ 2200: train 3.8654   val 5.2485   ppl 190.29
[helm-train] step  2250/4000   train 3.8748   lr 2.19e-04   grad 2.18   gamma=0.151   elapsed 1154s
[helm-train] step  2300/4000   train 3.8688   lr 2.09e-04   grad 2.63   gamma=0.151   elapsed 1179s
[helm-train] step  2350/4000   train 3.8090   lr 1.99e-04   grad 2.52   gamma=0.151   elapsed 1201s
[helm-train] step  2400/4000   train 3.8484   lr 1.89e-04   grad 2.39   gamma=0.151   elapsed 1222s
[helm-train] >>> eval @ 2400: train 3.8363   val 5.2948   ppl 199.29
[helm-train] step  2450/4000   train 3.7896   lr 1.79e-04   grad 2.10   gamma=0.151   elapsed 1252s
[helm-train] step  2500/4000   train 3.8328   lr 1.69e-04   grad 2.37   gamma=0.151   elapsed 1271s
[helm-train] step  2550/4000   train 3.7997   lr 1.59e-04   grad 2.31   gamma=0.151   elapsed 1291s
[helm-train] step  2600/4000   train 3.7959   lr 1.50e-04   grad 2.28   gamma=0.151   elapsed 1310s
[helm-train] >>> eval @ 2600: train 3.7661   val 5.2772   ppl 195.83
[helm-train] step  2650/4000   train 3.7220   lr 1.40e-04   grad 2.51   gamma=0.151   elapsed 1341s
[helm-train] step  2700/4000   train 3.7846   lr 1.31e-04   grad 2.60   gamma=0.151   elapsed 1361s
[helm-train] step  2750/4000   train 3.7890   lr 1.22e-04   grad 3.88   gamma=0.151   elapsed 1381s
[helm-train] step  2800/4000   train 3.7440   lr 1.13e-04   grad 2.55   gamma=0.152   elapsed 1401s
[helm-train] >>> eval @ 2800: train 3.7828   val 5.2460   ppl 189.81
[helm-train] step  2850/4000   train 3.7796   lr 1.05e-04   grad 4.82   gamma=0.152   elapsed 1433s
[helm-train] step  2900/4000   train 3.7497   lr 9.66e-05   grad 3.32   gamma=0.152   elapsed 1453s
[helm-train] step  2950/4000   train 3.7478   lr 8.86e-05   grad 2.26   gamma=0.152   elapsed 1473s
[helm-train] step  3000/4000   train 3.7193   lr 8.08e-05   grad 2.35   gamma=0.152   elapsed 1492s
[helm-train] >>> eval @ 3000: train 3.7448   val 5.2436   ppl 189.35
[helm-train] step  3050/4000   train 3.7461   lr 7.34e-05   grad 2.50   gamma=0.152   elapsed 1523s
[helm-train] step  3100/4000   train 3.7523   lr 6.62e-05   grad 2.91   gamma=0.152   elapsed 1543s
[helm-train] step  3150/4000   train 3.6795   lr 5.94e-05   grad 2.30   gamma=0.152   elapsed 1563s
[helm-train] step  3200/4000   train 3.7025   lr 5.28e-05   grad 2.60   gamma=0.152   elapsed 1583s
[helm-train] >>> eval @ 3200: train 3.7376   val 5.2962   ppl 199.57
[helm-train] step  3250/4000   train 3.6991   lr 4.67e-05   grad 2.34   gamma=0.152   elapsed 1614s
[helm-train] step  3300/4000   train 3.6737   lr 4.08e-05   grad 2.71   gamma=0.152   elapsed 1634s
[helm-train] step  3350/4000   train 3.7259   lr 3.53e-05   grad 2.92   gamma=0.152   elapsed 1655s
[helm-train] step  3400/4000   train 3.7379   lr 3.02e-05   grad 2.30   gamma=0.152   elapsed 1676s
[helm-train] >>> eval @ 3400: train 3.7284   val 5.2852   ppl 197.40
[helm-train] step  3450/4000   train 3.6931   lr 2.55e-05   grad 2.40   gamma=0.152   elapsed 1708s
[helm-train] step  3500/4000   train 3.6749   lr 2.11e-05   grad 2.33   gamma=0.152   elapsed 1729s
[helm-train] step  3550/4000   train 3.7145   lr 1.72e-05   grad 2.47   gamma=0.152   elapsed 1751s
[helm-train] step  3600/4000   train 3.7439   lr 1.36e-05   grad 2.91   gamma=0.152   elapsed 1772s
[helm-train] >>> eval @ 3600: train 3.6790   val 5.3202   ppl 204.43
[helm-train] step  3650/4000   train 3.7160   lr 1.05e-05   grad 2.69   gamma=0.152   elapsed 1802s
[helm-train] step  3700/4000   train 3.6986   lr 7.70e-06   grad 2.37   gamma=0.152   elapsed 1821s
[helm-train] step  3750/4000   train 3.7033   lr 5.36e-06   grad 2.33   gamma=0.152   elapsed 1841s
[helm-train] step  3800/4000   train 3.7194   lr 3.44e-06   grad 2.25   gamma=0.152   elapsed 1862s
[helm-train] >>> eval @ 3800: train 3.6519   val 5.2262   ppl 186.09
[helm-train] step  3850/4000   train 3.6936   lr 1.95e-06   grad 2.43   gamma=0.152   elapsed 1893s
[helm-train] step  3900/4000   train 3.6906   lr 8.71e-07   grad 2.38   gamma=0.152   elapsed 1913s
[helm-train] step  3950/4000   train 3.7148   lr 2.22e-07   grad 2.41   gamma=0.152   elapsed 1933s
[helm-train] step  4000/4000   train 3.7104   lr 8.54e-11   grad 2.30   gamma=0.152   elapsed 1954s
[helm-train] >>> eval @ 4000: train 3.7072   val 5.1877   ppl 179.06
[helm-train] done in 1965s
[helm-train] saved checkpoint -> /Users/dimitargueorguiev/git/ml/semsimula/notebooks/conservative_arch/helmholtz/results/helm_SSSSSSSA_shakespeare_seed0_ckpt_latest.pt
[helm-train] saved loss curve -> /Users/dimitargueorguiev/git/ml/semsimula/notebooks/conservative_arch/helmholtz/results/helm_SSSSSSSA_shakespeare_seed0_loss_curve.png
[helm-train] saved summary -> /Users/dimitargueorguiev/git/ml/semsimula/notebooks/conservative_arch/helmholtz/results/helm_SSSSSSSA_shakespeare_seed0_summary.md
