[train-em-ln] device=mps  mode=shakespeare  fixed_gamma=0.15  results_dir=/Users/dimitargueorguiev/git/ml/semsimula/notebooks/conservative_arch/ln_damping_sweep/results/leakfree_5seed_confirmation/gamma0p15/seed1
[train-em-ln] tokens: train=321,124  val=16,901
[train-em-ln] params: 7,123,075   d=128  L=8  v_hidden=512  ln_after_step=True
[train-em-ln] causal_force=True  (FIXED (post-bug))  steps=4000
[train-em-ln] init mass: mean=1.459  std=0.209  min=1.151  max=1.915
[train-em-ln] step    50/4000   train 10.7520   lr 1.25e-04   grad 1.11   m[mean 1.449 std 0.202]   gamma=0.150   elapsed 15s
[train-em-ln] step   100/4000   train 9.6148   lr 2.50e-04   grad 1.72   m[mean 1.434 std 0.199]   gamma=0.150   elapsed 31s
[train-em-ln] step   150/4000   train 7.6202   lr 3.75e-04   grad 1.30   m[mean 1.456 std 0.211]   gamma=0.150   elapsed 48s
[train-em-ln] step   200/4000   train 6.4594   lr 5.00e-04   grad 0.35   m[mean 1.455 std 0.208]   gamma=0.150   elapsed 68s
[train-em-ln] step   200   val_loss=6.4335  val_ppl=622.34
[train-em-ln] step   250/4000   train 6.1250   lr 5.00e-04   grad 0.55   m[mean 1.455 std 0.210]   gamma=0.150   elapsed 95s
[train-em-ln] step   300/4000   train 5.8224   lr 4.99e-04   grad 0.68   m[mean 1.454 std 0.210]   gamma=0.150   elapsed 115s
[train-em-ln] step   350/4000   train 5.6094   lr 4.98e-04   grad 0.45   m[mean 1.461 std 0.215]   gamma=0.150   elapsed 136s
[train-em-ln] step   400/4000   train 5.4152   lr 4.97e-04   grad 1.01   m[mean 1.465 std 0.213]   gamma=0.150   elapsed 156s
[train-em-ln] step   400   val_loss=5.7331  val_ppl=308.93
[train-em-ln] step   450/4000   train 5.2970   lr 4.95e-04   grad 0.96   m[mean 1.470 std 0.217]   gamma=0.150   elapsed 182s
[train-em-ln] step   500/4000   train 5.1708   lr 4.92e-04   grad 0.76   m[mean 1.466 std 0.213]   gamma=0.150   elapsed 202s
[train-em-ln] step   550/4000   train 5.0868   lr 4.90e-04   grad 0.66   m[mean 1.456 std 0.208]   gamma=0.150   elapsed 222s
[train-em-ln] step   600/4000   train 4.9735   lr 4.87e-04   grad 1.63   m[mean 1.465 std 0.219]   gamma=0.150   elapsed 243s
[train-em-ln] step   600   val_loss=5.4983  val_ppl=244.27
[train-em-ln] step   650/4000   train 4.9052   lr 4.83e-04   grad 1.05   m[mean 1.457 std 0.211]   gamma=0.150   elapsed 271s
[train-em-ln] step   700/4000   train 4.8547   lr 4.79e-04   grad 0.97   m[mean 1.461 std 0.210]   gamma=0.150   elapsed 293s
[train-em-ln] step   750/4000   train 4.8112   lr 4.75e-04   grad 0.91   m[mean 1.480 std 0.220]   gamma=0.150   elapsed 315s
[train-em-ln] step   800/4000   train 4.7947   lr 4.70e-04   grad 2.29   m[mean 1.456 std 0.213]   gamma=0.150   elapsed 336s
[train-em-ln] step   800   val_loss=5.4411  val_ppl=230.70
[train-em-ln] step   850/4000   train 4.7204   lr 4.65e-04   grad 1.56   m[mean 1.474 std 0.219]   gamma=0.150   elapsed 361s
[train-em-ln] step   900/4000   train 4.7458   lr 4.59e-04   grad 3.01   m[mean 1.463 std 0.212]   gamma=0.150   elapsed 381s
[train-em-ln] step   950/4000   train 4.6845   lr 4.54e-04   grad 1.21   m[mean 1.476 std 0.218]   gamma=0.150   elapsed 405s
[train-em-ln] step  1000/4000   train 4.6021   lr 4.47e-04   grad 1.55   m[mean 1.460 std 0.209]   gamma=0.150   elapsed 427s
[train-em-ln] step  1000   val_loss=5.2997  val_ppl=200.27
[train-em-ln] step  1050/4000   train 4.5843   lr 4.41e-04   grad 2.92   m[mean 1.464 std 0.212]   gamma=0.150   elapsed 453s
[train-em-ln] step  1100/4000   train 4.5590   lr 4.34e-04   grad 2.14   m[mean 1.462 std 0.215]   gamma=0.150   elapsed 474s
[train-em-ln] step  1150/4000   train 4.5554   lr 4.27e-04   grad 1.89   m[mean 1.464 std 0.211]   gamma=0.150   elapsed 499s
[train-em-ln] step  1200/4000   train 4.5229   lr 4.19e-04   grad 1.03   m[mean 1.465 std 0.214]   gamma=0.150   elapsed 523s
[train-em-ln] step  1200   val_loss=5.2778  val_ppl=195.94
[train-em-ln] step  1250/4000   train 4.4958   lr 4.12e-04   grad 0.89   m[mean 1.459 std 0.211]   gamma=0.150   elapsed 548s
[train-em-ln] step  1300/4000   train 4.4838   lr 4.04e-04   grad 1.34   m[mean 1.481 std 0.222]   gamma=0.150   elapsed 568s
[train-em-ln] step  1350/4000   train 4.4575   lr 3.95e-04   grad 1.57   m[mean 1.464 std 0.214]   gamma=0.150   elapsed 588s
[train-em-ln] step  1400/4000   train 4.4444   lr 3.87e-04   grad 1.14   m[mean 1.465 std 0.221]   gamma=0.150   elapsed 608s
[train-em-ln] step  1400   val_loss=5.2719  val_ppl=194.78
[train-em-ln] step  1450/4000   train 4.4194   lr 3.78e-04   grad 1.75   m[mean 1.463 std 0.212]   gamma=0.150   elapsed 637s
[train-em-ln] step  1500/4000   train 4.4352   lr 3.69e-04   grad 1.58   m[mean 1.465 std 0.215]   gamma=0.150   elapsed 661s
[train-em-ln] step  1550/4000   train 4.3504   lr 3.60e-04   grad 1.53   m[mean 1.471 std 0.216]   gamma=0.150   elapsed 685s
[train-em-ln] step  1600/4000   train 4.3724   lr 3.51e-04   grad 0.97   m[mean 1.461 std 0.211]   gamma=0.150   elapsed 707s
[train-em-ln] step  1600   val_loss=5.2246  val_ppl=185.79
[train-em-ln] step  1650/4000   train 4.3816   lr 3.41e-04   grad 1.19   m[mean 1.470 std 0.217]   gamma=0.150   elapsed 732s
[train-em-ln] step  1700/4000   train 4.4002   lr 3.31e-04   grad 1.04   m[mean 1.462 std 0.213]   gamma=0.150   elapsed 752s
[train-em-ln] step  1750/4000   train 4.3689   lr 3.22e-04   grad 1.00   m[mean 1.464 std 0.215]   gamma=0.150   elapsed 773s
[train-em-ln] step  1800/4000   train 4.3208   lr 3.12e-04   grad 1.06   m[mean 1.473 std 0.217]   gamma=0.150   elapsed 795s
[train-em-ln] step  1800   val_loss=5.2230  val_ppl=185.50
[train-em-ln] step  1850/4000   train 4.3802   lr 3.02e-04   grad 1.78   m[mean 1.469 std 0.220]   gamma=0.150   elapsed 823s
[train-em-ln] step  1900/4000   train 4.3231   lr 2.91e-04   grad 2.21   m[mean 1.472 std 0.221]   gamma=0.150   elapsed 846s
[train-em-ln] step  1950/4000   train 4.3399   lr 2.81e-04   grad 1.45   m[mean 1.479 std 0.224]   gamma=0.150   elapsed 868s
[train-em-ln] step  2000/4000   train 4.3181   lr 2.71e-04   grad 1.25   m[mean 1.467 std 0.221]   gamma=0.150   elapsed 890s
[train-em-ln] step  2000   val_loss=5.1810  val_ppl=177.87
[train-em-ln] step  2050/4000   train 4.2863   lr 2.61e-04   grad 1.01   m[mean 1.468 std 0.216]   gamma=0.150   elapsed 918s
[train-em-ln] step  2100/4000   train 4.3167   lr 2.50e-04   grad 1.51   m[mean 1.484 std 0.224]   gamma=0.150   elapsed 939s
[train-em-ln] step  2150/4000   train 4.2891   lr 2.40e-04   grad 1.73   m[mean 1.468 std 0.213]   gamma=0.150   elapsed 961s
[train-em-ln] step  2200/4000   train 4.2862   lr 2.30e-04   grad 0.90   m[mean 1.475 std 0.218]   gamma=0.150   elapsed 984s
[train-em-ln] step  2200   val_loss=5.2545  val_ppl=191.42
[train-em-ln] step  2250/4000   train 4.2417   lr 2.19e-04   grad 0.88   m[mean 1.469 std 0.217]   gamma=0.150   elapsed 1011s
[train-em-ln] step  2300/4000   train 4.2438   lr 2.09e-04   grad 1.36   m[mean 1.460 std 0.208]   gamma=0.150   elapsed 1033s
[train-em-ln] step  2350/4000   train 4.2468   lr 1.99e-04   grad 0.88   m[mean 1.467 std 0.218]   gamma=0.150   elapsed 1055s
[train-em-ln] step  2400/4000   train 4.2616   lr 1.89e-04   grad 1.03   m[mean 1.461 std 0.213]   gamma=0.150   elapsed 1077s
[train-em-ln] step  2400   val_loss=5.2320  val_ppl=187.18
[train-em-ln] step  2450/4000   train 4.2488   lr 1.79e-04   grad 1.30   m[mean 1.466 std 0.217]   gamma=0.150   elapsed 1104s
[train-em-ln] step  2500/4000   train 4.2534   lr 1.69e-04   grad 1.10   m[mean 1.456 std 0.209]   gamma=0.150   elapsed 1126s
[train-em-ln] step  2550/4000   train 4.2167   lr 1.59e-04   grad 1.28   m[mean 1.467 std 0.221]   gamma=0.150   elapsed 1148s
[train-em-ln] step  2600/4000   train 4.2363   lr 1.50e-04   grad 1.13   m[mean 1.467 std 0.217]   gamma=0.150   elapsed 1170s
[train-em-ln] step  2600   val_loss=5.2107  val_ppl=183.22
[train-em-ln] step  2650/4000   train 4.2655   lr 1.40e-04   grad 1.26   m[mean 1.471 std 0.218]   gamma=0.150   elapsed 1198s
[train-em-ln] step  2700/4000   train 4.2244   lr 1.31e-04   grad 0.92   m[mean 1.463 std 0.216]   gamma=0.150   elapsed 1220s
[train-em-ln] step  2750/4000   train 4.2249   lr 1.22e-04   grad 0.89   m[mean 1.464 std 0.216]   gamma=0.150   elapsed 1242s
[train-em-ln] step  2800/4000   train 4.2316   lr 1.13e-04   grad 1.28   m[mean 1.468 std 0.216]   gamma=0.150   elapsed 1264s
[train-em-ln] step  2800   val_loss=5.1596  val_ppl=174.09
[train-em-ln] step  2850/4000   train 4.2637   lr 1.05e-04   grad 1.05   m[mean 1.463 std 0.216]   gamma=0.150   elapsed 1292s
[train-em-ln] step  2900/4000   train 4.2375   lr 9.66e-05   grad 1.17   m[mean 1.457 std 0.215]   gamma=0.150   elapsed 1314s
[train-em-ln] step  2950/4000   train 4.1969   lr 8.86e-05   grad 1.13   m[mean 1.467 std 0.219]   gamma=0.150   elapsed 1336s
[train-em-ln] step  3000/4000   train 4.1967   lr 8.08e-05   grad 1.51   m[mean 1.454 std 0.215]   gamma=0.150   elapsed 1358s
[train-em-ln] step  3000   val_loss=5.1364  val_ppl=170.10
[train-em-ln] step  3050/4000   train 4.2128   lr 7.34e-05   grad 1.03   m[mean 1.462 std 0.212]   gamma=0.150   elapsed 1386s
[train-em-ln] step  3100/4000   train 4.2110   lr 6.62e-05   grad 1.24   m[mean 1.468 std 0.213]   gamma=0.150   elapsed 1408s
[train-em-ln] step  3150/4000   train 4.1658   lr 5.94e-05   grad 1.02   m[mean 1.456 std 0.215]   gamma=0.150   elapsed 1430s
[train-em-ln] step  3200/4000   train 4.2150   lr 5.28e-05   grad 1.18   m[mean 1.460 std 0.216]   gamma=0.150   elapsed 1452s
[train-em-ln] step  3200   val_loss=5.2151  val_ppl=184.03
[train-em-ln] step  3250/4000   train 4.1986   lr 4.67e-05   grad 1.00   m[mean 1.462 std 0.214]   gamma=0.150   elapsed 1481s
[train-em-ln] step  3300/4000   train 4.2044   lr 4.08e-05   grad 1.01   m[mean 1.464 std 0.220]   gamma=0.150   elapsed 1504s
[train-em-ln] step  3350/4000   train 4.1618   lr 3.53e-05   grad 1.19   m[mean 1.479 std 0.230]   gamma=0.150   elapsed 1526s
[train-em-ln] step  3400/4000   train 4.1846   lr 3.02e-05   grad 0.96   m[mean 1.464 std 0.216]   gamma=0.150   elapsed 1550s
[train-em-ln] step  3400   val_loss=5.2260  val_ppl=186.05
[train-em-ln] step  3450/4000   train 4.2101   lr 2.55e-05   grad 1.38   m[mean 1.461 std 0.214]   gamma=0.150   elapsed 1580s
[train-em-ln] step  3500/4000   train 4.1594   lr 2.11e-05   grad 1.08   m[mean 1.466 std 0.220]   gamma=0.150   elapsed 1602s
[train-em-ln] step  3550/4000   train 4.2255   lr 1.72e-05   grad 0.94   m[mean 1.457 std 0.211]   gamma=0.150   elapsed 1624s
[train-em-ln] step  3600/4000   train 4.1801   lr 1.36e-05   grad 1.04   m[mean 1.461 std 0.218]   gamma=0.150   elapsed 1646s
[train-em-ln] step  3600   val_loss=5.0686  val_ppl=158.96
[train-em-ln] step  3650/4000   train 4.1647   lr 1.05e-05   grad 1.24   m[mean 1.481 std 0.223]   gamma=0.150   elapsed 1671s
[train-em-ln] step  3700/4000   train 4.1996   lr 7.70e-06   grad 1.32   m[mean 1.470 std 0.219]   gamma=0.150   elapsed 1691s
[train-em-ln] step  3750/4000   train 4.2314   lr 5.36e-06   grad 1.08   m[mean 1.464 std 0.216]   gamma=0.150   elapsed 1710s
[train-em-ln] step  3800/4000   train 4.1844   lr 3.44e-06   grad 0.89   m[mean 1.467 std 0.216]   gamma=0.150   elapsed 1731s
[train-em-ln] step  3800   val_loss=5.2254  val_ppl=185.93
[train-em-ln] step  3850/4000   train 4.1714   lr 1.95e-06   grad 1.08   m[mean 1.466 std 0.213]   gamma=0.150   elapsed 1759s
[train-em-ln] step  3900/4000   train 4.1834   lr 8.71e-07   grad 0.96   m[mean 1.461 std 0.215]   gamma=0.150   elapsed 1781s
[train-em-ln] step  3950/4000   train 4.1915   lr 2.22e-07   grad 1.03   m[mean 1.469 std 0.219]   gamma=0.150   elapsed 1803s
[train-em-ln] step  4000/4000   train 4.2118   lr 8.54e-11   grad 0.99   m[mean 1.465 std 0.215]   gamma=0.150   elapsed 1823s
[train-em-ln] step  4000   val_loss=5.1605  val_ppl=174.25

[train-em-ln] DONE  val_loss=5.1509  val_ppl=172.58  gamma=0.1500
[train-em-ln] checkpoint saved to /Users/dimitargueorguiev/git/ml/semsimula/notebooks/conservative_arch/ln_damping_sweep/results/leakfree_5seed_confirmation/gamma0p15/seed1/splm_em_ln_shakespeare_confS5_splm2_g0p15_seed1_ckpt_latest.pt
[train-em-ln] summary written to /Users/dimitargueorguiev/git/ml/semsimula/notebooks/conservative_arch/ln_damping_sweep/results/leakfree_5seed_confirmation/gamma0p15/seed1/splm_em_ln_shakespeare_confS5_splm2_g0p15_seed1_summary.md
