[train-matched] device=mps  mode=shakespeare
[train-matched] tokens: train=321,124  val=16,901
[train-matched] params: 8,052,096   d=128  n_layer=8  n_head=4
[train-matched] step    50/4000   train 10.4714   lr 1.25e-04   grad 1.61   elapsed 19s
[train-matched] step   100/4000   train 9.2686   lr 2.50e-04   grad 1.63   elapsed 39s
[train-matched] step   150/4000   train 7.4684   lr 3.75e-04   grad 1.33   elapsed 60s
[train-matched] step   200/4000   train 6.3199   lr 5.00e-04   grad 0.90   elapsed 81s
[train-matched] >>> eval @ 200: train 6.0482   val 6.1380   ppl 463.13
[train-matched] step   250/4000   train 5.7917   lr 5.00e-04   grad 0.89   elapsed 109s
[train-matched] step   300/4000   train 5.4266   lr 4.99e-04   grad 0.95   elapsed 131s
[train-matched] step   350/4000   train 5.1627   lr 4.98e-04   grad 1.22   elapsed 151s
[train-matched] step   400/4000   train 5.0202   lr 4.97e-04   grad 1.01   elapsed 171s
[train-matched] >>> eval @ 400: train 4.9950   val 5.4185   ppl 225.55
[train-matched] step   450/4000   train 4.9271   lr 4.95e-04   grad 1.07   elapsed 201s
[train-matched] step   500/4000   train 4.8038   lr 4.92e-04   grad 1.10   elapsed 227s
[train-matched] step   550/4000   train 4.7603   lr 4.90e-04   grad 1.25   elapsed 251s
[train-matched] step   600/4000   train 4.6477   lr 4.87e-04   grad 1.25   elapsed 272s
[train-matched] >>> eval @ 600: train 4.5946   val 5.2364   ppl 187.98
[train-matched] step   650/4000   train 4.5886   lr 4.83e-04   grad 0.95   elapsed 300s
[train-matched] step   700/4000   train 4.5093   lr 4.79e-04   grad 1.29   elapsed 321s
[train-matched] step   750/4000   train 4.4886   lr 4.75e-04   grad 1.20   elapsed 341s
[train-matched] step   800/4000   train 4.4109   lr 4.70e-04   grad 1.32   elapsed 362s
[train-matched] >>> eval @ 800: train 4.3975   val 5.1091   ppl 165.52
[train-matched] step   850/4000   train 4.3850   lr 4.65e-04   grad 1.15   elapsed 388s
[train-matched] step   900/4000   train 4.3400   lr 4.59e-04   grad 1.23   elapsed 407s
[train-matched] step   950/4000   train 4.3059   lr 4.54e-04   grad 1.41   elapsed 425s
[train-matched] step  1000/4000   train 4.2697   lr 4.47e-04   grad 1.39   elapsed 443s
[train-matched] >>> eval @ 1000: train 4.2766   val 5.1069   ppl 165.16
[train-matched] step  1050/4000   train 4.2276   lr 4.41e-04   grad 1.28   elapsed 469s
[train-matched] step  1100/4000   train 4.2198   lr 4.34e-04   grad 1.34   elapsed 490s
[train-matched] step  1150/4000   train 4.1761   lr 4.27e-04   grad 1.21   elapsed 509s
[train-matched] step  1200/4000   train 4.1698   lr 4.19e-04   grad 1.13   elapsed 529s
[train-matched] >>> eval @ 1200: train 4.1243   val 5.0262   ppl 152.35
[train-matched] step  1250/4000   train 4.1297   lr 4.12e-04   grad 1.36   elapsed 555s
[train-matched] step  1300/4000   train 4.0896   lr 4.04e-04   grad 1.16   elapsed 574s
[train-matched] step  1350/4000   train 4.0394   lr 3.95e-04   grad 1.19   elapsed 593s
[train-matched] step  1400/4000   train 4.0540   lr 3.87e-04   grad 1.48   elapsed 611s
[train-matched] >>> eval @ 1400: train 4.0040   val 5.0446   ppl 155.19
[train-matched] step  1450/4000   train 4.0339   lr 3.78e-04   grad 1.60   elapsed 640s
[train-matched] step  1500/4000   train 4.0047   lr 3.69e-04   grad 1.55   elapsed 662s
[train-matched] step  1550/4000   train 3.9759   lr 3.60e-04   grad 1.24   elapsed 682s
[train-matched] step  1600/4000   train 3.9201   lr 3.51e-04   grad 1.27   elapsed 701s
[train-matched] >>> eval @ 1600: train 3.9358   val 5.1046   ppl 164.77
[train-matched] step  1650/4000   train 3.9508   lr 3.41e-04   grad 1.29   elapsed 730s
[train-matched] step  1700/4000   train 3.9318   lr 3.31e-04   grad 1.40   elapsed 750s
[train-matched] step  1750/4000   train 3.9228   lr 3.22e-04   grad 1.30   elapsed 770s
[train-matched] step  1800/4000   train 3.8766   lr 3.12e-04   grad 1.27   elapsed 791s
[train-matched] >>> eval @ 1800: train 3.8393   val 5.0147   ppl 150.61
[train-matched] step  1850/4000   train 3.8672   lr 3.02e-04   grad 1.27   elapsed 817s
[train-matched] step  1900/4000   train 3.9052   lr 2.91e-04   grad 1.36   elapsed 838s
[train-matched] step  1950/4000   train 3.8306   lr 2.81e-04   grad 1.45   elapsed 857s
[train-matched] step  2000/4000   train 3.8070   lr 2.71e-04   grad 1.25   elapsed 877s
[train-matched] >>> eval @ 2000: train 3.7931   val 5.0015   ppl 148.63
[train-matched] step  2050/4000   train 3.8020   lr 2.61e-04   grad 1.43   elapsed 904s
[train-matched] step  2100/4000   train 3.7744   lr 2.50e-04   grad 1.72   elapsed 924s
[train-matched] step  2150/4000   train 3.7884   lr 2.40e-04   grad 1.67   elapsed 943s
[train-matched] step  2200/4000   train 3.7395   lr 2.30e-04   grad 1.43   elapsed 962s
[train-matched] >>> eval @ 2200: train 3.7383   val 4.9921   ppl 147.25
[train-matched] step  2250/4000   train 3.7551   lr 2.19e-04   grad 1.44   elapsed 989s
[train-matched] step  2300/4000   train 3.7167   lr 2.09e-04   grad 1.46   elapsed 1009s
[train-matched] step  2350/4000   train 3.7272   lr 1.99e-04   grad 1.36   elapsed 1028s
[train-matched] step  2400/4000   train 3.6726   lr 1.89e-04   grad 1.44   elapsed 1047s
[train-matched] >>> eval @ 2400: train 3.7130   val 4.9791   ppl 145.34
[train-matched] step  2450/4000   train 3.7186   lr 1.79e-04   grad 1.47   elapsed 1075s
[train-matched] step  2500/4000   train 3.6866   lr 1.69e-04   grad 1.50   elapsed 1095s
[train-matched] step  2550/4000   train 3.6704   lr 1.59e-04   grad 1.60   elapsed 1114s
[train-matched] step  2600/4000   train 3.6636   lr 1.50e-04   grad 1.87   elapsed 1132s
[train-matched] >>> eval @ 2600: train 3.6589   val 5.0443   ppl 155.13
[train-matched] step  2650/4000   train 3.6570   lr 1.40e-04   grad 1.81   elapsed 1159s
[train-matched] step  2700/4000   train 3.6663   lr 1.31e-04   grad 1.49   elapsed 1180s
[train-matched] step  2750/4000   train 3.6340   lr 1.22e-04   grad 1.36   elapsed 1198s
[train-matched] step  2800/4000   train 3.6421   lr 1.13e-04   grad 1.54   elapsed 1217s
[train-matched] >>> eval @ 2800: train 3.6582   val 4.9988   ppl 148.24
[train-matched] step  2850/4000   train 3.6260   lr 1.05e-04   grad 1.65   elapsed 1245s
[train-matched] step  2900/4000   train 3.5863   lr 9.66e-05   grad 1.59   elapsed 1264s
[train-matched] step  2950/4000   train 3.6110   lr 8.86e-05   grad 1.46   elapsed 1283s
[train-matched] step  3000/4000   train 3.6167   lr 8.08e-05   grad 1.58   elapsed 1302s
[train-matched] >>> eval @ 3000: train 3.5622   val 5.0364   ppl 153.92
[train-matched] step  3050/4000   train 3.5924   lr 7.34e-05   grad 1.51   elapsed 1330s
[train-matched] step  3100/4000   train 3.5688   lr 6.62e-05   grad 1.69   elapsed 1349s
[train-matched] step  3150/4000   train 3.5902   lr 5.94e-05   grad 1.57   elapsed 1370s
[train-matched] step  3200/4000   train 3.5654   lr 5.28e-05   grad 1.51   elapsed 1391s
[train-matched] >>> eval @ 3200: train 3.5936   val 5.0578   ppl 157.25
[train-matched] step  3250/4000   train 3.5737   lr 4.67e-05   grad 1.75   elapsed 1418s
[train-matched] step  3300/4000   train 3.5741   lr 4.08e-05   grad 1.54   elapsed 1439s
[train-matched] step  3350/4000   train 3.5337   lr 3.53e-05   grad 1.61   elapsed 1459s
[train-matched] step  3400/4000   train 3.5767   lr 3.02e-05   grad 1.61   elapsed 1478s
[train-matched] >>> eval @ 3400: train 3.5003   val 5.0699   ppl 159.16
[train-matched] step  3450/4000   train 3.5221   lr 2.55e-05   grad 1.56   elapsed 1507s
[train-matched] step  3500/4000   train 3.5482   lr 2.11e-05   grad 1.56   elapsed 1527s
[train-matched] step  3550/4000   train 3.5389   lr 1.72e-05   grad 1.56   elapsed 1545s
[train-matched] step  3600/4000   train 3.5467   lr 1.36e-05   grad 1.54   elapsed 1564s
[train-matched] >>> eval @ 3600: train 3.5735   val 4.9745   ppl 144.67
[train-matched] step  3650/4000   train 3.5567   lr 1.05e-05   grad 1.56   elapsed 1591s
[train-matched] step  3700/4000   train 3.5415   lr 7.70e-06   grad 1.78   elapsed 1611s
[train-matched] step  3750/4000   train 3.5321   lr 5.36e-06   grad 1.57   elapsed 1631s
[train-matched] step  3800/4000   train 3.5365   lr 3.44e-06   grad 1.55   elapsed 1651s
[train-matched] >>> eval @ 3800: train 3.5376   val 5.0558   ppl 156.93
[train-matched] step  3850/4000   train 3.5358   lr 1.95e-06   grad 1.52   elapsed 1681s
[train-matched] step  3900/4000   train 3.5419   lr 8.71e-07   grad 1.53   elapsed 1701s
[train-matched] step  3950/4000   train 3.5390   lr 2.22e-07   grad 1.63   elapsed 1720s
[train-matched] step  4000/4000   train 3.5318   lr 8.54e-11   grad 1.54   elapsed 1739s
[train-matched] >>> eval @ 4000: train 3.5053   val 4.9894   ppl 146.85
[train-matched] done in 1747s
[train-matched] saved checkpoint -> /Users/dimitargueorguiev/git/ml/semsimula/notebooks/conservative_arch/results/matched_shakespeare_ckpt_latest.pt
[train-matched] saved loss curve -> /Users/dimitargueorguiev/git/ml/semsimula/notebooks/conservative_arch/results/matched_shakespeare_loss_curve.png
[train-matched] saved summary -> /Users/dimitargueorguiev/git/ml/semsimula/notebooks/conservative_arch/results/matched_shakespeare_summary.md
