[train-em-ln] device=mps  mode=shakespeare  fixed_gamma=0.05  results_dir=/Users/dimitargueorguiev/git/ml/semsimula/notebooks/conservative_arch/ln_damping_sweep/results/leakfree_5seed_confirmation/gamma0p05/seed1
[train-em-ln] tokens: train=321,124  val=16,901
[train-em-ln] params: 7,123,075   d=128  L=8  v_hidden=512  ln_after_step=True
[train-em-ln] causal_force=True  (FIXED (post-bug))  steps=4000
[train-em-ln] init mass: mean=1.459  std=0.209  min=1.151  max=1.915
[train-em-ln] step    50/4000   train 10.7505   lr 1.25e-04   grad 1.16   m[mean 1.449 std 0.202]   gamma=0.050   elapsed 14s
[train-em-ln] step   100/4000   train 9.5814   lr 2.50e-04   grad 1.72   m[mean 1.435 std 0.199]   gamma=0.050   elapsed 27s
[train-em-ln] step   150/4000   train 7.6118   lr 3.75e-04   grad 1.30   m[mean 1.456 std 0.211]   gamma=0.050   elapsed 43s
[train-em-ln] step   200/4000   train 6.4549   lr 5.00e-04   grad 0.36   m[mean 1.455 std 0.208]   gamma=0.050   elapsed 60s
[train-em-ln] step   200   val_loss=6.4234  val_ppl=616.08
[train-em-ln] step   250/4000   train 6.1099   lr 5.00e-04   grad 0.58   m[mean 1.454 std 0.209]   gamma=0.050   elapsed 83s
[train-em-ln] step   300/4000   train 5.8030   lr 4.99e-04   grad 0.61   m[mean 1.452 std 0.208]   gamma=0.050   elapsed 102s
[train-em-ln] step   350/4000   train 5.5766   lr 4.98e-04   grad 1.05   m[mean 1.457 std 0.213]   gamma=0.050   elapsed 120s
[train-em-ln] step   400/4000   train 5.3770   lr 4.97e-04   grad 0.74   m[mean 1.460 std 0.210]   gamma=0.050   elapsed 138s
[train-em-ln] step   400   val_loss=5.6882  val_ppl=295.37
[train-em-ln] step   450/4000   train 5.2633   lr 4.95e-04   grad 0.90   m[mean 1.465 std 0.213]   gamma=0.050   elapsed 162s
[train-em-ln] step   500/4000   train 5.1443   lr 4.92e-04   grad 1.84   m[mean 1.461 std 0.210]   gamma=0.050   elapsed 180s
[train-em-ln] step   550/4000   train 5.0680   lr 4.90e-04   grad 1.02   m[mean 1.451 std 0.205]   gamma=0.050   elapsed 198s
[train-em-ln] step   600/4000   train 4.9538   lr 4.87e-04   grad 2.31   m[mean 1.461 std 0.216]   gamma=0.050   elapsed 215s
[train-em-ln] step   600   val_loss=5.5015  val_ppl=245.06
[train-em-ln] step   650/4000   train 4.8860   lr 4.83e-04   grad 1.04   m[mean 1.453 std 0.208]   gamma=0.050   elapsed 238s
[train-em-ln] step   700/4000   train 4.8382   lr 4.79e-04   grad 0.92   m[mean 1.457 std 0.206]   gamma=0.050   elapsed 256s
[train-em-ln] step   750/4000   train 4.7945   lr 4.75e-04   grad 1.72   m[mean 1.475 std 0.216]   gamma=0.050   elapsed 273s
[train-em-ln] step   800/4000   train 4.7840   lr 4.70e-04   grad 5.06   m[mean 1.452 std 0.210]   gamma=0.050   elapsed 292s
[train-em-ln] step   800   val_loss=5.5152  val_ppl=248.44
[train-em-ln] step   850/4000   train 4.7200   lr 4.65e-04   grad 3.54   m[mean 1.470 std 0.216]   gamma=0.050   elapsed 317s
[train-em-ln] step   900/4000   train 4.7426   lr 4.59e-04   grad 2.40   m[mean 1.460 std 0.209]   gamma=0.050   elapsed 335s
[train-em-ln] step   950/4000   train 4.6818   lr 4.54e-04   grad 8.54   m[mean 1.473 std 0.215]   gamma=0.050   elapsed 352s
[train-em-ln] step  1000/4000   train 4.6053   lr 4.47e-04   grad 2.04   m[mean 1.457 std 0.206]   gamma=0.050   elapsed 369s
[train-em-ln] step  1000   val_loss=5.3260  val_ppl=205.61
[train-em-ln] step  1050/4000   train 4.5887   lr 4.41e-04   grad 4.83   m[mean 1.461 std 0.209]   gamma=0.050   elapsed 392s
[train-em-ln] step  1100/4000   train 4.5610   lr 4.34e-04   grad 2.36   m[mean 1.460 std 0.212]   gamma=0.050   elapsed 411s
[train-em-ln] step  1150/4000   train 4.5638   lr 4.27e-04   grad 2.38   m[mean 1.462 std 0.208]   gamma=0.050   elapsed 437s
[train-em-ln] step  1200/4000   train 4.5235   lr 4.19e-04   grad 0.91   m[mean 1.463 std 0.211]   gamma=0.050   elapsed 465s
[train-em-ln] step  1200   val_loss=5.3088  val_ppl=202.10
[train-em-ln] step  1250/4000   train 4.5006   lr 4.12e-04   grad 2.02   m[mean 1.457 std 0.208]   gamma=0.050   elapsed 497s
[train-em-ln] step  1300/4000   train 4.4902   lr 4.04e-04   grad 1.66   m[mean 1.479 std 0.220]   gamma=0.050   elapsed 521s
[train-em-ln] step  1350/4000   train 4.4585   lr 3.95e-04   grad 0.93   m[mean 1.462 std 0.211]   gamma=0.050   elapsed 545s
[train-em-ln] step  1400/4000   train 4.4544   lr 3.87e-04   grad 1.06   m[mean 1.464 std 0.218]   gamma=0.050   elapsed 569s
[train-em-ln] step  1400   val_loss=5.3163  val_ppl=203.64
[train-em-ln] step  1450/4000   train 4.4255   lr 3.78e-04   grad 1.75   m[mean 1.462 std 0.209]   gamma=0.050   elapsed 599s
[train-em-ln] step  1500/4000   train 4.4433   lr 3.69e-04   grad 3.60   m[mean 1.463 std 0.212]   gamma=0.050   elapsed 623s
[train-em-ln] step  1550/4000   train 4.3575   lr 3.60e-04   grad 1.61   m[mean 1.470 std 0.213]   gamma=0.050   elapsed 647s
[train-em-ln] step  1600/4000   train 4.3781   lr 3.51e-04   grad 3.44   m[mean 1.460 std 0.208]   gamma=0.050   elapsed 670s
[train-em-ln] step  1600   val_loss=5.2081  val_ppl=182.74
[train-em-ln] step  1650/4000   train 4.3900   lr 3.41e-04   grad 1.54   m[mean 1.469 std 0.215]   gamma=0.050   elapsed 701s
[train-em-ln] step  1700/4000   train 4.4063   lr 3.31e-04   grad 1.76   m[mean 1.461 std 0.211]   gamma=0.050   elapsed 724s
[train-em-ln] step  1750/4000   train 4.3757   lr 3.22e-04   grad 1.03   m[mean 1.463 std 0.213]   gamma=0.050   elapsed 749s
[train-em-ln] step  1800/4000   train 4.3238   lr 3.12e-04   grad 1.53   m[mean 1.472 std 0.214]   gamma=0.050   elapsed 773s
[train-em-ln] step  1800   val_loss=5.2158  val_ppl=184.15
[train-em-ln] step  1850/4000   train 4.3877   lr 3.02e-04   grad 1.61   m[mean 1.468 std 0.218]   gamma=0.050   elapsed 797s
[train-em-ln] step  1900/4000   train 4.3314   lr 2.91e-04   grad 4.11   m[mean 1.471 std 0.218]   gamma=0.050   elapsed 816s
[train-em-ln] step  1950/4000   train 4.3481   lr 2.81e-04   grad 1.54   m[mean 1.478 std 0.221]   gamma=0.050   elapsed 836s
[train-em-ln] step  2000/4000   train 4.3248   lr 2.71e-04   grad 1.28   m[mean 1.467 std 0.218]   gamma=0.050   elapsed 856s
[train-em-ln] step  2000   val_loss=5.2230  val_ppl=185.48
[train-em-ln] step  2050/4000   train 4.2914   lr 2.61e-04   grad 0.94   m[mean 1.467 std 0.214]   gamma=0.050   elapsed 882s
[train-em-ln] step  2100/4000   train 4.3256   lr 2.50e-04   grad 2.01   m[mean 1.483 std 0.222]   gamma=0.050   elapsed 899s
[train-em-ln] step  2150/4000   train 4.2963   lr 2.40e-04   grad 5.01   m[mean 1.467 std 0.210]   gamma=0.050   elapsed 917s
[train-em-ln] step  2200/4000   train 4.2964   lr 2.30e-04   grad 0.88   m[mean 1.474 std 0.216]   gamma=0.050   elapsed 934s
[train-em-ln] step  2200   val_loss=5.2661  val_ppl=193.66
[train-em-ln] step  2250/4000   train 4.2505   lr 2.19e-04   grad 1.26   m[mean 1.469 std 0.214]   gamma=0.050   elapsed 956s
[train-em-ln] step  2300/4000   train 4.2526   lr 2.09e-04   grad 1.62   m[mean 1.460 std 0.205]   gamma=0.050   elapsed 973s
[train-em-ln] step  2350/4000   train 4.2604   lr 1.99e-04   grad 0.86   m[mean 1.467 std 0.216]   gamma=0.050   elapsed 990s
[train-em-ln] step  2400/4000   train 4.2718   lr 1.89e-04   grad 1.28   m[mean 1.461 std 0.211]   gamma=0.050   elapsed 1008s
[train-em-ln] step  2400   val_loss=5.2429  val_ppl=189.22
[train-em-ln] step  2450/4000   train 4.2588   lr 1.79e-04   grad 2.11   m[mean 1.466 std 0.215]   gamma=0.050   elapsed 1030s
[train-em-ln] step  2500/4000   train 4.2636   lr 1.69e-04   grad 1.78   m[mean 1.456 std 0.207]   gamma=0.050   elapsed 1048s
[train-em-ln] step  2550/4000   train 4.2284   lr 1.59e-04   grad 4.64   m[mean 1.467 std 0.218]   gamma=0.050   elapsed 1066s
[train-em-ln] step  2600/4000   train 4.2502   lr 1.50e-04   grad 1.89   m[mean 1.467 std 0.215]   gamma=0.050   elapsed 1083s
[train-em-ln] step  2600   val_loss=5.2413  val_ppl=188.92
[train-em-ln] step  2650/4000   train 4.2773   lr 1.40e-04   grad 1.81   m[mean 1.471 std 0.216]   gamma=0.050   elapsed 1107s
[train-em-ln] step  2700/4000   train 4.2347   lr 1.31e-04   grad 1.60   m[mean 1.464 std 0.213]   gamma=0.050   elapsed 1125s
[train-em-ln] step  2750/4000   train 4.2362   lr 1.22e-04   grad 1.10   m[mean 1.464 std 0.214]   gamma=0.050   elapsed 1142s
[train-em-ln] step  2800/4000   train 4.2433   lr 1.13e-04   grad 1.58   m[mean 1.468 std 0.213]   gamma=0.050   elapsed 1160s
[train-em-ln] step  2800   val_loss=5.1994  val_ppl=181.17
[train-em-ln] step  2850/4000   train 4.2745   lr 1.05e-04   grad 1.48   m[mean 1.463 std 0.214]   gamma=0.050   elapsed 1183s
[train-em-ln] step  2900/4000   train 4.2477   lr 9.66e-05   grad 1.20   m[mean 1.458 std 0.213]   gamma=0.050   elapsed 1200s
[train-em-ln] step  2950/4000   train 4.2078   lr 8.86e-05   grad 2.24   m[mean 1.467 std 0.217]   gamma=0.050   elapsed 1218s
[train-em-ln] step  3000/4000   train 4.2072   lr 8.08e-05   grad 1.82   m[mean 1.454 std 0.212]   gamma=0.050   elapsed 1235s
[train-em-ln] step  3000   val_loss=5.1797  val_ppl=177.64
[train-em-ln] step  3050/4000   train 4.2242   lr 7.34e-05   grad 1.26   m[mean 1.462 std 0.210]   gamma=0.050   elapsed 1258s
[train-em-ln] step  3100/4000   train 4.2225   lr 6.62e-05   grad 1.53   m[mean 1.468 std 0.211]   gamma=0.050   elapsed 1276s
[train-em-ln] step  3150/4000   train 4.1771   lr 5.94e-05   grad 1.03   m[mean 1.457 std 0.213]   gamma=0.050   elapsed 1293s
[train-em-ln] step  3200/4000   train 4.2279   lr 5.28e-05   grad 1.41   m[mean 1.460 std 0.213]   gamma=0.050   elapsed 1311s
[train-em-ln] step  3200   val_loss=5.2537  val_ppl=191.27
[train-em-ln] step  3250/4000   train 4.2095   lr 4.67e-05   grad 1.43   m[mean 1.462 std 0.212]   gamma=0.050   elapsed 1335s
[train-em-ln] step  3300/4000   train 4.2168   lr 4.08e-05   grad 1.01   m[mean 1.464 std 0.217]   gamma=0.050   elapsed 1353s
[train-em-ln] step  3350/4000   train 4.1733   lr 3.53e-05   grad 1.50   m[mean 1.480 std 0.227]   gamma=0.050   elapsed 1372s
[train-em-ln] step  3400/4000   train 4.1970   lr 3.02e-05   grad 0.99   m[mean 1.465 std 0.214]   gamma=0.050   elapsed 1390s
[train-em-ln] step  3400   val_loss=5.2724  val_ppl=194.88
[train-em-ln] step  3450/4000   train 4.2211   lr 2.55e-05   grad 1.13   m[mean 1.462 std 0.211]   gamma=0.050   elapsed 1413s
[train-em-ln] step  3500/4000   train 4.1687   lr 2.11e-05   grad 1.11   m[mean 1.466 std 0.218]   gamma=0.050   elapsed 1431s
[train-em-ln] step  3550/4000   train 4.2381   lr 1.72e-05   grad 0.96   m[mean 1.457 std 0.209]   gamma=0.050   elapsed 1448s
[train-em-ln] step  3600/4000   train 4.1909   lr 1.36e-05   grad 1.76   m[mean 1.462 std 0.215]   gamma=0.050   elapsed 1466s
[train-em-ln] step  3600   val_loss=5.1152  val_ppl=166.54
[train-em-ln] step  3650/4000   train 4.1771   lr 1.05e-05   grad 1.60   m[mean 1.482 std 0.220]   gamma=0.050   elapsed 1489s
[train-em-ln] step  3700/4000   train 4.2123   lr 7.70e-06   grad 1.81   m[mean 1.470 std 0.216]   gamma=0.050   elapsed 1507s
[train-em-ln] step  3750/4000   train 4.2431   lr 5.36e-06   grad 1.08   m[mean 1.464 std 0.214]   gamma=0.050   elapsed 1526s
[train-em-ln] step  3800/4000   train 4.1953   lr 3.44e-06   grad 0.98   m[mean 1.468 std 0.213]   gamma=0.050   elapsed 1546s
[train-em-ln] step  3800   val_loss=5.2721  val_ppl=194.83
[train-em-ln] step  3850/4000   train 4.1829   lr 1.95e-06   grad 1.34   m[mean 1.466 std 0.211]   gamma=0.050   elapsed 1568s
[train-em-ln] step  3900/4000   train 4.1958   lr 8.71e-07   grad 1.08   m[mean 1.462 std 0.212]   gamma=0.050   elapsed 1585s
[train-em-ln] step  3950/4000   train 4.2035   lr 2.22e-07   grad 1.49   m[mean 1.470 std 0.216]   gamma=0.050   elapsed 1603s
[train-em-ln] step  4000/4000   train 4.2246   lr 8.54e-11   grad 1.30   m[mean 1.466 std 0.213]   gamma=0.050   elapsed 1620s
[train-em-ln] step  4000   val_loss=5.2067  val_ppl=182.48

[train-em-ln] DONE  val_loss=5.1980  val_ppl=180.91  gamma=0.0500
[train-em-ln] checkpoint saved to /Users/dimitargueorguiev/git/ml/semsimula/notebooks/conservative_arch/ln_damping_sweep/results/leakfree_5seed_confirmation/gamma0p05/seed1/splm_em_ln_shakespeare_confS5_splm2_g0p05_seed1_ckpt_latest.pt
[train-em-ln] summary written to /Users/dimitargueorguiev/git/ml/semsimula/notebooks/conservative_arch/ln_damping_sweep/results/leakfree_5seed_confirmation/gamma0p05/seed1/splm_em_ln_shakespeare_confS5_splm2_g0p05_seed1_summary.md
