[train-em-ln] device=mps  mode=shakespeare  fixed_gamma=0.3  results_dir=/Users/dimitargueorguiev/git/ml/semsimula/notebooks/conservative_arch/first_order_ablation/results/splm2_gamma0p30/seed1
[train-em-ln] tokens: train=321,124  val=16,901
[train-em-ln] params: 7,123,075   d=128  L=8  v_hidden=512  ln_after_step=True
[train-em-ln] init mass: mean=1.459  std=0.209  min=1.151  max=1.915
[train-em-ln] step    50/4000   train 10.7515   lr 1.25e-04   grad 1.13   m[mean 1.449 std 0.202]   gamma=0.300   elapsed 15s
[train-em-ln] step   100/4000   train 9.6284   lr 2.50e-04   grad 1.72   m[mean 1.433 std 0.199]   gamma=0.300   elapsed 29s
[train-em-ln] step   150/4000   train 7.6221   lr 3.75e-04   grad 1.30   m[mean 1.452 std 0.210]   gamma=0.300   elapsed 45s
[train-em-ln] step   200/4000   train 6.4885   lr 5.00e-04   grad 0.30   m[mean 1.447 std 0.205]   gamma=0.300   elapsed 62s
[train-em-ln] step   200   val_loss=6.5278  val_ppl=683.86
[train-em-ln] step   250/4000   train 6.2806   lr 5.00e-04   grad 4.80   m[mean 1.448 std 0.205]   gamma=0.300   elapsed 84s
[train-em-ln] step   300/4000   train 6.0312   lr 4.99e-04   grad 1.61   m[mean 1.452 std 0.206]   gamma=0.300   elapsed 101s
[train-em-ln] step   350/4000   train 5.7759   lr 4.98e-04   grad 0.52   m[mean 1.462 std 0.212]   gamma=0.300   elapsed 118s
[train-em-ln] step   400/4000   train 5.5512   lr 4.97e-04   grad 1.11   m[mean 1.466 std 0.211]   gamma=0.300   elapsed 135s
[train-em-ln] step   400   val_loss=5.8052  val_ppl=332.01
[train-em-ln] step   450/4000   train 5.3943   lr 4.95e-04   grad 0.98   m[mean 1.470 std 0.214]   gamma=0.300   elapsed 158s
[train-em-ln] step   500/4000   train 5.2402   lr 4.92e-04   grad 0.70   m[mean 1.464 std 0.209]   gamma=0.300   elapsed 175s
[train-em-ln] step   550/4000   train 5.1318   lr 4.90e-04   grad 0.92   m[mean 1.453 std 0.204]   gamma=0.300   elapsed 192s
[train-em-ln] step   600/4000   train 4.9968   lr 4.87e-04   grad 1.27   m[mean 1.460 std 0.214]   gamma=0.300   elapsed 209s
[train-em-ln] step   600   val_loss=5.4519  val_ppl=233.21
[train-em-ln] step   650/4000   train 4.9009   lr 4.83e-04   grad 1.03   m[mean 1.448 std 0.205]   gamma=0.300   elapsed 230s
[train-em-ln] step   700/4000   train 4.8330   lr 4.79e-04   grad 1.16   m[mean 1.449 std 0.202]   gamma=0.300   elapsed 248s
[train-em-ln] step   750/4000   train 4.7731   lr 4.75e-04   grad 1.50   m[mean 1.465 std 0.211]   gamma=0.300   elapsed 270s
[train-em-ln] step   800/4000   train 4.7324   lr 4.70e-04   grad 1.85   m[mean 1.440 std 0.204]   gamma=0.300   elapsed 294s
[train-em-ln] step   800   val_loss=5.2955  val_ppl=199.43
[train-em-ln] step   850/4000   train 4.6381   lr 4.65e-04   grad 1.61   m[mean 1.454 std 0.209]   gamma=0.300   elapsed 326s
[train-em-ln] step   900/4000   train 4.6351   lr 4.59e-04   grad 1.59   m[mean 1.442 std 0.201]   gamma=0.300   elapsed 349s
[train-em-ln] step   950/4000   train 4.5533   lr 4.54e-04   grad 1.87   m[mean 1.453 std 0.207]   gamma=0.300   elapsed 371s
[train-em-ln] step  1000/4000   train 4.4503   lr 4.47e-04   grad 1.76   m[mean 1.436 std 0.198]   gamma=0.300   elapsed 394s
[train-em-ln] step  1000   val_loss=5.0991  val_ppl=163.87
[train-em-ln] step  1050/4000   train 4.4146   lr 4.41e-04   grad 1.88   m[mean 1.438 std 0.201]   gamma=0.300   elapsed 421s
[train-em-ln] step  1100/4000   train 4.3695   lr 4.34e-04   grad 1.76   m[mean 1.436 std 0.203]   gamma=0.300   elapsed 442s
[train-em-ln] step  1150/4000   train 4.3462   lr 4.27e-04   grad 1.82   m[mean 1.437 std 0.199]   gamma=0.300   elapsed 464s
[train-em-ln] step  1200/4000   train 4.2872   lr 4.19e-04   grad 3.06   m[mean 1.436 std 0.201]   gamma=0.300   elapsed 487s
[train-em-ln] step  1200   val_loss=4.9754  val_ppl=144.80
[train-em-ln] step  1250/4000   train 4.2390   lr 4.12e-04   grad 2.28   m[mean 1.429 std 0.198]   gamma=0.300   elapsed 516s
[train-em-ln] step  1300/4000   train 4.2205   lr 4.04e-04   grad 2.36   m[mean 1.449 std 0.208]   gamma=0.300   elapsed 537s
[train-em-ln] step  1350/4000   train 4.1689   lr 3.95e-04   grad 1.99   m[mean 1.431 std 0.200]   gamma=0.300   elapsed 558s
[train-em-ln] step  1400/4000   train 4.1428   lr 3.87e-04   grad 2.03   m[mean 1.432 std 0.206]   gamma=0.300   elapsed 580s
[train-em-ln] step  1400   val_loss=4.9422  val_ppl=140.07
[train-em-ln] step  1450/4000   train 4.1029   lr 3.78e-04   grad 2.36   m[mean 1.429 std 0.197]   gamma=0.300   elapsed 609s
[train-em-ln] step  1500/4000   train 4.1022   lr 3.69e-04   grad 2.52   m[mean 1.430 std 0.200]   gamma=0.300   elapsed 631s
[train-em-ln] step  1550/4000   train 4.0039   lr 3.60e-04   grad 2.20   m[mean 1.435 std 0.201]   gamma=0.300   elapsed 653s
[train-em-ln] step  1600/4000   train 4.0079   lr 3.51e-04   grad 3.39   m[mean 1.424 std 0.196]   gamma=0.300   elapsed 677s
[train-em-ln] step  1600   val_loss=4.8157  val_ppl=123.43
[train-em-ln] step  1650/4000   train 4.0081   lr 3.41e-04   grad 3.06   m[mean 1.432 std 0.202]   gamma=0.300   elapsed 706s
[train-em-ln] step  1700/4000   train 4.0081   lr 3.31e-04   grad 2.69   m[mean 1.424 std 0.198]   gamma=0.300   elapsed 729s
[train-em-ln] step  1750/4000   train 3.9635   lr 3.22e-04   grad 3.78   m[mean 1.424 std 0.199]   gamma=0.300   elapsed 751s
[train-em-ln] step  1800/4000   train 3.9030   lr 3.12e-04   grad 2.71   m[mean 1.432 std 0.200]   gamma=0.300   elapsed 774s
[train-em-ln] step  1800   val_loss=4.7440  val_ppl=114.89
[train-em-ln] step  1850/4000   train 3.9506   lr 3.02e-04   grad 2.18   m[mean 1.427 std 0.203]   gamma=0.300   elapsed 803s
[train-em-ln] step  1900/4000   train 3.8838   lr 2.91e-04   grad 3.17   m[mean 1.430 std 0.204]   gamma=0.300   elapsed 825s
[train-em-ln] step  1950/4000   train 3.8870   lr 2.81e-04   grad 2.53   m[mean 1.434 std 0.206]   gamma=0.300   elapsed 848s
[train-em-ln] step  2000/4000   train 3.8543   lr 2.71e-04   grad 2.31   m[mean 1.423 std 0.203]   gamma=0.300   elapsed 871s
[train-em-ln] step  2000   val_loss=4.6966  val_ppl=109.57
[train-em-ln] step  2050/4000   train 3.8055   lr 2.61e-04   grad 2.54   m[mean 1.422 std 0.198]   gamma=0.300   elapsed 901s
[train-em-ln] step  2100/4000   train 3.8265   lr 2.50e-04   grad 3.19   m[mean 1.437 std 0.206]   gamma=0.300   elapsed 924s
[train-em-ln] step  2150/4000   train 3.7825   lr 2.40e-04   grad 2.89   m[mean 1.421 std 0.195]   gamma=0.300   elapsed 949s
[train-em-ln] step  2200/4000   train 3.7771   lr 2.30e-04   grad 3.04   m[mean 1.426 std 0.200]   gamma=0.300   elapsed 974s
[train-em-ln] step  2200   val_loss=4.7149  val_ppl=111.60
[train-em-ln] step  2250/4000   train 3.7221   lr 2.19e-04   grad 3.69   m[mean 1.421 std 0.198]   gamma=0.300   elapsed 1005s
[train-em-ln] step  2300/4000   train 3.7097   lr 2.09e-04   grad 3.09   m[mean 1.412 std 0.189]   gamma=0.300   elapsed 1030s
[train-em-ln] step  2350/4000   train 3.7098   lr 1.99e-04   grad 4.54   m[mean 1.417 std 0.199]   gamma=0.300   elapsed 1054s
[train-em-ln] step  2400/4000   train 3.7169   lr 1.89e-04   grad 3.51   m[mean 1.412 std 0.194]   gamma=0.300   elapsed 1076s
[train-em-ln] step  2400   val_loss=4.6703  val_ppl=106.73
[train-em-ln] step  2450/4000   train 3.6918   lr 1.79e-04   grad 3.45   m[mean 1.416 std 0.198]   gamma=0.300   elapsed 1106s
[train-em-ln] step  2500/4000   train 3.6902   lr 1.69e-04   grad 3.63   m[mean 1.406 std 0.190]   gamma=0.300   elapsed 1130s
[train-em-ln] step  2550/4000   train 3.6479   lr 1.59e-04   grad 3.10   m[mean 1.415 std 0.200]   gamma=0.300   elapsed 1155s
[train-em-ln] step  2600/4000   train 3.6603   lr 1.50e-04   grad 2.98   m[mean 1.415 std 0.197]   gamma=0.300   elapsed 1180s
[train-em-ln] step  2600   val_loss=4.6398  val_ppl=103.52
[train-em-ln] step  2650/4000   train 3.6823   lr 1.40e-04   grad 4.02   m[mean 1.418 std 0.198]   gamma=0.300   elapsed 1212s
[train-em-ln] step  2700/4000   train 3.6364   lr 1.31e-04   grad 3.11   m[mean 1.411 std 0.195]   gamma=0.300   elapsed 1236s
[train-em-ln] step  2750/4000   train 3.6260   lr 1.22e-04   grad 3.42   m[mean 1.411 std 0.196]   gamma=0.300   elapsed 1261s
[train-em-ln] step  2800/4000   train 3.6306   lr 1.13e-04   grad 3.71   m[mean 1.414 std 0.195]   gamma=0.300   elapsed 1286s
[train-em-ln] step  2800   val_loss=4.5704  val_ppl=96.58
[train-em-ln] step  2850/4000   train 3.6575   lr 1.05e-04   grad 2.86   m[mean 1.409 std 0.196]   gamma=0.300   elapsed 1318s
[train-em-ln] step  2900/4000   train 3.6227   lr 9.66e-05   grad 3.20   m[mean 1.404 std 0.195]   gamma=0.300   elapsed 1345s
[train-em-ln] step  2950/4000   train 3.5760   lr 8.86e-05   grad 3.76   m[mean 1.412 std 0.198]   gamma=0.300   elapsed 1373s
[train-em-ln] step  3000/4000   train 3.5765   lr 8.08e-05   grad 3.52   m[mean 1.400 std 0.194]   gamma=0.300   elapsed 1402s
[train-em-ln] step  3000   val_loss=4.5112  val_ppl=91.03
[train-em-ln] step  3050/4000   train 3.5876   lr 7.34e-05   grad 2.94   m[mean 1.407 std 0.192]   gamma=0.300   elapsed 1434s
[train-em-ln] step  3100/4000   train 3.5857   lr 6.62e-05   grad 2.83   m[mean 1.413 std 0.193]   gamma=0.300   elapsed 1458s
[train-em-ln] step  3150/4000   train 3.5277   lr 5.94e-05   grad 2.96   m[mean 1.402 std 0.194]   gamma=0.300   elapsed 1483s
[train-em-ln] step  3200/4000   train 3.5799   lr 5.28e-05   grad 3.04   m[mean 1.405 std 0.194]   gamma=0.300   elapsed 1508s
[train-em-ln] step  3200   val_loss=4.5732  val_ppl=96.85
[train-em-ln] step  3250/4000   train 3.5564   lr 4.67e-05   grad 2.64   m[mean 1.406 std 0.193]   gamma=0.300   elapsed 1540s
[train-em-ln] step  3300/4000   train 3.5611   lr 4.08e-05   grad 3.38   m[mean 1.408 std 0.198]   gamma=0.300   elapsed 1566s
[train-em-ln] step  3350/4000   train 3.5184   lr 3.53e-05   grad 3.15   m[mean 1.422 std 0.207]   gamma=0.300   elapsed 1591s
[train-em-ln] step  3400/4000   train 3.5362   lr 3.02e-05   grad 3.09   m[mean 1.408 std 0.194]   gamma=0.300   elapsed 1615s
[train-em-ln] step  3400   val_loss=4.5969  val_ppl=99.17
[train-em-ln] step  3450/4000   train 3.5581   lr 2.55e-05   grad 2.85   m[mean 1.405 std 0.192]   gamma=0.300   elapsed 1647s
[train-em-ln] step  3500/4000   train 3.5043   lr 2.11e-05   grad 3.01   m[mean 1.409 std 0.198]   gamma=0.300   elapsed 1671s
[train-em-ln] step  3550/4000   train 3.5702   lr 1.72e-05   grad 3.41   m[mean 1.401 std 0.190]   gamma=0.300   elapsed 1696s
[train-em-ln] step  3600/4000   train 3.5257   lr 1.36e-05   grad 3.35   m[mean 1.405 std 0.196]   gamma=0.300   elapsed 1720s
[train-em-ln] step  3600   val_loss=4.4261  val_ppl=83.60
[train-em-ln] step  3650/4000   train 3.5163   lr 1.05e-05   grad 2.65   m[mean 1.423 std 0.200]   gamma=0.300   elapsed 1751s
[train-em-ln] step  3700/4000   train 3.5459   lr 7.70e-06   grad 2.60   m[mean 1.413 std 0.197]   gamma=0.300   elapsed 1775s
[train-em-ln] step  3750/4000   train 3.5680   lr 5.36e-06   grad 2.48   m[mean 1.407 std 0.195]   gamma=0.300   elapsed 1799s
[train-em-ln] step  3800/4000   train 3.5246   lr 3.44e-06   grad 3.08   m[mean 1.410 std 0.194]   gamma=0.300   elapsed 1824s
[train-em-ln] step  3800   val_loss=4.5706  val_ppl=96.60
[train-em-ln] step  3850/4000   train 3.5129   lr 1.95e-06   grad 2.82   m[mean 1.409 std 0.192]   gamma=0.300   elapsed 1855s
[train-em-ln] step  3900/4000   train 3.5288   lr 8.71e-07   grad 3.23   m[mean 1.405 std 0.193]   gamma=0.300   elapsed 1879s
[train-em-ln] step  3950/4000   train 3.5337   lr 2.22e-07   grad 2.78   m[mean 1.412 std 0.197]   gamma=0.300   elapsed 1904s
[train-em-ln] step  4000/4000   train 3.5497   lr 8.54e-11   grad 2.57   m[mean 1.408 std 0.193]   gamma=0.300   elapsed 1928s
[train-em-ln] step  4000   val_loss=4.5040  val_ppl=90.38

[train-em-ln] DONE  val_loss=4.4996  val_ppl=89.98  gamma=0.3000
[train-em-ln] checkpoint saved to /Users/dimitargueorguiev/git/ml/semsimula/notebooks/conservative_arch/first_order_ablation/results/splm2_gamma0p30/seed1/splm_em_ln_shakespeare_seed1_ckpt_latest.pt
[train-em-ln] summary written to /Users/dimitargueorguiev/git/ml/semsimula/notebooks/conservative_arch/first_order_ablation/results/splm2_gamma0p30/seed1/splm_em_ln_shakespeare_seed1_summary.md
