[helm-h1] cells: 7
[helm-h1] seed:  0
[helm-h1] gamma: freely learned (default)
[helm-h1] output base: /Users/dimitargueorguiev/git/ml/semsimula/notebooks/conservative_arch/helmholtz/results/h1_sweep
[helm-h1] CELL_LIMIT=0 START_FROM=0


[helm-h1] cell #00  AAAASSSS   seed=0  ->  /Users/dimitargueorguiev/git/ml/semsimula/notebooks/conservative_arch/helmholtz/results/h1_sweep/AAAASSSS/seed0
[helm-h1] 2026-05-06T01:46:53Z start
[helm-train] device=mps  tag=helm_AAAASSSS_shakespeare_seed0
[helm-train] tokens: train=321,124  val=16,901
[helm-train] arch: schedule='AAAASSSS'  (n_S=4, n_A=4, L=8)  d=128, v_hidden=512, v_depth=3, n_head=4, fixed_gamma=None, causal_force=True, ln_after_s_step=True
[helm-train] params: 7,916,164  (target ~8.0 M, delta -0.084 M)
[helm-train] running causal-violation probe...
[helm-train] causal probe PASSED (perturbation + gradient-Jacobian, both modes < 1e-6)
[helm-train] step    50/4000   train 10.4577   lr 1.25e-04   grad 1.66   gamma=0.150   elapsed 19s
[helm-train] step   100/4000   train 9.2841   lr 2.50e-04   grad 1.67   gamma=0.149   elapsed 33s
[helm-train] step   150/4000   train 7.5608   lr 3.75e-04   grad 1.45   gamma=0.149   elapsed 49s
[helm-train] step   200/4000   train 6.3799   lr 5.00e-04   grad 1.15   gamma=0.150   elapsed 65s
[helm-train] >>> eval @ 200: train 6.0538   val 6.2151   ppl 500.27
[helm-train] step   250/4000   train 5.8764   lr 5.00e-04   grad 1.01   gamma=0.150   elapsed 87s
[helm-train] step   300/4000   train 5.5184   lr 4.99e-04   grad 0.88   gamma=0.150   elapsed 101s
[helm-train] step   350/4000   train 5.3094   lr 4.98e-04   grad 1.06   gamma=0.151   elapsed 119s
[helm-train] step   400/4000   train 5.1547   lr 4.97e-04   grad 1.12   gamma=0.151   elapsed 137s
[helm-train] >>> eval @ 400: train 5.0304   val 5.4572   ppl 234.43
[helm-train] step   450/4000   train 5.0242   lr 4.95e-04   grad 0.89   gamma=0.151   elapsed 168s
[helm-train] step   500/4000   train 4.9024   lr 4.92e-04   grad 1.01   gamma=0.152   elapsed 191s
[helm-train] step   550/4000   train 4.8615   lr 4.90e-04   grad 1.12   gamma=0.152   elapsed 210s
[helm-train] step   600/4000   train 4.7377   lr 4.87e-04   grad 1.12   gamma=0.153   elapsed 230s
[helm-train] >>> eval @ 600: train 4.7271   val 5.2536   ppl 191.26
[helm-train] step   650/4000   train 4.6485   lr 4.83e-04   grad 1.34   gamma=0.154   elapsed 258s
[helm-train] step   700/4000   train 4.6713   lr 4.79e-04   grad 1.24   gamma=0.154   elapsed 277s
[helm-train] step   750/4000   train 4.5575   lr 4.75e-04   grad 1.50   gamma=0.155   elapsed 296s
[helm-train] step   800/4000   train 4.5415   lr 4.70e-04   grad 1.58   gamma=0.156   elapsed 316s
[helm-train] >>> eval @ 800: train 4.5444   val 5.1979   ppl 180.90
[helm-train] step   850/4000   train 4.5140   lr 4.65e-04   grad 1.52   gamma=0.157   elapsed 346s
[helm-train] step   900/4000   train 4.4609   lr 4.59e-04   grad 1.19   gamma=0.158   elapsed 366s
[helm-train] step   950/4000   train 4.4470   lr 4.54e-04   grad 1.19   gamma=0.158   elapsed 385s
[helm-train] step  1000/4000   train 4.3676   lr 4.47e-04   grad 1.44   gamma=0.159   elapsed 404s
[helm-train] >>> eval @ 1000: train 4.4134   val 5.1245   ppl 168.10
[helm-train] step  1050/4000   train 4.3076   lr 4.41e-04   grad 1.22   gamma=0.159   elapsed 431s
[helm-train] step  1100/4000   train 4.2542   lr 4.34e-04   grad 1.16   gamma=0.160   elapsed 450s
[helm-train] step  1150/4000   train 4.2734   lr 4.27e-04   grad 1.37   gamma=0.161   elapsed 469s
[helm-train] step  1200/4000   train 4.2575   lr 4.19e-04   grad 1.26   gamma=0.161   elapsed 489s
[helm-train] >>> eval @ 1200: train 4.2955   val 5.0686   ppl 158.94
[helm-train] step  1250/4000   train 4.2614   lr 4.12e-04   grad 1.45   gamma=0.162   elapsed 518s
[helm-train] step  1300/4000   train 4.2195   lr 4.04e-04   grad 1.36   gamma=0.163   elapsed 538s
[helm-train] step  1350/4000   train 4.2200   lr 3.95e-04   grad 1.15   gamma=0.163   elapsed 558s
[helm-train] step  1400/4000   train 4.1784   lr 3.87e-04   grad 1.12   gamma=0.163   elapsed 577s
[helm-train] >>> eval @ 1400: train 4.1723   val 4.9998   ppl 148.39
[helm-train] step  1450/4000   train 4.1408   lr 3.78e-04   grad 1.30   gamma=0.164   elapsed 604s
[helm-train] step  1500/4000   train 4.1260   lr 3.69e-04   grad 1.34   gamma=0.164   elapsed 624s
[helm-train] step  1550/4000   train 4.0896   lr 3.60e-04   grad 1.17   gamma=0.164   elapsed 645s
[helm-train] step  1600/4000   train 4.0977   lr 3.51e-04   grad 1.28   gamma=0.165   elapsed 665s
[helm-train] >>> eval @ 1600: train 4.0459   val 4.9955   ppl 147.75
[helm-train] step  1650/4000   train 4.0951   lr 3.41e-04   grad 1.38   gamma=0.165   elapsed 694s
[helm-train] step  1700/4000   train 4.0894   lr 3.31e-04   grad 1.49   gamma=0.165   elapsed 714s
[helm-train] step  1750/4000   train 4.0931   lr 3.22e-04   grad 1.34   gamma=0.166   elapsed 734s
[helm-train] step  1800/4000   train 4.0316   lr 3.12e-04   grad 1.44   gamma=0.166   elapsed 754s
[helm-train] >>> eval @ 1800: train 4.0344   val 5.0459   ppl 155.38
[helm-train] step  1850/4000   train 3.9971   lr 3.02e-04   grad 1.35   gamma=0.166   elapsed 784s
[helm-train] step  1900/4000   train 3.9870   lr 2.91e-04   grad 1.21   gamma=0.166   elapsed 806s
[helm-train] step  1950/4000   train 4.0292   lr 2.81e-04   grad 1.18   gamma=0.166   elapsed 827s
[helm-train] step  2000/4000   train 3.9754   lr 2.71e-04   grad 1.80   gamma=0.166   elapsed 850s
[helm-train] >>> eval @ 2000: train 3.9716   val 5.0649   ppl 158.36
[helm-train] step  2050/4000   train 3.9845   lr 2.61e-04   grad 1.34   gamma=0.166   elapsed 883s
[helm-train] step  2100/4000   train 3.9815   lr 2.50e-04   grad 1.31   gamma=0.166   elapsed 906s
[helm-train] step  2150/4000   train 3.9290   lr 2.40e-04   grad 1.39   gamma=0.166   elapsed 929s
[helm-train] step  2200/4000   train 3.9067   lr 2.30e-04   grad 1.59   gamma=0.166   elapsed 950s
[helm-train] >>> eval @ 2200: train 3.9182   val 4.9906   ppl 147.02
[helm-train] step  2250/4000   train 3.9264   lr 2.19e-04   grad 1.39   gamma=0.166   elapsed 982s
[helm-train] step  2300/4000   train 3.9284   lr 2.09e-04   grad 1.68   gamma=0.166   elapsed 1004s
[helm-train] step  2350/4000   train 3.8698   lr 1.99e-04   grad 2.06   gamma=0.166   elapsed 1026s
[helm-train] step  2400/4000   train 3.9051   lr 1.89e-04   grad 1.67   gamma=0.166   elapsed 1050s
[helm-train] >>> eval @ 2400: train 3.8980   val 5.0026   ppl 148.80
[helm-train] step  2450/4000   train 3.8493   lr 1.79e-04   grad 1.46   gamma=0.166   elapsed 1081s
[helm-train] step  2500/4000   train 3.8862   lr 1.69e-04   grad 1.51   gamma=0.166   elapsed 1104s
[helm-train] step  2550/4000   train 3.8603   lr 1.59e-04   grad 1.42   gamma=0.165   elapsed 1126s
[helm-train] step  2600/4000   train 3.8608   lr 1.50e-04   grad 1.45   gamma=0.165   elapsed 1146s
[helm-train] >>> eval @ 2600: train 3.8243   val 4.9926   ppl 147.31
[helm-train] step  2650/4000   train 3.7797   lr 1.40e-04   grad 1.35   gamma=0.165   elapsed 1175s
[helm-train] step  2700/4000   train 3.8457   lr 1.31e-04   grad 1.63   gamma=0.165   elapsed 1194s
[helm-train] step  2750/4000   train 3.8576   lr 1.22e-04   grad 1.72   gamma=0.165   elapsed 1214s
[helm-train] step  2800/4000   train 3.8089   lr 1.13e-04   grad 1.38   gamma=0.165   elapsed 1233s
[helm-train] >>> eval @ 2800: train 3.8359   val 4.9708   ppl 144.15
[helm-train] step  2850/4000   train 3.8491   lr 1.05e-04   grad 1.50   gamma=0.164   elapsed 1261s
[helm-train] step  2900/4000   train 3.8173   lr 9.66e-05   grad 1.50   gamma=0.164   elapsed 1282s
[helm-train] step  2950/4000   train 3.8078   lr 8.86e-05   grad 1.56   gamma=0.164   elapsed 1301s
[helm-train] step  3000/4000   train 3.7832   lr 8.08e-05   grad 1.55   gamma=0.164   elapsed 1320s
[helm-train] >>> eval @ 3000: train 3.8067   val 4.9654   ppl 143.36
[helm-train] step  3050/4000   train 3.8113   lr 7.34e-05   grad 1.59   gamma=0.164   elapsed 1348s
[helm-train] step  3100/4000   train 3.8104   lr 6.62e-05   grad 1.49   gamma=0.164   elapsed 1368s
[helm-train] step  3150/4000   train 3.7445   lr 5.94e-05   grad 1.46   gamma=0.163   elapsed 1389s
[helm-train] step  3200/4000   train 3.7677   lr 5.28e-05   grad 1.78   gamma=0.163   elapsed 1409s
[helm-train] >>> eval @ 3200: train 3.7939   val 5.0164   ppl 150.86
[helm-train] step  3250/4000   train 3.7591   lr 4.67e-05   grad 1.51   gamma=0.163   elapsed 1439s
[helm-train] step  3300/4000   train 3.7309   lr 4.08e-05   grad 1.42   gamma=0.163   elapsed 1461s
[helm-train] step  3350/4000   train 3.7862   lr 3.53e-05   grad 1.43   gamma=0.163   elapsed 1481s
[helm-train] step  3400/4000   train 3.7967   lr 3.02e-05   grad 1.42   gamma=0.163   elapsed 1501s
[helm-train] >>> eval @ 3400: train 3.7930   val 4.9995   ppl 148.33
[helm-train] step  3450/4000   train 3.7539   lr 2.55e-05   grad 1.66   gamma=0.163   elapsed 1530s
[helm-train] step  3500/4000   train 3.7290   lr 2.11e-05   grad 1.56   gamma=0.163   elapsed 1551s
[helm-train] step  3550/4000   train 3.7776   lr 1.72e-05   grad 1.48   gamma=0.163   elapsed 1572s
[helm-train] step  3600/4000   train 3.8072   lr 1.36e-05   grad 1.61   gamma=0.163   elapsed 1593s
[helm-train] >>> eval @ 3600: train 3.7353   val 5.0209   ppl 151.55
[helm-train] step  3650/4000   train 3.7762   lr 1.05e-05   grad 1.50   gamma=0.163   elapsed 1622s
[helm-train] step  3700/4000   train 3.7561   lr 7.70e-06   grad 1.70   gamma=0.163   elapsed 1642s
[helm-train] step  3750/4000   train 3.7652   lr 5.36e-06   grad 1.73   gamma=0.163   elapsed 1662s
[helm-train] step  3800/4000   train 3.7720   lr 3.44e-06   grad 1.36   gamma=0.163   elapsed 1684s
[helm-train] >>> eval @ 3800: train 3.7087   val 4.9352   ppl 139.10
[helm-train] step  3850/4000   train 3.7488   lr 1.95e-06   grad 1.47   gamma=0.163   elapsed 1715s
[helm-train] step  3900/4000   train 3.7491   lr 8.71e-07   grad 1.61   gamma=0.163   elapsed 1735s
[helm-train] step  3950/4000   train 3.7707   lr 2.22e-07   grad 1.49   gamma=0.163   elapsed 1755s
[helm-train] step  4000/4000   train 3.7685   lr 8.54e-11   grad 1.46   gamma=0.163   elapsed 1776s
[helm-train] >>> eval @ 4000: train 3.7685   val 4.9055   ppl 135.03
[helm-train] done in 1785s
[helm-train] saved checkpoint -> /Users/dimitargueorguiev/git/ml/semsimula/notebooks/conservative_arch/helmholtz/results/helm_AAAASSSS_shakespeare_seed0_ckpt_latest.pt
[helm-train] saved loss curve -> /Users/dimitargueorguiev/git/ml/semsimula/notebooks/conservative_arch/helmholtz/results/helm_AAAASSSS_shakespeare_seed0_loss_curve.png
[helm-train] saved summary -> /Users/dimitargueorguiev/git/ml/semsimula/notebooks/conservative_arch/helmholtz/results/helm_AAAASSSS_shakespeare_seed0_summary.md
[helm-h1] cell #00 training succeeded.
[helm-h1] 2026-05-06T02:16:46Z done.

[helm-h1] cell #01  SAAAAAAS   seed=0  ->  /Users/dimitargueorguiev/git/ml/semsimula/notebooks/conservative_arch/helmholtz/results/h1_sweep/SAAAAAAS/seed0
[helm-h1] 2026-05-06T02:16:46Z start
[helm-train] device=mps  tag=helm_SAAAAAAS_shakespeare_seed0
[helm-train] tokens: train=321,124  val=16,901
[helm-train] arch: schedule='SAAAAAAS'  (n_S=2, n_A=6, L=8)  d=128, v_hidden=512, v_depth=3, n_head=4, fixed_gamma=None, causal_force=True, ln_after_s_step=True
[helm-train] params: 8,312,708  (target ~8.0 M, delta +0.313 M)
[helm-train] running causal-violation probe...
[helm-train] causal probe PASSED (perturbation + gradient-Jacobian, both modes < 1e-6)
[helm-train] step    50/4000   train 10.6519   lr 1.25e-04   grad 1.55   gamma=0.150   elapsed 18s
[helm-train] step   100/4000   train 9.3423   lr 2.50e-04   grad 1.67   gamma=0.149   elapsed 35s
[helm-train] step   150/4000   train 7.5835   lr 3.75e-04   grad 1.38   gamma=0.149   elapsed 54s
[helm-train] step   200/4000   train 6.4661   lr 5.00e-04   grad 0.47   gamma=0.150   elapsed 73s
[helm-train] >>> eval @ 200: train 6.2470   val 6.4004   ppl 602.07
[helm-train] step   250/4000   train 6.1174   lr 5.00e-04   grad 0.58   gamma=0.150   elapsed 101s
[helm-train] step   300/4000   train 5.7994   lr 4.99e-04   grad 0.53   gamma=0.151   elapsed 122s
[helm-train] step   350/4000   train 5.5552   lr 4.98e-04   grad 0.58   gamma=0.151   elapsed 142s
[helm-train] step   400/4000   train 5.3733   lr 4.97e-04   grad 0.53   gamma=0.151   elapsed 162s
[helm-train] >>> eval @ 400: train 5.2299   val 5.5784   ppl 264.64
[helm-train] step   450/4000   train 5.2096   lr 4.95e-04   grad 0.78   gamma=0.151   elapsed 189s
[helm-train] step   500/4000   train 5.0631   lr 4.92e-04   grad 0.66   gamma=0.151   elapsed 209s
[helm-train] step   550/4000   train 4.9961   lr 4.90e-04   grad 0.66   gamma=0.151   elapsed 228s
[helm-train] step   600/4000   train 4.8633   lr 4.87e-04   grad 0.57   gamma=0.151   elapsed 247s
[helm-train] >>> eval @ 600: train 4.8432   val 5.3288   ppl 206.18
[helm-train] step   650/4000   train 4.7692   lr 4.83e-04   grad 0.58   gamma=0.151   elapsed 276s
[helm-train] step   700/4000   train 4.7832   lr 4.79e-04   grad 0.71   gamma=0.151   elapsed 297s
[helm-train] step   750/4000   train 4.6703   lr 4.75e-04   grad 0.63   gamma=0.151   elapsed 318s
[helm-train] step   800/4000   train 4.6447   lr 4.70e-04   grad 1.22   gamma=0.151   elapsed 339s
[helm-train] >>> eval @ 800: train 4.6356   val 5.2462   ppl 189.84
[helm-train] step   850/4000   train 4.6189   lr 4.65e-04   grad 0.69   gamma=0.151   elapsed 368s
[helm-train] step   900/4000   train 4.5577   lr 4.59e-04   grad 0.62   gamma=0.151   elapsed 389s
[helm-train] step   950/4000   train 4.5396   lr 4.54e-04   grad 0.68   gamma=0.151   elapsed 410s
[helm-train] step  1000/4000   train 4.4498   lr 4.47e-04   grad 0.86   gamma=0.151   elapsed 430s
[helm-train] >>> eval @ 1000: train 4.4871   val 5.1695   ppl 175.82
[helm-train] step  1050/4000   train 4.3764   lr 4.41e-04   grad 1.51   gamma=0.151   elapsed 459s
[helm-train] step  1100/4000   train 4.3187   lr 4.34e-04   grad 1.16   gamma=0.151   elapsed 480s
[helm-train] step  1150/4000   train 4.3226   lr 4.27e-04   grad 1.03   gamma=0.150   elapsed 501s
[helm-train] step  1200/4000   train 4.3106   lr 4.19e-04   grad 0.70   gamma=0.150   elapsed 521s
[helm-train] >>> eval @ 1200: train 4.3461   val 5.0581   ppl 157.29
[helm-train] step  1250/4000   train 4.2980   lr 4.12e-04   grad 0.90   gamma=0.150   elapsed 550s
[helm-train] step  1300/4000   train 4.2615   lr 4.04e-04   grad 0.86   gamma=0.150   elapsed 571s
[helm-train] step  1350/4000   train 4.2557   lr 3.95e-04   grad 0.89   gamma=0.150   elapsed 592s
[helm-train] step  1400/4000   train 4.2146   lr 3.87e-04   grad 0.80   gamma=0.150   elapsed 612s
[helm-train] >>> eval @ 1400: train 4.2112   val 4.9988   ppl 148.24
[helm-train] step  1450/4000   train 4.1739   lr 3.78e-04   grad 0.73   gamma=0.150   elapsed 640s
[helm-train] step  1500/4000   train 4.1591   lr 3.69e-04   grad 0.82   gamma=0.150   elapsed 661s
[helm-train] step  1550/4000   train 4.1191   lr 3.60e-04   grad 0.71   gamma=0.150   elapsed 683s
[helm-train] step  1600/4000   train 4.1263   lr 3.51e-04   grad 0.81   gamma=0.150   elapsed 703s
[helm-train] >>> eval @ 1600: train 4.0729   val 4.9937   ppl 147.48
[helm-train] step  1650/4000   train 4.1182   lr 3.41e-04   grad 0.72   gamma=0.150   elapsed 732s
[helm-train] step  1700/4000   train 4.1134   lr 3.31e-04   grad 0.97   gamma=0.150   elapsed 754s
[helm-train] step  1750/4000   train 4.1146   lr 3.22e-04   grad 0.94   gamma=0.150   elapsed 775s
[helm-train] step  1800/4000   train 4.0563   lr 3.12e-04   grad 1.04   gamma=0.150   elapsed 796s
[helm-train] >>> eval @ 1800: train 4.0637   val 5.0499   ppl 156.01
[helm-train] step  1850/4000   train 4.0230   lr 3.02e-04   grad 0.88   gamma=0.150   elapsed 826s
[helm-train] step  1900/4000   train 4.0152   lr 2.91e-04   grad 0.72   gamma=0.150   elapsed 846s
[helm-train] step  1950/4000   train 4.0545   lr 2.81e-04   grad 0.83   gamma=0.150   elapsed 868s
[helm-train] step  2000/4000   train 3.9979   lr 2.71e-04   grad 1.13   gamma=0.149   elapsed 889s
[helm-train] >>> eval @ 2000: train 3.9961   val 5.0461   ppl 155.41
[helm-train] step  2050/4000   train 4.0097   lr 2.61e-04   grad 1.00   gamma=0.149   elapsed 919s
[helm-train] step  2100/4000   train 4.0089   lr 2.50e-04   grad 1.13   gamma=0.149   elapsed 940s
[helm-train] step  2150/4000   train 3.9513   lr 2.40e-04   grad 0.82   gamma=0.149   elapsed 961s
[helm-train] step  2200/4000   train 3.9307   lr 2.30e-04   grad 0.89   gamma=0.149   elapsed 981s
[helm-train] >>> eval @ 2200: train 3.9471   val 4.9933   ppl 147.42
[helm-train] step  2250/4000   train 3.9558   lr 2.19e-04   grad 0.77   gamma=0.149   elapsed 1010s
[helm-train] step  2300/4000   train 3.9542   lr 2.09e-04   grad 0.95   gamma=0.149   elapsed 1031s
[helm-train] step  2350/4000   train 3.8970   lr 1.99e-04   grad 0.85   gamma=0.149   elapsed 1052s
[helm-train] step  2400/4000   train 3.9285   lr 1.89e-04   grad 0.92   gamma=0.149   elapsed 1073s
[helm-train] >>> eval @ 2400: train 3.9233   val 5.0306   ppl 153.03
[helm-train] step  2450/4000   train 3.8803   lr 1.79e-04   grad 0.93   gamma=0.149   elapsed 1102s
[helm-train] step  2500/4000   train 3.9114   lr 1.69e-04   grad 1.00   gamma=0.148   elapsed 1123s
[helm-train] step  2550/4000   train 3.8847   lr 1.59e-04   grad 0.87   gamma=0.148   elapsed 1144s
[helm-train] step  2600/4000   train 3.8886   lr 1.50e-04   grad 0.81   gamma=0.148   elapsed 1165s
[helm-train] >>> eval @ 2600: train 3.8480   val 5.0015   ppl 148.64
[helm-train] step  2650/4000   train 3.8093   lr 1.40e-04   grad 0.82   gamma=0.148   elapsed 1194s
[helm-train] step  2700/4000   train 3.8722   lr 1.31e-04   grad 0.85   gamma=0.148   elapsed 1215s
[helm-train] step  2750/4000   train 3.8836   lr 1.22e-04   grad 0.92   gamma=0.148   elapsed 1236s
[helm-train] step  2800/4000   train 3.8387   lr 1.13e-04   grad 0.89   gamma=0.148   elapsed 1257s
[helm-train] >>> eval @ 2800: train 3.8602   val 4.9618   ppl 142.86
[helm-train] step  2850/4000   train 3.8741   lr 1.05e-04   grad 0.96   gamma=0.148   elapsed 1286s
[helm-train] step  2900/4000   train 3.8432   lr 9.66e-05   grad 1.07   gamma=0.148   elapsed 1307s
[helm-train] step  2950/4000   train 3.8370   lr 8.86e-05   grad 0.88   gamma=0.148   elapsed 1328s
[helm-train] step  3000/4000   train 3.8133   lr 8.08e-05   grad 0.94   gamma=0.147   elapsed 1349s
[helm-train] >>> eval @ 3000: train 3.8374   val 4.9810   ppl 145.62
[helm-train] step  3050/4000   train 3.8426   lr 7.34e-05   grad 0.95   gamma=0.147   elapsed 1379s
[helm-train] step  3100/4000   train 3.8437   lr 6.62e-05   grad 0.91   gamma=0.147   elapsed 1400s
[helm-train] step  3150/4000   train 3.7778   lr 5.94e-05   grad 0.84   gamma=0.147   elapsed 1421s
[helm-train] step  3200/4000   train 3.7990   lr 5.28e-05   grad 0.84   gamma=0.147   elapsed 1442s
[helm-train] >>> eval @ 3200: train 3.8245   val 5.0334   ppl 153.46
[helm-train] step  3250/4000   train 3.7902   lr 4.67e-05   grad 0.91   gamma=0.147   elapsed 1474s
[helm-train] step  3300/4000   train 3.7643   lr 4.08e-05   grad 0.98   gamma=0.147   elapsed 1496s
[helm-train] step  3350/4000   train 3.8182   lr 3.53e-05   grad 0.92   gamma=0.147   elapsed 1516s
[helm-train] step  3400/4000   train 3.8298   lr 3.02e-05   grad 0.93   gamma=0.147   elapsed 1536s
[helm-train] >>> eval @ 3400: train 3.8229   val 5.0222   ppl 151.75
[helm-train] step  3450/4000   train 3.7881   lr 2.55e-05   grad 0.97   gamma=0.147   elapsed 1565s
[helm-train] step  3500/4000   train 3.7647   lr 2.11e-05   grad 0.87   gamma=0.147   elapsed 1586s
[helm-train] step  3550/4000   train 3.8115   lr 1.72e-05   grad 0.93   gamma=0.147   elapsed 1607s
[helm-train] step  3600/4000   train 3.8424   lr 1.36e-05   grad 0.91   gamma=0.147   elapsed 1627s
[helm-train] >>> eval @ 3600: train 3.7726   val 5.0439   ppl 155.07
[helm-train] step  3650/4000   train 3.8129   lr 1.05e-05   grad 0.91   gamma=0.147   elapsed 1656s
[helm-train] step  3700/4000   train 3.7904   lr 7.70e-06   grad 0.86   gamma=0.147   elapsed 1676s
[helm-train] step  3750/4000   train 3.8033   lr 5.36e-06   grad 0.81   gamma=0.147   elapsed 1698s
[helm-train] step  3800/4000   train 3.8100   lr 3.44e-06   grad 0.95   gamma=0.147   elapsed 1718s
[helm-train] >>> eval @ 3800: train 3.7432   val 4.9528   ppl 141.57
[helm-train] step  3850/4000   train 3.7841   lr 1.95e-06   grad 0.97   gamma=0.147   elapsed 1747s
[helm-train] step  3900/4000   train 3.7848   lr 8.71e-07   grad 0.93   gamma=0.147   elapsed 1768s
[helm-train] step  3950/4000   train 3.8026   lr 2.22e-07   grad 0.90   gamma=0.147   elapsed 1789s
[helm-train] step  4000/4000   train 3.8012   lr 8.54e-11   grad 0.89   gamma=0.147   elapsed 1808s
[helm-train] >>> eval @ 4000: train 3.8006   val 4.9243   ppl 137.60
[helm-train] done in 1817s
[helm-train] saved checkpoint -> /Users/dimitargueorguiev/git/ml/semsimula/notebooks/conservative_arch/helmholtz/results/helm_SAAAAAAS_shakespeare_seed0_ckpt_latest.pt
[helm-train] saved loss curve -> /Users/dimitargueorguiev/git/ml/semsimula/notebooks/conservative_arch/helmholtz/results/helm_SAAAAAAS_shakespeare_seed0_loss_curve.png
[helm-train] saved summary -> /Users/dimitargueorguiev/git/ml/semsimula/notebooks/conservative_arch/helmholtz/results/helm_SAAAAAAS_shakespeare_seed0_summary.md
[helm-h1] cell #01 training succeeded.
[helm-h1] 2026-05-06T02:47:13Z done.

[helm-h1] cell #02  SASASASA   seed=0  ->  /Users/dimitargueorguiev/git/ml/semsimula/notebooks/conservative_arch/helmholtz/results/h1_sweep/SASASASA/seed0
[helm-h1] 2026-05-06T02:47:13Z start
[helm-train] device=mps  tag=helm_SASASASA_shakespeare_seed0
[helm-train] tokens: train=321,124  val=16,901
[helm-train] arch: schedule='SASASASA'  (n_S=4, n_A=4, L=8)  d=128, v_hidden=512, v_depth=3, n_head=4, fixed_gamma=None, causal_force=True, ln_after_s_step=True
[helm-train] params: 7,916,164  (target ~8.0 M, delta -0.084 M)
[helm-train] running causal-violation probe...
[helm-train] causal probe PASSED (perturbation + gradient-Jacobian, both modes < 1e-6)
[helm-train] step    50/4000   train 10.6182   lr 1.25e-04   grad 2.41   gamma=0.150   elapsed 19s
[helm-train] step   100/4000   train 7.6417   lr 2.50e-04   grad 1.50   gamma=0.149   elapsed 38s
[helm-train] step   150/4000   train 6.4100   lr 3.75e-04   grad 1.06   gamma=0.150   elapsed 57s
[helm-train] step   200/4000   train 6.1736   lr 5.00e-04   grad 1.08   gamma=0.149   elapsed 77s
[helm-train] >>> eval @ 200: train 5.9246   val 6.1625   ppl 474.62
[helm-train] step   250/4000   train 5.7421   lr 5.00e-04   grad 1.20   gamma=0.149   elapsed 107s
[helm-train] step   300/4000   train 5.4118   lr 4.99e-04   grad 1.34   gamma=0.148   elapsed 128s
[helm-train] step   350/4000   train 5.2069   lr 4.98e-04   grad 1.22   gamma=0.148   elapsed 149s
[helm-train] step   400/4000   train 5.0514   lr 4.97e-04   grad 1.26   gamma=0.147   elapsed 169s
[helm-train] >>> eval @ 400: train 4.9161   val 5.5576   ppl 259.19
[helm-train] step   450/4000   train 4.9070   lr 4.95e-04   grad 1.55   gamma=0.147   elapsed 200s
[helm-train] step   500/4000   train 4.7809   lr 4.92e-04   grad 1.47   gamma=0.147   elapsed 221s
[helm-train] step   550/4000   train 4.7529   lr 4.90e-04   grad 1.44   gamma=0.147   elapsed 243s
[helm-train] step   600/4000   train 4.6336   lr 4.87e-04   grad 1.49   gamma=0.147   elapsed 264s
[helm-train] >>> eval @ 600: train 4.6161   val 5.3376   ppl 208.01
[helm-train] step   650/4000   train 4.5443   lr 4.83e-04   grad 1.85   gamma=0.147   elapsed 295s
[helm-train] step   700/4000   train 4.5707   lr 4.79e-04   grad 1.60   gamma=0.147   elapsed 317s
[helm-train] step   750/4000   train 4.4539   lr 4.75e-04   grad 1.47   gamma=0.147   elapsed 336s
[helm-train] step   800/4000   train 4.4312   lr 4.70e-04   grad 1.89   gamma=0.147   elapsed 356s
[helm-train] >>> eval @ 800: train 4.4172   val 5.2950   ppl 199.33
[helm-train] step   850/4000   train 4.3920   lr 4.65e-04   grad 1.83   gamma=0.147   elapsed 383s
[helm-train] step   900/4000   train 4.3259   lr 4.59e-04   grad 1.66   gamma=0.147   elapsed 401s
[helm-train] step   950/4000   train 4.3101   lr 4.54e-04   grad 1.73   gamma=0.146   elapsed 421s
[helm-train] step  1000/4000   train 4.2167   lr 4.47e-04   grad 1.61   gamma=0.146   elapsed 440s
[helm-train] >>> eval @ 1000: train 4.2656   val 5.2829   ppl 196.93
[helm-train] step  1050/4000   train 4.1513   lr 4.41e-04   grad 2.08   gamma=0.146   elapsed 468s
[helm-train] step  1100/4000   train 4.0964   lr 4.34e-04   grad 1.65   gamma=0.146   elapsed 488s
[helm-train] step  1150/4000   train 4.1095   lr 4.27e-04   grad 1.67   gamma=0.146   elapsed 507s
[helm-train] step  1200/4000   train 4.0961   lr 4.19e-04   grad 2.04   gamma=0.146   elapsed 526s
[helm-train] >>> eval @ 1200: train 4.1362   val 5.2121   ppl 183.49
[helm-train] step  1250/4000   train 4.0921   lr 4.12e-04   grad 1.72   gamma=0.146   elapsed 555s
[helm-train] step  1300/4000   train 4.0492   lr 4.04e-04   grad 1.85   gamma=0.146   elapsed 574s
[helm-train] step  1350/4000   train 4.0393   lr 3.95e-04   grad 1.92   gamma=0.146   elapsed 594s
[helm-train] step  1400/4000   train 3.9988   lr 3.87e-04   grad 1.84   gamma=0.146   elapsed 614s
[helm-train] >>> eval @ 1400: train 3.9982   val 5.1733   ppl 176.50
[helm-train] step  1450/4000   train 3.9519   lr 3.78e-04   grad 1.92   gamma=0.146   elapsed 643s
[helm-train] step  1500/4000   train 3.9404   lr 3.69e-04   grad 1.87   gamma=0.146   elapsed 663s
[helm-train] step  1550/4000   train 3.8983   lr 3.60e-04   grad 1.87   gamma=0.146   elapsed 682s
[helm-train] step  1600/4000   train 3.9102   lr 3.51e-04   grad 1.87   gamma=0.146   elapsed 702s
[helm-train] >>> eval @ 1600: train 3.8446   val 5.1897   ppl 179.42
[helm-train] step  1650/4000   train 3.8860   lr 3.41e-04   grad 1.99   gamma=0.146   elapsed 730s
[helm-train] step  1700/4000   train 3.8818   lr 3.31e-04   grad 2.16   gamma=0.145   elapsed 750s
[helm-train] step  1750/4000   train 3.8884   lr 3.22e-04   grad 2.35   gamma=0.145   elapsed 771s
[helm-train] step  1800/4000   train 3.8272   lr 3.12e-04   grad 2.00   gamma=0.145   elapsed 791s
[helm-train] >>> eval @ 1800: train 3.8258   val 5.2766   ppl 195.71
[helm-train] step  1850/4000   train 3.7835   lr 3.02e-04   grad 2.23   gamma=0.145   elapsed 819s
[helm-train] step  1900/4000   train 3.7789   lr 2.91e-04   grad 2.26   gamma=0.145   elapsed 838s
[helm-train] step  1950/4000   train 3.8045   lr 2.81e-04   grad 2.36   gamma=0.144   elapsed 858s
[helm-train] step  2000/4000   train 3.7454   lr 2.71e-04   grad 2.49   gamma=0.144   elapsed 877s
[helm-train] >>> eval @ 2000: train 3.7552   val 5.3092   ppl 202.19
[helm-train] step  2050/4000   train 3.7656   lr 2.61e-04   grad 2.17   gamma=0.144   elapsed 906s
[helm-train] step  2100/4000   train 3.7553   lr 2.50e-04   grad 2.34   gamma=0.144   elapsed 925s
[helm-train] step  2150/4000   train 3.7033   lr 2.40e-04   grad 2.23   gamma=0.143   elapsed 944s
[helm-train] step  2200/4000   train 3.6763   lr 2.30e-04   grad 2.19   gamma=0.143   elapsed 962s
[helm-train] >>> eval @ 2200: train 3.6925   val 5.2602   ppl 192.51
[helm-train] step  2250/4000   train 3.7041   lr 2.19e-04   grad 2.39   gamma=0.143   elapsed 991s
[helm-train] step  2300/4000   train 3.7036   lr 2.09e-04   grad 2.28   gamma=0.143   elapsed 1011s
[helm-train] step  2350/4000   train 3.6334   lr 1.99e-04   grad 2.41   gamma=0.142   elapsed 1031s
[helm-train] step  2400/4000   train 3.6733   lr 1.89e-04   grad 2.35   gamma=0.142   elapsed 1050s
[helm-train] >>> eval @ 2400: train 3.6594   val 5.3550   ppl 211.66
[helm-train] step  2450/4000   train 3.6188   lr 1.79e-04   grad 2.29   gamma=0.142   elapsed 1079s
[helm-train] step  2500/4000   train 3.6592   lr 1.69e-04   grad 2.42   gamma=0.142   elapsed 1098s
[helm-train] step  2550/4000   train 3.6229   lr 1.59e-04   grad 2.67   gamma=0.141   elapsed 1117s
[helm-train] step  2600/4000   train 3.6218   lr 1.50e-04   grad 2.43   gamma=0.141   elapsed 1137s
[helm-train] >>> eval @ 2600: train 3.5834   val 5.3412   ppl 208.76
[helm-train] step  2650/4000   train 3.5458   lr 1.40e-04   grad 2.54   gamma=0.141   elapsed 1165s
[helm-train] step  2700/4000   train 3.6091   lr 1.31e-04   grad 2.46   gamma=0.140   elapsed 1185s
[helm-train] step  2750/4000   train 3.6110   lr 1.22e-04   grad 2.72   gamma=0.140   elapsed 1204s
[helm-train] step  2800/4000   train 3.5726   lr 1.13e-04   grad 2.51   gamma=0.140   elapsed 1224s
[helm-train] >>> eval @ 2800: train 3.6002   val 5.3064   ppl 201.61
[helm-train] step  2850/4000   train 3.6042   lr 1.05e-04   grad 2.61   gamma=0.140   elapsed 1252s
[helm-train] step  2900/4000   train 3.5716   lr 9.66e-05   grad 2.71   gamma=0.140   elapsed 1272s
[helm-train] step  2950/4000   train 3.5691   lr 8.86e-05   grad 2.61   gamma=0.139   elapsed 1291s
[helm-train] step  3000/4000   train 3.5397   lr 8.08e-05   grad 2.56   gamma=0.139   elapsed 1310s
[helm-train] >>> eval @ 3000: train 3.5664   val 5.2875   ppl 197.85
[helm-train] step  3050/4000   train 3.5625   lr 7.34e-05   grad 2.76   gamma=0.139   elapsed 1339s
[helm-train] step  3100/4000   train 3.5622   lr 6.62e-05   grad 2.85   gamma=0.139   elapsed 1359s
[helm-train] step  3150/4000   train 3.4966   lr 5.94e-05   grad 2.61   gamma=0.139   elapsed 1381s
[helm-train] step  3200/4000   train 3.5205   lr 5.28e-05   grad 2.65   gamma=0.138   elapsed 1405s
[helm-train] >>> eval @ 3200: train 3.5551   val 5.3798   ppl 216.98
[helm-train] step  3250/4000   train 3.5124   lr 4.67e-05   grad 2.65   gamma=0.138   elapsed 1439s
[helm-train] step  3300/4000   train 3.4898   lr 4.08e-05   grad 2.74   gamma=0.138   elapsed 1462s
[helm-train] step  3350/4000   train 3.5407   lr 3.53e-05   grad 2.65   gamma=0.138   elapsed 1484s
[helm-train] step  3400/4000   train 3.5514   lr 3.02e-05   grad 2.59   gamma=0.138   elapsed 1506s
[helm-train] >>> eval @ 3400: train 3.5397   val 5.3504   ppl 210.70
[helm-train] step  3450/4000   train 3.5073   lr 2.55e-05   grad 2.74   gamma=0.138   elapsed 1538s
[helm-train] step  3500/4000   train 3.4925   lr 2.11e-05   grad 2.65   gamma=0.138   elapsed 1560s
[helm-train] step  3550/4000   train 3.5252   lr 1.72e-05   grad 2.74   gamma=0.138   elapsed 1582s
[helm-train] step  3600/4000   train 3.5501   lr 1.36e-05   grad 2.57   gamma=0.138   elapsed 1604s
[helm-train] >>> eval @ 3600: train 3.4912   val 5.3770   ppl 216.37
[helm-train] step  3650/4000   train 3.5288   lr 1.05e-05   grad 2.76   gamma=0.138   elapsed 1637s
[helm-train] step  3700/4000   train 3.5071   lr 7.70e-06   grad 2.66   gamma=0.138   elapsed 1660s
[helm-train] step  3750/4000   train 3.5087   lr 5.36e-06   grad 2.75   gamma=0.138   elapsed 1682s
[helm-train] step  3800/4000   train 3.5300   lr 3.44e-06   grad 2.63   gamma=0.138   elapsed 1704s
[helm-train] >>> eval @ 3800: train 3.4648   val 5.2718   ppl 194.76
[helm-train] step  3850/4000   train 3.5052   lr 1.95e-06   grad 2.71   gamma=0.138   elapsed 1737s
[helm-train] step  3900/4000   train 3.5048   lr 8.71e-07   grad 2.66   gamma=0.138   elapsed 1759s
[helm-train] step  3950/4000   train 3.5277   lr 2.22e-07   grad 2.65   gamma=0.138   elapsed 1782s
[helm-train] step  4000/4000   train 3.5165   lr 8.54e-11   grad 2.74   gamma=0.138   elapsed 1805s
[helm-train] >>> eval @ 4000: train 3.5168   val 5.2451   ppl 189.64
[helm-train] done in 1815s
[helm-train] saved checkpoint -> /Users/dimitargueorguiev/git/ml/semsimula/notebooks/conservative_arch/helmholtz/results/helm_SASASASA_shakespeare_seed0_ckpt_latest.pt
[helm-train] saved loss curve -> /Users/dimitargueorguiev/git/ml/semsimula/notebooks/conservative_arch/helmholtz/results/helm_SASASASA_shakespeare_seed0_loss_curve.png
[helm-train] saved summary -> /Users/dimitargueorguiev/git/ml/semsimula/notebooks/conservative_arch/helmholtz/results/helm_SASASASA_shakespeare_seed0_summary.md
[helm-h1] cell #02 training succeeded.
[helm-h1] 2026-05-06T03:17:36Z done.

[helm-h1] cell #03  SSSSSSSA   seed=0  ->  /Users/dimitargueorguiev/git/ml/semsimula/notebooks/conservative_arch/helmholtz/results/h1_sweep/SSSSSSSA/seed0
[helm-h1] 2026-05-06T03:17:36Z start
[helm-train] device=mps  tag=helm_SSSSSSSA_shakespeare_seed0
[helm-train] tokens: train=321,124  val=16,901
[helm-train] arch: schedule='SSSSSSSA'  (n_S=7, n_A=1, L=8)  d=128, v_hidden=512, v_depth=3, n_head=4, fixed_gamma=None, causal_force=True, ln_after_s_step=True
[helm-train] params: 7,321,348  (target ~8.0 M, delta -0.679 M)
[helm-train] running causal-violation probe...
[helm-train] causal probe PASSED (perturbation + gradient-Jacobian, both modes < 1e-6)
[helm-train] step    50/4000   train 10.7495   lr 1.25e-04   grad 1.56   gamma=0.150   elapsed 20s
[helm-train] step   100/4000   train 8.0949   lr 2.50e-04   grad 2.13   gamma=0.149   elapsed 40s
[helm-train] step   150/4000   train 6.4104   lr 3.75e-04   grad 0.82   gamma=0.150   elapsed 62s
[helm-train] step   200/4000   train 6.3186   lr 5.00e-04   grad 0.83   gamma=0.149   elapsed 84s
[helm-train] >>> eval @ 200: train 6.1439   val 6.3803   ppl 590.10
[helm-train] step   250/4000   train 5.9497   lr 5.00e-04   grad 3.24   gamma=0.149   elapsed 120s
[helm-train] step   300/4000   train 5.6362   lr 4.99e-04   grad 1.41   gamma=0.149   elapsed 142s
[helm-train] step   350/4000   train 5.4226   lr 4.98e-04   grad 1.15   gamma=0.149   elapsed 164s
[helm-train] step   400/4000   train 5.2416   lr 4.97e-04   grad 1.14   gamma=0.149   elapsed 186s
[helm-train] >>> eval @ 400: train 5.0952   val 5.6801   ppl 292.97
[helm-train] step   450/4000   train 5.0855   lr 4.95e-04   grad 1.39   gamma=0.149   elapsed 222s
[helm-train] step   500/4000   train 4.9515   lr 4.92e-04   grad 1.49   gamma=0.149   elapsed 245s
[helm-train] step   550/4000   train 4.9052   lr 4.90e-04   grad 1.21   gamma=0.149   elapsed 266s
[helm-train] step   600/4000   train 4.7692   lr 4.87e-04   grad 1.26   gamma=0.149   elapsed 288s
[helm-train] >>> eval @ 600: train 4.7590   val 5.4616   ppl 235.48
[helm-train] step   650/4000   train 4.6710   lr 4.83e-04   grad 1.21   gamma=0.149   elapsed 324s
[helm-train] step   700/4000   train 4.6905   lr 4.79e-04   grad 1.48   gamma=0.149   elapsed 347s
[helm-train] step   750/4000   train 4.5724   lr 4.75e-04   grad 1.37   gamma=0.149   elapsed 369s
[helm-train] step   800/4000   train 4.5531   lr 4.70e-04   grad 1.69   gamma=0.149   elapsed 392s
[helm-train] >>> eval @ 800: train 4.5455   val 5.3481   ppl 210.21
[helm-train] step   850/4000   train 4.5238   lr 4.65e-04   grad 1.46   gamma=0.149   elapsed 427s
[helm-train] step   900/4000   train 4.4693   lr 4.59e-04   grad 1.34   gamma=0.149   elapsed 451s
[helm-train] step   950/4000   train 4.4646   lr 4.54e-04   grad 1.44   gamma=0.149   elapsed 474s
[helm-train] step  1000/4000   train 4.3794   lr 4.47e-04   grad 1.68   gamma=0.149   elapsed 497s
[helm-train] >>> eval @ 1000: train 4.4202   val 5.3106   ppl 202.47
[helm-train] step  1050/4000   train 4.3136   lr 4.41e-04   grad 2.05   gamma=0.150   elapsed 532s
[helm-train] step  1100/4000   train 4.2641   lr 4.34e-04   grad 1.76   gamma=0.150   elapsed 554s
[helm-train] step  1150/4000   train 4.2794   lr 4.27e-04   grad 1.52   gamma=0.150   elapsed 577s
[helm-train] step  1200/4000   train 4.2691   lr 4.19e-04   grad 1.52   gamma=0.150   elapsed 600s
[helm-train] >>> eval @ 1200: train 4.3024   val 5.2522   ppl 190.99
[helm-train] step  1250/4000   train 4.2633   lr 4.12e-04   grad 1.67   gamma=0.150   elapsed 635s
[helm-train] step  1300/4000   train 4.2279   lr 4.04e-04   grad 1.98   gamma=0.150   elapsed 658s
[helm-train] step  1350/4000   train 4.2127   lr 3.95e-04   grad 1.56   gamma=0.150   elapsed 681s
[helm-train] step  1400/4000   train 4.1767   lr 3.87e-04   grad 1.82   gamma=0.150   elapsed 704s
[helm-train] >>> eval @ 1400: train 4.1774   val 5.2542   ppl 191.37
[helm-train] step  1450/4000   train 4.1269   lr 3.78e-04   grad 1.80   gamma=0.150   elapsed 738s
[helm-train] step  1500/4000   train 4.1145   lr 3.69e-04   grad 1.90   gamma=0.150   elapsed 761s
[helm-train] step  1550/4000   train 4.0687   lr 3.60e-04   grad 2.51   gamma=0.150   elapsed 783s
[helm-train] step  1600/4000   train 4.0720   lr 3.51e-04   grad 2.00   gamma=0.150   elapsed 806s
[helm-train] >>> eval @ 1600: train 4.0124   val 5.2353   ppl 187.78
[helm-train] step  1650/4000   train 4.0478   lr 3.41e-04   grad 1.78   gamma=0.150   elapsed 842s
[helm-train] step  1700/4000   train 4.0565   lr 3.31e-04   grad 2.56   gamma=0.150   elapsed 866s
[helm-train] step  1750/4000   train 4.0514   lr 3.22e-04   grad 2.88   gamma=0.150   elapsed 889s
[helm-train] step  1800/4000   train 3.9948   lr 3.12e-04   grad 1.91   gamma=0.151   elapsed 911s
[helm-train] >>> eval @ 1800: train 3.9795   val 5.3022   ppl 200.78
[helm-train] step  1850/4000   train 3.9562   lr 3.02e-04   grad 2.18   gamma=0.151   elapsed 946s
[helm-train] step  1900/4000   train 3.9438   lr 2.91e-04   grad 2.98   gamma=0.151   elapsed 969s
[helm-train] step  1950/4000   train 3.9749   lr 2.81e-04   grad 2.30   gamma=0.151   elapsed 992s
[helm-train] step  2000/4000   train 3.9132   lr 2.71e-04   grad 2.08   gamma=0.151   elapsed 1015s
[helm-train] >>> eval @ 2000: train 3.9179   val 5.3060   ppl 201.54
[helm-train] step  2050/4000   train 3.9342   lr 2.61e-04   grad 1.94   gamma=0.151   elapsed 1050s
[helm-train] step  2100/4000   train 3.9210   lr 2.50e-04   grad 2.21   gamma=0.151   elapsed 1072s
[helm-train] step  2150/4000   train 3.8691   lr 2.40e-04   grad 2.15   gamma=0.151   elapsed 1095s
[helm-train] step  2200/4000   train 3.8472   lr 2.30e-04   grad 2.33   gamma=0.151   elapsed 1118s
[helm-train] >>> eval @ 2200: train 3.8654   val 5.2485   ppl 190.29
[helm-train] step  2250/4000   train 3.8748   lr 2.19e-04   grad 2.18   gamma=0.151   elapsed 1154s
[helm-train] step  2300/4000   train 3.8688   lr 2.09e-04   grad 2.63   gamma=0.151   elapsed 1179s
[helm-train] step  2350/4000   train 3.8090   lr 1.99e-04   grad 2.52   gamma=0.151   elapsed 1201s
[helm-train] step  2400/4000   train 3.8484   lr 1.89e-04   grad 2.39   gamma=0.151   elapsed 1222s
[helm-train] >>> eval @ 2400: train 3.8363   val 5.2948   ppl 199.29
[helm-train] step  2450/4000   train 3.7896   lr 1.79e-04   grad 2.10   gamma=0.151   elapsed 1252s
[helm-train] step  2500/4000   train 3.8328   lr 1.69e-04   grad 2.37   gamma=0.151   elapsed 1271s
[helm-train] step  2550/4000   train 3.7997   lr 1.59e-04   grad 2.31   gamma=0.151   elapsed 1291s
[helm-train] step  2600/4000   train 3.7959   lr 1.50e-04   grad 2.28   gamma=0.151   elapsed 1310s
[helm-train] >>> eval @ 2600: train 3.7661   val 5.2772   ppl 195.83
[helm-train] step  2650/4000   train 3.7220   lr 1.40e-04   grad 2.51   gamma=0.151   elapsed 1341s
[helm-train] step  2700/4000   train 3.7846   lr 1.31e-04   grad 2.60   gamma=0.151   elapsed 1361s
[helm-train] step  2750/4000   train 3.7890   lr 1.22e-04   grad 3.88   gamma=0.151   elapsed 1381s
[helm-train] step  2800/4000   train 3.7440   lr 1.13e-04   grad 2.55   gamma=0.152   elapsed 1401s
[helm-train] >>> eval @ 2800: train 3.7828   val 5.2460   ppl 189.81
[helm-train] step  2850/4000   train 3.7796   lr 1.05e-04   grad 4.82   gamma=0.152   elapsed 1433s
[helm-train] step  2900/4000   train 3.7497   lr 9.66e-05   grad 3.32   gamma=0.152   elapsed 1453s
[helm-train] step  2950/4000   train 3.7478   lr 8.86e-05   grad 2.26   gamma=0.152   elapsed 1473s
[helm-train] step  3000/4000   train 3.7193   lr 8.08e-05   grad 2.35   gamma=0.152   elapsed 1492s
[helm-train] >>> eval @ 3000: train 3.7448   val 5.2436   ppl 189.35
[helm-train] step  3050/4000   train 3.7461   lr 7.34e-05   grad 2.50   gamma=0.152   elapsed 1523s
[helm-train] step  3100/4000   train 3.7523   lr 6.62e-05   grad 2.91   gamma=0.152   elapsed 1543s
[helm-train] step  3150/4000   train 3.6795   lr 5.94e-05   grad 2.30   gamma=0.152   elapsed 1563s
[helm-train] step  3200/4000   train 3.7025   lr 5.28e-05   grad 2.60   gamma=0.152   elapsed 1583s
[helm-train] >>> eval @ 3200: train 3.7376   val 5.2962   ppl 199.57
[helm-train] step  3250/4000   train 3.6991   lr 4.67e-05   grad 2.34   gamma=0.152   elapsed 1614s
[helm-train] step  3300/4000   train 3.6737   lr 4.08e-05   grad 2.71   gamma=0.152   elapsed 1634s
[helm-train] step  3350/4000   train 3.7259   lr 3.53e-05   grad 2.92   gamma=0.152   elapsed 1655s
[helm-train] step  3400/4000   train 3.7379   lr 3.02e-05   grad 2.30   gamma=0.152   elapsed 1676s
[helm-train] >>> eval @ 3400: train 3.7284   val 5.2852   ppl 197.40
[helm-train] step  3450/4000   train 3.6931   lr 2.55e-05   grad 2.40   gamma=0.152   elapsed 1708s
[helm-train] step  3500/4000   train 3.6749   lr 2.11e-05   grad 2.33   gamma=0.152   elapsed 1729s
[helm-train] step  3550/4000   train 3.7145   lr 1.72e-05   grad 2.47   gamma=0.152   elapsed 1751s
[helm-train] step  3600/4000   train 3.7439   lr 1.36e-05   grad 2.91   gamma=0.152   elapsed 1772s
[helm-train] >>> eval @ 3600: train 3.6790   val 5.3202   ppl 204.43
[helm-train] step  3650/4000   train 3.7160   lr 1.05e-05   grad 2.69   gamma=0.152   elapsed 1802s
[helm-train] step  3700/4000   train 3.6986   lr 7.70e-06   grad 2.37   gamma=0.152   elapsed 1821s
[helm-train] step  3750/4000   train 3.7033   lr 5.36e-06   grad 2.33   gamma=0.152   elapsed 1841s
[helm-train] step  3800/4000   train 3.7194   lr 3.44e-06   grad 2.25   gamma=0.152   elapsed 1862s
[helm-train] >>> eval @ 3800: train 3.6519   val 5.2262   ppl 186.09
[helm-train] step  3850/4000   train 3.6936   lr 1.95e-06   grad 2.43   gamma=0.152   elapsed 1893s
[helm-train] step  3900/4000   train 3.6906   lr 8.71e-07   grad 2.38   gamma=0.152   elapsed 1913s
[helm-train] step  3950/4000   train 3.7148   lr 2.22e-07   grad 2.41   gamma=0.152   elapsed 1933s
[helm-train] step  4000/4000   train 3.7104   lr 8.54e-11   grad 2.30   gamma=0.152   elapsed 1954s
[helm-train] >>> eval @ 4000: train 3.7072   val 5.1877   ppl 179.06
[helm-train] done in 1965s
[helm-train] saved checkpoint -> /Users/dimitargueorguiev/git/ml/semsimula/notebooks/conservative_arch/helmholtz/results/helm_SSSSSSSA_shakespeare_seed0_ckpt_latest.pt
[helm-train] saved loss curve -> /Users/dimitargueorguiev/git/ml/semsimula/notebooks/conservative_arch/helmholtz/results/helm_SSSSSSSA_shakespeare_seed0_loss_curve.png
[helm-train] saved summary -> /Users/dimitargueorguiev/git/ml/semsimula/notebooks/conservative_arch/helmholtz/results/helm_SSSSSSSA_shakespeare_seed0_summary.md
[helm-h1] cell #03 training succeeded.
[helm-h1] 2026-05-06T03:50:29Z done.

[helm-h1] cell #04  SSAAAASS   seed=0  ->  /Users/dimitargueorguiev/git/ml/semsimula/notebooks/conservative_arch/helmholtz/results/h1_sweep/SSAAAASS/seed0
[helm-h1] 2026-05-06T03:50:29Z start
[helm-train] device=mps  tag=helm_SSAAAASS_shakespeare_seed0
[helm-train] tokens: train=321,124  val=16,901
[helm-train] arch: schedule='SSAAAASS'  (n_S=4, n_A=4, L=8)  d=128, v_hidden=512, v_depth=3, n_head=4, fixed_gamma=None, causal_force=True, ln_after_s_step=True
[helm-train] params: 7,916,164  (target ~8.0 M, delta -0.084 M)
[helm-train] running causal-violation probe...
[helm-train] causal probe PASSED (perturbation + gradient-Jacobian, both modes < 1e-6)
[helm-train] step    50/4000   train 10.6635   lr 1.25e-04   grad 1.63   gamma=0.150   elapsed 18s
[helm-train] step   100/4000   train 9.3685   lr 2.50e-04   grad 1.66   gamma=0.150   elapsed 35s
[helm-train] step   150/4000   train 7.5844   lr 3.75e-04   grad 1.42   gamma=0.150   elapsed 54s
[helm-train] step   200/4000   train 6.4147   lr 5.00e-04   grad 0.62   gamma=0.149   elapsed 73s
[helm-train] >>> eval @ 200: train 6.1275   val 6.2873   ppl 537.70
[helm-train] step   250/4000   train 5.9546   lr 5.00e-04   grad 0.75   gamma=0.148   elapsed 101s
[helm-train] step   300/4000   train 5.6080   lr 4.99e-04   grad 0.58   gamma=0.147   elapsed 120s
[helm-train] step   350/4000   train 5.3974   lr 4.98e-04   grad 0.58   gamma=0.145   elapsed 140s
[helm-train] step   400/4000   train 5.2357   lr 4.97e-04   grad 0.56   gamma=0.144   elapsed 160s
[helm-train] >>> eval @ 400: train 5.1009   val 5.5122   ppl 247.69
[helm-train] step   450/4000   train 5.0874   lr 4.95e-04   grad 0.59   gamma=0.142   elapsed 188s
[helm-train] step   500/4000   train 4.9560   lr 4.92e-04   grad 0.71   gamma=0.141   elapsed 207s
[helm-train] step   550/4000   train 4.9029   lr 4.90e-04   grad 0.64   gamma=0.139   elapsed 226s
[helm-train] step   600/4000   train 4.7743   lr 4.87e-04   grad 0.67   gamma=0.138   elapsed 244s
[helm-train] >>> eval @ 600: train 4.7602   val 5.2829   ppl 196.93
[helm-train] step   650/4000   train 4.6823   lr 4.83e-04   grad 0.75   gamma=0.137   elapsed 272s
[helm-train] step   700/4000   train 4.6970   lr 4.79e-04   grad 0.75   gamma=0.136   elapsed 291s
[helm-train] step   750/4000   train 4.5811   lr 4.75e-04   grad 0.75   gamma=0.135   elapsed 310s
[helm-train] step   800/4000   train 4.5515   lr 4.70e-04   grad 0.70   gamma=0.134   elapsed 329s
[helm-train] >>> eval @ 800: train 4.5344   val 5.1627   ppl 174.64
[helm-train] step   850/4000   train 4.5169   lr 4.65e-04   grad 0.73   gamma=0.134   elapsed 357s
[helm-train] step   900/4000   train 4.4531   lr 4.59e-04   grad 0.76   gamma=0.133   elapsed 376s
[helm-train] step   950/4000   train 4.4435   lr 4.54e-04   grad 0.73   gamma=0.132   elapsed 396s
[helm-train] step  1000/4000   train 4.3557   lr 4.47e-04   grad 0.84   gamma=0.132   elapsed 414s
[helm-train] >>> eval @ 1000: train 4.3971   val 5.1162   ppl 166.69
[helm-train] step  1050/4000   train 4.2929   lr 4.41e-04   grad 0.87   gamma=0.131   elapsed 442s
[helm-train] step  1100/4000   train 4.2409   lr 4.34e-04   grad 0.76   gamma=0.131   elapsed 463s
[helm-train] step  1150/4000   train 4.2579   lr 4.27e-04   grad 0.70   gamma=0.130   elapsed 483s
[helm-train] step  1200/4000   train 4.2448   lr 4.19e-04   grad 1.13   gamma=0.130   elapsed 503s
[helm-train] >>> eval @ 1200: train 4.2852   val 5.0440   ppl 155.10
[helm-train] step  1250/4000   train 4.2422   lr 4.12e-04   grad 0.71   gamma=0.129   elapsed 532s
[helm-train] step  1300/4000   train 4.1989   lr 4.04e-04   grad 0.72   gamma=0.129   elapsed 553s
[helm-train] step  1350/4000   train 4.1986   lr 3.95e-04   grad 1.08   gamma=0.128   elapsed 574s
[helm-train] step  1400/4000   train 4.1618   lr 3.87e-04   grad 0.78   gamma=0.128   elapsed 594s
[helm-train] >>> eval @ 1400: train 4.1596   val 4.9851   ppl 146.22
[helm-train] step  1450/4000   train 4.1206   lr 3.78e-04   grad 0.73   gamma=0.127   elapsed 622s
[helm-train] step  1500/4000   train 4.1101   lr 3.69e-04   grad 0.86   gamma=0.127   elapsed 642s
[helm-train] step  1550/4000   train 4.0718   lr 3.60e-04   grad 0.79   gamma=0.126   elapsed 663s
[helm-train] step  1600/4000   train 4.0775   lr 3.51e-04   grad 0.84   gamma=0.126   elapsed 683s
[helm-train] >>> eval @ 1600: train 4.0210   val 4.9645   ppl 143.24
[helm-train] step  1650/4000   train 4.0682   lr 3.41e-04   grad 0.82   gamma=0.125   elapsed 713s
[helm-train] step  1700/4000   train 4.0635   lr 3.31e-04   grad 0.89   gamma=0.125   elapsed 733s
[helm-train] step  1750/4000   train 4.0702   lr 3.22e-04   grad 0.94   gamma=0.124   elapsed 754s
[helm-train] step  1800/4000   train 4.0103   lr 3.12e-04   grad 0.81   gamma=0.124   elapsed 774s
[helm-train] >>> eval @ 1800: train 4.0115   val 5.0322   ppl 153.27
[helm-train] step  1850/4000   train 3.9723   lr 3.02e-04   grad 0.84   gamma=0.123   elapsed 803s
[helm-train] step  1900/4000   train 3.9681   lr 2.91e-04   grad 0.88   gamma=0.123   elapsed 824s
[helm-train] step  1950/4000   train 4.0056   lr 2.81e-04   grad 0.96   gamma=0.122   elapsed 843s
[helm-train] step  2000/4000   train 3.9500   lr 2.71e-04   grad 1.00   gamma=0.122   elapsed 863s
[helm-train] >>> eval @ 2000: train 3.9507   val 5.0539   ppl 156.63
[helm-train] step  2050/4000   train 3.9620   lr 2.61e-04   grad 0.88   gamma=0.121   elapsed 893s
[helm-train] step  2100/4000   train 3.9577   lr 2.50e-04   grad 0.93   gamma=0.121   elapsed 913s
[helm-train] step  2150/4000   train 3.9061   lr 2.40e-04   grad 0.96   gamma=0.120   elapsed 933s
[helm-train] step  2200/4000   train 3.8841   lr 2.30e-04   grad 0.85   gamma=0.120   elapsed 953s
[helm-train] >>> eval @ 2200: train 3.9028   val 4.9761   ppl 144.91
[helm-train] step  2250/4000   train 3.9095   lr 2.19e-04   grad 0.86   gamma=0.120   elapsed 982s
[helm-train] step  2300/4000   train 3.9065   lr 2.09e-04   grad 0.86   gamma=0.119   elapsed 1003s
[helm-train] step  2350/4000   train 3.8498   lr 1.99e-04   grad 1.04   gamma=0.119   elapsed 1023s
[helm-train] step  2400/4000   train 3.8816   lr 1.89e-04   grad 0.85   gamma=0.119   elapsed 1043s
[helm-train] >>> eval @ 2400: train 3.8758   val 5.0267   ppl 152.43
[helm-train] step  2450/4000   train 3.8342   lr 1.79e-04   grad 0.88   gamma=0.118   elapsed 1072s
[helm-train] step  2500/4000   train 3.8650   lr 1.69e-04   grad 0.97   gamma=0.118   elapsed 1092s
[helm-train] step  2550/4000   train 3.8401   lr 1.59e-04   grad 1.03   gamma=0.118   elapsed 1113s
[helm-train] step  2600/4000   train 3.8430   lr 1.50e-04   grad 0.90   gamma=0.117   elapsed 1133s
[helm-train] >>> eval @ 2600: train 3.8045   val 5.0100   ppl 149.91
[helm-train] step  2650/4000   train 3.7633   lr 1.40e-04   grad 0.86   gamma=0.117   elapsed 1163s
[helm-train] step  2700/4000   train 3.8276   lr 1.31e-04   grad 0.92   gamma=0.117   elapsed 1183s
[helm-train] step  2750/4000   train 3.8377   lr 1.22e-04   grad 0.98   gamma=0.116   elapsed 1202s
[helm-train] step  2800/4000   train 3.7970   lr 1.13e-04   grad 0.93   gamma=0.116   elapsed 1223s
[helm-train] >>> eval @ 2800: train 3.8177   val 4.9618   ppl 142.86
[helm-train] step  2850/4000   train 3.8291   lr 1.05e-04   grad 0.97   gamma=0.116   elapsed 1253s
[helm-train] step  2900/4000   train 3.7993   lr 9.66e-05   grad 1.09   gamma=0.116   elapsed 1274s
[helm-train] step  2950/4000   train 3.7928   lr 8.86e-05   grad 0.94   gamma=0.116   elapsed 1295s
[helm-train] step  3000/4000   train 3.7686   lr 8.08e-05   grad 1.01   gamma=0.115   elapsed 1315s
[helm-train] >>> eval @ 3000: train 3.7905   val 4.9948   ppl 147.65
[helm-train] step  3050/4000   train 3.7932   lr 7.34e-05   grad 1.03   gamma=0.115   elapsed 1344s
[helm-train] step  3100/4000   train 3.7987   lr 6.62e-05   grad 0.96   gamma=0.115   elapsed 1365s
[helm-train] step  3150/4000   train 3.7350   lr 5.94e-05   grad 0.95   gamma=0.115   elapsed 1385s
[helm-train] step  3200/4000   train 3.7555   lr 5.28e-05   grad 0.88   gamma=0.115   elapsed 1405s
[helm-train] >>> eval @ 3200: train 3.7832   val 5.0438   ppl 155.06
[helm-train] step  3250/4000   train 3.7483   lr 4.67e-05   grad 1.23   gamma=0.115   elapsed 1436s
[helm-train] step  3300/4000   train 3.7211   lr 4.08e-05   grad 1.01   gamma=0.114   elapsed 1457s
[helm-train] step  3350/4000   train 3.7773   lr 3.53e-05   grad 0.91   gamma=0.114   elapsed 1479s
[helm-train] step  3400/4000   train 3.7871   lr 3.02e-05   grad 0.94   gamma=0.114   elapsed 1499s
[helm-train] >>> eval @ 3400: train 3.7794   val 5.0342   ppl 153.58
[helm-train] step  3450/4000   train 3.7445   lr 2.55e-05   grad 1.16   gamma=0.114   elapsed 1528s
[helm-train] step  3500/4000   train 3.7225   lr 2.11e-05   grad 0.95   gamma=0.114   elapsed 1549s
[helm-train] step  3550/4000   train 3.7691   lr 1.72e-05   grad 0.98   gamma=0.114   elapsed 1569s
[helm-train] step  3600/4000   train 3.7992   lr 1.36e-05   grad 0.89   gamma=0.114   elapsed 1590s
[helm-train] >>> eval @ 3600: train 3.7310   val 5.0611   ppl 157.76
[helm-train] step  3650/4000   train 3.7732   lr 1.05e-05   grad 0.93   gamma=0.114   elapsed 1619s
[helm-train] step  3700/4000   train 3.7501   lr 7.70e-06   grad 0.96   gamma=0.114   elapsed 1639s
[helm-train] step  3750/4000   train 3.7582   lr 5.36e-06   grad 0.92   gamma=0.114   elapsed 1660s
[helm-train] step  3800/4000   train 3.7662   lr 3.44e-06   grad 0.95   gamma=0.114   elapsed 1681s
[helm-train] >>> eval @ 3800: train 3.7055   val 4.9716   ppl 144.25
[helm-train] step  3850/4000   train 3.7443   lr 1.95e-06   grad 0.93   gamma=0.114   elapsed 1711s
[helm-train] step  3900/4000   train 3.7411   lr 8.71e-07   grad 1.03   gamma=0.114   elapsed 1731s
[helm-train] step  3950/4000   train 3.7622   lr 2.22e-07   grad 0.92   gamma=0.114   elapsed 1752s
[helm-train] step  4000/4000   train 3.7589   lr 8.54e-11   grad 0.94   gamma=0.114   elapsed 1773s
[helm-train] >>> eval @ 4000: train 3.7595   val 4.9389   ppl 139.62
[helm-train] done in 1783s
[helm-train] saved checkpoint -> /Users/dimitargueorguiev/git/ml/semsimula/notebooks/conservative_arch/helmholtz/results/helm_SSAAAASS_shakespeare_seed0_ckpt_latest.pt
[helm-train] saved loss curve -> /Users/dimitargueorguiev/git/ml/semsimula/notebooks/conservative_arch/helmholtz/results/helm_SSAAAASS_shakespeare_seed0_loss_curve.png
[helm-train] saved summary -> /Users/dimitargueorguiev/git/ml/semsimula/notebooks/conservative_arch/helmholtz/results/helm_SSAAAASS_shakespeare_seed0_summary.md
[helm-h1] cell #04 training succeeded.
[helm-h1] 2026-05-06T04:20:21Z done.

[helm-h1] cell #05  ASSSSSSA   seed=0  ->  /Users/dimitargueorguiev/git/ml/semsimula/notebooks/conservative_arch/helmholtz/results/h1_sweep/ASSSSSSA/seed0
[helm-h1] 2026-05-06T04:20:21Z start
[helm-train] device=mps  tag=helm_ASSSSSSA_shakespeare_seed0
[helm-train] tokens: train=321,124  val=16,901
[helm-train] arch: schedule='ASSSSSSA'  (n_S=6, n_A=2, L=8)  d=128, v_hidden=512, v_depth=3, n_head=4, fixed_gamma=None, causal_force=True, ln_after_s_step=True
[helm-train] params: 7,519,620  (target ~8.0 M, delta -0.480 M)
[helm-train] running causal-violation probe...
[helm-train] causal probe PASSED (perturbation + gradient-Jacobian, both modes < 1e-6)
[helm-train] step    50/4000   train 10.5052   lr 1.25e-04   grad 2.45   gamma=0.150   elapsed 18s
[helm-train] step   100/4000   train 7.5537   lr 2.50e-04   grad 1.73   gamma=0.150   elapsed 36s
[helm-train] step   150/4000   train 6.2516   lr 3.75e-04   grad 1.46   gamma=0.149   elapsed 56s
[helm-train] step   200/4000   train 5.9172   lr 5.00e-04   grad 1.49   gamma=0.148   elapsed 77s
[helm-train] >>> eval @ 200: train 5.6811   val 5.9501   ppl 383.80
[helm-train] step   250/4000   train 5.5458   lr 5.00e-04   grad 3.02   gamma=0.148   elapsed 111s
[helm-train] step   300/4000   train 5.2282   lr 4.99e-04   grad 1.84   gamma=0.149   elapsed 131s
[helm-train] step   350/4000   train 5.0272   lr 4.98e-04   grad 1.65   gamma=0.149   elapsed 152s
[helm-train] step   400/4000   train 4.8845   lr 4.97e-04   grad 1.49   gamma=0.149   elapsed 173s
[helm-train] >>> eval @ 400: train 4.7549   val 5.4253   ppl 227.09
[helm-train] step   450/4000   train 4.7629   lr 4.95e-04   grad 1.95   gamma=0.149   elapsed 204s
[helm-train] step   500/4000   train 4.6580   lr 4.92e-04   grad 1.96   gamma=0.149   elapsed 225s
[helm-train] step   550/4000   train 4.6426   lr 4.90e-04   grad 2.07   gamma=0.149   elapsed 246s
[helm-train] step   600/4000   train 4.5210   lr 4.87e-04   grad 2.91   gamma=0.150   elapsed 267s
[helm-train] >>> eval @ 600: train 4.5243   val 5.2822   ppl 196.80
[helm-train] step   650/4000   train 4.4383   lr 4.83e-04   grad 2.74   gamma=0.150   elapsed 302s
[helm-train] step   700/4000   train 4.4665   lr 4.79e-04   grad 2.05   gamma=0.150   elapsed 326s
[helm-train] step   750/4000   train 4.3514   lr 4.75e-04   grad 2.11   gamma=0.150   elapsed 350s
[helm-train] step   800/4000   train 4.3368   lr 4.70e-04   grad 2.78   gamma=0.150   elapsed 374s
[helm-train] >>> eval @ 800: train 4.3245   val 5.2691   ppl 194.24
[helm-train] step   850/4000   train 4.3097   lr 4.65e-04   grad 2.48   gamma=0.150   elapsed 411s
[helm-train] step   900/4000   train 4.2500   lr 4.59e-04   grad 2.04   gamma=0.150   elapsed 434s
[helm-train] step   950/4000   train 4.2376   lr 4.54e-04   grad 2.04   gamma=0.150   elapsed 458s
[helm-train] step  1000/4000   train 4.1418   lr 4.47e-04   grad 2.39   gamma=0.150   elapsed 481s
[helm-train] >>> eval @ 1000: train 4.1866   val 5.2773   ppl 195.83
[helm-train] step  1050/4000   train 4.0824   lr 4.41e-04   grad 3.50   gamma=0.150   elapsed 517s
[helm-train] step  1100/4000   train 4.0261   lr 4.34e-04   grad 2.33   gamma=0.150   elapsed 541s
[helm-train] step  1150/4000   train 4.0388   lr 4.27e-04   grad 2.57   gamma=0.151   elapsed 565s
[helm-train] step  1200/4000   train 4.0293   lr 4.19e-04   grad 2.44   gamma=0.151   elapsed 589s
[helm-train] >>> eval @ 1200: train 4.0607   val 5.2363   ppl 187.98
[helm-train] step  1250/4000   train 4.0284   lr 4.12e-04   grad 2.43   gamma=0.151   elapsed 625s
[helm-train] step  1300/4000   train 3.9845   lr 4.04e-04   grad 2.62   gamma=0.151   elapsed 648s
[helm-train] step  1350/4000   train 3.9741   lr 3.95e-04   grad 2.47   gamma=0.151   elapsed 671s
[helm-train] step  1400/4000   train 3.9340   lr 3.87e-04   grad 2.57   gamma=0.151   elapsed 694s
[helm-train] >>> eval @ 1400: train 3.9349   val 5.1554   ppl 173.36
[helm-train] step  1450/4000   train 3.8888   lr 3.78e-04   grad 2.50   gamma=0.151   elapsed 730s
[helm-train] step  1500/4000   train 3.8770   lr 3.69e-04   grad 2.58   gamma=0.151   elapsed 754s
[helm-train] step  1550/4000   train 3.8346   lr 3.60e-04   grad 2.24   gamma=0.151   elapsed 778s
[helm-train] step  1600/4000   train 3.8506   lr 3.51e-04   grad 2.53   gamma=0.151   elapsed 802s
[helm-train] >>> eval @ 1600: train 3.7804   val 5.2454   ppl 189.68
[helm-train] step  1650/4000   train 3.8234   lr 3.41e-04   grad 2.64   gamma=0.151   elapsed 837s
[helm-train] step  1700/4000   train 3.8217   lr 3.31e-04   grad 2.81   gamma=0.151   elapsed 860s
[helm-train] step  1750/4000   train 3.8324   lr 3.22e-04   grad 2.56   gamma=0.151   elapsed 883s
[helm-train] step  1800/4000   train 3.7734   lr 3.12e-04   grad 2.65   gamma=0.151   elapsed 907s
[helm-train] >>> eval @ 1800: train 3.7626   val 5.2557   ppl 191.65
[helm-train] step  1850/4000   train 3.7262   lr 3.02e-04   grad 3.33   gamma=0.151   elapsed 943s
[helm-train] step  1900/4000   train 3.7199   lr 2.91e-04   grad 2.74   gamma=0.151   elapsed 967s
[helm-train] step  1950/4000   train 3.7460   lr 2.81e-04   grad 3.08   gamma=0.151   elapsed 990s
[helm-train] step  2000/4000   train 3.6946   lr 2.71e-04   grad 3.05   gamma=0.151   elapsed 1013s
[helm-train] >>> eval @ 2000: train 3.7053   val 5.3321   ppl 206.87
[helm-train] step  2050/4000   train 3.7055   lr 2.61e-04   grad 2.78   gamma=0.151   elapsed 1050s
[helm-train] step  2100/4000   train 3.6990   lr 2.50e-04   grad 2.80   gamma=0.151   elapsed 1074s
[helm-train] step  2150/4000   train 3.6512   lr 2.40e-04   grad 2.79   gamma=0.151   elapsed 1097s
[helm-train] step  2200/4000   train 3.6188   lr 2.30e-04   grad 3.01   gamma=0.151   elapsed 1119s
[helm-train] >>> eval @ 2200: train 3.6398   val 5.2682   ppl 194.08
[helm-train] step  2250/4000   train 3.6496   lr 2.19e-04   grad 3.20   gamma=0.151   elapsed 1152s
[helm-train] step  2300/4000   train 3.6412   lr 2.09e-04   grad 2.98   gamma=0.151   elapsed 1175s
[helm-train] step  2350/4000   train 3.5789   lr 1.99e-04   grad 3.08   gamma=0.151   elapsed 1198s
[helm-train] step  2400/4000   train 3.6148   lr 1.89e-04   grad 3.13   gamma=0.151   elapsed 1221s
[helm-train] >>> eval @ 2400: train 3.6015   val 5.3578   ppl 212.26
[helm-train] step  2450/4000   train 3.5633   lr 1.79e-04   grad 3.03   gamma=0.151   elapsed 1256s
[helm-train] step  2500/4000   train 3.6060   lr 1.69e-04   grad 3.14   gamma=0.151   elapsed 1279s
[helm-train] step  2550/4000   train 3.5619   lr 1.59e-04   grad 3.48   gamma=0.151   elapsed 1303s
[helm-train] step  2600/4000   train 3.5685   lr 1.50e-04   grad 3.26   gamma=0.151   elapsed 1327s
[helm-train] >>> eval @ 2600: train 3.5279   val 5.3784   ppl 216.67
[helm-train] step  2650/4000   train 3.4866   lr 1.40e-04   grad 3.06   gamma=0.151   elapsed 1362s
[helm-train] step  2700/4000   train 3.5563   lr 1.31e-04   grad 3.13   gamma=0.151   elapsed 1385s
[helm-train] step  2750/4000   train 3.5523   lr 1.22e-04   grad 3.46   gamma=0.151   elapsed 1408s
[helm-train] step  2800/4000   train 3.5150   lr 1.13e-04   grad 3.32   gamma=0.151   elapsed 1432s
[helm-train] >>> eval @ 2800: train 3.5465   val 5.4000   ppl 221.41
[helm-train] step  2850/4000   train 3.5466   lr 1.05e-04   grad 3.44   gamma=0.151   elapsed 1469s
[helm-train] step  2900/4000   train 3.5123   lr 9.66e-05   grad 3.32   gamma=0.151   elapsed 1493s
[helm-train] step  2950/4000   train 3.5103   lr 8.86e-05   grad 3.45   gamma=0.151   elapsed 1516s
[helm-train] step  3000/4000   train 3.4782   lr 8.08e-05   grad 3.33   gamma=0.151   elapsed 1539s
[helm-train] >>> eval @ 3000: train 3.5075   val 5.3388   ppl 208.25
[helm-train] step  3050/4000   train 3.5035   lr 7.34e-05   grad 3.44   gamma=0.151   elapsed 1575s
[helm-train] step  3100/4000   train 3.5023   lr 6.62e-05   grad 3.40   gamma=0.151   elapsed 1600s
[helm-train] step  3150/4000   train 3.4408   lr 5.94e-05   grad 3.27   gamma=0.151   elapsed 1624s
[helm-train] step  3200/4000   train 3.4580   lr 5.28e-05   grad 3.23   gamma=0.151   elapsed 1648s
[helm-train] >>> eval @ 3200: train 3.4931   val 5.4546   ppl 233.84
[helm-train] step  3250/4000   train 3.4586   lr 4.67e-05   grad 3.49   gamma=0.151   elapsed 1683s
[helm-train] step  3300/4000   train 3.4296   lr 4.08e-05   grad 3.36   gamma=0.151   elapsed 1707s
[helm-train] step  3350/4000   train 3.4848   lr 3.53e-05   grad 3.38   gamma=0.151   elapsed 1731s
[helm-train] step  3400/4000   train 3.4894   lr 3.02e-05   grad 3.19   gamma=0.151   elapsed 1754s
[helm-train] >>> eval @ 3400: train 3.4752   val 5.4006   ppl 221.54
[helm-train] step  3450/4000   train 3.4459   lr 2.55e-05   grad 3.49   gamma=0.151   elapsed 1791s
[helm-train] step  3500/4000   train 3.4312   lr 2.11e-05   grad 3.34   gamma=0.151   elapsed 1814s
[helm-train] step  3550/4000   train 3.4611   lr 1.72e-05   grad 3.32   gamma=0.151   elapsed 1837s
[helm-train] step  3600/4000   train 3.4968   lr 1.36e-05   grad 3.18   gamma=0.151   elapsed 1861s
[helm-train] >>> eval @ 3600: train 3.4282   val 5.4392   ppl 230.26
[helm-train] step  3650/4000   train 3.4689   lr 1.05e-05   grad 3.40   gamma=0.151   elapsed 1897s
[helm-train] step  3700/4000   train 3.4487   lr 7.70e-06   grad 3.27   gamma=0.151   elapsed 1921s
[helm-train] step  3750/4000   train 3.4495   lr 5.36e-06   grad 3.18   gamma=0.151   elapsed 1944s
[helm-train] step  3800/4000   train 3.4707   lr 3.44e-06   grad 3.35   gamma=0.151   elapsed 1968s
[helm-train] >>> eval @ 3800: train 3.3984   val 5.3312   ppl 206.68
[helm-train] step  3850/4000   train 3.4408   lr 1.95e-06   grad 3.33   gamma=0.151   elapsed 2005s
[helm-train] step  3900/4000   train 3.4396   lr 8.71e-07   grad 3.37   gamma=0.151   elapsed 2029s
[helm-train] step  3950/4000   train 3.4637   lr 2.22e-07   grad 3.26   gamma=0.151   elapsed 2053s
[helm-train] step  4000/4000   train 3.4556   lr 8.54e-11   grad 3.33   gamma=0.151   elapsed 2076s
[helm-train] >>> eval @ 4000: train 3.4556   val 5.3024   ppl 200.81
[helm-train] done in 2088s
[helm-train] saved checkpoint -> /Users/dimitargueorguiev/git/ml/semsimula/notebooks/conservative_arch/helmholtz/results/helm_ASSSSSSA_shakespeare_seed0_ckpt_latest.pt
[helm-train] saved loss curve -> /Users/dimitargueorguiev/git/ml/semsimula/notebooks/conservative_arch/helmholtz/results/helm_ASSSSSSA_shakespeare_seed0_loss_curve.png
[helm-train] saved summary -> /Users/dimitargueorguiev/git/ml/semsimula/notebooks/conservative_arch/helmholtz/results/helm_ASSSSSSA_shakespeare_seed0_summary.md
[helm-h1] cell #05 training succeeded.
[helm-h1] 2026-05-06T04:55:20Z done.

[helm-h1] cell #06  AASSSSSS   seed=0  ->  /Users/dimitargueorguiev/git/ml/semsimula/notebooks/conservative_arch/helmholtz/results/h1_sweep/AASSSSSS/seed0
[helm-h1] 2026-05-06T04:55:20Z start
[helm-train] device=mps  tag=helm_AASSSSSS_shakespeare_seed0
[helm-train] tokens: train=321,124  val=16,901
[helm-train] arch: schedule='AASSSSSS'  (n_S=6, n_A=2, L=8)  d=128, v_hidden=512, v_depth=3, n_head=4, fixed_gamma=None, causal_force=True, ln_after_s_step=True
[helm-train] params: 7,519,620  (target ~8.0 M, delta -0.480 M)
[helm-train] running causal-violation probe...
[helm-train] causal probe PASSED (perturbation + gradient-Jacobian, both modes < 1e-6)
[helm-train] step    50/4000   train 10.5133   lr 1.25e-04   grad 1.64   gamma=0.150   elapsed 19s
[helm-train] step   100/4000   train 9.3166   lr 2.50e-04   grad 1.67   gamma=0.149   elapsed 37s
[helm-train] step   150/4000   train 7.5710   lr 3.75e-04   grad 1.46   gamma=0.149   elapsed 58s
[helm-train] step   200/4000   train 6.4071   lr 5.00e-04   grad 2.19   gamma=0.149   elapsed 79s
[helm-train] >>> eval @ 200: train 6.1066   val 6.2655   ppl 526.08
[helm-train] step   250/4000   train 5.9319   lr 5.00e-04   grad 1.20   gamma=0.149   elapsed 113s
[helm-train] step   300/4000   train 5.5664   lr 4.99e-04   grad 1.11   gamma=0.149   elapsed 135s
[helm-train] step   350/4000   train 5.3494   lr 4.98e-04   grad 0.82   gamma=0.150   elapsed 157s
[helm-train] step   400/4000   train 5.1877   lr 4.97e-04   grad 1.10   gamma=0.150   elapsed 183s
[helm-train] >>> eval @ 400: train 5.0573   val 5.4720   ppl 237.93
[helm-train] step   450/4000   train 5.0498   lr 4.95e-04   grad 1.13   gamma=0.150   elapsed 223s
[helm-train] step   500/4000   train 4.9240   lr 4.92e-04   grad 0.94   gamma=0.150   elapsed 250s
[helm-train] step   550/4000   train 4.8816   lr 4.90e-04   grad 1.03   gamma=0.151   elapsed 276s
[helm-train] step   600/4000   train 4.7617   lr 4.87e-04   grad 1.23   gamma=0.151   elapsed 301s
[helm-train] >>> eval @ 600: train 4.7532   val 5.2973   ppl 199.81
[helm-train] step   650/4000   train 4.6796   lr 4.83e-04   grad 1.26   gamma=0.152   elapsed 339s
[helm-train] step   700/4000   train 4.7035   lr 4.79e-04   grad 1.14   gamma=0.152   elapsed 365s
[helm-train] step   750/4000   train 4.5982   lr 4.75e-04   grad 1.11   gamma=0.152   elapsed 390s
[helm-train] step   800/4000   train 4.5756   lr 4.70e-04   grad 2.18   gamma=0.153   elapsed 415s
[helm-train] >>> eval @ 800: train 4.5678   val 5.2367   ppl 188.05
[helm-train] step   850/4000   train 4.5507   lr 4.65e-04   grad 1.56   gamma=0.153   elapsed 455s
[helm-train] step   900/4000   train 4.4989   lr 4.59e-04   grad 1.18   gamma=0.153   elapsed 481s
[helm-train] step   950/4000   train 4.4887   lr 4.54e-04   grad 2.55   gamma=0.154   elapsed 506s
[helm-train] step  1000/4000   train 4.4018   lr 4.47e-04   grad 1.80   gamma=0.154   elapsed 532s
[helm-train] >>> eval @ 1000: train 4.4486   val 5.1550   ppl 173.30
[helm-train] step  1050/4000   train 4.3332   lr 4.41e-04   grad 2.09   gamma=0.154   elapsed 570s
[helm-train] step  1100/4000   train 4.2847   lr 4.34e-04   grad 1.94   gamma=0.155   elapsed 597s
[helm-train] step  1150/4000   train 4.2988   lr 4.27e-04   grad 1.40   gamma=0.155   elapsed 623s
[helm-train] step  1200/4000   train 4.2896   lr 4.19e-04   grad 1.40   gamma=0.155   elapsed 649s
[helm-train] >>> eval @ 1200: train 4.3281   val 5.0829   ppl 161.25
[helm-train] step  1250/4000   train 4.2906   lr 4.12e-04   grad 1.78   gamma=0.156   elapsed 687s
[helm-train] step  1300/4000   train 4.2464   lr 4.04e-04   grad 2.55   gamma=0.156   elapsed 712s
[helm-train] step  1350/4000   train 4.2492   lr 3.95e-04   grad 1.25   gamma=0.156   elapsed 737s
[helm-train] step  1400/4000   train 4.2063   lr 3.87e-04   grad 1.64   gamma=0.157   elapsed 762s
[helm-train] >>> eval @ 1400: train 4.2044   val 5.0045   ppl 149.08
[helm-train] step  1450/4000   train 4.1699   lr 3.78e-04   grad 1.83   gamma=0.157   elapsed 801s
[helm-train] step  1500/4000   train 4.1606   lr 3.69e-04   grad 1.55   gamma=0.158   elapsed 827s
[helm-train] step  1550/4000   train 4.1252   lr 3.60e-04   grad 1.88   gamma=0.158   elapsed 853s
[helm-train] step  1600/4000   train 4.1286   lr 3.51e-04   grad 2.15   gamma=0.158   elapsed 879s
[helm-train] >>> eval @ 1600: train 4.0800   val 5.0497   ppl 155.97
[helm-train] step  1650/4000   train 4.1260   lr 3.41e-04   grad 1.80   gamma=0.159   elapsed 917s
[helm-train] step  1700/4000   train 4.1202   lr 3.31e-04   grad 1.66   gamma=0.159   elapsed 942s
[helm-train] step  1750/4000   train 4.1243   lr 3.22e-04   grad 2.05   gamma=0.159   elapsed 967s
[helm-train] step  1800/4000   train 4.0641   lr 3.12e-04   grad 1.62   gamma=0.160   elapsed 992s
[helm-train] >>> eval @ 1800: train 4.0771   val 5.0711   ppl 159.35
[helm-train] step  1850/4000   train 4.0314   lr 3.02e-04   grad 1.92   gamma=0.160   elapsed 1030s
[helm-train] step  1900/4000   train 4.0266   lr 2.91e-04   grad 1.55   gamma=0.160   elapsed 1055s
[helm-train] step  1950/4000   train 4.0676   lr 2.81e-04   grad 1.52   gamma=0.160   elapsed 1081s
[helm-train] step  2000/4000   train 4.0130   lr 2.71e-04   grad 2.79   gamma=0.161   elapsed 1107s
[helm-train] >>> eval @ 2000: train 4.0092   val 5.1000   ppl 164.02
[helm-train] step  2050/4000   train 4.0248   lr 2.61e-04   grad 1.85   gamma=0.161   elapsed 1146s
[helm-train] step  2100/4000   train 4.0232   lr 2.50e-04   grad 1.75   gamma=0.161   elapsed 1172s
[helm-train] step  2150/4000   train 3.9689   lr 2.40e-04   grad 1.31   gamma=0.161   elapsed 1197s
[helm-train] step  2200/4000   train 3.9483   lr 2.30e-04   grad 1.47   gamma=0.161   elapsed 1222s
[helm-train] >>> eval @ 2200: train 3.9680   val 5.0429   ppl 154.92
[helm-train] step  2250/4000   train 3.9759   lr 2.19e-04   grad 2.44   gamma=0.161   elapsed 1260s
[helm-train] step  2300/4000   train 3.9702   lr 2.09e-04   grad 2.95   gamma=0.162   elapsed 1285s
[helm-train] step  2350/4000   train 3.9140   lr 1.99e-04   grad 1.45   gamma=0.161   elapsed 1310s
[helm-train] step  2400/4000   train 3.9502   lr 1.89e-04   grad 2.07   gamma=0.162   elapsed 1335s
[helm-train] >>> eval @ 2400: train 3.9473   val 5.0579   ppl 157.26
[helm-train] step  2450/4000   train 3.9003   lr 1.79e-04   grad 1.54   gamma=0.162   elapsed 1373s
[helm-train] step  2500/4000   train 3.9340   lr 1.69e-04   grad 1.94   gamma=0.162   elapsed 1398s
[helm-train] step  2550/4000   train 3.9081   lr 1.59e-04   grad 1.60   gamma=0.162   elapsed 1425s
[helm-train] step  2600/4000   train 3.9092   lr 1.50e-04   grad 1.75   gamma=0.162   elapsed 1453s
[helm-train] >>> eval @ 2600: train 3.8697   val 5.0462   ppl 155.43
[helm-train] step  2650/4000   train 3.8298   lr 1.40e-04   grad 1.52   gamma=0.162   elapsed 1494s
[helm-train] step  2700/4000   train 3.8960   lr 1.31e-04   grad 1.61   gamma=0.162   elapsed 1520s
[helm-train] step  2750/4000   train 3.9065   lr 1.22e-04   grad 1.83   gamma=0.162   elapsed 1545s
[helm-train] step  2800/4000   train 3.8602   lr 1.13e-04   grad 1.46   gamma=0.162   elapsed 1570s
[helm-train] >>> eval @ 2800: train 3.8952   val 4.9975   ppl 148.04
[helm-train] step  2850/4000   train 3.8994   lr 1.05e-04   grad 1.78   gamma=0.162   elapsed 1608s
[helm-train] step  2900/4000   train 3.8677   lr 9.66e-05   grad 2.35   gamma=0.162   elapsed 1633s
[helm-train] step  2950/4000   train 3.8622   lr 8.86e-05   grad 1.63   gamma=0.162   elapsed 1658s
[helm-train] step  3000/4000   train 3.8401   lr 8.08e-05   grad 2.08   gamma=0.162   elapsed 1683s
[helm-train] >>> eval @ 3000: train 3.8618   val 4.9954   ppl 147.73
[helm-train] step  3050/4000   train 3.8657   lr 7.34e-05   grad 1.71   gamma=0.162   elapsed 1722s
[helm-train] step  3100/4000   train 3.8661   lr 6.62e-05   grad 1.37   gamma=0.162   elapsed 1747s
[helm-train] step  3150/4000   train 3.8005   lr 5.94e-05   grad 1.86   gamma=0.162   elapsed 1772s
[helm-train] step  3200/4000   train 3.8233   lr 5.28e-05   grad 1.66   gamma=0.162   elapsed 1797s
[helm-train] >>> eval @ 3200: train 3.8495   val 5.0578   ppl 157.24
[helm-train] step  3250/4000   train 3.8170   lr 4.67e-05   grad 1.46   gamma=0.162   elapsed 1835s
[helm-train] step  3300/4000   train 3.7904   lr 4.08e-05   grad 1.64   gamma=0.162   elapsed 1860s
[helm-train] step  3350/4000   train 3.8447   lr 3.53e-05   grad 1.53   gamma=0.162   elapsed 1885s
[helm-train] step  3400/4000   train 3.8554   lr 3.02e-05   grad 1.43   gamma=0.162   elapsed 1911s
[helm-train] >>> eval @ 3400: train 3.8477   val 5.0321   ppl 153.26
[helm-train] step  3450/4000   train 3.8126   lr 2.55e-05   grad 2.54   gamma=0.162   elapsed 1948s
[helm-train] step  3500/4000   train 3.7875   lr 2.11e-05   grad 1.54   gamma=0.162   elapsed 1974s
[helm-train] step  3550/4000   train 3.8401   lr 1.72e-05   grad 1.50   gamma=0.162   elapsed 1999s
[helm-train] step  3600/4000   train 3.8680   lr 1.36e-05   grad 1.68   gamma=0.162   elapsed 2024s
[helm-train] >>> eval @ 3600: train 3.7981   val 5.0530   ppl 156.49
[helm-train] step  3650/4000   train 3.8376   lr 1.05e-05   grad 1.56   gamma=0.162   elapsed 2061s
[helm-train] step  3700/4000   train 3.8171   lr 7.70e-06   grad 1.64   gamma=0.162   elapsed 2087s
[helm-train] step  3750/4000   train 3.8265   lr 5.36e-06   grad 1.96   gamma=0.162   elapsed 2112s
[helm-train] step  3800/4000   train 3.8340   lr 3.44e-06   grad 1.52   gamma=0.162   elapsed 2137s
[helm-train] >>> eval @ 3800: train 3.7677   val 4.9689   ppl 143.87
[helm-train] step  3850/4000   train 3.8112   lr 1.95e-06   grad 1.61   gamma=0.162   elapsed 2175s
[helm-train] step  3900/4000   train 3.8111   lr 8.71e-07   grad 1.58   gamma=0.162   elapsed 2200s
[helm-train] step  3950/4000   train 3.8308   lr 2.22e-07   grad 1.53   gamma=0.162   elapsed 2225s
[helm-train] step  4000/4000   train 3.8266   lr 8.54e-11   grad 1.57   gamma=0.162   elapsed 2250s
[helm-train] >>> eval @ 4000: train 3.8296   val 4.9459   ppl 140.60
[helm-train] done in 2263s
[helm-train] saved checkpoint -> /Users/dimitargueorguiev/git/ml/semsimula/notebooks/conservative_arch/helmholtz/results/helm_AASSSSSS_shakespeare_seed0_ckpt_latest.pt
[helm-train] saved loss curve -> /Users/dimitargueorguiev/git/ml/semsimula/notebooks/conservative_arch/helmholtz/results/helm_AASSSSSS_shakespeare_seed0_loss_curve.png
[helm-train] saved summary -> /Users/dimitargueorguiev/git/ml/semsimula/notebooks/conservative_arch/helmholtz/results/helm_AASSSSSS_shakespeare_seed0_summary.md
[helm-h1] cell #06 training succeeded.
[helm-h1] 2026-05-06T05:33:15Z done.
notebooks/conservative_arch/helmholtz/scripts/run_h1_schedule_sweep.sh: line 155: syntax error near unexpected token `do'
notebooks/conservative_arch/helmholtz/scripts/run_h1_schedule_sweep.sh: line 155: `ve.png summary.md; do'
