[helm-h1p5] cells: 4
[helm-h1p5] seed:  0
[helm-h1p5] gamma: freely learned (default)
[helm-h1p5] output base: /Users/dimitargueorguiev/git/ml/semsimula/notebooks/conservative_arch/helmholtz/results/h1p5_narrow_v
[helm-h1p5] CELL_LIMIT=0 START_FROM=0


[helm-h1p5] cell #00  AAAASSSS  vh=128   seed=0  ->  /Users/dimitargueorguiev/git/ml/semsimula/notebooks/conservative_arch/helmholtz/results/h1p5_narrow_v/AAAASSSS_vh128/seed0
[helm-h1p5] 2026-05-06T08:43:48Z start
[helm-train] device=mps  tag=helm_AAAASSSS_vh128_shakespeare_seed0
[helm-train] tokens: train=321,124  val=16,901
[helm-train] arch: schedule='AAAASSSS'  (n_S=4, n_A=4, L=8)  d=128, v_hidden=128, v_depth=3, n_head=4, fixed_gamma=None, causal_force=True, ln_after_s_step=True
[helm-train] params: 7,324,804  (target ~8.0 M, delta -0.675 M)
[helm-train] running causal-violation probe...
[helm-train] causal probe PASSED (perturbation + gradient-Jacobian, both modes < 1e-6)
[helm-train] step    50/4000   train 10.4577   lr 1.25e-04   grad 1.66   gamma=0.150   elapsed 19s
[helm-train] step   100/4000   train 9.2842   lr 2.50e-04   grad 1.67   gamma=0.149   elapsed 33s
[helm-train] step   150/4000   train 7.5610   lr 3.75e-04   grad 1.46   gamma=0.149   elapsed 47s
[helm-train] step   200/4000   train 6.3785   lr 5.00e-04   grad 0.73   gamma=0.150   elapsed 62s
[helm-train] >>> eval @ 200: train 6.0503   val 6.2082   ppl 496.80
[helm-train] step   250/4000   train 5.8779   lr 5.00e-04   grad 1.04   gamma=0.150   elapsed 85s
[helm-train] step   300/4000   train 5.5206   lr 4.99e-04   grad 0.84   gamma=0.151   elapsed 100s
[helm-train] step   350/4000   train 5.3108   lr 4.98e-04   grad 0.82   gamma=0.151   elapsed 113s
[helm-train] step   400/4000   train 5.1553   lr 4.97e-04   grad 1.20   gamma=0.151   elapsed 130s
[helm-train] >>> eval @ 400: train 5.0306   val 5.4538   ppl 233.64
[helm-train] step   450/4000   train 5.0267   lr 4.95e-04   grad 0.90   gamma=0.152   elapsed 158s
[helm-train] step   500/4000   train 4.9040   lr 4.92e-04   grad 0.97   gamma=0.152   elapsed 178s
[helm-train] step   550/4000   train 4.8638   lr 4.90e-04   grad 1.13   gamma=0.153   elapsed 197s
[helm-train] step   600/4000   train 4.7412   lr 4.87e-04   grad 1.06   gamma=0.154   elapsed 214s
[helm-train] >>> eval @ 600: train 4.7330   val 5.2651   ppl 193.47
[helm-train] step   650/4000   train 4.6501   lr 4.83e-04   grad 1.15   gamma=0.154   elapsed 240s
[helm-train] step   700/4000   train 4.6717   lr 4.79e-04   grad 1.38   gamma=0.155   elapsed 257s
[helm-train] step   750/4000   train 4.5604   lr 4.75e-04   grad 1.24   gamma=0.156   elapsed 277s
[helm-train] step   800/4000   train 4.5435   lr 4.70e-04   grad 1.70   gamma=0.157   elapsed 299s
[helm-train] >>> eval @ 800: train 4.5380   val 5.1949   ppl 180.35
[helm-train] step   850/4000   train 4.5159   lr 4.65e-04   grad 1.44   gamma=0.158   elapsed 330s
[helm-train] step   900/4000   train 4.4607   lr 4.59e-04   grad 1.18   gamma=0.159   elapsed 350s
[helm-train] step   950/4000   train 4.4512   lr 4.54e-04   grad 1.31   gamma=0.160   elapsed 368s
[helm-train] step  1000/4000   train 4.3693   lr 4.47e-04   grad 1.32   gamma=0.160   elapsed 386s
[helm-train] >>> eval @ 1000: train 4.4187   val 5.1270   ppl 168.51
[helm-train] step  1050/4000   train 4.3089   lr 4.41e-04   grad 1.32   gamma=0.161   elapsed 413s
[helm-train] step  1100/4000   train 4.2580   lr 4.34e-04   grad 1.20   gamma=0.162   elapsed 432s
[helm-train] step  1150/4000   train 4.2751   lr 4.27e-04   grad 1.60   gamma=0.162   elapsed 452s
[helm-train] step  1200/4000   train 4.2611   lr 4.19e-04   grad 1.42   gamma=0.163   elapsed 472s
[helm-train] >>> eval @ 1200: train 4.3014   val 5.0705   ppl 159.25
[helm-train] step  1250/4000   train 4.2624   lr 4.12e-04   grad 1.53   gamma=0.164   elapsed 503s
[helm-train] step  1300/4000   train 4.2200   lr 4.04e-04   grad 1.20   gamma=0.164   elapsed 525s
[helm-train] step  1350/4000   train 4.2224   lr 3.95e-04   grad 1.20   gamma=0.165   elapsed 546s
[helm-train] step  1400/4000   train 4.1815   lr 3.87e-04   grad 1.11   gamma=0.165   elapsed 566s
[helm-train] >>> eval @ 1400: train 4.1771   val 5.0089   ppl 149.74
[helm-train] step  1450/4000   train 4.1417   lr 3.78e-04   grad 1.25   gamma=0.166   elapsed 595s
[helm-train] step  1500/4000   train 4.1282   lr 3.69e-04   grad 1.20   gamma=0.166   elapsed 613s
[helm-train] step  1550/4000   train 4.0927   lr 3.60e-04   grad 1.26   gamma=0.166   elapsed 631s
[helm-train] step  1600/4000   train 4.0993   lr 3.51e-04   grad 1.46   gamma=0.167   elapsed 648s
[helm-train] >>> eval @ 1600: train 4.0472   val 4.9955   ppl 147.75
[helm-train] step  1650/4000   train 4.0969   lr 3.41e-04   grad 1.27   gamma=0.167   elapsed 676s
[helm-train] step  1700/4000   train 4.0915   lr 3.31e-04   grad 1.38   gamma=0.167   elapsed 694s
[helm-train] step  1750/4000   train 4.0952   lr 3.22e-04   grad 1.39   gamma=0.168   elapsed 713s
[helm-train] step  1800/4000   train 4.0318   lr 3.12e-04   grad 1.36   gamma=0.168   elapsed 730s
[helm-train] >>> eval @ 1800: train 4.0359   val 5.0477   ppl 155.66
[helm-train] step  1850/4000   train 3.9990   lr 3.02e-04   grad 1.33   gamma=0.168   elapsed 757s
[helm-train] step  1900/4000   train 3.9879   lr 2.91e-04   grad 1.10   gamma=0.168   elapsed 776s
[helm-train] step  1950/4000   train 4.0300   lr 2.81e-04   grad 1.17   gamma=0.168   elapsed 794s
[helm-train] step  2000/4000   train 3.9753   lr 2.71e-04   grad 2.00   gamma=0.168   elapsed 815s
[helm-train] >>> eval @ 2000: train 3.9690   val 5.0633   ppl 158.12
[helm-train] step  2050/4000   train 3.9857   lr 2.61e-04   grad 1.35   gamma=0.168   elapsed 847s
[helm-train] step  2100/4000   train 3.9828   lr 2.50e-04   grad 1.27   gamma=0.168   elapsed 869s
[helm-train] step  2150/4000   train 3.9292   lr 2.40e-04   grad 1.35   gamma=0.168   elapsed 890s
[helm-train] step  2200/4000   train 3.9072   lr 2.30e-04   grad 1.23   gamma=0.168   elapsed 910s
[helm-train] >>> eval @ 2200: train 3.9154   val 4.9857   ppl 146.31
[helm-train] step  2250/4000   train 3.9259   lr 2.19e-04   grad 1.37   gamma=0.168   elapsed 939s
[helm-train] step  2300/4000   train 3.9279   lr 2.09e-04   grad 1.58   gamma=0.168   elapsed 961s
[helm-train] step  2350/4000   train 3.8696   lr 1.99e-04   grad 2.14   gamma=0.167   elapsed 982s
[helm-train] step  2400/4000   train 3.9037   lr 1.89e-04   grad 1.73   gamma=0.167   elapsed 1004s
[helm-train] >>> eval @ 2400: train 3.8979   val 5.0116   ppl 150.14
[helm-train] step  2450/4000   train 3.8493   lr 1.79e-04   grad 1.52   gamma=0.167   elapsed 1035s
[helm-train] step  2500/4000   train 3.8849   lr 1.69e-04   grad 1.46   gamma=0.167   elapsed 1055s
[helm-train] step  2550/4000   train 3.8604   lr 1.59e-04   grad 1.43   gamma=0.167   elapsed 1075s
[helm-train] step  2600/4000   train 3.8611   lr 1.50e-04   grad 1.54   gamma=0.167   elapsed 1095s
[helm-train] >>> eval @ 2600: train 3.8250   val 4.9958   ppl 147.79
[helm-train] step  2650/4000   train 3.7797   lr 1.40e-04   grad 1.40   gamma=0.166   elapsed 1125s
[helm-train] step  2700/4000   train 3.8446   lr 1.31e-04   grad 1.47   gamma=0.166   elapsed 1144s
[helm-train] step  2750/4000   train 3.8579   lr 1.22e-04   grad 1.61   gamma=0.166   elapsed 1164s
[helm-train] step  2800/4000   train 3.8107   lr 1.13e-04   grad 1.68   gamma=0.166   elapsed 1182s
[helm-train] >>> eval @ 2800: train 3.8382   val 4.9667   ppl 143.55
[helm-train] step  2850/4000   train 3.8482   lr 1.05e-04   grad 1.48   gamma=0.166   elapsed 1209s
[helm-train] step  2900/4000   train 3.8171   lr 9.66e-05   grad 1.41   gamma=0.166   elapsed 1226s
[helm-train] step  2950/4000   train 3.8074   lr 8.86e-05   grad 1.60   gamma=0.165   elapsed 1244s
[helm-train] step  3000/4000   train 3.7822   lr 8.08e-05   grad 1.77   gamma=0.165   elapsed 1263s
[helm-train] >>> eval @ 3000: train 3.8093   val 4.9653   ppl 143.36
[helm-train] step  3050/4000   train 3.8113   lr 7.34e-05   grad 1.50   gamma=0.165   elapsed 1291s
[helm-train] step  3100/4000   train 3.8096   lr 6.62e-05   grad 1.43   gamma=0.165   elapsed 1309s
[helm-train] step  3150/4000   train 3.7445   lr 5.94e-05   grad 1.46   gamma=0.164   elapsed 1326s
[helm-train] step  3200/4000   train 3.7674   lr 5.28e-05   grad 2.14   gamma=0.164   elapsed 1344s
[helm-train] >>> eval @ 3200: train 3.7930   val 5.0189   ppl 151.25
[helm-train] step  3250/4000   train 3.7595   lr 4.67e-05   grad 1.54   gamma=0.164   elapsed 1372s
[helm-train] step  3300/4000   train 3.7315   lr 4.08e-05   grad 1.42   gamma=0.164   elapsed 1390s
[helm-train] step  3350/4000   train 3.7861   lr 3.53e-05   grad 1.41   gamma=0.164   elapsed 1409s
[helm-train] step  3400/4000   train 3.7969   lr 3.02e-05   grad 1.47   gamma=0.164   elapsed 1427s
[helm-train] >>> eval @ 3400: train 3.7923   val 4.9945   ppl 147.60
[helm-train] step  3450/4000   train 3.7533   lr 2.55e-05   grad 1.68   gamma=0.164   elapsed 1453s
[helm-train] step  3500/4000   train 3.7285   lr 2.11e-05   grad 1.58   gamma=0.164   elapsed 1471s
[helm-train] step  3550/4000   train 3.7767   lr 1.72e-05   grad 1.61   gamma=0.164   elapsed 1488s
[helm-train] step  3600/4000   train 3.8071   lr 1.36e-05   grad 1.53   gamma=0.164   elapsed 1507s
[helm-train] >>> eval @ 3600: train 3.7365   val 5.0211   ppl 151.59
[helm-train] step  3650/4000   train 3.7761   lr 1.05e-05   grad 1.46   gamma=0.164   elapsed 1535s
[helm-train] step  3700/4000   train 3.7547   lr 7.70e-06   grad 1.64   gamma=0.164   elapsed 1554s
[helm-train] step  3750/4000   train 3.7646   lr 5.36e-06   grad 1.50   gamma=0.164   elapsed 1572s
[helm-train] step  3800/4000   train 3.7731   lr 3.44e-06   grad 1.36   gamma=0.164   elapsed 1591s
[helm-train] >>> eval @ 3800: train 3.7087   val 4.9340   ppl 138.93
[helm-train] step  3850/4000   train 3.7483   lr 1.95e-06   grad 1.53   gamma=0.164   elapsed 1618s
[helm-train] step  3900/4000   train 3.7488   lr 8.71e-07   grad 1.56   gamma=0.164   elapsed 1637s
[helm-train] step  3950/4000   train 3.7703   lr 2.22e-07   grad 1.48   gamma=0.164   elapsed 1654s
[helm-train] step  4000/4000   train 3.7679   lr 8.54e-11   grad 1.45   gamma=0.164   elapsed 1672s
[helm-train] >>> eval @ 4000: train 3.7684   val 4.9045   ppl 134.89
[helm-train] done in 1681s
[helm-train] saved checkpoint -> /Users/dimitargueorguiev/git/ml/semsimula/notebooks/conservative_arch/helmholtz/results/helm_AAAASSSS_vh128_shakespeare_seed0_ckpt_latest.pt
[helm-train] saved loss curve -> /Users/dimitargueorguiev/git/ml/semsimula/notebooks/conservative_arch/helmholtz/results/helm_AAAASSSS_vh128_shakespeare_seed0_loss_curve.png
[helm-train] saved summary -> /Users/dimitargueorguiev/git/ml/semsimula/notebooks/conservative_arch/helmholtz/results/helm_AAAASSSS_vh128_shakespeare_seed0_summary.md
[helm-h1p5] cell #00 training succeeded.
[helm-h1p5] 2026-05-06T09:11:59Z done.

[helm-h1p5] cell #01  AAAASSSS  vh=256   seed=0  ->  /Users/dimitargueorguiev/git/ml/semsimula/notebooks/conservative_arch/helmholtz/results/h1p5_narrow_v/AAAASSSS_vh256/seed0
[helm-h1p5] 2026-05-06T09:11:59Z start
[helm-train] device=mps  tag=helm_AAAASSSS_vh256_shakespeare_seed0
[helm-train] tokens: train=321,124  val=16,901
[helm-train] arch: schedule='AAAASSSS'  (n_S=4, n_A=4, L=8)  d=128, v_hidden=256, v_depth=3, n_head=4, fixed_gamma=None, causal_force=True, ln_after_s_step=True
[helm-train] params: 7,456,388  (target ~8.0 M, delta -0.544 M)
[helm-train] running causal-violation probe...
[helm-train] causal probe PASSED (perturbation + gradient-Jacobian, both modes < 1e-6)
[helm-train] step    50/4000   train 10.4577   lr 1.25e-04   grad 1.66   gamma=0.150   elapsed 18s
[helm-train] step   100/4000   train 9.2842   lr 2.50e-04   grad 1.67   gamma=0.149   elapsed 33s
[helm-train] step   150/4000   train 7.5610   lr 3.75e-04   grad 1.46   gamma=0.149   elapsed 51s
[helm-train] step   200/4000   train 6.3797   lr 5.00e-04   grad 0.82   gamma=0.150   elapsed 69s
[helm-train] >>> eval @ 200: train 6.0578   val 6.2206   ppl 502.99
[helm-train] step   250/4000   train 5.8771   lr 5.00e-04   grad 1.56   gamma=0.150   elapsed 98s
[helm-train] step   300/4000   train 5.5186   lr 4.99e-04   grad 0.89   gamma=0.150   elapsed 117s
[helm-train] step   350/4000   train 5.3106   lr 4.98e-04   grad 1.03   gamma=0.151   elapsed 136s
[helm-train] step   400/4000   train 5.1568   lr 4.97e-04   grad 1.15   gamma=0.151   elapsed 155s
[helm-train] >>> eval @ 400: train 5.0301   val 5.4534   ppl 233.54
[helm-train] step   450/4000   train 5.0262   lr 4.95e-04   grad 0.86   gamma=0.152   elapsed 184s
[helm-train] step   500/4000   train 4.9051   lr 4.92e-04   grad 0.98   gamma=0.152   elapsed 203s
[helm-train] step   550/4000   train 4.8644   lr 4.90e-04   grad 1.13   gamma=0.153   elapsed 224s
[helm-train] step   600/4000   train 4.7408   lr 4.87e-04   grad 1.08   gamma=0.153   elapsed 244s
[helm-train] >>> eval @ 600: train 4.7306   val 5.2641   ppl 193.26
[helm-train] step   650/4000   train 4.6502   lr 4.83e-04   grad 1.23   gamma=0.154   elapsed 272s
[helm-train] step   700/4000   train 4.6740   lr 4.79e-04   grad 1.25   gamma=0.155   elapsed 290s
[helm-train] step   750/4000   train 4.5604   lr 4.75e-04   grad 1.34   gamma=0.156   elapsed 308s
[helm-train] step   800/4000   train 4.5431   lr 4.70e-04   grad 1.56   gamma=0.157   elapsed 326s
[helm-train] >>> eval @ 800: train 4.5341   val 5.1823   ppl 178.10
[helm-train] step   850/4000   train 4.5139   lr 4.65e-04   grad 1.32   gamma=0.158   elapsed 353s
[helm-train] step   900/4000   train 4.4592   lr 4.59e-04   grad 1.46   gamma=0.159   elapsed 371s
[helm-train] step   950/4000   train 4.4497   lr 4.54e-04   grad 1.42   gamma=0.159   elapsed 389s
[helm-train] step  1000/4000   train 4.3680   lr 4.47e-04   grad 1.34   gamma=0.160   elapsed 409s
[helm-train] >>> eval @ 1000: train 4.4188   val 5.1375   ppl 170.29
[helm-train] step  1050/4000   train 4.3089   lr 4.41e-04   grad 1.44   gamma=0.161   elapsed 437s
[helm-train] step  1100/4000   train 4.2555   lr 4.34e-04   grad 1.11   gamma=0.161   elapsed 455s
[helm-train] step  1150/4000   train 4.2735   lr 4.27e-04   grad 1.15   gamma=0.162   elapsed 473s
[helm-train] step  1200/4000   train 4.2592   lr 4.19e-04   grad 1.42   gamma=0.163   elapsed 492s
[helm-train] >>> eval @ 1200: train 4.3014   val 5.0758   ppl 160.10
[helm-train] step  1250/4000   train 4.2612   lr 4.12e-04   grad 1.43   gamma=0.164   elapsed 518s
[helm-train] step  1300/4000   train 4.2194   lr 4.04e-04   grad 1.24   gamma=0.164   elapsed 537s
[helm-train] step  1350/4000   train 4.2209   lr 3.95e-04   grad 1.17   gamma=0.164   elapsed 556s
[helm-train] step  1400/4000   train 4.1784   lr 3.87e-04   grad 1.18   gamma=0.165   elapsed 574s
[helm-train] >>> eval @ 1400: train 4.1730   val 5.0080   ppl 149.60
[helm-train] step  1450/4000   train 4.1393   lr 3.78e-04   grad 1.23   gamma=0.165   elapsed 601s
[helm-train] step  1500/4000   train 4.1265   lr 3.69e-04   grad 1.30   gamma=0.166   elapsed 619s
[helm-train] step  1550/4000   train 4.0910   lr 3.60e-04   grad 1.23   gamma=0.166   elapsed 637s
[helm-train] step  1600/4000   train 4.0977   lr 3.51e-04   grad 1.34   gamma=0.166   elapsed 655s
[helm-train] >>> eval @ 1600: train 4.0428   val 4.9921   ppl 147.25
[helm-train] step  1650/4000   train 4.0957   lr 3.41e-04   grad 1.44   gamma=0.167   elapsed 682s
[helm-train] step  1700/4000   train 4.0890   lr 3.31e-04   grad 1.52   gamma=0.167   elapsed 700s
[helm-train] step  1750/4000   train 4.0935   lr 3.22e-04   grad 1.42   gamma=0.167   elapsed 718s
[helm-train] step  1800/4000   train 4.0306   lr 3.12e-04   grad 1.25   gamma=0.167   elapsed 738s
[helm-train] >>> eval @ 1800: train 4.0337   val 5.0565   ppl 157.03
[helm-train] step  1850/4000   train 3.9972   lr 3.02e-04   grad 1.35   gamma=0.167   elapsed 768s
[helm-train] step  1900/4000   train 3.9861   lr 2.91e-04   grad 1.19   gamma=0.167   elapsed 790s
[helm-train] step  1950/4000   train 4.0282   lr 2.81e-04   grad 1.19   gamma=0.167   elapsed 813s
[helm-train] step  2000/4000   train 3.9733   lr 2.71e-04   grad 1.83   gamma=0.167   elapsed 835s
[helm-train] >>> eval @ 2000: train 3.9675   val 5.0671   ppl 158.71
[helm-train] step  2050/4000   train 3.9830   lr 2.61e-04   grad 1.49   gamma=0.167   elapsed 867s
[helm-train] step  2100/4000   train 3.9800   lr 2.50e-04   grad 1.30   gamma=0.167   elapsed 888s
[helm-train] step  2150/4000   train 3.9271   lr 2.40e-04   grad 1.32   gamma=0.167   elapsed 909s
[helm-train] step  2200/4000   train 3.9037   lr 2.30e-04   grad 2.16   gamma=0.167   elapsed 930s
[helm-train] >>> eval @ 2200: train 3.9164   val 4.9936   ppl 147.46
[helm-train] step  2250/4000   train 3.9239   lr 2.19e-04   grad 1.43   gamma=0.167   elapsed 961s
[helm-train] step  2300/4000   train 3.9264   lr 2.09e-04   grad 1.63   gamma=0.167   elapsed 982s
[helm-train] step  2350/4000   train 3.8673   lr 1.99e-04   grad 1.78   gamma=0.166   elapsed 1003s
[helm-train] step  2400/4000   train 3.9023   lr 1.89e-04   grad 1.75   gamma=0.166   elapsed 1024s
[helm-train] >>> eval @ 2400: train 3.8950   val 5.0173   ppl 151.00
[helm-train] step  2450/4000   train 3.8469   lr 1.79e-04   grad 1.57   gamma=0.166   elapsed 1055s
[helm-train] step  2500/4000   train 3.8826   lr 1.69e-04   grad 1.48   gamma=0.166   elapsed 1076s
[helm-train] step  2550/4000   train 3.8582   lr 1.59e-04   grad 1.40   gamma=0.166   elapsed 1097s
[helm-train] step  2600/4000   train 3.8591   lr 1.50e-04   grad 1.51   gamma=0.166   elapsed 1118s
[helm-train] >>> eval @ 2600: train 3.8229   val 4.9989   ppl 148.26
[helm-train] step  2650/4000   train 3.7768   lr 1.40e-04   grad 1.34   gamma=0.165   elapsed 1149s
[helm-train] step  2700/4000   train 3.8423   lr 1.31e-04   grad 1.53   gamma=0.165   elapsed 1169s
[helm-train] step  2750/4000   train 3.8545   lr 1.22e-04   grad 1.66   gamma=0.165   elapsed 1190s
[helm-train] step  2800/4000   train 3.8087   lr 1.13e-04   grad 1.47   gamma=0.165   elapsed 1210s
[helm-train] >>> eval @ 2800: train 3.8371   val 4.9731   ppl 144.48
[helm-train] step  2850/4000   train 3.8468   lr 1.05e-04   grad 1.57   gamma=0.165   elapsed 1239s
[helm-train] step  2900/4000   train 3.8152   lr 9.66e-05   grad 1.37   gamma=0.165   elapsed 1260s
[helm-train] step  2950/4000   train 3.8045   lr 8.86e-05   grad 1.51   gamma=0.164   elapsed 1280s
[helm-train] step  3000/4000   train 3.7796   lr 8.08e-05   grad 1.63   gamma=0.164   elapsed 1300s
[helm-train] >>> eval @ 3000: train 3.8055   val 4.9727   ppl 144.42
[helm-train] step  3050/4000   train 3.8087   lr 7.34e-05   grad 1.54   gamma=0.164   elapsed 1331s
[helm-train] step  3100/4000   train 3.8074   lr 6.62e-05   grad 1.44   gamma=0.164   elapsed 1352s
[helm-train] step  3150/4000   train 3.7413   lr 5.94e-05   grad 1.50   gamma=0.164   elapsed 1373s
[helm-train] step  3200/4000   train 3.7637   lr 5.28e-05   grad 1.87   gamma=0.164   elapsed 1394s
[helm-train] >>> eval @ 3200: train 3.7902   val 5.0292   ppl 152.81
[helm-train] step  3250/4000   train 3.7571   lr 4.67e-05   grad 1.56   gamma=0.163   elapsed 1424s
[helm-train] step  3300/4000   train 3.7284   lr 4.08e-05   grad 1.46   gamma=0.163   elapsed 1445s
[helm-train] step  3350/4000   train 3.7837   lr 3.53e-05   grad 1.46   gamma=0.163   elapsed 1466s
[helm-train] step  3400/4000   train 3.7935   lr 3.02e-05   grad 1.41   gamma=0.163   elapsed 1488s
[helm-train] >>> eval @ 3400: train 3.7890   val 5.0065   ppl 149.39
[helm-train] step  3450/4000   train 3.7507   lr 2.55e-05   grad 1.70   gamma=0.163   elapsed 1518s
[helm-train] step  3500/4000   train 3.7270   lr 2.11e-05   grad 1.59   gamma=0.163   elapsed 1539s
[helm-train] step  3550/4000   train 3.7741   lr 1.72e-05   grad 1.54   gamma=0.163   elapsed 1560s
[helm-train] step  3600/4000   train 3.8035   lr 1.36e-05   grad 1.50   gamma=0.163   elapsed 1581s
[helm-train] >>> eval @ 3600: train 3.7332   val 5.0364   ppl 153.91
[helm-train] step  3650/4000   train 3.7726   lr 1.05e-05   grad 1.47   gamma=0.163   elapsed 1611s
[helm-train] step  3700/4000   train 3.7532   lr 7.70e-06   grad 1.61   gamma=0.163   elapsed 1632s
[helm-train] step  3750/4000   train 3.7621   lr 5.36e-06   grad 1.62   gamma=0.163   elapsed 1653s
[helm-train] step  3800/4000   train 3.7705   lr 3.44e-06   grad 1.35   gamma=0.163   elapsed 1674s
[helm-train] >>> eval @ 3800: train 3.7052   val 4.9480   ppl 140.90
[helm-train] step  3850/4000   train 3.7449   lr 1.95e-06   grad 1.47   gamma=0.163   elapsed 1705s
[helm-train] step  3900/4000   train 3.7458   lr 8.71e-07   grad 1.59   gamma=0.163   elapsed 1726s
[helm-train] step  3950/4000   train 3.7672   lr 2.22e-07   grad 1.47   gamma=0.163   elapsed 1747s
[helm-train] step  4000/4000   train 3.7659   lr 8.54e-11   grad 1.42   gamma=0.163   elapsed 1767s
[helm-train] >>> eval @ 4000: train 3.7648   val 4.9162   ppl 136.48
[helm-train] done in 1777s
[helm-train] saved checkpoint -> /Users/dimitargueorguiev/git/ml/semsimula/notebooks/conservative_arch/helmholtz/results/helm_AAAASSSS_vh256_shakespeare_seed0_ckpt_latest.pt
[helm-train] saved loss curve -> /Users/dimitargueorguiev/git/ml/semsimula/notebooks/conservative_arch/helmholtz/results/helm_AAAASSSS_vh256_shakespeare_seed0_loss_curve.png
[helm-train] saved summary -> /Users/dimitargueorguiev/git/ml/semsimula/notebooks/conservative_arch/helmholtz/results/helm_AAAASSSS_vh256_shakespeare_seed0_summary.md
[helm-h1p5] cell #01 training succeeded.
[helm-h1p5] 2026-05-06T09:41:44Z done.

[helm-h1p5] cell #02  AASSSSSS  vh=128   seed=0  ->  /Users/dimitargueorguiev/git/ml/semsimula/notebooks/conservative_arch/helmholtz/results/h1p5_narrow_v/AASSSSSS_vh128/seed0
[helm-h1p5] 2026-05-06T09:41:44Z start
[helm-train] device=mps  tag=helm_AASSSSSS_vh128_shakespeare_seed0
[helm-train] tokens: train=321,124  val=16,901
[helm-train] arch: schedule='AASSSSSS'  (n_S=6, n_A=2, L=8)  d=128, v_hidden=128, v_depth=3, n_head=4, fixed_gamma=None, causal_force=True, ln_after_s_step=True
[helm-train] params: 6,928,260  (target ~8.0 M, delta -1.072 M)
[helm-train] running causal-violation probe...
[helm-train] causal probe PASSED (perturbation + gradient-Jacobian, both modes < 1e-6)
[helm-train] step    50/4000   train 10.5134   lr 1.25e-04   grad 1.64   gamma=0.150   elapsed 17s
[helm-train] step   100/4000   train 9.3170   lr 2.50e-04   grad 1.67   gamma=0.149   elapsed 34s
[helm-train] step   150/4000   train 7.5700   lr 3.75e-04   grad 1.46   gamma=0.148   elapsed 52s
[helm-train] step   200/4000   train 6.4081   lr 5.00e-04   grad 2.49   gamma=0.149   elapsed 72s
[helm-train] >>> eval @ 200: train 6.1106   val 6.2692   ppl 528.04
[helm-train] step   250/4000   train 5.9417   lr 5.00e-04   grad 1.46   gamma=0.150   elapsed 102s
[helm-train] step   300/4000   train 5.5827   lr 4.99e-04   grad 1.18   gamma=0.150   elapsed 122s
[helm-train] step   350/4000   train 5.3616   lr 4.98e-04   grad 0.89   gamma=0.150   elapsed 143s
[helm-train] step   400/4000   train 5.1995   lr 4.97e-04   grad 1.15   gamma=0.150   elapsed 163s
[helm-train] >>> eval @ 400: train 5.0695   val 5.4789   ppl 239.57
[helm-train] step   450/4000   train 5.0602   lr 4.95e-04   grad 0.97   gamma=0.151   elapsed 194s
[helm-train] step   500/4000   train 4.9346   lr 4.92e-04   grad 1.43   gamma=0.151   elapsed 214s
[helm-train] step   550/4000   train 4.8939   lr 4.90e-04   grad 1.08   gamma=0.152   elapsed 233s
[helm-train] step   600/4000   train 4.7714   lr 4.87e-04   grad 1.03   gamma=0.152   elapsed 254s
[helm-train] >>> eval @ 600: train 4.7625   val 5.3048   ppl 201.30
[helm-train] step   650/4000   train 4.6877   lr 4.83e-04   grad 1.13   gamma=0.153   elapsed 286s
[helm-train] step   700/4000   train 4.7113   lr 4.79e-04   grad 1.08   gamma=0.153   elapsed 306s
[helm-train] step   750/4000   train 4.6040   lr 4.75e-04   grad 1.44   gamma=0.153   elapsed 326s
[helm-train] step   800/4000   train 4.5841   lr 4.70e-04   grad 1.25   gamma=0.154   elapsed 345s
[helm-train] >>> eval @ 800: train 4.5655   val 5.2258   ppl 186.01
[helm-train] step   850/4000   train 4.5551   lr 4.65e-04   grad 1.12   gamma=0.154   elapsed 376s
[helm-train] step   900/4000   train 4.5002   lr 4.59e-04   grad 1.99   gamma=0.155   elapsed 396s
[helm-train] step   950/4000   train 4.4847   lr 4.54e-04   grad 2.65   gamma=0.155   elapsed 415s
[helm-train] step  1000/4000   train 4.4043   lr 4.47e-04   grad 1.87   gamma=0.155   elapsed 435s
[helm-train] >>> eval @ 1000: train 4.4681   val 5.1804   ppl 177.76
[helm-train] step  1050/4000   train 4.3416   lr 4.41e-04   grad 1.88   gamma=0.156   elapsed 465s
[helm-train] step  1100/4000   train 4.2906   lr 4.34e-04   grad 2.20   gamma=0.156   elapsed 485s
[helm-train] step  1150/4000   train 4.3021   lr 4.27e-04   grad 1.34   gamma=0.157   elapsed 505s
[helm-train] step  1200/4000   train 4.2869   lr 4.19e-04   grad 2.34   gamma=0.157   elapsed 524s
[helm-train] >>> eval @ 1200: train 4.3265   val 5.0828   ppl 161.22
[helm-train] step  1250/4000   train 4.2885   lr 4.12e-04   grad 1.82   gamma=0.158   elapsed 555s
[helm-train] step  1300/4000   train 4.2454   lr 4.04e-04   grad 3.35   gamma=0.158   elapsed 574s
[helm-train] step  1350/4000   train 4.2496   lr 3.95e-04   grad 1.19   gamma=0.158   elapsed 594s
[helm-train] step  1400/4000   train 4.2075   lr 3.87e-04   grad 1.65   gamma=0.159   elapsed 614s
[helm-train] >>> eval @ 1400: train 4.2024   val 5.0120   ppl 150.21
[helm-train] step  1450/4000   train 4.1662   lr 3.78e-04   grad 1.71   gamma=0.159   elapsed 644s
[helm-train] step  1500/4000   train 4.1552   lr 3.69e-04   grad 1.47   gamma=0.160   elapsed 664s
[helm-train] step  1550/4000   train 4.1204   lr 3.60e-04   grad 1.16   gamma=0.160   elapsed 684s
[helm-train] step  1600/4000   train 4.1242   lr 3.51e-04   grad 1.85   gamma=0.161   elapsed 703s
[helm-train] >>> eval @ 1600: train 4.0743   val 5.0450   ppl 155.24
[helm-train] step  1650/4000   train 4.1256   lr 3.41e-04   grad 1.51   gamma=0.161   elapsed 733s
[helm-train] step  1700/4000   train 4.1172   lr 3.31e-04   grad 1.55   gamma=0.161   elapsed 753s
[helm-train] step  1750/4000   train 4.1211   lr 3.22e-04   grad 1.92   gamma=0.161   elapsed 773s
[helm-train] step  1800/4000   train 4.0608   lr 3.12e-04   grad 1.58   gamma=0.162   elapsed 794s
[helm-train] >>> eval @ 1800: train 4.0633   val 5.0596   ppl 157.53
[helm-train] step  1850/4000   train 4.0264   lr 3.02e-04   grad 1.67   gamma=0.162   elapsed 825s
[helm-train] step  1900/4000   train 4.0247   lr 2.91e-04   grad 1.95   gamma=0.162   elapsed 845s
[helm-train] step  1950/4000   train 4.0636   lr 2.81e-04   grad 1.43   gamma=0.162   elapsed 865s
[helm-train] step  2000/4000   train 4.0056   lr 2.71e-04   grad 3.64   gamma=0.162   elapsed 884s
[helm-train] >>> eval @ 2000: train 4.0020   val 5.0893   ppl 162.27
[helm-train] step  2050/4000   train 4.0214   lr 2.61e-04   grad 2.08   gamma=0.163   elapsed 915s
[helm-train] step  2100/4000   train 4.0179   lr 2.50e-04   grad 1.47   gamma=0.163   elapsed 935s
[helm-train] step  2150/4000   train 3.9649   lr 2.40e-04   grad 1.51   gamma=0.163   elapsed 955s
[helm-train] step  2200/4000   train 3.9410   lr 2.30e-04   grad 2.16   gamma=0.163   elapsed 975s
[helm-train] >>> eval @ 2200: train 3.9595   val 5.0367   ppl 153.96
[helm-train] step  2250/4000   train 3.9721   lr 2.19e-04   grad 1.65   gamma=0.163   elapsed 1005s
[helm-train] step  2300/4000   train 3.9631   lr 2.09e-04   grad 1.80   gamma=0.163   elapsed 1024s
[helm-train] step  2350/4000   train 3.9083   lr 1.99e-04   grad 2.52   gamma=0.163   elapsed 1045s
[helm-train] step  2400/4000   train 3.9435   lr 1.89e-04   grad 1.60   gamma=0.163   elapsed 1064s
[helm-train] >>> eval @ 2400: train 3.9364   val 5.0503   ppl 156.06
[helm-train] step  2450/4000   train 3.8942   lr 1.79e-04   grad 1.57   gamma=0.163   elapsed 1093s
[helm-train] step  2500/4000   train 3.9288   lr 1.69e-04   grad 2.35   gamma=0.163   elapsed 1112s
[helm-train] step  2550/4000   train 3.9037   lr 1.59e-04   grad 1.84   gamma=0.163   elapsed 1131s
[helm-train] step  2600/4000   train 3.9047   lr 1.50e-04   grad 1.75   gamma=0.163   elapsed 1150s
[helm-train] >>> eval @ 2600: train 3.8664   val 5.0400   ppl 154.47
[helm-train] step  2650/4000   train 3.8245   lr 1.40e-04   grad 1.86   gamma=0.163   elapsed 1181s
[helm-train] step  2700/4000   train 3.8887   lr 1.31e-04   grad 1.69   gamma=0.163   elapsed 1200s
[helm-train] step  2750/4000   train 3.9004   lr 1.22e-04   grad 1.57   gamma=0.163   elapsed 1220s
[helm-train] step  2800/4000   train 3.8560   lr 1.13e-04   grad 1.65   gamma=0.163   elapsed 1239s
[helm-train] >>> eval @ 2800: train 3.8841   val 4.9853   ppl 146.25
[helm-train] step  2850/4000   train 3.8944   lr 1.05e-04   grad 2.01   gamma=0.163   elapsed 1269s
[helm-train] step  2900/4000   train 3.8627   lr 9.66e-05   grad 1.94   gamma=0.163   elapsed 1288s
[helm-train] step  2950/4000   train 3.8576   lr 8.86e-05   grad 2.11   gamma=0.163   elapsed 1307s
[helm-train] step  3000/4000   train 3.8343   lr 8.08e-05   grad 1.75   gamma=0.163   elapsed 1327s
[helm-train] >>> eval @ 3000: train 3.8552   val 4.9861   ppl 146.36
[helm-train] step  3050/4000   train 3.8603   lr 7.34e-05   grad 1.87   gamma=0.163   elapsed 1357s
[helm-train] step  3100/4000   train 3.8614   lr 6.62e-05   grad 2.30   gamma=0.163   elapsed 1376s
[helm-train] step  3150/4000   train 3.7963   lr 5.94e-05   grad 1.81   gamma=0.163   elapsed 1396s
[helm-train] step  3200/4000   train 3.8180   lr 5.28e-05   grad 1.60   gamma=0.163   elapsed 1415s
[helm-train] >>> eval @ 3200: train 3.8446   val 5.0455   ppl 155.32
[helm-train] step  3250/4000   train 3.8111   lr 4.67e-05   grad 1.63   gamma=0.163   elapsed 1444s
[helm-train] step  3300/4000   train 3.7840   lr 4.08e-05   grad 1.81   gamma=0.163   elapsed 1463s
[helm-train] step  3350/4000   train 3.8405   lr 3.53e-05   grad 1.75   gamma=0.163   elapsed 1481s
[helm-train] step  3400/4000   train 3.8492   lr 3.02e-05   grad 1.60   gamma=0.163   elapsed 1500s
[helm-train] >>> eval @ 3400: train 3.8428   val 5.0311   ppl 153.10
[helm-train] step  3450/4000   train 3.8068   lr 2.55e-05   grad 2.41   gamma=0.163   elapsed 1531s
[helm-train] step  3500/4000   train 3.7821   lr 2.11e-05   grad 1.60   gamma=0.163   elapsed 1550s
[helm-train] step  3550/4000   train 3.8336   lr 1.72e-05   grad 1.49   gamma=0.163   elapsed 1569s
[helm-train] step  3600/4000   train 3.8613   lr 1.36e-05   grad 1.86   gamma=0.163   elapsed 1588s
[helm-train] >>> eval @ 3600: train 3.7929   val 5.0495   ppl 155.95
[helm-train] step  3650/4000   train 3.8318   lr 1.05e-05   grad 1.59   gamma=0.163   elapsed 1616s
[helm-train] step  3700/4000   train 3.8127   lr 7.70e-06   grad 1.72   gamma=0.163   elapsed 1635s
[helm-train] step  3750/4000   train 3.8199   lr 5.36e-06   grad 2.09   gamma=0.163   elapsed 1654s
[helm-train] step  3800/4000   train 3.8284   lr 3.44e-06   grad 1.55   gamma=0.163   elapsed 1672s
[helm-train] >>> eval @ 3800: train 3.7643   val 4.9648   ppl 143.27
[helm-train] step  3850/4000   train 3.8053   lr 1.95e-06   grad 1.68   gamma=0.163   elapsed 1703s
[helm-train] step  3900/4000   train 3.8061   lr 8.71e-07   grad 1.70   gamma=0.163   elapsed 1722s
[helm-train] step  3950/4000   train 3.8250   lr 2.22e-07   grad 1.47   gamma=0.163   elapsed 1742s
[helm-train] step  4000/4000   train 3.8213   lr 8.54e-11   grad 1.48   gamma=0.163   elapsed 1761s
[helm-train] >>> eval @ 4000: train 3.8238   val 4.9390   ppl 139.63
[helm-train] done in 1772s
[helm-train] saved checkpoint -> /Users/dimitargueorguiev/git/ml/semsimula/notebooks/conservative_arch/helmholtz/results/helm_AASSSSSS_vh128_shakespeare_seed0_ckpt_latest.pt
[helm-train] saved loss curve -> /Users/dimitargueorguiev/git/ml/semsimula/notebooks/conservative_arch/helmholtz/results/helm_AASSSSSS_vh128_shakespeare_seed0_loss_curve.png
[helm-train] saved summary -> /Users/dimitargueorguiev/git/ml/semsimula/notebooks/conservative_arch/helmholtz/results/helm_AASSSSSS_vh128_shakespeare_seed0_summary.md
[helm-h1p5] cell #02 training succeeded.
[helm-h1p5] 2026-05-06T10:11:26Z done.

[helm-h1p5] cell #03  AASSSSSS  vh=256   seed=0  ->  /Users/dimitargueorguiev/git/ml/semsimula/notebooks/conservative_arch/helmholtz/results/h1p5_narrow_v/AASSSSSS_vh256/seed0
[helm-h1p5] 2026-05-06T10:11:26Z start
[helm-train] device=mps  tag=helm_AASSSSSS_vh256_shakespeare_seed0
[helm-train] tokens: train=321,124  val=16,901
[helm-train] arch: schedule='AASSSSSS'  (n_S=6, n_A=2, L=8)  d=128, v_hidden=256, v_depth=3, n_head=4, fixed_gamma=None, causal_force=True, ln_after_s_step=True
[helm-train] params: 7,059,844  (target ~8.0 M, delta -0.940 M)
[helm-train] running causal-violation probe...
[helm-train] causal probe PASSED (perturbation + gradient-Jacobian, both modes < 1e-6)
[helm-train] step    50/4000   train 10.5134   lr 1.25e-04   grad 1.64   gamma=0.150   elapsed 17s
[helm-train] step   100/4000   train 9.3170   lr 2.50e-04   grad 1.67   gamma=0.149   elapsed 34s
[helm-train] step   150/4000   train 7.5699   lr 3.75e-04   grad 1.46   gamma=0.148   elapsed 52s
[helm-train] step   200/4000   train 6.4077   lr 5.00e-04   grad 1.65   gamma=0.149   elapsed 73s
[helm-train] >>> eval @ 200: train 6.1088   val 6.2679   ppl 527.35
[helm-train] step   250/4000   train 5.9392   lr 5.00e-04   grad 1.78   gamma=0.150   elapsed 104s
[helm-train] step   300/4000   train 5.5829   lr 4.99e-04   grad 1.22   gamma=0.150   elapsed 124s
[helm-train] step   350/4000   train 5.3606   lr 4.98e-04   grad 0.88   gamma=0.150   elapsed 145s
[helm-train] step   400/4000   train 5.1981   lr 4.97e-04   grad 1.06   gamma=0.150   elapsed 165s
[helm-train] >>> eval @ 400: train 5.0664   val 5.4792   ppl 239.65
[helm-train] step   450/4000   train 5.0569   lr 4.95e-04   grad 1.02   gamma=0.151   elapsed 196s
[helm-train] step   500/4000   train 4.9316   lr 4.92e-04   grad 1.04   gamma=0.151   elapsed 216s
[helm-train] step   550/4000   train 4.8897   lr 4.90e-04   grad 1.03   gamma=0.151   elapsed 236s
[helm-train] step   600/4000   train 4.7681   lr 4.87e-04   grad 1.14   gamma=0.152   elapsed 256s
[helm-train] >>> eval @ 600: train 4.7600   val 5.3010   ppl 200.54
[helm-train] step   650/4000   train 4.6856   lr 4.83e-04   grad 1.06   gamma=0.152   elapsed 287s
[helm-train] step   700/4000   train 4.7096   lr 4.79e-04   grad 1.05   gamma=0.152   elapsed 307s
[helm-train] step   750/4000   train 4.6027   lr 4.75e-04   grad 1.23   gamma=0.153   elapsed 327s
[helm-train] step   800/4000   train 4.5807   lr 4.70e-04   grad 1.75   gamma=0.153   elapsed 347s
[helm-train] >>> eval @ 800: train 4.5693   val 5.2242   ppl 185.71
[helm-train] step   850/4000   train 4.5520   lr 4.65e-04   grad 1.81   gamma=0.153   elapsed 378s
[helm-train] step   900/4000   train 4.4983   lr 4.59e-04   grad 1.24   gamma=0.154   elapsed 398s
[helm-train] step   950/4000   train 4.4813   lr 4.54e-04   grad 2.33   gamma=0.154   elapsed 418s
[helm-train] step  1000/4000   train 4.4012   lr 4.47e-04   grad 1.54   gamma=0.155   elapsed 438s
[helm-train] >>> eval @ 1000: train 4.4799   val 5.1952   ppl 180.41
[helm-train] step  1050/4000   train 4.3387   lr 4.41e-04   grad 1.37   gamma=0.155   elapsed 469s
[helm-train] step  1100/4000   train 4.2853   lr 4.34e-04   grad 1.86   gamma=0.155   elapsed 489s
[helm-train] step  1150/4000   train 4.2975   lr 4.27e-04   grad 1.42   gamma=0.156   elapsed 509s
[helm-train] step  1200/4000   train 4.2878   lr 4.19e-04   grad 2.47   gamma=0.156   elapsed 529s
[helm-train] >>> eval @ 1200: train 4.3232   val 5.0794   ppl 160.67
[helm-train] step  1250/4000   train 4.2862   lr 4.12e-04   grad 1.54   gamma=0.157   elapsed 560s
[helm-train] step  1300/4000   train 4.2440   lr 4.04e-04   grad 1.31   gamma=0.157   elapsed 583s
[helm-train] step  1350/4000   train 4.2539   lr 3.95e-04   grad 1.49   gamma=0.157   elapsed 604s
[helm-train] step  1400/4000   train 4.2072   lr 3.87e-04   grad 1.62   gamma=0.158   elapsed 623s
[helm-train] >>> eval @ 1400: train 4.2072   val 5.0170   ppl 150.95
[helm-train] step  1450/4000   train 4.1665   lr 3.78e-04   grad 1.32   gamma=0.158   elapsed 652s
[helm-train] step  1500/4000   train 4.1574   lr 3.69e-04   grad 2.97   gamma=0.159   elapsed 670s
[helm-train] step  1550/4000   train 4.1202   lr 3.60e-04   grad 1.35   gamma=0.159   elapsed 689s
[helm-train] step  1600/4000   train 4.1279   lr 3.51e-04   grad 1.80   gamma=0.160   elapsed 708s
[helm-train] >>> eval @ 1600: train 4.0747   val 5.0356   ppl 153.79
[helm-train] step  1650/4000   train 4.1259   lr 3.41e-04   grad 1.71   gamma=0.160   elapsed 737s
[helm-train] step  1700/4000   train 4.1171   lr 3.31e-04   grad 2.53   gamma=0.160   elapsed 755s
[helm-train] step  1750/4000   train 4.1237   lr 3.22e-04   grad 1.51   gamma=0.161   elapsed 775s
[helm-train] step  1800/4000   train 4.0611   lr 3.12e-04   grad 1.62   gamma=0.161   elapsed 795s
[helm-train] >>> eval @ 1800: train 4.0642   val 5.0772   ppl 160.33
[helm-train] step  1850/4000   train 4.0283   lr 3.02e-04   grad 1.81   gamma=0.161   elapsed 825s
[helm-train] step  1900/4000   train 4.0212   lr 2.91e-04   grad 2.58   gamma=0.161   elapsed 844s
[helm-train] step  1950/4000   train 4.0638   lr 2.81e-04   grad 1.84   gamma=0.162   elapsed 864s
[helm-train] step  2000/4000   train 4.0076   lr 2.71e-04   grad 2.19   gamma=0.162   elapsed 884s
[helm-train] >>> eval @ 2000: train 4.0050   val 5.0914   ppl 162.61
[helm-train] step  2050/4000   train 4.0231   lr 2.61e-04   grad 1.82   gamma=0.162   elapsed 913s
[helm-train] step  2100/4000   train 4.0193   lr 2.50e-04   grad 1.71   gamma=0.162   elapsed 932s
[helm-train] step  2150/4000   train 3.9654   lr 2.40e-04   grad 1.70   gamma=0.162   elapsed 951s
[helm-train] step  2200/4000   train 3.9420   lr 2.30e-04   grad 2.25   gamma=0.162   elapsed 970s
[helm-train] >>> eval @ 2200: train 3.9600   val 5.0400   ppl 154.48
[helm-train] step  2250/4000   train 3.9715   lr 2.19e-04   grad 2.38   gamma=0.163   elapsed 1000s
[helm-train] step  2300/4000   train 3.9643   lr 2.09e-04   grad 1.86   gamma=0.163   elapsed 1020s
[helm-train] step  2350/4000   train 3.9107   lr 1.99e-04   grad 2.71   gamma=0.163   elapsed 1039s
[helm-train] step  2400/4000   train 3.9448   lr 1.89e-04   grad 1.51   gamma=0.163   elapsed 1059s
[helm-train] >>> eval @ 2400: train 3.9365   val 5.0551   ppl 156.81
[helm-train] step  2450/4000   train 3.8946   lr 1.79e-04   grad 2.13   gamma=0.163   elapsed 1093s
[helm-train] step  2500/4000   train 3.9292   lr 1.69e-04   grad 1.81   gamma=0.163   elapsed 1113s
[helm-train] step  2550/4000   train 3.9061   lr 1.59e-04   grad 1.65   gamma=0.163   elapsed 1132s
[helm-train] step  2600/4000   train 3.9055   lr 1.50e-04   grad 2.08   gamma=0.163   elapsed 1150s
[helm-train] >>> eval @ 2600: train 3.8659   val 5.0384   ppl 154.22
[helm-train] step  2650/4000   train 3.8256   lr 1.40e-04   grad 1.58   gamma=0.163   elapsed 1178s
[helm-train] step  2700/4000   train 3.8900   lr 1.31e-04   grad 2.01   gamma=0.163   elapsed 1198s
[helm-train] step  2750/4000   train 3.9019   lr 1.22e-04   grad 1.55   gamma=0.163   elapsed 1217s
[helm-train] step  2800/4000   train 3.8569   lr 1.13e-04   grad 1.66   gamma=0.163   elapsed 1236s
[helm-train] >>> eval @ 2800: train 3.8841   val 4.9940   ppl 147.53
[helm-train] step  2850/4000   train 3.8952   lr 1.05e-04   grad 1.63   gamma=0.163   elapsed 1265s
[helm-train] step  2900/4000   train 3.8636   lr 9.66e-05   grad 2.56   gamma=0.163   elapsed 1284s
[helm-train] step  2950/4000   train 3.8584   lr 8.86e-05   grad 2.18   gamma=0.163   elapsed 1303s
[helm-train] step  3000/4000   train 3.8349   lr 8.08e-05   grad 1.82   gamma=0.163   elapsed 1322s
[helm-train] >>> eval @ 3000: train 3.8555   val 4.9898   ppl 146.91
[helm-train] step  3050/4000   train 3.8622   lr 7.34e-05   grad 2.08   gamma=0.163   elapsed 1352s
[helm-train] step  3100/4000   train 3.8637   lr 6.62e-05   grad 2.30   gamma=0.163   elapsed 1372s
[helm-train] step  3150/4000   train 3.7972   lr 5.94e-05   grad 1.89   gamma=0.163   elapsed 1391s
[helm-train] step  3200/4000   train 3.8210   lr 5.28e-05   grad 1.76   gamma=0.163   elapsed 1409s
[helm-train] >>> eval @ 3200: train 3.8451   val 5.0545   ppl 156.73
[helm-train] step  3250/4000   train 3.8117   lr 4.67e-05   grad 1.52   gamma=0.163   elapsed 1438s
[helm-train] step  3300/4000   train 3.7862   lr 4.08e-05   grad 1.79   gamma=0.163   elapsed 1456s
[helm-train] step  3350/4000   train 3.8418   lr 3.53e-05   grad 2.11   gamma=0.163   elapsed 1473s
[helm-train] step  3400/4000   train 3.8503   lr 3.02e-05   grad 1.51   gamma=0.163   elapsed 1491s
[helm-train] >>> eval @ 3400: train 3.8442   val 5.0363   ppl 153.89
[helm-train] step  3450/4000   train 3.8081   lr 2.55e-05   grad 2.30   gamma=0.163   elapsed 1517s
[helm-train] step  3500/4000   train 3.7840   lr 2.11e-05   grad 1.57   gamma=0.163   elapsed 1534s
[helm-train] step  3550/4000   train 3.8349   lr 1.72e-05   grad 1.47   gamma=0.163   elapsed 1551s
[helm-train] step  3600/4000   train 3.8622   lr 1.36e-05   grad 1.86   gamma=0.163   elapsed 1570s
[helm-train] >>> eval @ 3600: train 3.7937   val 5.0566   ppl 157.05
[helm-train] step  3650/4000   train 3.8332   lr 1.05e-05   grad 1.58   gamma=0.163   elapsed 1598s
[helm-train] step  3700/4000   train 3.8127   lr 7.70e-06   grad 1.64   gamma=0.163   elapsed 1615s
[helm-train] step  3750/4000   train 3.8208   lr 5.36e-06   grad 1.98   gamma=0.163   elapsed 1633s
[helm-train] step  3800/4000   train 3.8300   lr 3.44e-06   grad 1.52   gamma=0.163   elapsed 1650s
[helm-train] >>> eval @ 3800: train 3.7647   val 4.9709   ppl 144.15
[helm-train] step  3850/4000   train 3.8052   lr 1.95e-06   grad 1.66   gamma=0.163   elapsed 1678s
[helm-train] step  3900/4000   train 3.8064   lr 8.71e-07   grad 1.63   gamma=0.163   elapsed 1696s
[helm-train] step  3950/4000   train 3.8262   lr 2.22e-07   grad 1.51   gamma=0.163   elapsed 1715s
[helm-train] step  4000/4000   train 3.8231   lr 8.54e-11   grad 1.48   gamma=0.163   elapsed 1734s
[helm-train] >>> eval @ 4000: train 3.8250   val 4.9445   ppl 140.40
[helm-train] done in 1744s
[helm-train] saved checkpoint -> /Users/dimitargueorguiev/git/ml/semsimula/notebooks/conservative_arch/helmholtz/results/helm_AASSSSSS_vh256_shakespeare_seed0_ckpt_latest.pt
[helm-train] saved loss curve -> /Users/dimitargueorguiev/git/ml/semsimula/notebooks/conservative_arch/helmholtz/results/helm_AASSSSSS_vh256_shakespeare_seed0_loss_curve.png
[helm-train] saved summary -> /Users/dimitargueorguiev/git/ml/semsimula/notebooks/conservative_arch/helmholtz/results/helm_AASSSSSS_vh256_shakespeare_seed0_summary.md
[helm-h1p5] cell #03 training succeeded.
[helm-h1p5] 2026-05-06T10:40:38Z done.

[helm-h1p5] sweep complete.  cells run: 4
[helm-h1p5] outputs under: /Users/dimitargueorguiev/git/ml/semsimula/notebooks/conservative_arch/helmholtz/results/h1p5_narrow_v
[helm-h1p5] aggregate:  python3 /Users/dimitargueorguiev/git/ml/semsimula/notebooks/conservative_arch/helmholtz/aggregate_h1p5.py
