[helm-train] device=mps  tag=helm_AAAASSSS_vh128_shakespeare_seed4
[helm-train] tokens: train=321,124  val=16,901
[helm-train] arch: schedule='AAAASSSS'  (n_S=4, n_A=4, L=8)  d=128, v_hidden=128, v_depth=3, n_head=4, fixed_gamma=None, causal_force=True, ln_after_s_step=True
[helm-train] params: 7,324,804  (target ~8.0 M, delta -0.675 M)
[helm-train] running causal-violation probe...
[helm-train] causal probe PASSED (perturbation + gradient-Jacobian, both modes < 1e-6)
[helm-train] step    50/4000   train 10.4171   lr 1.25e-04   grad 1.72   gamma=0.150   elapsed 29s
[helm-train] step   100/4000   train 9.2206   lr 2.50e-04   grad 1.72   gamma=0.149   elapsed 54s
[helm-train] step   150/4000   train 7.4992   lr 3.75e-04   grad 1.83   gamma=0.149   elapsed 81s
[helm-train] step   200/4000   train 6.3495   lr 5.00e-04   grad 1.53   gamma=0.150   elapsed 108s
[helm-train] >>> eval @ 200: train 6.0712   val 6.2335   ppl 509.54
[helm-train] step   250/4000   train 5.8937   lr 5.00e-04   grad 1.04   gamma=0.151   elapsed 149s
[helm-train] step   300/4000   train 5.5531   lr 4.99e-04   grad 1.22   gamma=0.151   elapsed 178s
[helm-train] step   350/4000   train 5.3083   lr 4.98e-04   grad 1.02   gamma=0.152   elapsed 206s
[helm-train] step   400/4000   train 5.1773   lr 4.97e-04   grad 1.31   gamma=0.152   elapsed 233s
[helm-train] >>> eval @ 400: train 5.0695   val 5.4743   ppl 238.49
[helm-train] step   450/4000   train 5.0125   lr 4.95e-04   grad 1.57   gamma=0.153   elapsed 274s
[helm-train] step   500/4000   train 4.9082   lr 4.92e-04   grad 0.91   gamma=0.153   elapsed 302s
[helm-train] step   550/4000   train 4.8142   lr 4.90e-04   grad 1.11   gamma=0.154   elapsed 330s
[helm-train] step   600/4000   train 4.7427   lr 4.87e-04   grad 1.22   gamma=0.155   elapsed 362s
[helm-train] >>> eval @ 600: train 4.7210   val 5.2705   ppl 194.51
[helm-train] step   650/4000   train 4.7083   lr 4.83e-04   grad 1.28   gamma=0.155   elapsed 412s
[helm-train] step   700/4000   train 4.6495   lr 4.79e-04   grad 0.98   gamma=0.156   elapsed 441s
[helm-train] step   750/4000   train 4.5424   lr 4.75e-04   grad 1.36   gamma=0.157   elapsed 471s
[helm-train] step   800/4000   train 4.5612   lr 4.70e-04   grad 1.43   gamma=0.158   elapsed 502s
[helm-train] >>> eval @ 800: train 4.5026   val 5.1962   ppl 180.59
[helm-train] step   850/4000   train 4.5020   lr 4.65e-04   grad 1.36   gamma=0.159   elapsed 550s
[helm-train] step   900/4000   train 4.4643   lr 4.59e-04   grad 1.33   gamma=0.161   elapsed 582s
[helm-train] step   950/4000   train 4.4331   lr 4.54e-04   grad 1.20   gamma=0.162   elapsed 613s
[helm-train] step  1000/4000   train 4.3607   lr 4.47e-04   grad 1.09   gamma=0.163   elapsed 643s
[helm-train] >>> eval @ 1000: train 4.3690   val 5.1103   ppl 165.72
[helm-train] step  1050/4000   train 4.3649   lr 4.41e-04   grad 1.28   gamma=0.164   elapsed 689s
[helm-train] step  1100/4000   train 4.2832   lr 4.34e-04   grad 1.02   gamma=0.165   elapsed 721s
[helm-train] step  1150/4000   train 4.2586   lr 4.27e-04   grad 1.41   gamma=0.166   elapsed 753s
[helm-train] step  1200/4000   train 4.2893   lr 4.19e-04   grad 1.24   gamma=0.166   elapsed 784s
[helm-train] >>> eval @ 1200: train 4.2326   val 5.1066   ppl 165.11
[helm-train] step  1250/4000   train 4.2364   lr 4.12e-04   grad 1.51   gamma=0.167   elapsed 831s
[helm-train] step  1300/4000   train 4.2112   lr 4.04e-04   grad 1.25   gamma=0.168   elapsed 863s
[helm-train] step  1350/4000   train 4.1747   lr 3.95e-04   grad 1.14   gamma=0.168   elapsed 894s
[helm-train] step  1400/4000   train 4.1893   lr 3.87e-04   grad 1.40   gamma=0.169   elapsed 929s
[helm-train] >>> eval @ 1400: train 4.2144   val 5.0813   ppl 160.98
[helm-train] step  1450/4000   train 4.1387   lr 3.78e-04   grad 1.17   gamma=0.169   elapsed 971s
[helm-train] step  1500/4000   train 4.1305   lr 3.69e-04   grad 1.34   gamma=0.170   elapsed 999s
[helm-train] step  1550/4000   train 4.1147   lr 3.60e-04   grad 1.19   gamma=0.171   elapsed 1026s
[helm-train] step  1600/4000   train 4.1018   lr 3.51e-04   grad 1.29   gamma=0.171   elapsed 1054s
[helm-train] >>> eval @ 1600: train 4.0761   val 4.9939   ppl 147.51
[helm-train] step  1650/4000   train 4.0756   lr 3.41e-04   grad 1.15   gamma=0.172   elapsed 1092s
[helm-train] step  1700/4000   train 4.0482   lr 3.31e-04   grad 1.39   gamma=0.172   elapsed 1119s
[helm-train] step  1750/4000   train 4.0289   lr 3.22e-04   grad 1.39   gamma=0.173   elapsed 1146s
[helm-train] step  1800/4000   train 4.0197   lr 3.12e-04   grad 1.75   gamma=0.173   elapsed 1174s
[helm-train] >>> eval @ 1800: train 4.0151   val 4.9906   ppl 147.02
[helm-train] step  1850/4000   train 4.0593   lr 3.02e-04   grad 1.33   gamma=0.173   elapsed 1215s
[helm-train] step  1900/4000   train 3.9685   lr 2.91e-04   grad 1.37   gamma=0.173   elapsed 1243s
[helm-train] step  1950/4000   train 3.9763   lr 2.81e-04   grad 1.31   gamma=0.173   elapsed 1271s
[helm-train] step  2000/4000   train 3.9906   lr 2.71e-04   grad 1.29   gamma=0.174   elapsed 1298s
[helm-train] >>> eval @ 2000: train 3.9596   val 5.0185   ppl 151.19
[helm-train] step  2050/4000   train 3.9820   lr 2.61e-04   grad 1.60   gamma=0.174   elapsed 1338s
[helm-train] step  2100/4000   train 3.9541   lr 2.50e-04   grad 1.30   gamma=0.174   elapsed 1365s
[helm-train] step  2150/4000   train 3.9440   lr 2.40e-04   grad 1.27   gamma=0.174   elapsed 1394s
[helm-train] step  2200/4000   train 3.9221   lr 2.30e-04   grad 1.30   gamma=0.174   elapsed 1422s
[helm-train] >>> eval @ 2200: train 3.9219   val 4.9462   ppl 140.64
[helm-train] step  2250/4000   train 3.9181   lr 2.19e-04   grad 1.32   gamma=0.174   elapsed 1462s
[helm-train] step  2300/4000   train 3.9018   lr 2.09e-04   grad 1.31   gamma=0.174   elapsed 1491s
[helm-train] step  2350/4000   train 3.8679   lr 1.99e-04   grad 1.68   gamma=0.174   elapsed 1518s
[helm-train] step  2400/4000   train 3.9170   lr 1.89e-04   grad 1.34   gamma=0.174   elapsed 1546s
[helm-train] >>> eval @ 2400: train 3.8992   val 5.0167   ppl 150.92
[helm-train] step  2450/4000   train 3.8768   lr 1.79e-04   grad 1.61   gamma=0.174   elapsed 1588s
[helm-train] step  2500/4000   train 3.8764   lr 1.69e-04   grad 1.58   gamma=0.174   elapsed 1616s
[helm-train] step  2550/4000   train 3.8676   lr 1.59e-04   grad 1.53   gamma=0.174   elapsed 1645s
[helm-train] step  2600/4000   train 3.8775   lr 1.50e-04   grad 1.38   gamma=0.174   elapsed 1673s
[helm-train] >>> eval @ 2600: train 3.8739   val 4.9764   ppl 144.96
[helm-train] step  2650/4000   train 3.8286   lr 1.40e-04   grad 1.52   gamma=0.174   elapsed 1715s
[helm-train] step  2700/4000   train 3.8358   lr 1.31e-04   grad 1.40   gamma=0.174   elapsed 1744s
[helm-train] step  2750/4000   train 3.8208   lr 1.22e-04   grad 1.50   gamma=0.173   elapsed 1765s
[helm-train] step  2800/4000   train 3.8334   lr 1.13e-04   grad 1.55   gamma=0.173   elapsed 1785s
[helm-train] >>> eval @ 2800: train 3.8372   val 4.9585   ppl 142.38
[helm-train] step  2850/4000   train 3.8231   lr 1.05e-04   grad 1.58   gamma=0.173   elapsed 1812s
[helm-train] step  2900/4000   train 3.8381   lr 9.66e-05   grad 1.30   gamma=0.173   elapsed 1830s
[helm-train] step  2950/4000   train 3.7831   lr 8.86e-05   grad 1.41   gamma=0.173   elapsed 1848s
[helm-train] step  3000/4000   train 3.8092   lr 8.08e-05   grad 1.69   gamma=0.173   elapsed 1866s
[helm-train] >>> eval @ 3000: train 3.8078   val 5.0244   ppl 152.08
[helm-train] step  3050/4000   train 3.8126   lr 7.34e-05   grad 1.54   gamma=0.172   elapsed 1895s
[helm-train] step  3100/4000   train 3.8002   lr 6.62e-05   grad 1.55   gamma=0.172   elapsed 1916s
[helm-train] step  3150/4000   train 3.7929   lr 5.94e-05   grad 1.66   gamma=0.172   elapsed 1936s
[helm-train] step  3200/4000   train 3.8160   lr 5.28e-05   grad 1.65   gamma=0.172   elapsed 1955s
[helm-train] >>> eval @ 3200: train 3.7981   val 5.0037   ppl 148.96
[helm-train] step  3250/4000   train 3.7817   lr 4.67e-05   grad 1.71   gamma=0.172   elapsed 1983s
[helm-train] step  3300/4000   train 3.8092   lr 4.08e-05   grad 1.40   gamma=0.172   elapsed 2002s
[helm-train] step  3350/4000   train 3.7834   lr 3.53e-05   grad 1.53   gamma=0.172   elapsed 2023s
[helm-train] step  3400/4000   train 3.7686   lr 3.02e-05   grad 1.54   gamma=0.172   elapsed 2042s
[helm-train] >>> eval @ 3400: train 3.7564   val 4.9536   ppl 141.68
[helm-train] step  3450/4000   train 3.7682   lr 2.55e-05   grad 1.47   gamma=0.172   elapsed 2071s
[helm-train] step  3500/4000   train 3.7993   lr 2.11e-05   grad 1.63   gamma=0.171   elapsed 2091s
[helm-train] step  3550/4000   train 3.7713   lr 1.72e-05   grad 1.63   gamma=0.171   elapsed 2111s
[helm-train] step  3600/4000   train 3.7644   lr 1.36e-05   grad 1.63   gamma=0.171   elapsed 2131s
[helm-train] >>> eval @ 3600: train 3.7705   val 4.9717   ppl 144.27
[helm-train] step  3650/4000   train 3.7579   lr 1.05e-05   grad 1.65   gamma=0.171   elapsed 2160s
[helm-train] step  3700/4000   train 3.7762   lr 7.70e-06   grad 1.65   gamma=0.171   elapsed 2181s
[helm-train] step  3750/4000   train 3.7570   lr 5.36e-06   grad 1.48   gamma=0.171   elapsed 2200s
[helm-train] step  3800/4000   train 3.7560   lr 3.44e-06   grad 1.45   gamma=0.171   elapsed 2220s
[helm-train] >>> eval @ 3800: train 3.7755   val 5.0001   ppl 148.43
[helm-train] step  3850/4000   train 3.7530   lr 1.95e-06   grad 1.33   gamma=0.171   elapsed 2249s
[helm-train] step  3900/4000   train 3.7972   lr 8.71e-07   grad 1.48   gamma=0.171   elapsed 2268s
[helm-train] step  3950/4000   train 3.7675   lr 2.22e-07   grad 1.45   gamma=0.171   elapsed 2288s
[helm-train] step  4000/4000   train 3.7618   lr 8.54e-11   grad 1.48   gamma=0.171   elapsed 2308s
[helm-train] >>> eval @ 4000: train 3.7922   val 5.0186   ppl 151.20
[helm-train] done in 2318s
[helm-train] saved checkpoint -> /Users/dimitargueorguiev/git/ml/semsimula/notebooks/conservative_arch/helmholtz/results/helm_AAAASSSS_vh128_shakespeare_seed4_ckpt_latest.pt
[helm-train] saved loss curve -> /Users/dimitargueorguiev/git/ml/semsimula/notebooks/conservative_arch/helmholtz/results/helm_AAAASSSS_vh128_shakespeare_seed4_loss_curve.png
[helm-train] saved summary -> /Users/dimitargueorguiev/git/ml/semsimula/notebooks/conservative_arch/helmholtz/results/helm_AAAASSSS_vh128_shakespeare_seed4_summary.md
