[loso] 100 sentences  p=50  k_values=[1, 2, 3]  function_class=kernel  n_jobs=4
[Parallel(n_jobs=4)]: Using backend LokyBackend with 4 concurrent workers.
[Parallel(n_jobs=4)]: Done   5 tasks      | elapsed:  1.6min
[Parallel(n_jobs=4)]: Done  10 tasks      | elapsed:  2.4min
[Parallel(n_jobs=4)]: Done  17 tasks      | elapsed:  4.0min
[Parallel(n_jobs=4)]: Done  24 tasks      | elapsed:  4.9min
[Parallel(n_jobs=4)]: Done  33 tasks      | elapsed:  7.2min
[Parallel(n_jobs=4)]: Done  42 tasks      | elapsed:  8.9min
[Parallel(n_jobs=4)]: Done  53 tasks      | elapsed: 11.3min
[Parallel(n_jobs=4)]: Done  64 tasks      | elapsed: 13.1min
[Parallel(n_jobs=4)]: Done  77 tasks      | elapsed: 16.3min
[Parallel(n_jobs=4)]: Done  90 tasks      | elapsed: 18.9min
[Parallel(n_jobs=4)]: Done 100 out of 100 | elapsed: 20.6min finished

[summary]
  n_quadruples = 2256
  k_values = [1, 2, 3]
  R1_mean = 47.50154495239258
  R1_sem = 0.47900771724406904
  R2_mean = 45.7422981262207
  R2_sem = 0.45793424232029406
  R3_mean = 46.66304397583008
  R3_sem = 0.4693238327227224
  rho_12 = 1.0384600162506104
  wilcoxon_p_12 = 1.1450783397589594e-26
  wilcoxon_p_12_one_sided_R1_gt_R2 = 5.725391698794797e-27
  wilcoxon_p_12_one_sided_R1_lt_R2 = 1.0
  bootstrap_ci_diff_R1_R2 = [1.398101168870926, 2.1272371649742126]
  rho_23 = 0.9802681803703308
  wilcoxon_p_23 = 2.850418044189012e-12
  wilcoxon_p_23_one_sided_R2_gt_R3 = 0.9999999999985748
  wilcoxon_p_23_one_sided_R2_lt_R3 = 1.425209022094506e-12
  bootstrap_ci_diff_R2_R3 = [-1.197985365986824, -0.6212711438536647]
  decision = C
  runtime_seconds = 1235.763885974884
  p = 50
  function_class = kernel
  n_jobs = 4
[done] runtime=1235.8s  decision=C
