[train-matched] device=mps  mode=shakespeare
[train-matched] tokens: train=321,124  val=16,901
[train-matched] params: 8,052,096   d=128  n_layer=8  n_head=4
[train-matched] step    50/4000   train 10.4061   lr 1.25e-04   grad 1.73   elapsed 18s
[train-matched] step   100/4000   train 9.1910   lr 2.50e-04   grad 1.70   elapsed 36s
[train-matched] step   150/4000   train 7.3978   lr 3.75e-04   grad 1.46   elapsed 54s
[train-matched] step   200/4000   train 6.2674   lr 5.00e-04   grad 1.00   elapsed 74s
[train-matched] >>> eval @ 200: train 5.9750   val 6.1441   ppl 465.94
[train-matched] step   250/4000   train 5.7718   lr 5.00e-04   grad 1.22   elapsed 104s
[train-matched] step   300/4000   train 5.4385   lr 4.99e-04   grad 0.98   elapsed 123s
[train-matched] step   350/4000   train 5.2150   lr 4.98e-04   grad 0.89   elapsed 141s
[train-matched] step   400/4000   train 5.0285   lr 4.97e-04   grad 1.16   elapsed 159s
[train-matched] >>> eval @ 400: train 5.0166   val 5.3995   ppl 221.30
[train-matched] step   450/4000   train 4.9282   lr 4.95e-04   grad 1.12   elapsed 184s
[train-matched] step   500/4000   train 4.8168   lr 4.92e-04   grad 1.26   elapsed 204s
[train-matched] step   550/4000   train 4.7554   lr 4.90e-04   grad 1.08   elapsed 222s
[train-matched] step   600/4000   train 4.6372   lr 4.87e-04   grad 1.62   elapsed 242s
[train-matched] >>> eval @ 600: train 4.6284   val 5.1903   ppl 179.51
[train-matched] step   650/4000   train 4.6025   lr 4.83e-04   grad 1.45   elapsed 270s
[train-matched] step   700/4000   train 4.5385   lr 4.79e-04   grad 1.28   elapsed 289s
[train-matched] step   750/4000   train 4.4645   lr 4.75e-04   grad 1.32   elapsed 308s
[train-matched] step   800/4000   train 4.4237   lr 4.70e-04   grad 1.20   elapsed 327s
[train-matched] >>> eval @ 800: train 4.3924   val 5.1315   ppl 169.27
[train-matched] step   850/4000   train 4.3731   lr 4.65e-04   grad 1.61   elapsed 355s
[train-matched] step   900/4000   train 4.3350   lr 4.59e-04   grad 1.27   elapsed 375s
[train-matched] step   950/4000   train 4.3216   lr 4.54e-04   grad 1.25   elapsed 396s
[train-matched] step  1000/4000   train 4.2545   lr 4.47e-04   grad 1.28   elapsed 417s
[train-matched] >>> eval @ 1000: train 4.2363   val 5.0416   ppl 154.72
[train-matched] step  1050/4000   train 4.2514   lr 4.41e-04   grad 1.27   elapsed 446s
[train-matched] step  1100/4000   train 4.2033   lr 4.34e-04   grad 1.29   elapsed 466s
[train-matched] step  1150/4000   train 4.2357   lr 4.27e-04   grad 1.23   elapsed 487s
[train-matched] step  1200/4000   train 4.1755   lr 4.19e-04   grad 1.24   elapsed 507s
[train-matched] >>> eval @ 1200: train 4.1333   val 5.0359   ppl 153.84
[train-matched] step  1250/4000   train 4.1048   lr 4.12e-04   grad 1.10   elapsed 535s
[train-matched] step  1300/4000   train 4.1393   lr 4.04e-04   grad 1.06   elapsed 554s
[train-matched] step  1350/4000   train 4.0626   lr 3.95e-04   grad 1.74   elapsed 574s
[train-matched] step  1400/4000   train 4.0346   lr 3.87e-04   grad 1.36   elapsed 592s
[train-matched] >>> eval @ 1400: train 4.0686   val 5.0842   ppl 161.45
[train-matched] step  1450/4000   train 4.0221   lr 3.78e-04   grad 1.21   elapsed 618s
[train-matched] step  1500/4000   train 4.0065   lr 3.69e-04   grad 1.38   elapsed 637s
[train-matched] step  1550/4000   train 4.0045   lr 3.60e-04   grad 1.49   elapsed 656s
[train-matched] step  1600/4000   train 3.9507   lr 3.51e-04   grad 1.56   elapsed 676s
[train-matched] >>> eval @ 1600: train 3.9624   val 5.0612   ppl 157.78
[train-matched] step  1650/4000   train 3.9436   lr 3.41e-04   grad 1.43   elapsed 702s
[train-matched] step  1700/4000   train 3.9277   lr 3.31e-04   grad 1.27   elapsed 720s
[train-matched] step  1750/4000   train 3.9415   lr 3.22e-04   grad 1.47   elapsed 738s
[train-matched] step  1800/4000   train 3.9070   lr 3.12e-04   grad 1.40   elapsed 756s
[train-matched] >>> eval @ 1800: train 3.9027   val 5.1244   ppl 168.08
[train-matched] step  1850/4000   train 3.8245   lr 3.02e-04   grad 1.53   elapsed 781s
[train-matched] step  1900/4000   train 3.8425   lr 2.91e-04   grad 1.35   elapsed 801s
[train-matched] step  1950/4000   train 3.8054   lr 2.81e-04   grad 1.19   elapsed 820s
[train-matched] step  2000/4000   train 3.8341   lr 2.71e-04   grad 1.46   elapsed 839s
[train-matched] >>> eval @ 2000: train 3.7686   val 5.0300   ppl 152.93
[train-matched] step  2050/4000   train 3.7918   lr 2.61e-04   grad 1.36   elapsed 868s
[train-matched] step  2100/4000   train 3.7855   lr 2.50e-04   grad 1.34   elapsed 889s
[train-matched] step  2150/4000   train 3.7972   lr 2.40e-04   grad 1.50   elapsed 908s
[train-matched] step  2200/4000   train 3.7463   lr 2.30e-04   grad 1.42   elapsed 927s
[train-matched] >>> eval @ 2200: train 3.7505   val 5.0009   ppl 148.54
[train-matched] step  2250/4000   train 3.7393   lr 2.19e-04   grad 1.36   elapsed 954s
[train-matched] step  2300/4000   train 3.7180   lr 2.09e-04   grad 1.37   elapsed 974s
[train-matched] step  2350/4000   train 3.7136   lr 1.99e-04   grad 1.66   elapsed 994s
[train-matched] step  2400/4000   train 3.7102   lr 1.89e-04   grad 1.56   elapsed 1013s
[train-matched] >>> eval @ 2400: train 3.6824   val 5.0248   ppl 152.14
[train-matched] step  2450/4000   train 3.6716   lr 1.79e-04   grad 1.39   elapsed 1040s
[train-matched] step  2500/4000   train 3.6723   lr 1.69e-04   grad 1.64   elapsed 1059s
[train-matched] step  2550/4000   train 3.6693   lr 1.59e-04   grad 1.60   elapsed 1078s
[train-matched] step  2600/4000   train 3.6541   lr 1.50e-04   grad 1.64   elapsed 1098s
[train-matched] >>> eval @ 2600: train 3.6584   val 4.9947   ppl 147.62
[train-matched] step  2650/4000   train 3.6438   lr 1.40e-04   grad 1.77   elapsed 1126s
[train-matched] step  2700/4000   train 3.6706   lr 1.31e-04   grad 1.50   elapsed 1146s
[train-matched] step  2750/4000   train 3.6202   lr 1.22e-04   grad 1.54   elapsed 1166s
[train-matched] step  2800/4000   train 3.6170   lr 1.13e-04   grad 1.47   elapsed 1185s
[train-matched] >>> eval @ 2800: train 3.6353   val 5.0378   ppl 154.14
[train-matched] step  2850/4000   train 3.6158   lr 1.05e-04   grad 2.00   elapsed 1214s
[train-matched] step  2900/4000   train 3.6286   lr 9.66e-05   grad 1.42   elapsed 1235s
[train-matched] step  2950/4000   train 3.5844   lr 8.86e-05   grad 1.58   elapsed 1256s
[train-matched] step  3000/4000   train 3.5964   lr 8.08e-05   grad 1.68   elapsed 1276s
[train-matched] >>> eval @ 3000: train 3.6031   val 5.0672   ppl 158.74
[train-matched] step  3050/4000   train 3.6027   lr 7.34e-05   grad 1.49   elapsed 1304s
[train-matched] step  3100/4000   train 3.5775   lr 6.62e-05   grad 2.68   elapsed 1326s
[train-matched] step  3150/4000   train 3.5767   lr 5.94e-05   grad 1.96   elapsed 1347s
[train-matched] step  3200/4000   train 3.5429   lr 5.28e-05   grad 1.72   elapsed 1367s
[train-matched] >>> eval @ 3200: train 3.5820   val 5.0124   ppl 150.26
[train-matched] step  3250/4000   train 3.5716   lr 4.67e-05   grad 2.16   elapsed 1400s
[train-matched] step  3300/4000   train 3.5511   lr 4.08e-05   grad 1.52   elapsed 1423s
[train-matched] step  3350/4000   train 3.5402   lr 3.53e-05   grad 1.67   elapsed 1444s
[train-matched] step  3400/4000   train 3.5286   lr 3.02e-05   grad 1.72   elapsed 1463s
[train-matched] >>> eval @ 3400: train 3.5508   val 5.0949   ppl 163.19
[train-matched] step  3450/4000   train 3.5242   lr 2.55e-05   grad 1.78   elapsed 1495s
[train-matched] step  3500/4000   train 3.5262   lr 2.11e-05   grad 1.49   elapsed 1516s
[train-matched] step  3550/4000   train 3.5345   lr 1.72e-05   grad 1.91   elapsed 1536s
[train-matched] step  3600/4000   train 3.5269   lr 1.36e-05   grad 1.53   elapsed 1555s
[train-matched] >>> eval @ 3600: train 3.5122   val 5.0369   ppl 153.99
[train-matched] step  3650/4000   train 3.5542   lr 1.05e-05   grad 1.52   elapsed 1583s
[train-matched] step  3700/4000   train 3.5364   lr 7.70e-06   grad 1.56   elapsed 1603s
[train-matched] step  3750/4000   train 3.5534   lr 5.36e-06   grad 1.77   elapsed 1623s
[train-matched] step  3800/4000   train 3.5376   lr 3.44e-06   grad 1.53   elapsed 1644s
[train-matched] >>> eval @ 3800: train 3.5195   val 4.9950   ppl 147.67
[train-matched] step  3850/4000   train 3.5376   lr 1.95e-06   grad 1.58   elapsed 1678s
[train-matched] step  3900/4000   train 3.5401   lr 8.71e-07   grad 1.67   elapsed 1697s
[train-matched] step  3950/4000   train 3.5637   lr 2.22e-07   grad 1.61   elapsed 1716s
[train-matched] step  4000/4000   train 3.5817   lr 8.54e-11   grad 1.64   elapsed 1735s
[train-matched] >>> eval @ 4000: train 3.5056   val 5.0726   ppl 159.59
[train-matched] done in 1742s
[train-matched] saved checkpoint -> /Users/dimitargueorguiev/git/ml/semsimula/notebooks/conservative_arch/results/matched_shakespeare_ckpt_latest.pt
[train-matched] saved loss curve -> /Users/dimitargueorguiev/git/ml/semsimula/notebooks/conservative_arch/results/matched_shakespeare_loss_curve.png
[train-matched] saved summary -> /Users/dimitargueorguiev/git/ml/semsimula/notebooks/conservative_arch/results/matched_shakespeare_summary.md
