[loso] 100 sentences  p=50  k_values=[1, 2, 3]  function_class=kernel  n_jobs=4
[Parallel(n_jobs=4)]: Using backend LokyBackend with 4 concurrent workers.
[Parallel(n_jobs=4)]: Done   5 tasks      | elapsed:  2.2min
[Parallel(n_jobs=4)]: Done  10 tasks      | elapsed:  3.3min
[Parallel(n_jobs=4)]: Done  17 tasks      | elapsed:  5.4min
[Parallel(n_jobs=4)]: Done  24 tasks      | elapsed:  6.6min
[Parallel(n_jobs=4)]: Done  33 tasks      | elapsed:  9.9min
[Parallel(n_jobs=4)]: Done  42 tasks      | elapsed: 12.2min
[Parallel(n_jobs=4)]: Done  53 tasks      | elapsed: 15.4min
[Parallel(n_jobs=4)]: Done  64 tasks      | elapsed: 17.2min
[Parallel(n_jobs=4)]: Done  77 tasks      | elapsed: 20.2min
[Parallel(n_jobs=4)]: Done  90 tasks      | elapsed: 22.8min
[Parallel(n_jobs=4)]: Done 100 out of 100 | elapsed: 24.6min finished

[summary]
  n_quadruples = 2256
  k_values = [1, 2, 3]
  R1_mean = 54.157432556152344
  R1_sem = 0.5209236040998179
  R2_mean = 53.89264678955078
  R2_sem = 0.49203065073452623
  R3_mean = 54.565582275390625
  R3_sem = 0.47518445597827136
  rho_12 = 1.0049132108688354
  wilcoxon_p_12 = 0.5249606649478064
  wilcoxon_p_12_one_sided_R1_gt_R2 = 0.2624803324739032
  wilcoxon_p_12_one_sided_R1_lt_R2 = 0.7375196675260969
  bootstrap_ci_diff_R1_R2 = [-0.006837174145039165, 0.5275466695427894]
  rho_23 = 0.9876673817634583
  wilcoxon_p_23 = 2.3362439033570334e-15
  wilcoxon_p_23_one_sided_R2_gt_R3 = 0.9999999999999988
  wilcoxon_p_23_one_sided_R2_lt_R3 = 1.1681219516785167e-15
  bootstrap_ci_diff_R2_R3 = [-0.8596579849720001, -0.4933889850974084]
  decision = C
  runtime_seconds = 1478.7465867996216
  p = 50
  function_class = kernel
  n_jobs = 4
[done] runtime=1478.7s  decision=C
