[em-train] device=mps  variant=ln  mode=shakespeare  tag=em_ln
[em-train] tokens: train=321,124  val=16,901
[em-train] params: 7,123,076  cfg: d=128, L=8, v_hidden=512
[em-train] step    50/4000   train 10.7517   lr 1.25e-04   grad 1.09   v0_sq 0.000e+00   gamma=0.998   elapsed 20s
[em-train] step   100/4000   train 9.7469   lr 2.50e-04   grad 1.60   v0_sq 0.000e+00   gamma=0.992   elapsed 43s
[em-train] step   150/4000   train 7.6656   lr 3.75e-04   grad 1.37   v0_sq 0.000e+00   gamma=0.990   elapsed 72s
[em-train] step   200/4000   train 6.4981   lr 5.00e-04   grad 0.26   v0_sq 0.000e+00   gamma=0.990   elapsed 99s
[em-train] >>> eval @ 200: train 6.3579   val 6.5330   ppl 687.45
[em-train] step   250/4000   train 6.3479   lr 5.00e-04   grad 0.28   v0_sq 0.000e+00   gamma=0.992   elapsed 136s
[em-train] step   300/4000   train 6.2449   lr 4.99e-04   grad 0.39   v0_sq 0.000e+00   gamma=0.987   elapsed 159s
[em-train] step   350/4000   train 5.9565   lr 4.98e-04   grad 0.72   v0_sq 0.000e+00   gamma=0.979   elapsed 185s
[em-train] step   400/4000   train 5.6577   lr 4.97e-04   grad 0.89   v0_sq 0.000e+00   gamma=0.976   elapsed 211s
[em-train] >>> eval @ 400: train 5.5854   val 5.8259   ppl 338.98
[em-train] step   450/4000   train 5.4691   lr 4.95e-04   grad 1.21   v0_sq 0.000e+00   gamma=0.975   elapsed 249s
[em-train] step   500/4000   train 5.2827   lr 4.92e-04   grad 1.14   v0_sq 0.000e+00   gamma=0.972   elapsed 276s
[em-train] step   550/4000   train 5.1619   lr 4.90e-04   grad 0.74   v0_sq 0.000e+00   gamma=0.970   elapsed 299s
[em-train] step   600/4000   train 5.0137   lr 4.87e-04   grad 1.22   v0_sq 0.000e+00   gamma=0.967   elapsed 320s
[em-train] >>> eval @ 600: train 4.9661   val 5.3888   ppl 218.94
[em-train] step   650/4000   train 4.9456   lr 4.83e-04   grad 0.90   v0_sq 0.000e+00   gamma=0.964   elapsed 355s
[em-train] step   700/4000   train 4.8541   lr 4.79e-04   grad 1.12   v0_sq 0.000e+00   gamma=0.960   elapsed 384s
[em-train] step   750/4000   train 4.7646   lr 4.75e-04   grad 1.16   v0_sq 0.000e+00   gamma=0.956   elapsed 412s
[em-train] step   800/4000   train 4.7024   lr 4.70e-04   grad 1.00   v0_sq 0.000e+00   gamma=0.953   elapsed 441s
[em-train] >>> eval @ 800: train 4.6699   val 5.2344   ppl 187.62
[em-train] step   850/4000   train 4.6423   lr 4.65e-04   grad 1.86   v0_sq 0.000e+00   gamma=0.949   elapsed 484s
[em-train] step   900/4000   train 4.5894   lr 4.59e-04   grad 1.57   v0_sq 0.000e+00   gamma=0.947   elapsed 512s
[em-train] step   950/4000   train 4.5558   lr 4.54e-04   grad 1.44   v0_sq 0.000e+00   gamma=0.943   elapsed 542s
[em-train] step  1000/4000   train 4.4770   lr 4.47e-04   grad 1.29   v0_sq 0.000e+00   gamma=0.940   elapsed 571s
[em-train] >>> eval @ 1000: train 4.4544   val 5.0754   ppl 160.04
[em-train] step  1050/4000   train 4.4575   lr 4.41e-04   grad 1.28   v0_sq 0.000e+00   gamma=0.936   elapsed 614s
[em-train] step  1100/4000   train 4.4103   lr 4.34e-04   grad 1.41   v0_sq 0.000e+00   gamma=0.933   elapsed 641s
[em-train] step  1150/4000   train 4.4209   lr 4.27e-04   grad 1.62   v0_sq 0.000e+00   gamma=0.929   elapsed 667s
[em-train] step  1200/4000   train 4.3530   lr 4.19e-04   grad 1.38   v0_sq 0.000e+00   gamma=0.926   elapsed 693s
[em-train] >>> eval @ 1200: train 4.3073   val 4.9994   ppl 148.33
[em-train] step  1250/4000   train 4.2697   lr 4.12e-04   grad 2.21   v0_sq 0.000e+00   gamma=0.922   elapsed 731s
[em-train] step  1300/4000   train 4.2885   lr 4.04e-04   grad 1.60   v0_sq 0.000e+00   gamma=0.918   elapsed 754s
[em-train] step  1350/4000   train 4.2035   lr 3.95e-04   grad 1.59   v0_sq 0.000e+00   gamma=0.915   elapsed 777s
[em-train] step  1400/4000   train 4.1713   lr 3.87e-04   grad 2.11   v0_sq 0.000e+00   gamma=0.912   elapsed 800s
[em-train] >>> eval @ 1400: train 4.1884   val 4.9635   ppl 143.09
[em-train] step  1450/4000   train 4.1511   lr 3.78e-04   grad 2.30   v0_sq 0.000e+00   gamma=0.909   elapsed 837s
[em-train] step  1500/4000   train 4.1278   lr 3.69e-04   grad 2.27   v0_sq 0.000e+00   gamma=0.906   elapsed 860s
[em-train] step  1550/4000   train 4.1094   lr 3.60e-04   grad 2.12   v0_sq 0.000e+00   gamma=0.903   elapsed 886s
[em-train] step  1600/4000   train 4.0590   lr 3.51e-04   grad 2.21   v0_sq 0.000e+00   gamma=0.900   elapsed 912s
[em-train] >>> eval @ 1600: train 4.0633   val 4.8567   ppl 128.60
[em-train] step  1650/4000   train 4.0360   lr 3.41e-04   grad 2.46   v0_sq 0.000e+00   gamma=0.897   elapsed 952s
[em-train] step  1700/4000   train 4.0198   lr 3.31e-04   grad 2.12   v0_sq 0.000e+00   gamma=0.894   elapsed 977s
[em-train] step  1750/4000   train 4.0206   lr 3.22e-04   grad 1.78   v0_sq 0.000e+00   gamma=0.891   elapsed 1002s
[em-train] step  1800/4000   train 3.9795   lr 3.12e-04   grad 2.53   v0_sq 0.000e+00   gamma=0.889   elapsed 1029s
[em-train] >>> eval @ 1800: train 3.9677   val 4.8340   ppl 125.71
[em-train] step  1850/4000   train 3.8964   lr 3.02e-04   grad 2.66   v0_sq 0.000e+00   gamma=0.886   elapsed 1070s
[em-train] step  1900/4000   train 3.9076   lr 2.91e-04   grad 2.72   v0_sq 0.000e+00   gamma=0.883   elapsed 1096s
[em-train] step  1950/4000   train 3.8647   lr 2.81e-04   grad 3.54   v0_sq 0.000e+00   gamma=0.881   elapsed 1122s
[em-train] step  2000/4000   train 3.8770   lr 2.71e-04   grad 2.26   v0_sq 0.000e+00   gamma=0.879   elapsed 1147s
[em-train] >>> eval @ 2000: train 3.8195   val 4.7026   ppl 110.23
[em-train] step  2050/4000   train 3.8351   lr 2.61e-04   grad 3.10   v0_sq 0.000e+00   gamma=0.876   elapsed 1184s
[em-train] step  2100/4000   train 3.8331   lr 2.50e-04   grad 2.69   v0_sq 0.000e+00   gamma=0.874   elapsed 1210s
[em-train] step  2150/4000   train 3.8316   lr 2.40e-04   grad 2.97   v0_sq 0.000e+00   gamma=0.872   elapsed 1236s
[em-train] step  2200/4000   train 3.7756   lr 2.30e-04   grad 2.72   v0_sq 0.000e+00   gamma=0.870   elapsed 1268s
[em-train] >>> eval @ 2200: train 3.7855   val 4.6414   ppl 103.69
[em-train] step  2250/4000   train 3.7787   lr 2.19e-04   grad 2.84   v0_sq 0.000e+00   gamma=0.868   elapsed 1310s
[em-train] step  2300/4000   train 3.7509   lr 2.09e-04   grad 2.54   v0_sq 0.000e+00   gamma=0.866   elapsed 1334s
[em-train] step  2350/4000   train 3.7409   lr 1.99e-04   grad 2.99   v0_sq 0.000e+00   gamma=0.864   elapsed 1358s
[em-train] step  2400/4000   train 3.7388   lr 1.89e-04   grad 3.39   v0_sq 0.000e+00   gamma=0.862   elapsed 1385s
[em-train] >>> eval @ 2400: train 3.7209   val 4.6413   ppl 103.68
[em-train] step  2450/4000   train 3.6989   lr 1.79e-04   grad 3.13   v0_sq 0.000e+00   gamma=0.860   elapsed 1430s
[em-train] step  2500/4000   train 3.6932   lr 1.69e-04   grad 2.78   v0_sq 0.000e+00   gamma=0.859   elapsed 1458s
[em-train] step  2550/4000   train 3.6946   lr 1.59e-04   grad 3.76   v0_sq 0.000e+00   gamma=0.857   elapsed 1486s
[em-train] step  2600/4000   train 3.6724   lr 1.50e-04   grad 3.79   v0_sq 0.000e+00   gamma=0.856   elapsed 1514s
[em-train] >>> eval @ 2600: train 3.6858   val 4.5703   ppl 96.58
[em-train] step  2650/4000   train 3.6714   lr 1.40e-04   grad 3.80   v0_sq 0.000e+00   gamma=0.854   elapsed 1559s
[em-train] step  2700/4000   train 3.6877   lr 1.31e-04   grad 3.49   v0_sq 0.000e+00   gamma=0.853   elapsed 1588s
[em-train] step  2750/4000   train 3.6474   lr 1.22e-04   grad 3.37   v0_sq 0.000e+00   gamma=0.852   elapsed 1619s
[em-train] step  2800/4000   train 3.6402   lr 1.13e-04   grad 2.52   v0_sq 0.000e+00   gamma=0.851   elapsed 1651s
[em-train] >>> eval @ 2800: train 3.6524   val 4.5584   ppl 95.43
[em-train] step  2850/4000   train 3.6420   lr 1.05e-04   grad 2.57   v0_sq 0.000e+00   gamma=0.849   elapsed 1697s
[em-train] step  2900/4000   train 3.6524   lr 9.66e-05   grad 3.19   v0_sq 0.000e+00   gamma=0.848   elapsed 1725s
[em-train] step  2950/4000   train 3.6058   lr 8.86e-05   grad 3.13   v0_sq 0.000e+00   gamma=0.848   elapsed 1754s
[em-train] step  3000/4000   train 3.6149   lr 8.08e-05   grad 2.99   v0_sq 0.000e+00   gamma=0.847   elapsed 1783s
[em-train] >>> eval @ 3000: train 3.6254   val 4.5631   ppl 95.88
[em-train] step  3050/4000   train 3.6233   lr 7.34e-05   grad 2.87   v0_sq 0.000e+00   gamma=0.846   elapsed 1836s
[em-train] step  3100/4000   train 3.6014   lr 6.62e-05   grad 2.97   v0_sq 0.000e+00   gamma=0.845   elapsed 1876s
[em-train] step  3150/4000   train 3.5928   lr 5.94e-05   grad 3.02   v0_sq 0.000e+00   gamma=0.844   elapsed 1914s
[em-train] step  3200/4000   train 3.5651   lr 5.28e-05   grad 2.33   v0_sq 0.000e+00   gamma=0.844   elapsed 1947s
[em-train] >>> eval @ 3200: train 3.6044   val 4.5111   ppl 91.02
[em-train] step  3250/4000   train 3.5995   lr 4.67e-05   grad 2.94   v0_sq 0.000e+00   gamma=0.843   elapsed 2001s
[em-train] step  3300/4000   train 3.5804   lr 4.08e-05   grad 3.27   v0_sq 0.000e+00   gamma=0.843   elapsed 2038s
[em-train] step  3350/4000   train 3.5656   lr 3.53e-05   grad 2.76   v0_sq 0.000e+00   gamma=0.842   elapsed 2073s
[em-train] step  3400/4000   train 3.5543   lr 3.02e-05   grad 2.41   v0_sq 0.000e+00   gamma=0.842   elapsed 2104s
[em-train] >>> eval @ 3400: train 3.5885   val 4.5626   ppl 95.83
[em-train] step  3450/4000   train 3.5457   lr 2.55e-05   grad 3.43   v0_sq 0.000e+00   gamma=0.842   elapsed 2138s
[em-train] step  3500/4000   train 3.5603   lr 2.11e-05   grad 2.84   v0_sq 0.000e+00   gamma=0.841   elapsed 2160s
[em-train] step  3550/4000   train 3.5574   lr 1.72e-05   grad 2.68   v0_sq 0.000e+00   gamma=0.841   elapsed 2183s
[em-train] step  3600/4000   train 3.5526   lr 1.36e-05   grad 2.83   v0_sq 0.000e+00   gamma=0.841   elapsed 2206s
[em-train] >>> eval @ 3600: train 3.5320   val 4.5066   ppl 90.61
[em-train] step  3650/4000   train 3.5730   lr 1.05e-05   grad 2.60   v0_sq 0.000e+00   gamma=0.841   elapsed 2244s
[em-train] step  3700/4000   train 3.5648   lr 7.70e-06   grad 2.77   v0_sq 0.000e+00   gamma=0.841   elapsed 2268s
[em-train] step  3750/4000   train 3.5766   lr 5.36e-06   grad 2.39   v0_sq 0.000e+00   gamma=0.840   elapsed 2290s
[em-train] step  3800/4000   train 3.5616   lr 3.44e-06   grad 3.02   v0_sq 0.000e+00   gamma=0.840   elapsed 2312s
[em-train] >>> eval @ 3800: train 3.5408   val 4.4682   ppl 87.20
[em-train] step  3850/4000   train 3.5649   lr 1.95e-06   grad 2.17   v0_sq 0.000e+00   gamma=0.840   elapsed 2344s
[em-train] step  3900/4000   train 3.5666   lr 8.71e-07   grad 2.36   v0_sq 0.000e+00   gamma=0.840   elapsed 2366s
[em-train] step  3950/4000   train 3.5907   lr 2.22e-07   grad 2.59   v0_sq 0.000e+00   gamma=0.840   elapsed 2390s
[em-train] step  4000/4000   train 3.6055   lr 8.54e-11   grad 2.64   v0_sq 0.000e+00   gamma=0.840   elapsed 2420s
[em-train] >>> eval @ 4000: train 3.5250   val 4.5263   ppl 92.41
[em-train] done in 2435s
[em-train] saved checkpoint -> /Users/dimitargueorguiev/git/ml/semsimula/notebooks/conservative_arch/energetic_minima/results/em_ln_shakespeare_ckpt_latest.pt
[em-train] saved loss curve -> /Users/dimitargueorguiev/git/ml/semsimula/notebooks/conservative_arch/energetic_minima/results/em_ln_shakespeare_loss_curve.png
[em-train] saved summary -> /Users/dimitargueorguiev/git/ml/semsimula/notebooks/conservative_arch/energetic_minima/results/em_ln_shakespeare_summary.md
