[helm-train] device=mps  tag=helm_AAAASSSS_vh128_shakespeare_seed1
[helm-train] tokens: train=321,124  val=16,901
[helm-train] arch: schedule='AAAASSSS'  (n_S=4, n_A=4, L=8)  d=128, v_hidden=128, v_depth=3, n_head=4, fixed_gamma=None, causal_force=True, ln_after_s_step=True
[helm-train] params: 7,324,804  (target ~8.0 M, delta -0.675 M)
[helm-train] running causal-violation probe...
[helm-train] causal probe PASSED (perturbation + gradient-Jacobian, both modes < 1e-6)
[helm-train] step    50/4000   train 10.4526   lr 1.25e-04   grad 1.64   gamma=0.150   elapsed 17s
[helm-train] step   100/4000   train 9.2731   lr 2.50e-04   grad 1.71   gamma=0.149   elapsed 32s
[helm-train] step   150/4000   train 7.5333   lr 3.75e-04   grad 1.45   gamma=0.149   elapsed 46s
[helm-train] step   200/4000   train 6.3848   lr 5.00e-04   grad 1.54   gamma=0.150   elapsed 61s
[helm-train] >>> eval @ 200: train 6.0951   val 6.2505   ppl 518.29
[helm-train] step   250/4000   train 5.8865   lr 5.00e-04   grad 1.46   gamma=0.150   elapsed 82s
[helm-train] step   300/4000   train 5.5359   lr 4.99e-04   grad 1.02   gamma=0.151   elapsed 96s
[helm-train] step   350/4000   train 5.3112   lr 4.98e-04   grad 1.37   gamma=0.151   elapsed 109s
[helm-train] step   400/4000   train 5.1515   lr 4.97e-04   grad 1.67   gamma=0.151   elapsed 123s
[helm-train] >>> eval @ 400: train 5.0879   val 5.5009   ppl 244.92
[helm-train] step   450/4000   train 5.0161   lr 4.95e-04   grad 0.92   gamma=0.152   elapsed 144s
[helm-train] step   500/4000   train 4.9221   lr 4.92e-04   grad 0.95   gamma=0.152   elapsed 158s
[helm-train] step   550/4000   train 4.8120   lr 4.90e-04   grad 1.03   gamma=0.153   elapsed 175s
[helm-train] step   600/4000   train 4.7548   lr 4.87e-04   grad 1.48   gamma=0.153   elapsed 194s
[helm-train] >>> eval @ 600: train 4.7180   val 5.2347   ppl 187.68
[helm-train] step   650/4000   train 4.6992   lr 4.83e-04   grad 1.61   gamma=0.154   elapsed 221s
[helm-train] step   700/4000   train 4.6465   lr 4.79e-04   grad 1.28   gamma=0.155   elapsed 241s
[helm-train] step   750/4000   train 4.5590   lr 4.75e-04   grad 1.50   gamma=0.156   elapsed 260s
[helm-train] step   800/4000   train 4.5570   lr 4.70e-04   grad 1.52   gamma=0.156   elapsed 280s
[helm-train] >>> eval @ 800: train 4.5319   val 5.1796   ppl 177.61
[helm-train] step   850/4000   train 4.4747   lr 4.65e-04   grad 1.62   gamma=0.157   elapsed 308s
[helm-train] step   900/4000   train 4.4364   lr 4.59e-04   grad 1.18   gamma=0.158   elapsed 326s
[helm-train] step   950/4000   train 4.3987   lr 4.54e-04   grad 1.12   gamma=0.159   elapsed 344s
[helm-train] step  1000/4000   train 4.3763   lr 4.47e-04   grad 1.09   gamma=0.160   elapsed 362s
[helm-train] >>> eval @ 1000: train 4.3343   val 5.0681   ppl 158.87
[helm-train] step  1050/4000   train 4.3494   lr 4.41e-04   grad 1.21   gamma=0.160   elapsed 390s
[helm-train] step  1100/4000   train 4.2979   lr 4.34e-04   grad 1.14   gamma=0.161   elapsed 409s
[helm-train] step  1150/4000   train 4.2716   lr 4.27e-04   grad 1.60   gamma=0.162   elapsed 428s
[helm-train] step  1200/4000   train 4.2431   lr 4.19e-04   grad 1.31   gamma=0.162   elapsed 446s
[helm-train] >>> eval @ 1200: train 4.2324   val 5.0896   ppl 162.33
[helm-train] step  1250/4000   train 4.2220   lr 4.12e-04   grad 1.32   gamma=0.163   elapsed 474s
[helm-train] step  1300/4000   train 4.2245   lr 4.04e-04   grad 1.13   gamma=0.164   elapsed 493s
[helm-train] step  1350/4000   train 4.1253   lr 3.95e-04   grad 1.29   gamma=0.164   elapsed 512s
[helm-train] step  1400/4000   train 4.1445   lr 3.87e-04   grad 1.78   gamma=0.164   elapsed 531s
[helm-train] >>> eval @ 1400: train 4.1528   val 5.0032   ppl 148.88
[helm-train] step  1450/4000   train 4.1859   lr 3.78e-04   grad 1.42   gamma=0.165   elapsed 559s
[helm-train] step  1500/4000   train 4.1353   lr 3.69e-04   grad 1.82   gamma=0.165   elapsed 578s
[helm-train] step  1550/4000   train 4.0959   lr 3.60e-04   grad 1.26   gamma=0.165   elapsed 598s
[helm-train] step  1600/4000   train 4.1225   lr 3.51e-04   grad 1.60   gamma=0.166   elapsed 619s
[helm-train] >>> eval @ 1600: train 4.0956   val 5.0235   ppl 151.94
[helm-train] step  1650/4000   train 4.0699   lr 3.41e-04   grad 1.37   gamma=0.166   elapsed 649s
[helm-train] step  1700/4000   train 4.0799   lr 3.31e-04   grad 1.41   gamma=0.166   elapsed 669s
[helm-train] step  1750/4000   train 4.0635   lr 3.22e-04   grad 1.48   gamma=0.166   elapsed 689s
[helm-train] step  1800/4000   train 4.0224   lr 3.12e-04   grad 1.49   gamma=0.166   elapsed 708s
[helm-train] >>> eval @ 1800: train 4.0700   val 5.0184   ppl 151.17
[helm-train] step  1850/4000   train 4.0100   lr 3.02e-04   grad 1.42   gamma=0.166   elapsed 737s
[helm-train] step  1900/4000   train 4.0343   lr 2.91e-04   grad 1.46   gamma=0.166   elapsed 757s
[helm-train] step  1950/4000   train 3.9827   lr 2.81e-04   grad 1.39   gamma=0.166   elapsed 776s
[helm-train] step  2000/4000   train 3.9311   lr 2.71e-04   grad 1.52   gamma=0.166   elapsed 796s
[helm-train] >>> eval @ 2000: train 3.9577   val 4.9523   ppl 141.50
[helm-train] step  2050/4000   train 3.9947   lr 2.61e-04   grad 1.58   gamma=0.166   elapsed 827s
[helm-train] step  2100/4000   train 3.9451   lr 2.50e-04   grad 1.37   gamma=0.166   elapsed 848s
[helm-train] step  2150/4000   train 3.9378   lr 2.40e-04   grad 1.46   gamma=0.166   elapsed 867s
[helm-train] step  2200/4000   train 3.9265   lr 2.30e-04   grad 1.33   gamma=0.166   elapsed 885s
[helm-train] >>> eval @ 2200: train 3.9169   val 5.0242   ppl 152.05
[helm-train] step  2250/4000   train 3.9178   lr 2.19e-04   grad 1.30   gamma=0.166   elapsed 913s
[helm-train] step  2300/4000   train 3.9273   lr 2.09e-04   grad 1.47   gamma=0.166   elapsed 932s
[helm-train] step  2350/4000   train 3.8956   lr 1.99e-04   grad 1.46   gamma=0.165   elapsed 951s
[helm-train] step  2400/4000   train 3.8772   lr 1.89e-04   grad 1.61   gamma=0.165   elapsed 970s
[helm-train] >>> eval @ 2400: train 3.8744   val 5.0600   ppl 157.58
[helm-train] step  2450/4000   train 3.9299   lr 1.79e-04   grad 1.50   gamma=0.165   elapsed 998s
[helm-train] step  2500/4000   train 3.8904   lr 1.69e-04   grad 1.41   gamma=0.165   elapsed 1017s
[helm-train] step  2550/4000   train 3.8457   lr 1.59e-04   grad 1.48   gamma=0.165   elapsed 1038s
[helm-train] step  2600/4000   train 3.8434   lr 1.50e-04   grad 1.44   gamma=0.165   elapsed 1060s
[helm-train] >>> eval @ 2600: train 3.8413   val 4.9493   ppl 141.08
[helm-train] step  2650/4000   train 3.8703   lr 1.40e-04   grad 1.59   gamma=0.164   elapsed 1090s
[helm-train] step  2700/4000   train 3.8242   lr 1.31e-04   grad 1.49   gamma=0.164   elapsed 1108s
[helm-train] step  2750/4000   train 3.8134   lr 1.22e-04   grad 1.85   gamma=0.164   elapsed 1126s
[helm-train] step  2800/4000   train 3.8497   lr 1.13e-04   grad 1.49   gamma=0.164   elapsed 1144s
[helm-train] >>> eval @ 2800: train 3.8547   val 5.0880   ppl 162.06
[helm-train] step  2850/4000   train 3.7747   lr 1.05e-04   grad 1.46   gamma=0.163   elapsed 1171s
[helm-train] step  2900/4000   train 3.8141   lr 9.66e-05   grad 1.40   gamma=0.163   elapsed 1189s
[helm-train] step  2950/4000   train 3.7719   lr 8.86e-05   grad 1.63   gamma=0.163   elapsed 1208s
[helm-train] step  3000/4000   train 3.8363   lr 8.08e-05   grad 1.56   gamma=0.163   elapsed 1227s
[helm-train] >>> eval @ 3000: train 3.7872   val 5.0104   ppl 149.97
[helm-train] step  3050/4000   train 3.8072   lr 7.34e-05   grad 1.46   gamma=0.163   elapsed 1254s
[helm-train] step  3100/4000   train 3.7571   lr 6.62e-05   grad 1.49   gamma=0.163   elapsed 1272s
[helm-train] step  3150/4000   train 3.7717   lr 5.94e-05   grad 1.44   gamma=0.162   elapsed 1290s
[helm-train] step  3200/4000   train 3.7979   lr 5.28e-05   grad 1.53   gamma=0.162   elapsed 1309s
[helm-train] >>> eval @ 3200: train 3.7862   val 4.9686   ppl 143.82
[helm-train] step  3250/4000   train 3.7901   lr 4.67e-05   grad 1.52   gamma=0.162   elapsed 1337s
[helm-train] step  3300/4000   train 3.7675   lr 4.08e-05   grad 1.91   gamma=0.162   elapsed 1355s
[helm-train] step  3350/4000   train 3.7531   lr 3.53e-05   grad 1.59   gamma=0.162   elapsed 1373s
[helm-train] step  3400/4000   train 3.7822   lr 3.02e-05   grad 1.72   gamma=0.162   elapsed 1391s
[helm-train] >>> eval @ 3400: train 3.7864   val 4.9657   ppl 143.41
[helm-train] step  3450/4000   train 3.7441   lr 2.55e-05   grad 1.60   gamma=0.162   elapsed 1418s
[helm-train] step  3500/4000   train 3.7362   lr 2.11e-05   grad 1.48   gamma=0.162   elapsed 1437s
[helm-train] step  3550/4000   train 3.7729   lr 1.72e-05   grad 1.41   gamma=0.162   elapsed 1456s
[helm-train] step  3600/4000   train 3.7426   lr 1.36e-05   grad 1.44   gamma=0.162   elapsed 1474s
[helm-train] >>> eval @ 3600: train 3.7204   val 4.9941   ppl 147.54
[helm-train] step  3650/4000   train 3.7615   lr 1.05e-05   grad 1.51   gamma=0.162   elapsed 1501s
[helm-train] step  3700/4000   train 3.7467   lr 7.70e-06   grad 1.54   gamma=0.161   elapsed 1519s
[helm-train] step  3750/4000   train 3.7606   lr 5.36e-06   grad 1.29   gamma=0.161   elapsed 1537s
[helm-train] step  3800/4000   train 3.7706   lr 3.44e-06   grad 1.41   gamma=0.161   elapsed 1555s
[helm-train] >>> eval @ 3800: train 3.7391   val 5.0131   ppl 150.37
[helm-train] step  3850/4000   train 3.7419   lr 1.95e-06   grad 1.38   gamma=0.161   elapsed 1583s
[helm-train] step  3900/4000   train 3.7400   lr 8.71e-07   grad 1.48   gamma=0.161   elapsed 1601s
[helm-train] step  3950/4000   train 3.7914   lr 2.22e-07   grad 1.35   gamma=0.161   elapsed 1619s
[helm-train] step  4000/4000   train 3.7494   lr 8.54e-11   grad 1.58   gamma=0.161   elapsed 1637s
[helm-train] >>> eval @ 4000: train 3.7308   val 5.0249   ppl 152.16
[helm-train] done in 1646s
[helm-train] saved checkpoint -> /Users/dimitargueorguiev/git/ml/semsimula/notebooks/conservative_arch/helmholtz/results/helm_AAAASSSS_vh128_shakespeare_seed1_ckpt_latest.pt
[helm-train] saved loss curve -> /Users/dimitargueorguiev/git/ml/semsimula/notebooks/conservative_arch/helmholtz/results/helm_AAAASSSS_vh128_shakespeare_seed1_loss_curve.png
[helm-train] saved summary -> /Users/dimitargueorguiev/git/ml/semsimula/notebooks/conservative_arch/helmholtz/results/helm_AAAASSSS_vh128_shakespeare_seed1_summary.md
