[parf-train] device=mps  tag=parf_structural_vphi128_shakespeare_seed0
[parf-train] tokens: train=321,124  val=16,901
[parf-train] arch: V_phi='structural'  L=8  d=128, v_hidden=128, v_depth=3, v_phi_d_type=16, v_phi_d_angle=8, fixed_gamma=None, causal_force=True, ln_after_step=True, use_grad_checkpoint=False
[parf-train] params: 6,538,502  (target ~8.0 M, delta -1.461 M)  V_theta=66,049  V_phi=6,786
[parf-train] running causal-violation probe...
[parf-train] causal probe PASSED (perturbation + gradient-Jacobian, both V_phi paths, both modes < 1e-6)
[parf-train] step    50/4000   train 10.6589   lr 1.25e-04   grad 19.34   gamma=0.150   elapsed 325s
[parf-train] step   100/4000   train 10.0283   lr 2.50e-04   grad 137.92   gamma=0.149   elapsed 647s
[parf-train] step   150/4000   train 8.9563   lr 3.75e-04   grad 12.15   gamma=0.149   elapsed 967s
[parf-train] step   200/4000   train 7.2803   lr 5.00e-04   grad 2.45   gamma=0.147   elapsed 1286s
[parf-train] >>> eval @ 200: train 6.7360   val 6.8733   ppl 966.09
[parf-train] step   250/4000   train 6.8323   lr 5.00e-04   grad 2.03   gamma=0.145   elapsed 1637s
[parf-train] step   300/4000   train 6.7006   lr 4.99e-04   grad 5.09   gamma=0.143   elapsed 1958s
[parf-train] step   350/4000   train 6.3966   lr 4.98e-04   grad 1.45   gamma=0.141   elapsed 2277s
[parf-train] step   400/4000   train 6.3843   lr 4.97e-04   grad 2.60   gamma=0.142   elapsed 2600s
[parf-train] >>> eval @ 400: train 6.3563   val 6.5495   ppl 698.88
[parf-train] step   450/4000   train 6.3776   lr 4.95e-04   grad 3.99   gamma=0.143   elapsed 2962s
[parf-train] step   500/4000   train 6.3552   lr 4.92e-04   grad 3.45   gamma=0.144   elapsed 3283s
[parf-train] step   550/4000   train 6.3730   lr 4.90e-04   grad 4.73   gamma=0.144   elapsed 3619s
[parf-train] step   600/4000   train 6.3569   lr 4.87e-04   grad 1.63   gamma=0.144   elapsed 3952s
[parf-train] >>> eval @ 600: train 6.3653   val 6.5813   ppl 721.46
[parf-train] step   650/4000   train 6.3539   lr 4.83e-04   grad 6.38   gamma=0.144   elapsed 4340s
[parf-train] step   700/4000   train 6.3914   lr 4.79e-04   grad 6.38   gamma=0.143   elapsed 4664s
[parf-train] step   750/4000   train 6.3648   lr 4.75e-04   grad 6.02   gamma=0.143   elapsed 4993s
[parf-train] step   800/4000   train 6.3586   lr 4.70e-04   grad 0.90   gamma=0.143   elapsed 5319s
[parf-train] >>> eval @ 800: train 6.3511   val 6.5451   ppl 695.83
[parf-train] step   850/4000   train 6.3469   lr 4.65e-04   grad 2.46   gamma=0.141   elapsed 5706s
[parf-train] step   900/4000   train 6.3102   lr 4.59e-04   grad 5.73   gamma=0.140   elapsed 6046s
[parf-train] step   950/4000   train 6.2403   lr 4.54e-04   grad 1.22   gamma=0.138   elapsed 6381s
