[hybrid-train] device=mps  tag=hybrid_k5_m3_shakespeare_seed0
[hybrid-train] tokens: train=321,124  val=16,901
[hybrid-train] arch: n_attn=5, n_splm=3, d=128, v_hidden=512, v_depth=3, n_head=4, fixed_gamma=None, causal_force=True, ln_after_step=True
[hybrid-train] params: 8,114,692  (target ~8.0 M, delta +0.115 M)
[hybrid-train] step    50/4000   train 10.4745   lr 1.25e-04   grad 1.65   gamma=0.150   elapsed 18s
[hybrid-train] step   100/4000   train 9.2919   lr 2.50e-04   grad 1.67   gamma=0.149   elapsed 36s
[hybrid-train] step   150/4000   train 7.5534   lr 3.75e-04   grad 1.44   gamma=0.149   elapsed 55s
[hybrid-train] step   200/4000   train 6.3875   lr 5.00e-04   grad 0.74   gamma=0.149   elapsed 75s
[hybrid-train] >>> eval @ 200: train 6.0693   val 6.2362   ppl 510.90
[hybrid-train] step   250/4000   train 5.8813   lr 5.00e-04   grad 1.26   gamma=0.150   elapsed 105s
[hybrid-train] step   300/4000   train 5.5163   lr 4.99e-04   grad 0.77   gamma=0.149   elapsed 127s
[hybrid-train] step   350/4000   train 5.3081   lr 4.98e-04   grad 0.77   gamma=0.149   elapsed 147s
[hybrid-train] step   400/4000   train 5.1530   lr 4.97e-04   grad 0.98   gamma=0.149   elapsed 167s
[hybrid-train] >>> eval @ 400: train 5.0273   val 5.4552   ppl 233.96
[hybrid-train] step   450/4000   train 5.0187   lr 4.95e-04   grad 1.06   gamma=0.149   elapsed 196s
[hybrid-train] step   500/4000   train 4.8997   lr 4.92e-04   grad 1.06   gamma=0.150   elapsed 216s
[hybrid-train] step   550/4000   train 4.8578   lr 4.90e-04   grad 0.84   gamma=0.150   elapsed 236s
[hybrid-train] step   600/4000   train 4.7350   lr 4.87e-04   grad 1.12   gamma=0.150   elapsed 256s
[hybrid-train] >>> eval @ 600: train 4.7253   val 5.2558   ppl 191.68
[hybrid-train] step   650/4000   train 4.6494   lr 4.83e-04   grad 1.06   gamma=0.150   elapsed 284s
[hybrid-train] step   700/4000   train 4.6721   lr 4.79e-04   grad 1.30   gamma=0.150   elapsed 305s
[hybrid-train] step   750/4000   train 4.5623   lr 4.75e-04   grad 1.24   gamma=0.150   elapsed 326s
[hybrid-train] step   800/4000   train 4.5435   lr 4.70e-04   grad 1.19   gamma=0.150   elapsed 347s
[hybrid-train] >>> eval @ 800: train 4.5285   val 5.1673   ppl 175.44
[hybrid-train] step   850/4000   train 4.5161   lr 4.65e-04   grad 1.29   gamma=0.150   elapsed 378s
[hybrid-train] step   900/4000   train 4.4643   lr 4.59e-04   grad 1.11   gamma=0.150   elapsed 398s
[hybrid-train] step   950/4000   train 4.4535   lr 4.54e-04   grad 1.04   gamma=0.151   elapsed 418s
[hybrid-train] step  1000/4000   train 4.3735   lr 4.47e-04   grad 1.52   gamma=0.151   elapsed 437s
[hybrid-train] >>> eval @ 1000: train 4.4190   val 5.1188   ppl 167.13
[hybrid-train] step  1050/4000   train 4.3131   lr 4.41e-04   grad 1.28   gamma=0.151   elapsed 466s
[hybrid-train] step  1100/4000   train 4.2626   lr 4.34e-04   grad 1.15   gamma=0.151   elapsed 486s
[hybrid-train] step  1150/4000   train 4.2811   lr 4.27e-04   grad 1.13   gamma=0.151   elapsed 506s
[hybrid-train] step  1200/4000   train 4.2633   lr 4.19e-04   grad 1.22   gamma=0.151   elapsed 527s
[hybrid-train] >>> eval @ 1200: train 4.3049   val 5.0534   ppl 156.56
[hybrid-train] step  1250/4000   train 4.2639   lr 4.12e-04   grad 1.10   gamma=0.152   elapsed 556s
[hybrid-train] step  1300/4000   train 4.2240   lr 4.04e-04   grad 1.31   gamma=0.152   elapsed 575s
[hybrid-train] step  1350/4000   train 4.2256   lr 3.95e-04   grad 1.25   gamma=0.152   elapsed 595s
[hybrid-train] step  1400/4000   train 4.1854   lr 3.87e-04   grad 1.28   gamma=0.152   elapsed 615s
[hybrid-train] >>> eval @ 1400: train 4.1783   val 4.9905   ppl 147.01
[hybrid-train] step  1450/4000   train 4.1452   lr 3.78e-04   grad 1.10   gamma=0.152   elapsed 645s
[hybrid-train] step  1500/4000   train 4.1340   lr 3.69e-04   grad 1.32   gamma=0.152   elapsed 666s
[hybrid-train] step  1550/4000   train 4.0979   lr 3.60e-04   grad 1.12   gamma=0.152   elapsed 689s
[hybrid-train] step  1600/4000   train 4.1012   lr 3.51e-04   grad 1.37   gamma=0.152   elapsed 713s
[hybrid-train] >>> eval @ 1600: train 4.0556   val 5.0011   ppl 148.57
[hybrid-train] step  1650/4000   train 4.0982   lr 3.41e-04   grad 1.12   gamma=0.153   elapsed 750s
[hybrid-train] step  1700/4000   train 4.0955   lr 3.31e-04   grad 1.30   gamma=0.153   elapsed 776s
[hybrid-train] step  1750/4000   train 4.0987   lr 3.22e-04   grad 1.23   gamma=0.153   elapsed 800s
[hybrid-train] step  1800/4000   train 4.0370   lr 3.12e-04   grad 1.44   gamma=0.153   elapsed 824s
[hybrid-train] >>> eval @ 1800: train 4.0454   val 5.0408   ppl 154.59
[hybrid-train] step  1850/4000   train 4.0034   lr 3.02e-04   grad 1.29   gamma=0.153   elapsed 859s
[hybrid-train] step  1900/4000   train 3.9936   lr 2.91e-04   grad 1.04   gamma=0.153   elapsed 884s
[hybrid-train] step  1950/4000   train 4.0357   lr 2.81e-04   grad 1.41   gamma=0.153   elapsed 908s
[hybrid-train] step  2000/4000   train 3.9762   lr 2.71e-04   grad 1.81   gamma=0.153   elapsed 932s
[hybrid-train] >>> eval @ 2000: train 3.9775   val 5.0553   ppl 156.85
[hybrid-train] step  2050/4000   train 3.9911   lr 2.61e-04   grad 1.35   gamma=0.153   elapsed 968s
[hybrid-train] step  2100/4000   train 3.9881   lr 2.50e-04   grad 1.33   gamma=0.153   elapsed 993s
[hybrid-train] step  2150/4000   train 3.9325   lr 2.40e-04   grad 1.27   gamma=0.153   elapsed 1018s
[hybrid-train] step  2200/4000   train 3.9097   lr 2.30e-04   grad 1.39   gamma=0.153   elapsed 1041s
[hybrid-train] >>> eval @ 2200: train 3.9293   val 4.9864   ppl 146.41
[hybrid-train] step  2250/4000   train 3.9328   lr 2.19e-04   grad 1.26   gamma=0.154   elapsed 1076s
[hybrid-train] step  2300/4000   train 3.9316   lr 2.09e-04   grad 1.32   gamma=0.154   elapsed 1100s
[hybrid-train] step  2350/4000   train 3.8724   lr 1.99e-04   grad 1.69   gamma=0.154   elapsed 1124s
[hybrid-train] step  2400/4000   train 3.9085   lr 1.89e-04   grad 1.36   gamma=0.154   elapsed 1149s
[hybrid-train] >>> eval @ 2400: train 3.9050   val 5.0368   ppl 153.98
[hybrid-train] step  2450/4000   train 3.8572   lr 1.79e-04   grad 1.24   gamma=0.154   elapsed 1183s
[hybrid-train] step  2500/4000   train 3.8900   lr 1.69e-04   grad 1.39   gamma=0.154   elapsed 1208s
[hybrid-train] step  2550/4000   train 3.8626   lr 1.59e-04   grad 1.49   gamma=0.154   elapsed 1232s
[hybrid-train] step  2600/4000   train 3.8651   lr 1.50e-04   grad 1.20   gamma=0.154   elapsed 1256s
[hybrid-train] >>> eval @ 2600: train 3.8229   val 5.0086   ppl 149.70
[hybrid-train] step  2650/4000   train 3.7834   lr 1.40e-04   grad 1.36   gamma=0.154   elapsed 1290s
[hybrid-train] step  2700/4000   train 3.8496   lr 1.31e-04   grad 1.51   gamma=0.154   elapsed 1314s
[hybrid-train] step  2750/4000   train 3.8646   lr 1.22e-04   grad 1.66   gamma=0.154   elapsed 1338s
[hybrid-train] step  2800/4000   train 3.8153   lr 1.13e-04   grad 1.42   gamma=0.154   elapsed 1362s
[hybrid-train] >>> eval @ 2800: train 3.8377   val 4.9668   ppl 143.56
[hybrid-train] step  2850/4000   train 3.8506   lr 1.05e-04   grad 1.63   gamma=0.154   elapsed 1397s
[hybrid-train] step  2900/4000   train 3.8208   lr 9.66e-05   grad 1.41   gamma=0.154   elapsed 1421s
[hybrid-train] step  2950/4000   train 3.8113   lr 8.86e-05   grad 1.37   gamma=0.154   elapsed 1446s
[hybrid-train] step  3000/4000   train 3.7862   lr 8.08e-05   grad 2.10   gamma=0.154   elapsed 1470s
[hybrid-train] >>> eval @ 3000: train 3.8142   val 4.9671   ppl 143.60
[hybrid-train] step  3050/4000   train 3.8165   lr 7.34e-05   grad 1.36   gamma=0.154   elapsed 1504s
[hybrid-train] step  3100/4000   train 3.8164   lr 6.62e-05   grad 1.26   gamma=0.154   elapsed 1528s
[hybrid-train] step  3150/4000   train 3.7485   lr 5.94e-05   grad 1.40   gamma=0.154   elapsed 1552s
[hybrid-train] step  3200/4000   train 3.7719   lr 5.28e-05   grad 1.54   gamma=0.154   elapsed 1576s
[hybrid-train] >>> eval @ 3200: train 3.7989   val 5.0326   ppl 153.33
[hybrid-train] step  3250/4000   train 3.7633   lr 4.67e-05   grad 1.40   gamma=0.154   elapsed 1610s
[hybrid-train] step  3300/4000   train 3.7327   lr 4.08e-05   grad 1.37   gamma=0.154   elapsed 1635s
[hybrid-train] step  3350/4000   train 3.7886   lr 3.53e-05   grad 1.34   gamma=0.154   elapsed 1659s
[hybrid-train] step  3400/4000   train 3.8027   lr 3.02e-05   grad 1.42   gamma=0.154   elapsed 1682s
[hybrid-train] >>> eval @ 3400: train 3.7947   val 5.0069   ppl 149.45
[hybrid-train] step  3450/4000   train 3.7542   lr 2.55e-05   grad 1.69   gamma=0.154   elapsed 1716s
[hybrid-train] step  3500/4000   train 3.7329   lr 2.11e-05   grad 1.61   gamma=0.154   elapsed 1741s
[hybrid-train] step  3550/4000   train 3.7824   lr 1.72e-05   grad 1.80   gamma=0.154   elapsed 1765s
[hybrid-train] step  3600/4000   train 3.8115   lr 1.36e-05   grad 1.38   gamma=0.154   elapsed 1789s
[hybrid-train] >>> eval @ 3600: train 3.7375   val 5.0349   ppl 153.68
[hybrid-train] step  3650/4000   train 3.7839   lr 1.05e-05   grad 1.50   gamma=0.154   elapsed 1824s
[hybrid-train] step  3700/4000   train 3.7587   lr 7.70e-06   grad 1.45   gamma=0.154   elapsed 1848s
[hybrid-train] step  3750/4000   train 3.7692   lr 5.36e-06   grad 1.66   gamma=0.154   elapsed 1872s
[hybrid-train] step  3800/4000   train 3.7766   lr 3.44e-06   grad 1.38   gamma=0.154   elapsed 1896s
[hybrid-train] >>> eval @ 3800: train 3.7120   val 4.9443   ppl 140.37
[hybrid-train] step  3850/4000   train 3.7529   lr 1.95e-06   grad 1.38   gamma=0.154   elapsed 1931s
[hybrid-train] step  3900/4000   train 3.7535   lr 8.71e-07   grad 1.50   gamma=0.154   elapsed 1955s
[hybrid-train] step  3950/4000   train 3.7695   lr 2.22e-07   grad 1.38   gamma=0.154   elapsed 1979s
[hybrid-train] step  4000/4000   train 3.7692   lr 8.54e-11   grad 1.45   gamma=0.154   elapsed 2003s
[hybrid-train] >>> eval @ 4000: train 3.7726   val 4.9162   ppl 136.48
[hybrid-train] done in 2013s
[hybrid-train] saved checkpoint -> /Users/dimitargueorguiev/git/ml/semsimula/notebooks/conservative_arch/hybrid/results/hybrid_k5_m3_shakespeare_seed0_ckpt_latest.pt
[hybrid-train] saved loss curve -> /Users/dimitargueorguiev/git/ml/semsimula/notebooks/conservative_arch/hybrid/results/hybrid_k5_m3_shakespeare_seed0_loss_curve.png
[hybrid-train] saved summary -> /Users/dimitargueorguiev/git/ml/semsimula/notebooks/conservative_arch/hybrid/results/hybrid_k5_m3_shakespeare_seed0_summary.md
