[multixi-splm] device=mps  mode=pilot  fixed_gamma=0.3  seed=0  results_dir=/Users/dimitargueorguiev/git/ml/semsimula/notebooks/conservative_arch/scaleup/results/multixi_pilot_fixed
[multixi-splm] tokens: train=5,000,000  val=4,787,906
[multixi-splm] params: 16,539,911   d=256  L=8  v_hidden=1024  max_len=1024  ln_after_step=True
[multixi-splm] xi: K=4  learnable=True  α_init=[0.000,0.500,0.900,0.990]
[multixi-splm] causal_force=True  (FIXED (post-bug))  steps=4000
[multixi-splm] init mass: mean=1.421  std=0.183  min=1.175  max=2.142
[multixi-splm] step    50/4000   train 10.5907   lr 1.25e-04   grad 3.20   m[mean 1.416 std 0.181]   gamma=0.300   α=[0.000,0.500,0.900,0.990]   elapsed 396s
[multixi-splm] step   100/4000   train 7.9818   lr 2.50e-04   grad 1.34   m[mean 1.416 std 0.184]   gamma=0.300   α=[0.000,0.498,0.900,0.990]   elapsed 841s
[multixi-splm] step   150/4000   train 5.8152   lr 3.75e-04   grad 0.87   m[mean 1.411 std 0.181]   gamma=0.300   α=[0.000,0.494,0.899,0.990]   elapsed 1294s
[multixi-splm] step   200/4000   train 5.0949   lr 5.00e-04   grad 0.87   m[mean 1.408 std 0.175]   gamma=0.300   α=[0.000,0.489,0.897,0.990]   elapsed 1739s
[multixi-splm] step   200   val_loss=4.7239  val_ppl=112.60
[multixi-splm] step   250/4000   train 4.4530   lr 5.00e-04   grad 0.59   m[mean 1.424 std 0.191]   gamma=0.300   α=[0.000,0.490,0.895,0.990]   elapsed 2197s
[multixi-splm] step   300/4000   train 4.0642   lr 4.99e-04   grad 0.83   m[mean 1.414 std 0.187]   gamma=0.300   α=[0.000,0.491,0.893,0.990]   elapsed 2574s
[multixi-splm] step   350/4000   train 3.8272   lr 4.98e-04   grad 0.66   m[mean 1.415 std 0.181]   gamma=0.300   α=[0.000,0.493,0.891,0.990]   elapsed 2971s
[multixi-splm] step   400/4000   train 3.6986   lr 4.97e-04   grad 0.64   m[mean 1.415 std 0.184]   gamma=0.300   α=[0.000,0.495,0.889,0.990]   elapsed 3319s
[multixi-splm] step   400   val_loss=3.6785  val_ppl=39.59
[multixi-splm] step   450/4000   train 3.5851   lr 4.95e-04   grad 0.69   m[mean 1.413 std 0.183]   gamma=0.300   α=[0.000,0.498,0.888,0.990]   elapsed 3834s
[multixi-splm] step   500/4000   train 3.5000   lr 4.92e-04   grad 0.97   m[mean 1.409 std 0.179]   gamma=0.300   α=[0.000,0.500,0.886,0.990]   elapsed 4259s
[multixi-splm] step   550/4000   train 3.4281   lr 4.90e-04   grad 0.82   m[mean 1.417 std 0.183]   gamma=0.300   α=[0.000,0.503,0.884,0.989]   elapsed 4674s
[multixi-splm] step   600/4000   train 3.3806   lr 4.87e-04   grad 0.72   m[mean 1.415 std 0.184]   gamma=0.300   α=[0.000,0.505,0.882,0.989]   elapsed 5078s
[multixi-splm] step   600   val_loss=3.4062  val_ppl=30.15
[multixi-splm] step   650/4000   train 3.3050   lr 4.83e-04   grad 0.83   m[mean 1.415 std 0.184]   gamma=0.300   α=[0.000,0.507,0.881,0.989]   elapsed 5505s
[multixi-splm] step   700/4000   train 3.2800   lr 4.79e-04   grad 0.74   m[mean 1.412 std 0.186]   gamma=0.300   α=[0.000,0.509,0.879,0.989]   elapsed 5901s
[multixi-splm] step   750/4000   train 3.2193   lr 4.75e-04   grad 0.63   m[mean 1.415 std 0.183]   gamma=0.300   α=[0.000,0.511,0.878,0.988]   elapsed 6283s
[multixi-splm] step   800/4000   train 3.1933   lr 4.70e-04   grad 0.82   m[mean 1.415 std 0.183]   gamma=0.300   α=[0.000,0.512,0.876,0.988]   elapsed 6642s
[multixi-splm] step   800   val_loss=3.2134  val_ppl=24.86
[multixi-splm] step   850/4000   train 3.1572   lr 4.65e-04   grad 0.66   m[mean 1.416 std 0.186]   gamma=0.300   α=[0.000,0.514,0.875,0.988]   elapsed 7084s
[multixi-splm] step   900/4000   train 3.1113   lr 4.59e-04   grad 0.61   m[mean 1.420 std 0.187]   gamma=0.300   α=[0.000,0.515,0.874,0.988]   elapsed 7480s
[multixi-splm] step   950/4000   train 3.0701   lr 4.54e-04   grad 0.63   m[mean 1.422 std 0.192]   gamma=0.300   α=[0.000,0.516,0.872,0.987]   elapsed 7900s
[multixi-splm] step  1000/4000   train 3.0542   lr 4.47e-04   grad 0.71   m[mean 1.417 std 0.185]   gamma=0.300   α=[0.000,0.518,0.871,0.987]   elapsed 8351s
[multixi-splm] step  1000   val_loss=3.1095  val_ppl=22.41
[multixi-splm] step  1050/4000   train 3.0152   lr 4.41e-04   grad 0.61   m[mean 1.422 std 0.184]   gamma=0.300   α=[0.000,0.519,0.870,0.987]   elapsed 8857s
[multixi-splm] step  1100/4000   train 3.0173   lr 4.34e-04   grad 0.59   m[mean 1.416 std 0.183]   gamma=0.300   α=[0.000,0.520,0.869,0.987]   elapsed 9333s
[multixi-splm] step  1150/4000   train 2.9845   lr 4.27e-04   grad 0.65   m[mean 1.415 std 0.184]   gamma=0.300   α=[0.000,0.521,0.868,0.986]   elapsed 9863s
[multixi-splm] step  1200/4000   train 2.9596   lr 4.19e-04   grad 0.63   m[mean 1.419 std 0.188]   gamma=0.300   α=[0.000,0.522,0.867,0.986]   elapsed 10336s
[multixi-splm] step  1200   val_loss=3.0093  val_ppl=20.27
[multixi-splm] step  1250/4000   train 2.9502   lr 4.12e-04   grad 0.66   m[mean 1.418 std 0.186]   gamma=0.300   α=[0.000,0.522,0.866,0.986]   elapsed 10769s
[multixi-splm] step  1300/4000   train 2.9089   lr 4.04e-04   grad 0.68   m[mean 1.415 std 0.184]   gamma=0.300   α=[0.000,0.523,0.865,0.986]   elapsed 11069s
[multixi-splm] step  1350/4000   train 2.9025   lr 3.95e-04   grad 0.68   m[mean 1.417 std 0.185]   gamma=0.300   α=[0.000,0.523,0.864,0.985]   elapsed 11358s
[multixi-splm] step  1400/4000   train 2.9056   lr 3.87e-04   grad 0.59   m[mean 1.407 std 0.178]   gamma=0.300   α=[0.000,0.524,0.864,0.985]   elapsed 11677s
[multixi-splm] step  1400   val_loss=2.9579  val_ppl=19.26
[multixi-splm] step  1450/4000   train 2.8851   lr 3.78e-04   grad 0.66   m[mean 1.422 std 0.188]   gamma=0.300   α=[0.000,0.524,0.863,0.985]   elapsed 12108s
[multixi-splm] step  1500/4000   train 2.8839   lr 3.69e-04   grad 0.67   m[mean 1.422 std 0.191]   gamma=0.300   α=[0.000,0.524,0.862,0.985]   elapsed 12451s
[multixi-splm] step  1550/4000   train 2.8549   lr 3.60e-04   grad 0.62   m[mean 1.419 std 0.190]   gamma=0.300   α=[0.000,0.525,0.861,0.984]   elapsed 12792s
[multixi-splm] step  1600/4000   train 2.8098   lr 3.51e-04   grad 0.65   m[mean 1.410 std 0.180]   gamma=0.300   α=[0.000,0.525,0.861,0.984]   elapsed 13168s
[multixi-splm] step  1600   val_loss=2.9130  val_ppl=18.41
[multixi-splm] step  1650/4000   train 2.8082   lr 3.41e-04   grad 0.71   m[mean 1.412 std 0.187]   gamma=0.300   α=[0.000,0.526,0.860,0.984]   elapsed 13667s
[multixi-splm] step  1700/4000   train 2.8181   lr 3.31e-04   grad 0.64   m[mean 1.413 std 0.187]   gamma=0.300   α=[0.000,0.526,0.860,0.984]   elapsed 14103s
[multixi-splm] step  1750/4000   train 2.8056   lr 3.22e-04   grad 0.66   m[mean 1.416 std 0.188]   gamma=0.300   α=[0.000,0.526,0.860,0.983]   elapsed 14540s
[multixi-splm] step  1800/4000   train 2.7885   lr 3.12e-04   grad 0.65   m[mean 1.411 std 0.183]   gamma=0.300   α=[0.000,0.526,0.859,0.983]   elapsed 14976s
[multixi-splm] step  1800   val_loss=2.8722  val_ppl=17.68
[multixi-splm] step  1850/4000   train 2.7766   lr 3.02e-04   grad 0.62   m[mean 1.411 std 0.184]   gamma=0.300   α=[0.000,0.526,0.859,0.983]   elapsed 15425s
[multixi-splm] step  1900/4000   train 2.7562   lr 2.91e-04   grad 0.63   m[mean 1.412 std 0.186]   gamma=0.300   α=[0.000,0.525,0.858,0.983]   elapsed 15895s
[multixi-splm] step  1950/4000   train 2.7562   lr 2.81e-04   grad 0.65   m[mean 1.415 std 0.192]   gamma=0.300   α=[0.000,0.525,0.858,0.983]   elapsed 16379s
[multixi-splm] step  2000/4000   train 2.7623   lr 2.71e-04   grad 0.61   m[mean 1.410 std 0.186]   gamma=0.300   α=[0.000,0.526,0.858,0.982]   elapsed 16835s
[multixi-splm] step  2000   val_loss=2.8144  val_ppl=16.68
[multixi-splm] step  2050/4000   train 2.7588   lr 2.61e-04   grad 0.66   m[mean 1.413 std 0.186]   gamma=0.300   α=[0.000,0.525,0.857,0.982]   elapsed 17334s
[multixi-splm] step  2100/4000   train 2.7380   lr 2.50e-04   grad 0.62   m[mean 1.420 std 0.194]   gamma=0.300   α=[0.000,0.526,0.857,0.982]   elapsed 17778s
[multixi-splm] step  2150/4000   train 2.7211   lr 2.40e-04   grad 0.74   m[mean 1.413 std 0.190]   gamma=0.300   α=[0.000,0.525,0.857,0.982]   elapsed 18222s
[multixi-splm] step  2200/4000   train 2.7243   lr 2.30e-04   grad 0.66   m[mean 1.409 std 0.186]   gamma=0.300   α=[0.000,0.525,0.857,0.982]   elapsed 18666s
[multixi-splm] step  2200   val_loss=2.8106  val_ppl=16.62
[multixi-splm] step  2250/4000   train 2.7032   lr 2.19e-04   grad 0.70   m[mean 1.407 std 0.186]   gamma=0.300   α=[0.000,0.525,0.856,0.981]   elapsed 19092s
[multixi-splm] step  2300/4000   train 2.7200   lr 2.09e-04   grad 0.61   m[mean 1.409 std 0.184]   gamma=0.300   α=[0.000,0.525,0.856,0.981]   elapsed 19451s
[multixi-splm] step  2350/4000   train 2.6876   lr 1.99e-04   grad 0.65   m[mean 1.412 std 0.189]   gamma=0.300   α=[0.000,0.525,0.856,0.981]   elapsed 19811s
[multixi-splm] step  2400/4000   train 2.6960   lr 1.89e-04   grad 0.69   m[mean 1.413 std 0.188]   gamma=0.300   α=[0.000,0.524,0.856,0.981]   elapsed 20169s
[multixi-splm] step  2400   val_loss=2.7416  val_ppl=15.51
[multixi-splm] step  2450/4000   train 2.6833   lr 1.79e-04   grad 0.68   m[mean 1.405 std 0.185]   gamma=0.300   α=[0.000,0.524,0.856,0.981]   elapsed 20618s
[multixi-splm] step  2500/4000   train 2.6630   lr 1.69e-04   grad 0.67   m[mean 1.415 std 0.190]   gamma=0.300   α=[0.000,0.524,0.856,0.981]   elapsed 21017s
[multixi-splm] step  2550/4000   train 2.6560   lr 1.59e-04   grad 0.61   m[mean 1.410 std 0.184]   gamma=0.300   α=[0.000,0.523,0.856,0.981]   elapsed 21416s
[multixi-splm] step  2600/4000   train 2.6683   lr 1.50e-04   grad 0.63   m[mean 1.405 std 0.185]   gamma=0.300   α=[0.000,0.523,0.856,0.981]   elapsed 21848s
[multixi-splm] step  2600   val_loss=2.7338  val_ppl=15.39
[multixi-splm] step  2650/4000   train 2.6555   lr 1.40e-04   grad 0.64   m[mean 1.406 std 0.185]   gamma=0.300   α=[0.000,0.523,0.855,0.980]   elapsed 22324s
[multixi-splm] step  2700/4000   train 2.6420   lr 1.31e-04   grad 0.62   m[mean 1.402 std 0.183]   gamma=0.300   α=[0.000,0.522,0.855,0.980]   elapsed 22708s
[multixi-splm] step  2750/4000   train 2.6646   lr 1.22e-04   grad 0.61   m[mean 1.404 std 0.185]   gamma=0.300   α=[0.000,0.522,0.855,0.980]   elapsed 23086s
[multixi-splm] step  2800/4000   train 2.6229   lr 1.13e-04   grad 0.68   m[mean 1.407 std 0.184]   gamma=0.300   α=[0.000,0.522,0.855,0.980]   elapsed 23460s
[multixi-splm] step  2800   val_loss=2.7295  val_ppl=15.33
[multixi-splm] step  2850/4000   train 2.6233   lr 1.05e-04   grad 0.70   m[mean 1.405 std 0.187]   gamma=0.300   α=[0.000,0.522,0.855,0.980]   elapsed 23907s
[multixi-splm] step  2900/4000   train 2.6119   lr 9.66e-05   grad 0.64   m[mean 1.398 std 0.183]   gamma=0.300   α=[0.000,0.522,0.855,0.980]   elapsed 24307s
[multixi-splm] step  2950/4000   train 2.6341   lr 8.86e-05   grad 0.67   m[mean 1.404 std 0.187]   gamma=0.300   α=[0.000,0.521,0.855,0.980]   elapsed 24708s
[multixi-splm] step  3000/4000   train 2.6173   lr 8.08e-05   grad 0.64   m[mean 1.404 std 0.187]   gamma=0.300   α=[0.000,0.521,0.855,0.980]   elapsed 25108s
[multixi-splm] step  3000   val_loss=2.7259  val_ppl=15.27
[multixi-splm] step  3050/4000   train 2.6154   lr 7.34e-05   grad 0.64   m[mean 1.407 std 0.190]   gamma=0.300   α=[0.000,0.521,0.855,0.980]   elapsed 25534s
[multixi-splm] step  3100/4000   train 2.5837   lr 6.62e-05   grad 0.65   m[mean 1.401 std 0.186]   gamma=0.300   α=[0.000,0.521,0.855,0.980]   elapsed 25890s
[multixi-splm] step  3150/4000   train 2.6184   lr 5.94e-05   grad 0.62   m[mean 1.403 std 0.185]   gamma=0.300   α=[0.000,0.521,0.855,0.980]   elapsed 26245s
[multixi-splm] step  3200/4000   train 2.6094   lr 5.28e-05   grad 0.65   m[mean 1.403 std 0.184]   gamma=0.300   α=[0.000,0.520,0.855,0.980]   elapsed 26600s
[multixi-splm] step  3200   val_loss=2.7168  val_ppl=15.13
[multixi-splm] step  3250/4000   train 2.6066   lr 4.67e-05   grad 0.59   m[mean 1.402 std 0.184]   gamma=0.300   α=[0.000,0.520,0.855,0.980]   elapsed 27017s
[multixi-splm] step  3300/4000   train 2.5929   lr 4.08e-05   grad 0.64   m[mean 1.406 std 0.187]   gamma=0.300   α=[0.000,0.520,0.855,0.980]   elapsed 27388s
[multixi-splm] step  3350/4000   train 2.5939   lr 3.53e-05   grad 0.61   m[mean 1.401 std 0.185]   gamma=0.300   α=[0.000,0.520,0.855,0.979]   elapsed 27743s
[multixi-splm] step  3400/4000   train 2.6016   lr 3.02e-05   grad 0.61   m[mean 1.404 std 0.189]   gamma=0.300   α=[0.000,0.520,0.855,0.979]   elapsed 28082s
[multixi-splm] step  3400   val_loss=2.7202  val_ppl=15.18
[multixi-splm] step  3450/4000   train 2.5934   lr 2.55e-05   grad 0.62   m[mean 1.400 std 0.184]   gamma=0.300   α=[0.000,0.520,0.855,0.979]   elapsed 28524s
[multixi-splm] step  3500/4000   train 2.5807   lr 2.11e-05   grad 0.64   m[mean 1.404 std 0.186]   gamma=0.300   α=[0.000,0.519,0.855,0.979]   elapsed 28963s
[multixi-splm] step  3550/4000   train 2.5841   lr 1.72e-05   grad 0.63   m[mean 1.405 std 0.190]   gamma=0.300   α=[0.000,0.519,0.855,0.979]   elapsed 29407s
[multixi-splm] step  3600/4000   train 2.5861   lr 1.36e-05   grad 0.66   m[mean 1.397 std 0.178]   gamma=0.300   α=[0.000,0.519,0.855,0.979]   elapsed 29851s
[multixi-splm] step  3600   val_loss=2.6818  val_ppl=14.61
[multixi-splm] step  3650/4000   train 2.5756   lr 1.05e-05   grad 0.65   m[mean 1.401 std 0.188]   gamma=0.300   α=[0.000,0.519,0.855,0.979]   elapsed 30280s
[multixi-splm] step  3700/4000   train 2.5676   lr 7.70e-06   grad 0.64   m[mean 1.400 std 0.183]   gamma=0.300   α=[0.000,0.519,0.855,0.979]   elapsed 30641s
[multixi-splm] step  3750/4000   train 2.5898   lr 5.36e-06   grad 0.61   m[mean 1.400 std 0.185]   gamma=0.300   α=[0.000,0.519,0.855,0.979]   elapsed 31001s
[multixi-splm] step  3800/4000   train 2.5827   lr 3.44e-06   grad 0.60   m[mean 1.395 std 0.180]   gamma=0.300   α=[0.000,0.519,0.855,0.979]   elapsed 31357s
[multixi-splm] step  3800   val_loss=2.7026  val_ppl=14.92
[multixi-splm] step  3850/4000   train 2.5838   lr 1.95e-06   grad 0.63   m[mean 1.404 std 0.188]   gamma=0.300   α=[0.000,0.519,0.855,0.979]   elapsed 31847s
[multixi-splm] step  3900/4000   train 2.6001   lr 8.71e-07   grad 0.60   m[mean 1.405 std 0.187]   gamma=0.300   α=[0.000,0.519,0.855,0.979]   elapsed 32282s
[multixi-splm] step  3950/4000   train 2.5746   lr 2.22e-07   grad 0.61   m[mean 1.404 std 0.184]   gamma=0.300   α=[0.000,0.519,0.855,0.979]   elapsed 32715s
[multixi-splm] step  4000/4000   train 2.6065   lr 8.54e-11   grad 0.65   m[mean 1.400 std 0.182]   gamma=0.300   α=[0.000,0.519,0.855,0.979]   elapsed 33150s
[multixi-splm] step  4000   val_loss=2.6934  val_ppl=14.78

[multixi-splm] DONE  val_loss=2.6925  val_ppl=14.77  gamma=0.3000  α_final=[1.2085392881999724e-06, 0.5190631151199341, 0.8546685576438904, 0.9793670773506165]  elapsed=33285s
[multixi-splm] checkpoint saved to /Users/dimitargueorguiev/git/ml/semsimula/notebooks/conservative_arch/scaleup/results/multixi_pilot_fixed/splm_em_ln_multixi_pilot_fixed_ckpt_latest.pt
[multixi-splm] summary written to /Users/dimitargueorguiev/git/ml/semsimula/notebooks/conservative_arch/scaleup/results/multixi_pilot_fixed/splm_em_ln_multixi_pilot_fixed_summary.md
