[train-em-ln] device=mps  mode=shakespeare  fixed_gamma=0.0  results_dir=/Users/dimitargueorguiev/git/ml/semsimula/notebooks/conservative_arch/ln_damping_sweep/results/leakfree_3seed/gamma0p00/seed0
[train-em-ln] tokens: train=321,124  val=16,901
[train-em-ln] params: 7,123,075   d=128  L=8  v_hidden=512  ln_after_step=True
[train-em-ln] causal_force=True  (FIXED (post-bug))  steps=4000
[train-em-ln] init mass: mean=1.453  std=0.203  min=1.151  max=1.915
[train-em-ln] step    50/4000   train 10.7543   lr 1.25e-04   grad 1.21   m[mean 1.446 std 0.204]   gamma=0.000   elapsed 15s
[train-em-ln] step   100/4000   train 9.5995   lr 2.50e-04   grad 1.63   m[mean 1.442 std 0.199]   gamma=0.000   elapsed 28s
[train-em-ln] step   150/4000   train 7.6487   lr 3.75e-04   grad 1.31   m[mean 1.450 std 0.202]   gamma=0.000   elapsed 41s
[train-em-ln] step   200/4000   train 6.4557   lr 5.00e-04   grad 0.36   m[mean 1.450 std 0.202]   gamma=0.000   elapsed 55s
[train-em-ln] step   200   val_loss=6.3895  val_ppl=595.54
[train-em-ln] step   250/4000   train 6.0777   lr 5.00e-04   grad 0.56   m[mean 1.456 std 0.212]   gamma=0.000   elapsed 75s
[train-em-ln] step   300/4000   train 5.7905   lr 4.99e-04   grad 0.66   m[mean 1.460 std 0.216]   gamma=0.000   elapsed 91s
[train-em-ln] step   350/4000   train 5.5687   lr 4.98e-04   grad 0.52   m[mean 1.464 std 0.211]   gamma=0.000   elapsed 108s
[train-em-ln] step   400/4000   train 5.3956   lr 4.97e-04   grad 0.96   m[mean 1.459 std 0.205]   gamma=0.000   elapsed 124s
[train-em-ln] step   400   val_loss=5.6629  val_ppl=287.98
[train-em-ln] step   450/4000   train 5.2470   lr 4.95e-04   grad 0.77   m[mean 1.458 std 0.212]   gamma=0.000   elapsed 148s
[train-em-ln] step   500/4000   train 5.1185   lr 4.92e-04   grad 1.27   m[mean 1.465 std 0.214]   gamma=0.000   elapsed 169s
[train-em-ln] step   550/4000   train 5.0593   lr 4.90e-04   grad 1.09   m[mean 1.468 std 0.213]   gamma=0.000   elapsed 190s
[train-em-ln] step   600/4000   train 4.9671   lr 4.87e-04   grad 2.34   m[mean 1.448 std 0.211]   gamma=0.000   elapsed 212s
[train-em-ln] step   600   val_loss=5.4465  val_ppl=231.94
[train-em-ln] step   650/4000   train 4.8750   lr 4.83e-04   grad 1.46   m[mean 1.464 std 0.216]   gamma=0.000   elapsed 239s
[train-em-ln] step   700/4000   train 4.8681   lr 4.79e-04   grad 1.04   m[mean 1.467 std 0.210]   gamma=0.000   elapsed 260s
[train-em-ln] step   750/4000   train 4.7632   lr 4.75e-04   grad 0.84   m[mean 1.461 std 0.214]   gamma=0.000   elapsed 281s
[train-em-ln] step   800/4000   train 4.7901   lr 4.70e-04   grad 1.52   m[mean 1.460 std 0.215]   gamma=0.000   elapsed 309s
[train-em-ln] step   800   val_loss=5.3673  val_ppl=214.28
[train-em-ln] step   850/4000   train 4.7259   lr 4.65e-04   grad 1.49   m[mean 1.469 std 0.215]   gamma=0.000   elapsed 345s
[train-em-ln] step   900/4000   train 4.6611   lr 4.59e-04   grad 1.07   m[mean 1.466 std 0.212]   gamma=0.000   elapsed 373s
[train-em-ln] step   950/4000   train 4.6517   lr 4.54e-04   grad 2.00   m[mean 1.458 std 0.211]   gamma=0.000   elapsed 403s
[train-em-ln] step  1000/4000   train 4.6541   lr 4.47e-04   grad 0.72   m[mean 1.458 std 0.214]   gamma=0.000   elapsed 435s
[train-em-ln] step  1000   val_loss=5.3280  val_ppl=206.03
[train-em-ln] step  1050/4000   train 4.6468   lr 4.41e-04   grad 1.59   m[mean 1.466 std 0.208]   gamma=0.000   elapsed 472s
[train-em-ln] step  1100/4000   train 4.5501   lr 4.34e-04   grad 3.20   m[mean 1.461 std 0.212]   gamma=0.000   elapsed 505s
[train-em-ln] step  1150/4000   train 4.5395   lr 4.27e-04   grad 1.69   m[mean 1.461 std 0.214]   gamma=0.000   elapsed 535s
[train-em-ln] step  1200/4000   train 4.5535   lr 4.19e-04   grad 1.21   m[mean 1.465 std 0.216]   gamma=0.000   elapsed 565s
[train-em-ln] step  1200   val_loss=5.2473  val_ppl=190.05
[train-em-ln] step  1250/4000   train 4.4432   lr 4.12e-04   grad 1.23   m[mean 1.461 std 0.216]   gamma=0.000   elapsed 602s
[train-em-ln] step  1300/4000   train 4.4680   lr 4.04e-04   grad 1.25   m[mean 1.459 std 0.213]   gamma=0.000   elapsed 631s
[train-em-ln] step  1350/4000   train 4.4680   lr 3.95e-04   grad 1.73   m[mean 1.464 std 0.215]   gamma=0.000   elapsed 659s
[train-em-ln] step  1400/4000   train 4.4575   lr 3.87e-04   grad 1.85   m[mean 1.465 std 0.213]   gamma=0.000   elapsed 690s
[train-em-ln] step  1400   val_loss=5.2869  val_ppl=197.73
[train-em-ln] step  1450/4000   train 4.4559   lr 3.78e-04   grad 1.35   m[mean 1.464 std 0.213]   gamma=0.000   elapsed 727s
[train-em-ln] step  1500/4000   train 4.4338   lr 3.69e-04   grad 1.21   m[mean 1.462 std 0.213]   gamma=0.000   elapsed 755s
[train-em-ln] step  1550/4000   train 4.4330   lr 3.60e-04   grad 1.72   m[mean 1.469 std 0.218]   gamma=0.000   elapsed 778s
[train-em-ln] step  1600/4000   train 4.4041   lr 3.51e-04   grad 1.16   m[mean 1.463 std 0.212]   gamma=0.000   elapsed 798s
[train-em-ln] step  1600   val_loss=5.1934  val_ppl=180.08
[train-em-ln] step  1650/4000   train 4.4053   lr 3.41e-04   grad 1.62   m[mean 1.459 std 0.208]   gamma=0.000   elapsed 822s
[train-em-ln] step  1700/4000   train 4.3686   lr 3.31e-04   grad 1.91   m[mean 1.461 std 0.214]   gamma=0.000   elapsed 842s
[train-em-ln] step  1750/4000   train 4.3621   lr 3.22e-04   grad 4.47   m[mean 1.463 std 0.215]   gamma=0.000   elapsed 861s
[train-em-ln] step  1800/4000   train 4.3241   lr 3.12e-04   grad 1.16   m[mean 1.458 std 0.210]   gamma=0.000   elapsed 882s
[train-em-ln] step  1800   val_loss=5.2243  val_ppl=185.73
[train-em-ln] step  1850/4000   train 4.3519   lr 3.02e-04   grad 1.93   m[mean 1.464 std 0.212]   gamma=0.000   elapsed 910s
[train-em-ln] step  1900/4000   train 4.3170   lr 2.91e-04   grad 1.43   m[mean 1.474 std 0.219]   gamma=0.000   elapsed 931s
[train-em-ln] step  1950/4000   train 4.3707   lr 2.81e-04   grad 1.61   m[mean 1.450 std 0.208]   gamma=0.000   elapsed 953s
[train-em-ln] step  2000/4000   train 4.3451   lr 2.71e-04   grad 1.20   m[mean 1.468 std 0.214]   gamma=0.000   elapsed 974s
[train-em-ln] step  2000   val_loss=5.2320  val_ppl=187.17
[train-em-ln] step  2050/4000   train 4.3246   lr 2.61e-04   grad 1.13   m[mean 1.455 std 0.213]   gamma=0.000   elapsed 999s
[train-em-ln] step  2100/4000   train 4.3105   lr 2.50e-04   grad 1.04   m[mean 1.464 std 0.214]   gamma=0.000   elapsed 1018s
[train-em-ln] step  2150/4000   train 4.2888   lr 2.40e-04   grad 1.72   m[mean 1.463 std 0.210]   gamma=0.000   elapsed 1037s
[train-em-ln] step  2200/4000   train 4.2650   lr 2.30e-04   grad 2.85   m[mean 1.467 std 0.212]   gamma=0.000   elapsed 1056s
[train-em-ln] step  2200   val_loss=5.1967  val_ppl=180.68
[train-em-ln] step  2250/4000   train 4.2979   lr 2.19e-04   grad 1.64   m[mean 1.454 std 0.210]   gamma=0.000   elapsed 1081s
[train-em-ln] step  2300/4000   train 4.2953   lr 2.09e-04   grad 1.32   m[mean 1.456 std 0.212]   gamma=0.000   elapsed 1101s
[train-em-ln] step  2350/4000   train 4.2587   lr 1.99e-04   grad 1.91   m[mean 1.465 std 0.212]   gamma=0.000   elapsed 1120s
[train-em-ln] step  2400/4000   train 4.2789   lr 1.89e-04   grad 0.94   m[mean 1.456 std 0.209]   gamma=0.000   elapsed 1139s
[train-em-ln] step  2400   val_loss=5.1924  val_ppl=179.91
[train-em-ln] step  2450/4000   train 4.2392   lr 1.79e-04   grad 1.02   m[mean 1.453 std 0.211]   gamma=0.000   elapsed 1164s
[train-em-ln] step  2500/4000   train 4.2501   lr 1.69e-04   grad 1.08   m[mean 1.453 std 0.211]   gamma=0.000   elapsed 1183s
[train-em-ln] step  2550/4000   train 4.2172   lr 1.59e-04   grad 1.84   m[mean 1.463 std 0.210]   gamma=0.000   elapsed 1202s
[train-em-ln] step  2600/4000   train 4.2376   lr 1.50e-04   grad 1.32   m[mean 1.459 std 0.209]   gamma=0.000   elapsed 1221s
[train-em-ln] step  2600   val_loss=5.2280  val_ppl=186.42
[train-em-ln] step  2650/4000   train 4.2415   lr 1.40e-04   grad 0.92   m[mean 1.465 std 0.212]   gamma=0.000   elapsed 1244s
[train-em-ln] step  2700/4000   train 4.2270   lr 1.31e-04   grad 1.66   m[mean 1.458 std 0.216]   gamma=0.000   elapsed 1261s
[train-em-ln] step  2750/4000   train 4.2378   lr 1.22e-04   grad 1.04   m[mean 1.460 std 0.212]   gamma=0.000   elapsed 1279s
[train-em-ln] step  2800/4000   train 4.2150   lr 1.13e-04   grad 1.25   m[mean 1.454 std 0.213]   gamma=0.000   elapsed 1298s
[train-em-ln] step  2800   val_loss=5.1756  val_ppl=176.90
[train-em-ln] step  2850/4000   train 4.2011   lr 1.05e-04   grad 1.65   m[mean 1.458 std 0.214]   gamma=0.000   elapsed 1323s
[train-em-ln] step  2900/4000   train 4.2341   lr 9.66e-05   grad 1.28   m[mean 1.455 std 0.213]   gamma=0.000   elapsed 1341s
[train-em-ln] step  2950/4000   train 4.2203   lr 8.86e-05   grad 2.06   m[mean 1.462 std 0.214]   gamma=0.000   elapsed 1358s
[train-em-ln] step  3000/4000   train 4.2170   lr 8.08e-05   grad 2.10   m[mean 1.458 std 0.214]   gamma=0.000   elapsed 1375s
[train-em-ln] step  3000   val_loss=5.2170  val_ppl=184.37
[train-em-ln] step  3050/4000   train 4.1802   lr 7.34e-05   grad 1.06   m[mean 1.456 std 0.210]   gamma=0.000   elapsed 1398s
[train-em-ln] step  3100/4000   train 4.1709   lr 6.62e-05   grad 1.19   m[mean 1.449 std 0.205]   gamma=0.000   elapsed 1415s
[train-em-ln] step  3150/4000   train 4.2193   lr 5.94e-05   grad 0.91   m[mean 1.460 std 0.214]   gamma=0.000   elapsed 1433s
[train-em-ln] step  3200/4000   train 4.2164   lr 5.28e-05   grad 1.17   m[mean 1.457 std 0.210]   gamma=0.000   elapsed 1450s
[train-em-ln] step  3200   val_loss=5.2212  val_ppl=185.16
[train-em-ln] step  3250/4000   train 4.1932   lr 4.67e-05   grad 1.02   m[mean 1.469 std 0.215]   gamma=0.000   elapsed 1474s
[train-em-ln] step  3300/4000   train 4.2084   lr 4.08e-05   grad 0.87   m[mean 1.464 std 0.211]   gamma=0.000   elapsed 1491s
[train-em-ln] step  3350/4000   train 4.1912   lr 3.53e-05   grad 1.08   m[mean 1.462 std 0.214]   gamma=0.000   elapsed 1509s
[train-em-ln] step  3400/4000   train 4.2295   lr 3.02e-05   grad 2.28   m[mean 1.462 std 0.215]   gamma=0.000   elapsed 1526s
[train-em-ln] step  3400   val_loss=5.1820  val_ppl=178.04
[train-em-ln] step  3450/4000   train 4.1983   lr 2.55e-05   grad 1.23   m[mean 1.465 std 0.212]   gamma=0.000   elapsed 1549s
[train-em-ln] step  3500/4000   train 4.2132   lr 2.11e-05   grad 0.99   m[mean 1.465 std 0.213]   gamma=0.000   elapsed 1567s
[train-em-ln] step  3550/4000   train 4.2133   lr 1.72e-05   grad 0.98   m[mean 1.467 std 0.218]   gamma=0.000   elapsed 1584s
[train-em-ln] step  3600/4000   train 4.2067   lr 1.36e-05   grad 1.40   m[mean 1.467 std 0.214]   gamma=0.000   elapsed 1602s
[train-em-ln] step  3600   val_loss=5.1831  val_ppl=178.24
[train-em-ln] step  3650/4000   train 4.1594   lr 1.05e-05   grad 0.96   m[mean 1.468 std 0.218]   gamma=0.000   elapsed 1624s
[train-em-ln] step  3700/4000   train 4.1838   lr 7.70e-06   grad 0.97   m[mean 1.456 std 0.213]   gamma=0.000   elapsed 1642s
[train-em-ln] step  3750/4000   train 4.2254   lr 5.36e-06   grad 1.06   m[mean 1.465 std 0.213]   gamma=0.000   elapsed 1659s
[train-em-ln] step  3800/4000   train 4.1673   lr 3.44e-06   grad 0.98   m[mean 1.463 std 0.213]   gamma=0.000   elapsed 1676s
[train-em-ln] step  3800   val_loss=5.1718  val_ppl=176.23
[train-em-ln] step  3850/4000   train 4.1828   lr 1.95e-06   grad 1.46   m[mean 1.476 std 0.222]   gamma=0.000   elapsed 1698s
[train-em-ln] step  3900/4000   train 4.2237   lr 8.71e-07   grad 1.22   m[mean 1.464 std 0.219]   gamma=0.000   elapsed 1715s
[train-em-ln] step  3950/4000   train 4.2222   lr 2.22e-07   grad 1.30   m[mean 1.478 std 0.218]   gamma=0.000   elapsed 1733s
[train-em-ln] step  4000/4000   train 4.2059   lr 8.54e-11   grad 1.07   m[mean 1.455 std 0.211]   gamma=0.000   elapsed 1750s
[train-em-ln] step  4000   val_loss=5.2431  val_ppl=189.27

[train-em-ln] DONE  val_loss=5.2241  val_ppl=185.69  gamma=0.0000
[train-em-ln] checkpoint saved to /Users/dimitargueorguiev/git/ml/semsimula/notebooks/conservative_arch/ln_damping_sweep/results/leakfree_3seed/gamma0p00/seed0/splm_em_ln_shakespeare_gamma0p00_seed0_ckpt_latest.pt
[train-em-ln] summary written to /Users/dimitargueorguiev/git/ml/semsimula/notebooks/conservative_arch/ln_damping_sweep/results/leakfree_3seed/gamma0p00/seed0/splm_em_ln_shakespeare_gamma0p00_seed0_summary.md
