[train-em-ln] device=mps  mode=shakespeare  fixed_gamma=0.2  results_dir=/Users/dimitargueorguiev/git/ml/semsimula/notebooks/conservative_arch/ln_damping_sweep/results/leakfree_5seed_confirmation/gamma0p20/seed4
[train-em-ln] tokens: train=321,124  val=16,901
[train-em-ln] params: 7,123,075   d=128  L=8  v_hidden=512  ln_after_step=True
[train-em-ln] causal_force=True  (FIXED (post-bug))  steps=4000
[train-em-ln] init mass: mean=1.463  std=0.205  min=1.151  max=1.915
[train-em-ln] step    50/4000   train 10.7414   lr 1.25e-04   grad 1.14   m[mean 1.446 std 0.201]   gamma=0.200   elapsed 17s
[train-em-ln] step   100/4000   train 9.6105   lr 2.50e-04   grad 1.61   m[mean 1.439 std 0.199]   gamma=0.200   elapsed 35s
[train-em-ln] step   150/4000   train 7.6165   lr 3.75e-04   grad 1.25   m[mean 1.454 std 0.206]   gamma=0.200   elapsed 57s
[train-em-ln] step   200/4000   train 6.4414   lr 5.00e-04   grad 0.37   m[mean 1.457 std 0.210]   gamma=0.200   elapsed 79s
[train-em-ln] step   200   val_loss=6.4255  val_ppl=617.36
[train-em-ln] step   250/4000   train 6.1285   lr 5.00e-04   grad 0.53   m[mean 1.447 std 0.205]   gamma=0.200   elapsed 107s
[train-em-ln] step   300/4000   train 5.8434   lr 4.99e-04   grad 0.63   m[mean 1.451 std 0.207]   gamma=0.200   elapsed 129s
[train-em-ln] step   350/4000   train 5.6019   lr 4.98e-04   grad 0.79   m[mean 1.465 std 0.217]   gamma=0.200   elapsed 151s
[train-em-ln] step   400/4000   train 5.4361   lr 4.97e-04   grad 0.75   m[mean 1.471 std 0.214]   gamma=0.200   elapsed 172s
[train-em-ln] step   400   val_loss=5.7216  val_ppl=305.38
[train-em-ln] step   450/4000   train 5.2697   lr 4.95e-04   grad 0.68   m[mean 1.465 std 0.216]   gamma=0.200   elapsed 198s
[train-em-ln] step   500/4000   train 5.1361   lr 4.92e-04   grad 0.70   m[mean 1.460 std 0.215]   gamma=0.200   elapsed 217s
[train-em-ln] step   550/4000   train 5.0381   lr 4.90e-04   grad 1.34   m[mean 1.466 std 0.221]   gamma=0.200   elapsed 237s
[train-em-ln] step   600/4000   train 4.9666   lr 4.87e-04   grad 1.23   m[mean 1.467 std 0.217]   gamma=0.200   elapsed 260s
[train-em-ln] step   600   val_loss=5.5060  val_ppl=246.16
[train-em-ln] step   650/4000   train 4.8915   lr 4.83e-04   grad 0.75   m[mean 1.466 std 0.214]   gamma=0.200   elapsed 288s
[train-em-ln] step   700/4000   train 4.8563   lr 4.79e-04   grad 1.16   m[mean 1.466 std 0.219]   gamma=0.200   elapsed 310s
[train-em-ln] step   750/4000   train 4.8187   lr 4.75e-04   grad 0.81   m[mean 1.467 std 0.215]   gamma=0.200   elapsed 332s
[train-em-ln] step   800/4000   train 4.7682   lr 4.70e-04   grad 0.92   m[mean 1.464 std 0.216]   gamma=0.200   elapsed 353s
[train-em-ln] step   800   val_loss=5.3280  val_ppl=206.02
[train-em-ln] step   850/4000   train 4.7156   lr 4.65e-04   grad 1.52   m[mean 1.479 std 0.223]   gamma=0.200   elapsed 379s
[train-em-ln] step   900/4000   train 4.7038   lr 4.59e-04   grad 1.03   m[mean 1.473 std 0.218]   gamma=0.200   elapsed 399s
[train-em-ln] step   950/4000   train 4.6431   lr 4.54e-04   grad 0.62   m[mean 1.454 std 0.216]   gamma=0.200   elapsed 420s
[train-em-ln] step  1000/4000   train 4.6370   lr 4.47e-04   grad 1.07   m[mean 1.466 std 0.216]   gamma=0.200   elapsed 442s
[train-em-ln] step  1000   val_loss=5.2851  val_ppl=197.37
[train-em-ln] step  1050/4000   train 4.6093   lr 4.41e-04   grad 1.86   m[mean 1.451 std 0.213]   gamma=0.200   elapsed 471s
[train-em-ln] step  1100/4000   train 4.5781   lr 4.34e-04   grad 1.13   m[mean 1.454 std 0.217]   gamma=0.200   elapsed 493s
[train-em-ln] step  1150/4000   train 4.5249   lr 4.27e-04   grad 0.90   m[mean 1.466 std 0.214]   gamma=0.200   elapsed 515s
[train-em-ln] step  1200/4000   train 4.5416   lr 4.19e-04   grad 0.79   m[mean 1.462 std 0.217]   gamma=0.200   elapsed 537s
[train-em-ln] step  1200   val_loss=5.2376  val_ppl=188.21
[train-em-ln] step  1250/4000   train 4.4953   lr 4.12e-04   grad 0.99   m[mean 1.459 std 0.215]   gamma=0.200   elapsed 564s
[train-em-ln] step  1300/4000   train 4.4516   lr 4.04e-04   grad 1.00   m[mean 1.452 std 0.210]   gamma=0.200   elapsed 586s
[train-em-ln] step  1350/4000   train 4.4848   lr 3.95e-04   grad 1.03   m[mean 1.465 std 0.220]   gamma=0.200   elapsed 607s
[train-em-ln] step  1400/4000   train 4.4487   lr 3.87e-04   grad 0.87   m[mean 1.457 std 0.216]   gamma=0.200   elapsed 629s
[train-em-ln] step  1400   val_loss=5.2566  val_ppl=191.82
[train-em-ln] step  1450/4000   train 4.4297   lr 3.78e-04   grad 0.93   m[mean 1.451 std 0.213]   gamma=0.200   elapsed 657s
[train-em-ln] step  1500/4000   train 4.4148   lr 3.69e-04   grad 0.86   m[mean 1.463 std 0.217]   gamma=0.200   elapsed 678s
[train-em-ln] step  1550/4000   train 4.3869   lr 3.60e-04   grad 1.18   m[mean 1.457 std 0.214]   gamma=0.200   elapsed 700s
[train-em-ln] step  1600/4000   train 4.3998   lr 3.51e-04   grad 1.09   m[mean 1.459 std 0.213]   gamma=0.200   elapsed 722s
[train-em-ln] step  1600   val_loss=5.2369  val_ppl=188.09
[train-em-ln] step  1650/4000   train 4.4217   lr 3.41e-04   grad 1.13   m[mean 1.457 std 0.217]   gamma=0.200   elapsed 750s
[train-em-ln] step  1700/4000   train 4.3545   lr 3.31e-04   grad 0.88   m[mean 1.465 std 0.218]   gamma=0.200   elapsed 772s
[train-em-ln] step  1750/4000   train 4.3549   lr 3.22e-04   grad 0.99   m[mean 1.456 std 0.214]   gamma=0.200   elapsed 794s
[train-em-ln] step  1800/4000   train 4.3429   lr 3.12e-04   grad 1.06   m[mean 1.469 std 0.218]   gamma=0.200   elapsed 815s
[train-em-ln] step  1800   val_loss=5.1330  val_ppl=169.52
[train-em-ln] step  1850/4000   train 4.3485   lr 3.02e-04   grad 0.88   m[mean 1.459 std 0.219]   gamma=0.200   elapsed 843s
[train-em-ln] step  1900/4000   train 4.3174   lr 2.91e-04   grad 0.96   m[mean 1.459 std 0.214]   gamma=0.200   elapsed 865s
[train-em-ln] step  1950/4000   train 4.3078   lr 2.81e-04   grad 0.96   m[mean 1.454 std 0.215]   gamma=0.200   elapsed 887s
[train-em-ln] step  2000/4000   train 4.2967   lr 2.71e-04   grad 0.78   m[mean 1.454 std 0.210]   gamma=0.200   elapsed 909s
[train-em-ln] step  2000   val_loss=5.2147  val_ppl=183.96
[train-em-ln] step  2050/4000   train 4.2827   lr 2.61e-04   grad 1.03   m[mean 1.447 std 0.211]   gamma=0.200   elapsed 936s
[train-em-ln] step  2100/4000   train 4.2941   lr 2.50e-04   grad 1.06   m[mean 1.447 std 0.207]   gamma=0.200   elapsed 958s
[train-em-ln] step  2150/4000   train 4.3312   lr 2.40e-04   grad 1.05   m[mean 1.454 std 0.217]   gamma=0.200   elapsed 979s
[train-em-ln] step  2200/4000   train 4.2638   lr 2.30e-04   grad 1.18   m[mean 1.461 std 0.217]   gamma=0.200   elapsed 1001s
[train-em-ln] step  2200   val_loss=5.1925  val_ppl=179.91
[train-em-ln] step  2250/4000   train 4.2722   lr 2.19e-04   grad 1.02   m[mean 1.455 std 0.213]   gamma=0.200   elapsed 1028s
[train-em-ln] step  2300/4000   train 4.2674   lr 2.09e-04   grad 1.16   m[mean 1.447 std 0.213]   gamma=0.200   elapsed 1050s
[train-em-ln] step  2350/4000   train 4.2272   lr 1.99e-04   grad 0.99   m[mean 1.449 std 0.213]   gamma=0.200   elapsed 1072s
[train-em-ln] step  2400/4000   train 4.2781   lr 1.89e-04   grad 0.95   m[mean 1.461 std 0.220]   gamma=0.200   elapsed 1093s
[train-em-ln] step  2400   val_loss=5.1944  val_ppl=180.27
[train-em-ln] step  2450/4000   train 4.2346   lr 1.79e-04   grad 1.10   m[mean 1.452 std 0.211]   gamma=0.200   elapsed 1121s
[train-em-ln] step  2500/4000   train 4.2641   lr 1.69e-04   grad 0.94   m[mean 1.450 std 0.212]   gamma=0.200   elapsed 1143s
[train-em-ln] step  2550/4000   train 4.2481   lr 1.59e-04   grad 0.95   m[mean 1.460 std 0.221]   gamma=0.200   elapsed 1165s
[train-em-ln] step  2600/4000   train 4.2320   lr 1.50e-04   grad 0.96   m[mean 1.450 std 0.218]   gamma=0.200   elapsed 1187s
[train-em-ln] step  2600   val_loss=5.2340  val_ppl=187.54
[train-em-ln] step  2650/4000   train 4.2108   lr 1.40e-04   grad 1.13   m[mean 1.442 std 0.211]   gamma=0.200   elapsed 1220s
[train-em-ln] step  2700/4000   train 4.2259   lr 1.31e-04   grad 0.97   m[mean 1.448 std 0.212]   gamma=0.200   elapsed 1248s
[train-em-ln] step  2750/4000   train 4.2242   lr 1.22e-04   grad 1.07   m[mean 1.443 std 0.208]   gamma=0.200   elapsed 1276s
[train-em-ln] step  2800/4000   train 4.2290   lr 1.13e-04   grad 1.33   m[mean 1.437 std 0.212]   gamma=0.200   elapsed 1302s
[train-em-ln] step  2800   val_loss=5.2591  val_ppl=192.30
[train-em-ln] step  2850/4000   train 4.2022   lr 1.05e-04   grad 1.04   m[mean 1.456 std 0.216]   gamma=0.200   elapsed 1333s
[train-em-ln] step  2900/4000   train 4.2166   lr 9.66e-05   grad 1.13   m[mean 1.477 std 0.224]   gamma=0.200   elapsed 1358s
[train-em-ln] step  2950/4000   train 4.2015   lr 8.86e-05   grad 1.12   m[mean 1.446 std 0.207]   gamma=0.200   elapsed 1386s
[train-em-ln] step  3000/4000   train 4.2221   lr 8.08e-05   grad 1.00   m[mean 1.456 std 0.215]   gamma=0.200   elapsed 1414s
[train-em-ln] step  3000   val_loss=5.1980  val_ppl=180.90
[train-em-ln] step  3050/4000   train 4.2284   lr 7.34e-05   grad 1.10   m[mean 1.457 std 0.214]   gamma=0.200   elapsed 1445s
[train-em-ln] step  3100/4000   train 4.1605   lr 6.62e-05   grad 1.05   m[mean 1.454 std 0.209]   gamma=0.200   elapsed 1469s
[train-em-ln] step  3150/4000   train 4.1770   lr 5.94e-05   grad 0.98   m[mean 1.451 std 0.212]   gamma=0.200   elapsed 1493s
[train-em-ln] step  3200/4000   train 4.1843   lr 5.28e-05   grad 0.89   m[mean 1.451 std 0.210]   gamma=0.200   elapsed 1520s
[train-em-ln] step  3200   val_loss=5.1579  val_ppl=173.79
[train-em-ln] step  3250/4000   train 4.2051   lr 4.67e-05   grad 1.04   m[mean 1.463 std 0.221]   gamma=0.200   elapsed 1555s
[train-em-ln] step  3300/4000   train 4.1951   lr 4.08e-05   grad 1.22   m[mean 1.449 std 0.214]   gamma=0.200   elapsed 1580s
[train-em-ln] step  3350/4000   train 4.1932   lr 3.53e-05   grad 1.38   m[mean 1.456 std 0.216]   gamma=0.200   elapsed 1604s
[train-em-ln] step  3400/4000   train 4.1899   lr 3.02e-05   grad 0.90   m[mean 1.443 std 0.211]   gamma=0.200   elapsed 1628s
[train-em-ln] step  3400   val_loss=5.1837  val_ppl=178.35
[train-em-ln] step  3450/4000   train 4.2023   lr 2.55e-05   grad 0.93   m[mean 1.448 std 0.214]   gamma=0.200   elapsed 1661s
[train-em-ln] step  3500/4000   train 4.1772   lr 2.11e-05   grad 1.01   m[mean 1.460 std 0.219]   gamma=0.200   elapsed 1689s
[train-em-ln] step  3550/4000   train 4.1837   lr 1.72e-05   grad 0.86   m[mean 1.456 std 0.217]   gamma=0.200   elapsed 1714s
[train-em-ln] step  3600/4000   train 4.2236   lr 1.36e-05   grad 1.27   m[mean 1.432 std 0.206]   gamma=0.200   elapsed 1738s
[train-em-ln] step  3600   val_loss=5.1992  val_ppl=181.12
[train-em-ln] step  3650/4000   train 4.2109   lr 1.05e-05   grad 1.00   m[mean 1.457 std 0.212]   gamma=0.200   elapsed 1769s
[train-em-ln] step  3700/4000   train 4.1916   lr 7.70e-06   grad 1.28   m[mean 1.456 std 0.215]   gamma=0.200   elapsed 1794s
[train-em-ln] step  3750/4000   train 4.2148   lr 5.36e-06   grad 1.00   m[mean 1.448 std 0.214]   gamma=0.200   elapsed 1822s
[train-em-ln] step  3800/4000   train 4.1874   lr 3.44e-06   grad 0.98   m[mean 1.453 std 0.219]   gamma=0.200   elapsed 1848s
[train-em-ln] step  3800   val_loss=5.1984  val_ppl=180.99
[train-em-ln] step  3850/4000   train 4.1865   lr 1.95e-06   grad 1.01   m[mean 1.446 std 0.208]   gamma=0.200   elapsed 1878s
[train-em-ln] step  3900/4000   train 4.1850   lr 8.71e-07   grad 1.18   m[mean 1.452 std 0.219]   gamma=0.200   elapsed 1902s
[train-em-ln] step  3950/4000   train 4.2015   lr 2.22e-07   grad 0.91   m[mean 1.442 std 0.209]   gamma=0.200   elapsed 1926s
[train-em-ln] step  4000/4000   train 4.1729   lr 8.54e-11   grad 0.98   m[mean 1.448 std 0.210]   gamma=0.200   elapsed 1954s
[train-em-ln] step  4000   val_loss=5.1558  val_ppl=173.43

[train-em-ln] DONE  val_loss=5.2100  val_ppl=183.09  gamma=0.2000
[train-em-ln] checkpoint saved to /Users/dimitargueorguiev/git/ml/semsimula/notebooks/conservative_arch/ln_damping_sweep/results/leakfree_5seed_confirmation/gamma0p20/seed4/splm_em_ln_shakespeare_confS5_splm2_g0p20_seed4_ckpt_latest.pt
[train-em-ln] summary written to /Users/dimitargueorguiev/git/ml/semsimula/notebooks/conservative_arch/ln_damping_sweep/results/leakfree_5seed_confirmation/gamma0p20/seed4/splm_em_ln_shakespeare_confS5_splm2_g0p20_seed4_summary.md
