[train-fo] device=mps  mode=shakespeare  seed=2  results_dir=/Users/dimitargueorguiev/git/ml/semsimula/notebooks/conservative_arch/first_order_ablation/results/splm1/seed2
[train-fo] tokens: train=321,124  val=16,901
[train-fo] params: 7,123,075   d=128  L=8  v_hidden=512  ln_after_step=True  first_order=True (no v-buffer, no gamma)
[train-fo] init mass: mean=1.449  std=0.205  min=1.151  max=1.915
[train-fo] step    50/4000   train 10.7522   lr 1.25e-04   grad 0.93   m[mean 1.458 std 0.202]   elapsed 17s
[train-fo] step   100/4000   train 9.7286   lr 2.50e-04   grad 1.62   m[mean 1.442 std 0.199]   elapsed 36s
[train-fo] step   150/4000   train 7.6604   lr 3.75e-04   grad 1.28   m[mean 1.447 std 0.206]   elapsed 60s
[train-fo] step   200/4000   train 6.4913   lr 5.00e-04   grad 0.33   m[mean 1.458 std 0.209]   elapsed 87s
[train-fo] step   200   val_loss=6.5333  val_ppl=687.63
[train-fo] step   250/4000   train 6.3481   lr 5.00e-04   grad 0.30   m[mean 1.441 std 0.203]   elapsed 118s
[train-fo] step   300/4000   train 6.2378   lr 4.99e-04   grad 0.58   m[mean 1.438 std 0.201]   elapsed 141s
[train-fo] step   350/4000   train 5.9059   lr 4.98e-04   grad 0.75   m[mean 1.441 std 0.207]   elapsed 164s
[train-fo] step   400/4000   train 5.6761   lr 4.97e-04   grad 0.59   m[mean 1.442 std 0.210]   elapsed 186s
[train-fo] step   400   val_loss=5.8544  val_ppl=348.76
[train-fo] step   450/4000   train 5.4528   lr 4.95e-04   grad 1.58   m[mean 1.450 std 0.213]   elapsed 216s
[train-fo] step   500/4000   train 5.3174   lr 4.92e-04   grad 1.40   m[mean 1.452 std 0.215]   elapsed 239s
[train-fo] step   550/4000   train 5.2206   lr 4.90e-04   grad 1.34   m[mean 1.456 std 0.214]   elapsed 264s
[train-fo] step   600/4000   train 5.1055   lr 4.87e-04   grad 0.90   m[mean 1.456 std 0.214]   elapsed 290s
[train-fo] step   600   val_loss=5.4870  val_ppl=241.52
[train-fo] step   650/4000   train 4.9967   lr 4.83e-04   grad 1.71   m[mean 1.450 std 0.213]   elapsed 320s
[train-fo] step   700/4000   train 4.9167   lr 4.79e-04   grad 1.42   m[mean 1.471 std 0.221]   elapsed 342s
[train-fo] step   750/4000   train 4.8997   lr 4.75e-04   grad 1.52   m[mean 1.472 std 0.223]   elapsed 364s
[train-fo] step   800/4000   train 4.7789   lr 4.70e-04   grad 1.01   m[mean 1.465 std 0.224]   elapsed 387s
[train-fo] step   800   val_loss=5.2802  val_ppl=196.41
[train-fo] step   850/4000   train 4.7383   lr 4.65e-04   grad 1.55   m[mean 1.475 std 0.218]   elapsed 416s
[train-fo] step   900/4000   train 4.7042   lr 4.59e-04   grad 1.24   m[mean 1.465 std 0.224]   elapsed 440s
[train-fo] step   950/4000   train 4.6762   lr 4.54e-04   grad 1.74   m[mean 1.467 std 0.224]   elapsed 464s
[train-fo] step  1000/4000   train 4.5792   lr 4.47e-04   grad 1.96   m[mean 1.456 std 0.222]   elapsed 489s
[train-fo] step  1000   val_loss=5.1388  val_ppl=170.52
[train-fo] step  1050/4000   train 4.5781   lr 4.41e-04   grad 1.24   m[mean 1.455 std 0.219]   elapsed 520s
[train-fo] step  1100/4000   train 4.5473   lr 4.34e-04   grad 2.18   m[mean 1.461 std 0.226]   elapsed 545s
[train-fo] step  1150/4000   train 4.4709   lr 4.27e-04   grad 1.68   m[mean 1.453 std 0.219]   elapsed 569s
[train-fo] step  1200/4000   train 4.4623   lr 4.19e-04   grad 2.39   m[mean 1.469 std 0.228]   elapsed 593s
[train-fo] step  1200   val_loss=5.1606  val_ppl=174.26
[train-fo] step  1250/4000   train 4.4475   lr 4.12e-04   grad 1.85   m[mean 1.467 std 0.227]   elapsed 623s
[train-fo] step  1300/4000   train 4.4445   lr 4.04e-04   grad 2.39   m[mean 1.459 std 0.225]   elapsed 648s
[train-fo] step  1350/4000   train 4.3996   lr 3.95e-04   grad 1.48   m[mean 1.455 std 0.221]   elapsed 673s
[train-fo] step  1400/4000   train 4.3611   lr 3.87e-04   grad 2.59   m[mean 1.448 std 0.220]   elapsed 698s
[train-fo] step  1400   val_loss=4.9819  val_ppl=145.75
[train-fo] step  1450/4000   train 4.3049   lr 3.78e-04   grad 2.18   m[mean 1.452 std 0.220]   elapsed 727s
[train-fo] step  1500/4000   train 4.3279   lr 3.69e-04   grad 3.47   m[mean 1.458 std 0.220]   elapsed 750s
[train-fo] step  1550/4000   train 4.2547   lr 3.60e-04   grad 2.27   m[mean 1.463 std 0.226]   elapsed 772s
[train-fo] step  1600/4000   train 4.2234   lr 3.51e-04   grad 5.70   m[mean 1.448 std 0.225]   elapsed 794s
[train-fo] step  1600   val_loss=5.0728  val_ppl=159.62
[train-fo] step  1650/4000   train 4.2295   lr 3.41e-04   grad 1.95   m[mean 1.451 std 0.221]   elapsed 823s
[train-fo] step  1700/4000   train 4.2120   lr 3.31e-04   grad 3.04   m[mean 1.463 std 0.226]   elapsed 845s
[train-fo] step  1750/4000   train 4.1848   lr 3.22e-04   grad 2.81   m[mean 1.455 std 0.223]   elapsed 867s
[train-fo] step  1800/4000   train 4.1581   lr 3.12e-04   grad 2.55   m[mean 1.443 std 0.218]   elapsed 889s
[train-fo] step  1800   val_loss=5.0427  val_ppl=154.89
[train-fo] step  1850/4000   train 4.1129   lr 3.02e-04   grad 2.98   m[mean 1.447 std 0.222]   elapsed 914s
[train-fo] step  1900/4000   train 4.1361   lr 2.91e-04   grad 4.62   m[mean 1.447 std 0.219]   elapsed 934s
[train-fo] step  1950/4000   train 4.0889   lr 2.81e-04   grad 2.38   m[mean 1.451 std 0.222]   elapsed 954s
[train-fo] step  2000/4000   train 4.1115   lr 2.71e-04   grad 2.64   m[mean 1.448 std 0.222]   elapsed 974s
[train-fo] step  2000   val_loss=4.9583  val_ppl=142.36
[train-fo] step  2050/4000   train 4.0845   lr 2.61e-04   grad 2.65   m[mean 1.453 std 0.217]   elapsed 1000s
[train-fo] step  2100/4000   train 4.0589   lr 2.50e-04   grad 3.60   m[mean 1.443 std 0.215]   elapsed 1020s
[train-fo] step  2150/4000   train 4.0060   lr 2.40e-04   grad 5.48   m[mean 1.451 std 0.223]   elapsed 1041s
[train-fo] step  2200/4000   train 4.0012   lr 2.30e-04   grad 3.27   m[mean 1.442 std 0.221]   elapsed 1062s
[train-fo] step  2200   val_loss=4.8918  val_ppl=133.19
[train-fo] step  2250/4000   train 3.9925   lr 2.19e-04   grad 3.31   m[mean 1.440 std 0.219]   elapsed 1087s
[train-fo] step  2300/4000   train 3.9755   lr 2.09e-04   grad 3.35   m[mean 1.444 std 0.221]   elapsed 1107s
[train-fo] step  2350/4000   train 3.9606   lr 1.99e-04   grad 3.41   m[mean 1.445 std 0.223]   elapsed 1127s
[train-fo] step  2400/4000   train 3.9343   lr 1.89e-04   grad 3.85   m[mean 1.436 std 0.215]   elapsed 1147s
[train-fo] step  2400   val_loss=4.8799  val_ppl=131.61
[train-fo] step  2450/4000   train 3.9547   lr 1.79e-04   grad 3.62   m[mean 1.437 std 0.212]   elapsed 1172s
[train-fo] step  2500/4000   train 3.9388   lr 1.69e-04   grad 2.22   m[mean 1.440 std 0.216]   elapsed 1192s
[train-fo] step  2550/4000   train 3.9219   lr 1.59e-04   grad 3.58   m[mean 1.432 std 0.218]   elapsed 1213s
[train-fo] step  2600/4000   train 3.9322   lr 1.50e-04   grad 2.65   m[mean 1.441 std 0.219]   elapsed 1234s
[train-fo] step  2600   val_loss=4.8352  val_ppl=125.87
[train-fo] step  2650/4000   train 3.8868   lr 1.40e-04   grad 3.49   m[mean 1.443 std 0.220]   elapsed 1262s
[train-fo] step  2700/4000   train 3.8913   lr 1.31e-04   grad 4.88   m[mean 1.433 std 0.214]   elapsed 1283s
[train-fo] step  2750/4000   train 3.8876   lr 1.22e-04   grad 4.98   m[mean 1.439 std 0.217]   elapsed 1303s
[train-fo] step  2800/4000   train 3.8622   lr 1.13e-04   grad 5.74   m[mean 1.433 std 0.218]   elapsed 1323s
[train-fo] step  2800   val_loss=4.7687  val_ppl=117.77
[train-fo] step  2850/4000   train 3.8407   lr 1.05e-04   grad 3.46   m[mean 1.427 std 0.217]   elapsed 1348s
[train-fo] step  2900/4000   train 3.8522   lr 9.66e-05   grad 3.09   m[mean 1.444 std 0.220]   elapsed 1368s
[train-fo] step  2950/4000   train 3.8488   lr 8.86e-05   grad 2.69   m[mean 1.434 std 0.215]   elapsed 1388s
[train-fo] step  3000/4000   train 3.8328   lr 8.08e-05   grad 5.10   m[mean 1.427 std 0.210]   elapsed 1408s
[train-fo] step  3000   val_loss=4.7390  val_ppl=114.32
[train-fo] step  3050/4000   train 3.8542   lr 7.34e-05   grad 2.97   m[mean 1.434 std 0.216]   elapsed 1431s
[train-fo] step  3100/4000   train 3.8378   lr 6.62e-05   grad 4.74   m[mean 1.428 std 0.214]   elapsed 1450s
[train-fo] step  3150/4000   train 3.8235   lr 5.94e-05   grad 3.78   m[mean 1.446 std 0.224]   elapsed 1471s
[train-fo] step  3200/4000   train 3.8338   lr 5.28e-05   grad 3.38   m[mean 1.440 std 0.217]   elapsed 1493s
[train-fo] step  3200   val_loss=4.7726  val_ppl=118.22
[train-fo] step  3250/4000   train 3.8183   lr 4.67e-05   grad 3.70   m[mean 1.436 std 0.218]   elapsed 1519s
[train-fo] step  3300/4000   train 3.8281   lr 4.08e-05   grad 2.90   m[mean 1.444 std 0.219]   elapsed 1538s
[train-fo] step  3350/4000   train 3.8379   lr 3.53e-05   grad 2.72   m[mean 1.432 std 0.214]   elapsed 1556s
[train-fo] step  3400/4000   train 3.8176   lr 3.02e-05   grad 3.88   m[mean 1.438 std 0.216]   elapsed 1574s
[train-fo] step  3400   val_loss=4.7692  val_ppl=117.82
[train-fo] step  3450/4000   train 3.8030   lr 2.55e-05   grad 3.13   m[mean 1.429 std 0.214]   elapsed 1595s
[train-fo] step  3500/4000   train 3.7983   lr 2.11e-05   grad 3.01   m[mean 1.449 std 0.225]   elapsed 1612s
[train-fo] step  3550/4000   train 3.8122   lr 1.72e-05   grad 3.95   m[mean 1.440 std 0.217]   elapsed 1629s
[train-fo] step  3600/4000   train 3.8265   lr 1.36e-05   grad 2.96   m[mean 1.434 std 0.214]   elapsed 1646s
[train-fo] step  3600   val_loss=4.7761  val_ppl=118.64
[train-fo] step  3650/4000   train 3.8254   lr 1.05e-05   grad 2.41   m[mean 1.445 std 0.222]   elapsed 1670s
[train-fo] step  3700/4000   train 3.7532   lr 7.70e-06   grad 2.59   m[mean 1.432 std 0.214]   elapsed 1689s
[train-fo] step  3750/4000   train 3.8192   lr 5.36e-06   grad 2.55   m[mean 1.446 std 0.226]   elapsed 1707s
[train-fo] step  3800/4000   train 3.8110   lr 3.44e-06   grad 2.92   m[mean 1.435 std 0.215]   elapsed 1725s
[train-fo] step  3800   val_loss=4.8173  val_ppl=123.64
[train-fo] step  3850/4000   train 3.7824   lr 1.95e-06   grad 2.54   m[mean 1.445 std 0.217]   elapsed 1747s
[train-fo] step  3900/4000   train 3.7691   lr 8.71e-07   grad 2.53   m[mean 1.446 std 0.221]   elapsed 1764s
[train-fo] step  3950/4000   train 3.7754   lr 2.22e-07   grad 2.33   m[mean 1.432 std 0.212]   elapsed 1782s
[train-fo] step  4000/4000   train 3.8021   lr 8.54e-11   grad 2.71   m[mean 1.436 std 0.220]   elapsed 1799s
[train-fo] step  4000   val_loss=4.6626  val_ppl=105.91

[train-fo] DONE  val_loss=4.7344  val_ppl=113.80  (first-order, no gamma)
[train-fo] checkpoint saved to /Users/dimitargueorguiev/git/ml/semsimula/notebooks/conservative_arch/first_order_ablation/results/splm1/seed2/splm_first_order_shakespeare_seed2_ckpt_latest.pt
[train-fo] summary written to /Users/dimitargueorguiev/git/ml/semsimula/notebooks/conservative_arch/first_order_ablation/results/splm1/seed2/splm_first_order_shakespeare_seed2_summary.md
