[hybrid-train] device=mps  tag=hybrid_k4_m4_shakespeare_seed4
[hybrid-train] tokens: train=321,124  val=16,901
[hybrid-train] arch: n_attn=4, n_splm=4, d=128, v_hidden=512, v_depth=3, n_head=4, fixed_gamma=None, causal_force=True, ln_after_step=True
[hybrid-train] params: 7,916,420  (target ~8.0 M, delta -0.084 M)
[hybrid-train] step    50/4000   train 10.4231   lr 1.25e-04   grad 1.72   gamma=0.150   elapsed 19s
[hybrid-train] step   100/4000   train 9.2286   lr 2.50e-04   grad 1.71   gamma=0.149   elapsed 37s
[hybrid-train] step   150/4000   train 7.5043   lr 3.75e-04   grad 1.43   gamma=0.149   elapsed 56s
[hybrid-train] step   200/4000   train 6.3479   lr 5.00e-04   grad 0.92   gamma=0.149   elapsed 76s
[hybrid-train] >>> eval @ 200: train 6.0650   val 6.2259   ppl 505.67
[hybrid-train] step   250/4000   train 5.8765   lr 5.00e-04   grad 1.29   gamma=0.149   elapsed 106s
[hybrid-train] step   300/4000   train 5.5350   lr 4.99e-04   grad 1.59   gamma=0.149   elapsed 126s
[hybrid-train] step   350/4000   train 5.2936   lr 4.98e-04   grad 1.02   gamma=0.149   elapsed 147s
[hybrid-train] step   400/4000   train 5.1628   lr 4.97e-04   grad 1.08   gamma=0.149   elapsed 167s
[hybrid-train] >>> eval @ 400: train 5.0562   val 5.4674   ppl 236.84
[hybrid-train] step   450/4000   train 4.9996   lr 4.95e-04   grad 1.34   gamma=0.149   elapsed 197s
[hybrid-train] step   500/4000   train 4.8941   lr 4.92e-04   grad 1.06   gamma=0.149   elapsed 217s
[hybrid-train] step   550/4000   train 4.8004   lr 4.90e-04   grad 1.01   gamma=0.149   elapsed 237s
[hybrid-train] step   600/4000   train 4.7312   lr 4.87e-04   grad 1.08   gamma=0.150   elapsed 256s
[hybrid-train] >>> eval @ 600: train 4.7123   val 5.2712   ppl 194.64
[hybrid-train] step   650/4000   train 4.6993   lr 4.83e-04   grad 1.30   gamma=0.150   elapsed 285s
[hybrid-train] step   700/4000   train 4.6379   lr 4.79e-04   grad 1.07   gamma=0.150   elapsed 306s
[hybrid-train] step   750/4000   train 4.5361   lr 4.75e-04   grad 1.35   gamma=0.150   elapsed 326s
[hybrid-train] step   800/4000   train 4.5544   lr 4.70e-04   grad 1.15   gamma=0.150   elapsed 347s
[hybrid-train] >>> eval @ 800: train 4.5036   val 5.2002   ppl 181.31
[hybrid-train] step   850/4000   train 4.4975   lr 4.65e-04   grad 1.27   gamma=0.150   elapsed 375s
[hybrid-train] step   900/4000   train 4.4574   lr 4.59e-04   grad 1.28   gamma=0.150   elapsed 395s
[hybrid-train] step   950/4000   train 4.4251   lr 4.54e-04   grad 1.36   gamma=0.151   elapsed 415s
[hybrid-train] step  1000/4000   train 4.3555   lr 4.47e-04   grad 1.13   gamma=0.151   elapsed 436s
[hybrid-train] >>> eval @ 1000: train 4.3660   val 5.1024   ppl 164.42
[hybrid-train] step  1050/4000   train 4.3621   lr 4.41e-04   grad 1.37   gamma=0.151   elapsed 465s
[hybrid-train] step  1100/4000   train 4.2787   lr 4.34e-04   grad 1.28   gamma=0.151   elapsed 486s
[hybrid-train] step  1150/4000   train 4.2559   lr 4.27e-04   grad 1.20   gamma=0.151   elapsed 505s
[hybrid-train] step  1200/4000   train 4.2879   lr 4.19e-04   grad 1.24   gamma=0.151   elapsed 525s
[hybrid-train] >>> eval @ 1200: train 4.2381   val 5.1192   ppl 167.19
[hybrid-train] step  1250/4000   train 4.2332   lr 4.12e-04   grad 1.27   gamma=0.151   elapsed 554s
[hybrid-train] step  1300/4000   train 4.2051   lr 4.04e-04   grad 1.97   gamma=0.151   elapsed 574s
[hybrid-train] step  1350/4000   train 4.1672   lr 3.95e-04   grad 1.20   gamma=0.152   elapsed 595s
[hybrid-train] step  1400/4000   train 4.1848   lr 3.87e-04   grad 1.24   gamma=0.152   elapsed 615s
[hybrid-train] >>> eval @ 1400: train 4.2085   val 5.0730   ppl 159.65
[hybrid-train] step  1450/4000   train 4.1363   lr 3.78e-04   grad 1.23   gamma=0.152   elapsed 644s
[hybrid-train] step  1500/4000   train 4.1260   lr 3.69e-04   grad 1.30   gamma=0.152   elapsed 664s
[hybrid-train] step  1550/4000   train 4.1106   lr 3.60e-04   grad 1.14   gamma=0.152   elapsed 684s
[hybrid-train] step  1600/4000   train 4.0973   lr 3.51e-04   grad 1.11   gamma=0.152   elapsed 703s
[hybrid-train] >>> eval @ 1600: train 4.0664   val 4.9924   ppl 147.28
[hybrid-train] step  1650/4000   train 4.0719   lr 3.41e-04   grad 1.36   gamma=0.152   elapsed 733s
[hybrid-train] step  1700/4000   train 4.0439   lr 3.31e-04   grad 1.28   gamma=0.152   elapsed 753s
[hybrid-train] step  1750/4000   train 4.0257   lr 3.22e-04   grad 1.43   gamma=0.152   elapsed 774s
[hybrid-train] step  1800/4000   train 4.0161   lr 3.12e-04   grad 1.44   gamma=0.153   elapsed 794s
[hybrid-train] >>> eval @ 1800: train 4.0091   val 4.9757   ppl 144.85
[hybrid-train] step  1850/4000   train 4.0524   lr 3.02e-04   grad 1.22   gamma=0.153   elapsed 823s
[hybrid-train] step  1900/4000   train 3.9667   lr 2.91e-04   grad 1.17   gamma=0.153   elapsed 843s
[hybrid-train] step  1950/4000   train 3.9720   lr 2.81e-04   grad 1.33   gamma=0.153   elapsed 863s
[hybrid-train] step  2000/4000   train 3.9872   lr 2.71e-04   grad 1.25   gamma=0.153   elapsed 884s
[hybrid-train] >>> eval @ 2000: train 3.9560   val 5.0269   ppl 152.46
[hybrid-train] step  2050/4000   train 3.9785   lr 2.61e-04   grad 1.32   gamma=0.153   elapsed 913s
[hybrid-train] step  2100/4000   train 3.9494   lr 2.50e-04   grad 1.27   gamma=0.153   elapsed 933s
[hybrid-train] step  2150/4000   train 3.9398   lr 2.40e-04   grad 1.26   gamma=0.153   elapsed 953s
[hybrid-train] step  2200/4000   train 3.9182   lr 2.30e-04   grad 1.79   gamma=0.153   elapsed 973s
[hybrid-train] >>> eval @ 2200: train 3.9204   val 4.9535   ppl 141.67
[hybrid-train] step  2250/4000   train 3.9153   lr 2.19e-04   grad 1.41   gamma=0.153   elapsed 1002s
[hybrid-train] step  2300/4000   train 3.8994   lr 2.09e-04   grad 1.38   gamma=0.153   elapsed 1022s
[hybrid-train] step  2350/4000   train 3.8612   lr 1.99e-04   grad 1.44   gamma=0.153   elapsed 1043s
[hybrid-train] step  2400/4000   train 3.9113   lr 1.89e-04   grad 1.51   gamma=0.153   elapsed 1063s
[hybrid-train] >>> eval @ 2400: train 3.8924   val 5.0170   ppl 150.95
[hybrid-train] step  2450/4000   train 3.8738   lr 1.79e-04   grad 1.57   gamma=0.153   elapsed 1092s
[hybrid-train] step  2500/4000   train 3.8740   lr 1.69e-04   grad 1.41   gamma=0.154   elapsed 1112s
[hybrid-train] step  2550/4000   train 3.8614   lr 1.59e-04   grad 1.37   gamma=0.154   elapsed 1132s
[hybrid-train] step  2600/4000   train 3.8732   lr 1.50e-04   grad 1.52   gamma=0.154   elapsed 1152s
[hybrid-train] >>> eval @ 2600: train 3.8681   val 4.9855   ppl 146.28
[hybrid-train] step  2650/4000   train 3.8247   lr 1.40e-04   grad 1.53   gamma=0.154   elapsed 1181s
[hybrid-train] step  2700/4000   train 3.8318   lr 1.31e-04   grad 1.59   gamma=0.154   elapsed 1202s
[hybrid-train] step  2750/4000   train 3.8192   lr 1.22e-04   grad 1.54   gamma=0.154   elapsed 1222s
[hybrid-train] step  2800/4000   train 3.8287   lr 1.13e-04   grad 1.30   gamma=0.154   elapsed 1242s
[hybrid-train] >>> eval @ 2800: train 3.8310   val 4.9680   ppl 143.74
[hybrid-train] step  2850/4000   train 3.8182   lr 1.05e-04   grad 1.38   gamma=0.154   elapsed 1270s
[hybrid-train] step  2900/4000   train 3.8356   lr 9.66e-05   grad 1.26   gamma=0.154   elapsed 1290s
[hybrid-train] step  2950/4000   train 3.7801   lr 8.86e-05   grad 1.43   gamma=0.154   elapsed 1310s
[hybrid-train] step  3000/4000   train 3.8060   lr 8.08e-05   grad 1.36   gamma=0.154   elapsed 1335s
[hybrid-train] >>> eval @ 3000: train 3.8004   val 5.0656   ppl 158.48
[hybrid-train] step  3050/4000   train 3.8082   lr 7.34e-05   grad 1.68   gamma=0.154   elapsed 1367s
[hybrid-train] step  3100/4000   train 3.7965   lr 6.62e-05   grad 1.71   gamma=0.154   elapsed 1389s
[hybrid-train] step  3150/4000   train 3.7896   lr 5.94e-05   grad 1.44   gamma=0.154   elapsed 1410s
[hybrid-train] step  3200/4000   train 3.8112   lr 5.28e-05   grad 1.70   gamma=0.154   elapsed 1430s
[hybrid-train] >>> eval @ 3200: train 3.7949   val 5.0296   ppl 152.88
[hybrid-train] step  3250/4000   train 3.7787   lr 4.67e-05   grad 1.74   gamma=0.154   elapsed 1458s
[hybrid-train] step  3300/4000   train 3.8065   lr 4.08e-05   grad 1.35   gamma=0.154   elapsed 1478s
[hybrid-train] step  3350/4000   train 3.7796   lr 3.53e-05   grad 1.40   gamma=0.154   elapsed 1498s
[hybrid-train] step  3400/4000   train 3.7662   lr 3.02e-05   grad 1.54   gamma=0.154   elapsed 1518s
[hybrid-train] >>> eval @ 3400: train 3.7529   val 4.9859   ppl 146.33
[hybrid-train] step  3450/4000   train 3.7669   lr 2.55e-05   grad 1.57   gamma=0.154   elapsed 1547s
[hybrid-train] step  3500/4000   train 3.7962   lr 2.11e-05   grad 1.43   gamma=0.154   elapsed 1568s
[hybrid-train] step  3550/4000   train 3.7672   lr 1.72e-05   grad 1.73   gamma=0.154   elapsed 1588s
[hybrid-train] step  3600/4000   train 3.7633   lr 1.36e-05   grad 1.55   gamma=0.154   elapsed 1608s
[hybrid-train] >>> eval @ 3600: train 3.7678   val 4.9990   ppl 148.26
[hybrid-train] step  3650/4000   train 3.7542   lr 1.05e-05   grad 1.69   gamma=0.154   elapsed 1636s
[hybrid-train] step  3700/4000   train 3.7729   lr 7.70e-06   grad 1.67   gamma=0.154   elapsed 1656s
[hybrid-train] step  3750/4000   train 3.7549   lr 5.36e-06   grad 1.54   gamma=0.154   elapsed 1676s
[hybrid-train] step  3800/4000   train 3.7535   lr 3.44e-06   grad 1.35   gamma=0.154   elapsed 1697s
[hybrid-train] >>> eval @ 3800: train 3.7728   val 5.0421   ppl 154.79
[hybrid-train] step  3850/4000   train 3.7489   lr 1.95e-06   grad 1.38   gamma=0.154   elapsed 1730s
[hybrid-train] step  3900/4000   train 3.7917   lr 8.71e-07   grad 1.52   gamma=0.154   elapsed 1752s
[hybrid-train] step  3950/4000   train 3.7641   lr 2.22e-07   grad 1.50   gamma=0.154   elapsed 1773s
[hybrid-train] step  4000/4000   train 3.7605   lr 8.54e-11   grad 1.49   gamma=0.154   elapsed 1793s
[hybrid-train] >>> eval @ 4000: train 3.7901   val 5.0624   ppl 157.97
[hybrid-train] done in 1802s
[hybrid-train] saved checkpoint -> /Users/dimitargueorguiev/git/ml/semsimula/notebooks/conservative_arch/hybrid/results/hybrid_k4_m4_shakespeare_seed4_ckpt_latest.pt
[hybrid-train] saved loss curve -> /Users/dimitargueorguiev/git/ml/semsimula/notebooks/conservative_arch/hybrid/results/hybrid_k4_m4_shakespeare_seed4_loss_curve.png
[hybrid-train] saved summary -> /Users/dimitargueorguiev/git/ml/semsimula/notebooks/conservative_arch/hybrid/results/hybrid_k4_m4_shakespeare_seed4_summary.md
